熊掌 暖手宝 蓝色 
捷安特 越野 头盔 
捷安特 车尾灯 
海梭 长帽 外套 
捉 蓝 大 睡袋 
捉 红 枕头 
新梭 长袖 裙 
圣梭 裙 套 
金 蝶 智慧 店铺 版 软件 服务费 
装订机 刀头 垫片 小 圆 垫片 
咨询 服务费 
包 
爱 若 繁星 戒指 
双肩包 
水泥 
中砂 
石子 
钢筋 
水泥 
中 砂 
石子 
夏立 空调 
夏立 空调 
设计费 
薄长绒 棉袜 装 
提花 松口 袜 装 
初针 太阳 帽 
通信 业务 服务费 
亚都 
小 链条 锁 
水电费 代收 
设计费 
蔬菜 
餐饮 服务 
餐费 
霍尼韦尔 空气 检测器 版 
灯泡 
同仁堂 总统 牌虫 草冬虫夏草 礼盒 
亚都 
汽油 
服装 
风扇 
精斗云 
云 进 销存 
云 
针 大 床 围 
绿植 
餐饮费 
物流 辅助 装卸费 
王毛厚 袜 
轻羽 长帽 外套 
新 针薄 袜 
王针大 被 
男 四季 袜 
娱乐 服务 
快梭 背 蛤 
扫描 枪 
金龙鱼 转基因 玉米油 加量 食用油 物理 压榨 
雀巢 中小学生 儿童 营养 奶粉 袋装 新 老 包装 发 
海天味 鲜 酱油 转基因 黄豆 酿造 生 抽调 料 
立 白 柠檬 去 油洗 瓶装 伤手 食品 用 蔬果 
植护 原木 抽纸 抽 面巾 纸 餐巾 纸 纸巾 家用 批发 
茶叶 
金蝶针式 明细账 金蝶 账簿 
运费 
吊灯 
婴 蛤01 
派 梭长 蛤01 
纱普 尿布 装 
梦 大 床垫 
探毛 长蛤 
植物 精华 洗衣液 300ml 瓶装 
麦冬
木香
天花粉
盐巴 
芦根
姜黄
玉竹
龙胆
苦 参
射干
生地 黄
熟地 黄
乌药
续 
浙贝 
白芍
丹参 
黄芪
藕 
桑枝
玄参
甘草
郁金
白芍 
清 
木贼 
制何 
麸炒 
救 应 
麦冬 
白术
白芷
北柴 胡
酒黄 
豆蔻
乌梅
吴茱 
莱菔子
金 樱子 肉
川 
桑椹
炒 白 扁 
炒 
炒 酸枣 
路 路 通
木瓜
大枣 乌枣 
净山 
青蒿
淡竹 叶
伸筋 
广 金钱 
桑寄生
夏 
钱 
仙鹤 
火 炭 
溪黄 
桑叶
辛夷
枇杷 叶
野 菊花
侧柏 叶
大青 叶
荆芥穗 
荷叶
姜厚 朴
桑白皮
白 
合 
黄柏
鸡血 
宽 筋藤
炒 僵蚕 
水牛 
醋鳖 
乌梢蛇
生石 
石决 
珍珠 
龙骨
瓜 
桑螵 
海螵 
炒 
稻芽
麦芽
襁褓 
预付卡 餐饮 服务 
即 食 方便 食品 
技术 咨询费 
规划 信息 服务费 
安装 服务 
中盐 加 碘 天然 钙盐 盐巴细盐 食用盐 调味品 调味料 
中盐 加 碘 天然 钙盐 盐巴细盐 食用盐 调味品 调味料 
金沙河 挂面 面条 细面 速食 麦香味 浓劲 道 爽滑 
金沙河 挂面 面条 细面 速食 麦香味 浓劲 道 爽滑 
金沙河 面条 挂面 龙须 细面 方便面 速食 
金沙河 面条 挂面 龙须 细面 方便面 速食 
润穗 苏北 软香 稻米 香软 弹滑 苏北 大米 苏 软香 
润穗 苏北 软香 稻米 香软 弹滑 苏北 大米 苏 软香 
十月 稻田 吉林 小町 米 秋田小町 东北 大米 寿司 香米 
十月 稻田 吉林 小町 米 秋田小町 东北 大米 寿司 香米 
蓝 月亮 洗衣 液洋 甘菊香 宝宝 专用 瓶温 无 刺激 
网片 
网片 
网片 
住宿费 
塑料袋 
散件 
蓝蘑莫 三角裤 装 
炊大皇 锅具 套装 粘锅 少 油烟 全 厨具 锅 套装 锅 炒锅 汤 锅 煎 锅 
炊大皇 锅具 套装 粘锅 少 油烟 全 厨具 锅 套装 锅 炒锅 汤 锅 煎 锅 
代 订 住宿费 
餐饮费 
蓝棉 字母 长袖 袍 
开裤 棉胆 
云 租赁 服务 
甲级 防盗门 
快递 服务 
柜子 
森蓝 中 裤 
菜梭 中 裤 
菜梭 长 裤 
梦男 三角 裤01 
新针 领 背心 
咨询费 
森卡 开衫 
咨询费 
咨询费 
精斗云 
单人 布艺 沙发 
双胶 床垫 标准 版 
气孔 保暖 被 
四季 蝶形 护颈 记忆 枕 
咖啡金 
蚕丝 被 
气孔 保暖 被 
置物架 
餐饮 服务 
云南 蒙 自 甜 石榴 
智利 进口 牛油果 
美 电磁炉 整板 触控 黑晶 面板 八档 火力 赠汤 锅 炒锅 
成品 直接 
骏马 棕 普通 款暖 桌垫 
海盗鸭 普通 款暖 桌垫 
狮子 普通 款暖 桌宝 
亚都 加湿器 
2017年 11月份 道路 运输 服务 
2017年 01月 道路 运输 服务 
牛小呆 多 功能 抱枕 暖脚宝 
2017年 7月 月 道路 运输 服务 
2017年 5月 道路 运输 服务 
2017年 11月 道路 运输 服务 
2017年 5月份 道路 运输 服务 
2017年 12月 道路 运输 服务 
竹长袖 袍 
餐费 
法国 绒粉 暖 身垫 
骏马 棕 升级 恒温款 暖 桌垫 
小盒 梦想 升级 恒温款 暖 桌垫 
混米色 精品 乳胶枕 
湘佳 鸭胗 
圣牧 全程 有机奶 环保 装 
小猪佩奇蔓 越莓 曲奇 盒装 
南美 对虾 
雪星 入 
圣诞 泡沫 挂件 
亭轩 纯棉 斜纹 印花 被 套 锦绣伊人 粉 
上 膳食 纤维 粉 
厚绒 圣诞树 小 
圣诞 彩色 糖果 挂件 
花仙子 冰箱 炭 消臭 
威王 洗衣机 槽 清洁剂 
马奇 新 巧克力 味 威化 饼干 
亭轩 纯棉 斜纹 印花 床单 贵族 风范 咖 
云 会计 
停车费 
蔬菜 
木板 工件 
2017 测试 
餐饮 服务 
亚都 加湿器 
金蝶 
云桌面 
加站 加 模块 
采集器 原 厂 标配 硬件 
条码 打印机 斑马 有效 打印 纸宽 为 
房地产 服务费 
房地产 服务费 
房地产 服务费 
友商 在线 会计 版 站点 
房地产 代理费 
塑造 日本 人心性 阳明 心学 
森蓝棉 裆裤 
客运 服务费 
开发费 
派 毛 圆帽 
信息 技术 服务费 
空针 背 蛤 
彩棉 短襟 蛤 
利群 长嘴 硬盒 包 
黄鹤楼 硬金砂 包 
泰山 红 将军 包 
移动 电源 
电脑 包 
代 账 管家 账套 用户 
服装 
音乐鸭 升级 恒温款 暖 桌垫 
桶 装水 
在线 进 销存 
在线 进 销存 标准版 
烟 
技术 服务费 
指纹 采集仪 
亚略特 生物 识别 统一 身份 认证 平台 软件 
海针 长裤 
住宿费 
王针长 外套 
阅针 长裤 
亚麻 羊绒 床垫 套 
莎士比亚 杏仁 色 婴儿 床 2箱装 
水果 
金蝶 远程 单次卡 款 软件 在线 服务 
系列 双肩包 灰色 
抽纸 抽 包 
山丘 黑 科技 盒巾 
测试 商品 合家欢月饼 礼 
人工费 
云 会计 
捷安特 座垫 
预收款 
净享 上 加 水 桌面 加湿器 白黑 电脑 版 
电费 储值 
水池 清洗费 
云 进 销存 
云 会计 
双肩包 
苏泊尔 电饼铛 双面 加热 家用 煎烤机 
捉 红 大 睡袋 
女长 袜01 
阳明 心学 力量 
森粉口 肩 
森粉 枕头 
熊棉 居家 鞋 
森粉 床 笠 
梦 小 被 
红 沙 浴巾 装 
意机 大 枕套 
植物 精华 洗衣液 补充 装 
森蓝 裆衣 
贱猫 多 功能 抱枕 暖脚宝 
小米 红米 全 网通版 黑色 移动 联通 电信 手机 
退换 无 忧 服务费 
小米 红米 全 网通版 磨砂黑 移动 联通 电信 手机 
小米 红米 全 网通版 磨砂黑 移动 联通 电信 手机 
餐饮 服务 
红 短 薄袜 
竹短 对 襟01 
王针 长袖 裙 
亲针 薄 袜 
住宿 服务 
技术 服务 
收派 服务费 
快针 裆蛤 
金蝶 差旅 费用 报销 单 手写 单据 账务 单据 金蝶 账册 审批单 
餐饮 
收纳盒 
女 睡 外套 
女孩 福袋 
王踏提口 肩 
精蓝 裆衣 
王踏提 蛤01 
防 滑 厚 袜 
绒初 薄袜 装 
兔裆 衣01 
棉糖纱 大方巾 
棉包 巾 
王针长 蛤01 
星口 肩 
纯口 肩 
防 螨 床 垫 
针 多 用 被 
王针口 肩 
恬 大 床 围 
兔 抱 被 
针 抱 被 
管理费 
公共 水电 服务费 
鲜肉 月饼 测试 请 选 
刻章 
刻章 
轮胎 
配件 
咖啡金 
花丝花 吊坠 
字 真言足金 转经筒 带绳 
商品 详见 明细 
气孔 保暖 被 
收派 服务费 
珊针帽 蛤 
九阳 豆浆机 免滤 制浆 1300ml 可 制作 米糊 
联想 天逸 标配 版 笔记本 电脑 显存 正版 黑
小熊 多士炉 烤 面包机 早餐机 烘烤 带 防尘 
乐视 超级 电视 智能 液晶 电视
金蝶 金蝶 装订机 20Y 
会计 多 账 版 
大 条幅 
乳胶 床垫 玫瑰金 
乳胶 床垫 咖啡金 
乳胶 床垫 咖啡金 
羽绒被 
气孔 保暖 被 
金蝶 系统 软件 
4月 租金 
智慧 店铺 版 软件 服务费 
抽 码 
友商 在线 产品 数据 恢复 服务 账 
快针 薄 袜 
蓝色 标签纸 
毛巾 袜 装 
凉感 蝶形 护颈 记忆 枕 
远 山绿 单人 布艺 沙发 
爱针 贴 面 帽 
精 对 襟01 
星空 长 拆 裤 
星空 长袖 套衣 
2017年 月 道路 运输 服务 
洋河 蓝色 经典 邃 蓝 整箱 装 白酒 内 含 礼袋 口感 绵柔 浓 香型 
稻香村 源合斋 坚果 礼盒 干果 零食 大礼包 浓 情 果礼 2013g 
电能 
王针 背 蛤 
冠星 红提 蛤01 
住宿 服务 
住宿 服务 
电梯 安装 服务 
襁褓 美棉 白色 
皇大 床 围 
彩棉长 袍01 
彩棉 扣 裤 
吃 
吃 呼叫 庇护 
王针 密裤 
手表 
欢针 衣裤 套 
红 云 纱 小 被 
尊针 袜裤 
保针 马甲 
海女 裙装 
餐费 
座垫 
会计 多 账 版 
配电箱 
策划 创意费 
暮光灰单人 布艺 沙发 
炭灰色 懒人 舒适 沙发 
预装式 人工 晶体 
下装 
通信 业务 服务费 
刻章 
餐饮 服务 
住宿费 
餐饮费 
盐津 铺子 系列 
洽洽 瓜子 
郁美净 儿童 霜 
西三点 
陶华 碧豆鼓 
盐津 铺子 系列 
好 彩头 蒸 蛋糕 
金太 腐乳 
吉香 下 饭菜 
盐津 铺子 系列 
超能 洗粉 
雕牌 透明皂 
海 抽 
餐饮费 
餐饮 服务 
立信 账册 
抱枕 被 金蝶 有 礼 
装修 工程 
鱼缸 护理费 
餐饮 服务 
职能 服务 
知识 产权 服务 
软件 服务费 
热铆 账簿 封 套 
评审费 
环保袋 金蝶 有 礼 
智慧 记单 张
代理 招商 
展会 专用 版 智慧 记 
智慧 记 对 
店铺 版 
广博 回形 针曲别针 办公 文具 
洽洽 休闲 零食 香卤 豆干 混合 口味 
展览 服务 
旺旺 仙贝 零食 膨化 食品 办公室 休闲 饼干 原味 
麦德 好 燕麦 巧克力 营养 麦片力 休闲 零食 大礼包 婚庆喜 糖果 饼干 原味 
好 巴 食豆腐干 休闲 零食 豆干 素食 独立 小 包装 多 口味 混装 实惠 包 
口水娃 零食 小 鱼 仔 小 鱼 干 口水 鱼 牛肉味 盒
福娃 蛋 黄味 糙米 卷 
仿貂 绒毯 
毛巾 
消防 工程 
电脑 配件 
中华 老字号 百花牌 天然 蜂蜜 纯 蜂蜜 取 蜂巢 蜂蜜 
中华 老字号 百花牌 天然 蜂蜜 纯 蜂蜜 取 蜂巢 蜂蜜 
温碧泉 套装 正品 秋 冬 补水 保湿 水乳 旗舰店 官网 护肤品 女 
温碧泉 套装 正品 秋 冬 补水 保湿 水乳 旗舰店 官网 护肤品 女 
舒肤佳 沐浴 露 纯白 清香 清新 柠檬 熏香 200ml 
舒肤佳 沐浴 露 纯白 清香 清新 柠檬 熏香 200ml 
云南 白药 牙膏 健康 护 龈装 585g 美 白健齿 护龈 健康 
云南 白药 牙膏 健康 护 龈装 585g 美 白健齿 护龈 健康 
劲仔鱼 麻辣 小 鱼 岳阳 特产 休闲 小吃 零食 起 购 
劲仔鱼 麻辣 小 鱼 岳阳 特产 休闲 小吃 零食 起 购 
新 牧哥 内蒙古 特产风 干手 撕 牛肉干 原味 零食 小吃 
新 牧哥 内蒙古 特产风 干手 撕 牛肉干 原味 零食 小吃 
水泥 
软件 服务费 
住宿 服务 
双肩 背包 灰色 
石笼网 
设计 服务 
8月份 楼 新装 后 清洁 服务 
搬运费 
打印 
活动 策划费 
对 向 人 桌组 
丽讯 投影 
同向2 人 卡位
展示 
活动 
招聘 服务 
爱普生 投影 
彩邦 通用型 液晶 电视 壁挂 
海信 彩电 
镜头 
滤色 
活动 隔断 
三脚架 套装 
镜头 
存储 
雅马哈音箱 
雅马哈功 放
影音 配件 
室内 
光纤 跳 
尾纤
交换机 光纤 模块 插槽 
光纤 盘纤 
核心 交换机 
新增 语音 数据点 
接入 网络 交换机 
配线 
光纤 转换 
电话 配线 
交换机 
电箱 
国产 镀 锌 
光纤 
银类 首饰 
大 链 坠盒 
打孔 
白板 
晨光 荧光笔 
晨光 啫喱笔 
晨光 啫喱笔 红色 
单镯盒 
得力牌 彩色 长尾夹 
灯具 杂 
灯具 杂项 
灯具 杂 
灯具 杂 
灯具 杂 
灯具 杂 
控制 
灯具 杂项 
灯具 杂 
彩屏 考勤 
耳环 胸针 盒 60X65X52MM 
单门 磁力 
戒指盒 
开门 按 
戒子盒 名贵 珠宝 专用 
电缆 无 接头 双绞线 
科业 插座 总 开关 
得 尤 黑色 铁网 多 用 笔筒 
绿萝 
齐心 学生 舒适 剪刀粉 红色 
齐心牌 白板笔 黑 小 
齐心牌 白板笔 红小 
手 链盒 
手 挽 纸袋 小／短 
手 挽 纸袋 中／长 
套装盒 1盒 
特大 项链盒 可 放珠链 
小 手 挽 纸袋 竖 
怡宝 饮用 纯净水 
印章 什项 
周大福 商务 笔记本 流光红 
周大福 小 套装盒 耳环 吊坠 戒指盒 
藏青色 懒人 舒适 沙发 
双人 布艺 沙发 
乳胶 床垫 玫瑰金 
服装 
吃 呼叫 庇护 
针棉 织品 
鞋 
探羽 长帽 外套 
向 开国 领袖 学习 工作 方法 金冲及 文丛 
餐费 
床垫 床垫 玉 磁枕2 
碎纸机 
电磁 干扰器 
电磁 干扰器 
硬金 手镯 
餐饮 服务 
炜煌 打印机 
拍卖 服务 
黄金
会务 会展 
更换 水管 保温 
18K 白 金
铂金 首饰 加工 
咖啡机 租赁费 
打印机 
微信 广告 
珠宝 首饰 加工 
客凳 
水费 9月份 
管理费 10月份 
不锈钢 制品 
代垫 相关 费用 
不锈钢 饰品 
模具费 
出门 按 
软件 注册 
害 消杀 服务 
信息 技术 服务 
起版 加工 
文具
电脑 
修理 
黄金 饰品 样品 
配件 
壁柜 
宝石 
黄金 饰品 加工 
保鲜 
监控 安装 
联想 显示 
流光 月 礼盒 
新 世界 集团 限量 月饼 礼盒 
手机 保护 
台式 机
蛋糕 卷 
茶叶 
冠宝 竹 纤维 
冬蓝 袍 
在线 会计 进 销存 
餐饮 费
派 毛 短 外套 
爱针 长袖 套衣 
石子
风针 短帽 外套 
经典 柔棉 对 襟01 
王 毛衣 裤 套 
餐饮 
习梭 圆帽 
皇大 睡 
竹 背心 
贝襟 短 
海梭 短裤 
探羽 马夹 
派 羽长帽 外套 
贝纱薄 睡 袋 
梦 男 背心 
夜棉 背心 
王针 背心 
纱汗垫 装 
王针薄 袜 
习梭 短裤 
女 睡 圆 套装 
蓝 毛巾 袜 
餐费 
代 账 管家 账 套 用户 
住宿费 
餐费 
快递 服务费 
车架 
顶蓬 睡篮 深紫色 
棉 小 浴巾 
会计 多 账套 
山丘 黑 科技 有 芯卷纸 
餐饮 服务 餐费 
客运 服务费 
老板 大吸力 免 拆洗 触控 侧吸式 空气 净化 吸油烟机 
餐饮 服务 
夏普 智能 电视 
荣耀 畅 玩 网通 手机 高 配版 铂光 金
荷包 纸巾 
纸杯 
盒 抽 纸巾 
西部 数据 活力 橙 移动 硬盘 
餐饮 服务 餐费 
餐饮费 
活动 场地费 
交通费 
蓝初 厚袜 
意机 开 裤 
竹开 裤 
王 爱 尿垫 
餐饮 服务 餐费 
美 养生壶 机 多 用 多 功能 烧 水壶 容量 内 带滤网 
美 养生壶 机 多 用 多 功能 烧 水壶 容量 内 带滤网 
餐饮 服务 
网上 咨询费 
40964绿联 外置声卡+音量 调节 功能 声卡 +音量 调节 
绿联 国标 插 电源线 黑色 
绿 联国 标三 插 电源线 黑色 
绿 联 国标 插 电源线 黑色 
绿 联 引线 款 包线 管 直径 25mm 黑色 
国标 插 电源线 黑色 
绿 联 背 靠 背圈 装理线 带 黑色 
金蝶 装订机 钻刀 系列 钻头 
信息 服务费 
公积金 证书 服务费 
抽 码 
无 版 
妮维雅 男士 润肤霜 德国 进口 男罐 男士 乳液 面霜 小 蓝罐 滋润 补水 乳液 
妮维雅 男士 润肤霜 德国 进口 男罐 男士 乳液 面霜 小 蓝罐 滋润 补水 乳液 
妮维雅 男士 多重控 油水 爽肤水 化妆 水 男士 化妆品 控油 保湿 
妮维雅 男士 多重控 油水 爽肤水 化妆 水 男士 化妆品 控油 保湿 
信息 服务费 
单肩 电脑 包 黑色 
装饰 工程 
字 箴言 硬金 转经筒 
水果 
水果 
西瓜 
芒果 
菠萝 
草莓 
蓓慈 按摩 足浴盆 洗 脚盆 泡脚 盆 泡 脚 桶 
空调 
成品 直接 
维修费 
亲长袖 袍 
商业 会计 名义 
眼镜 
英特曼 单 出国 转换 插头 全球 通电源 插头 插座 转换器 日本 美国 英标 欧标 德标 
英特曼 单 出国 转换 插头 全球 通电源 插头 插座 转换器 日本 美国 英标 欧标 德标 
代 订 机票 产品 
餐饮 服务 
山丘 本色 软 抽 
餐饮 服务 餐饮 费
多 功能 电子 仪表 
波轮 洗衣机 
修理费 
餐饮服 餐饮费 
租金 
快递 服务 
价 国行 固态 联想 笔记本 电脑 商务 显 办公 
得力 三联 多 栏 收据 写 
得力 9384无碳原纸 联 单栏 收据 装 
配送费 
荣耀 路 由 光纤 宽带 智能 无线路 由 器双网 双通 双频 优选 网口 盲插 
无 对应 货品 名称 
代 账 管家 账 套 用户 
会务费 
食用油 
大米 
挂面 
洗洁 精 
洗洁 精 
食用油 
挂面 
卷纸 
提套 衣01 
餐饮费 
欧姆龙 微动 开关 
红谷 男士 皮带 扣 腰带 男 牛皮 青年 百搭 休闲 裤带 漆 
红谷 男士 无头皮带 扣 腰带 男 款头 层 牛皮带 身 带头 漆 
停泊费 
柴油机 整机 
住宿费 
住宿 
房费 
源香 
餐费 
预付卡 
山丘 本色 手帕纸 
费
车牌 识别 系统 
简装 挂历 
纸袋 
台历 
蒙牛 低脂 高 钙 牛奶 礼 
通信 服务费 
清洁费 
油污 
洗洁 精 
香皂 
雨伞 
肥皂 
洗衣液 
香皂 
卷纸 
餐饮费 
捷安特 码表 
连理枝 树叶 黄金 戒指 女 
餐饮 费
水泥 
水泥 
柴油机 整机 
柴油机 整机 
捉 蛤01 
柴油机 整机 
柴油机 整机 
柴油机 整机 
柴油机 整机 
餐饮 服务 ＋餐费 
烘焙 大礼包 
热费 居民 
舒肤 佳 泡沫 洗手液 樱花 青 苹果 特惠装 健康 抑菌 温和 洁净 新 老 包装 发货 
舒肤 佳 泡沫 洗手液 樱花 青 苹果 特惠装 健康 抑菌 温和 洁净 新 老 包装 发货 
斐讯 流光金 双核 双频全 高端 无线 路由器 智慧 家庭 路 由 
丽以芙 运动 内裤 
双频 无线 路由器 
物业费 
钢筋 焊接 网片 
羊花 红襟 衣 
凝红 对 襟01 
经典 柔棉 拆 裤 
鸡蛋 挂 
索尼 无线 降 噪 立体声 耳机 朱砂红 
云 进 销 存 
在线 会计 进 销存 
条钉 白盘 钢圈 黑皮 钢带 弹簧 扣 生耳 批 钢带 解表器 
金色 豪床 
大 床垫 椰棕 记忆棉 
钢圈 黑皮 
实芯 钢带 特供 解表器生 耳批 黑色 豪华 套装 
白盘 黑 带 
白盘 
黑 盘条 钉 黑皮 
黑盘钢 带 
黑盘 
白 盘条 钉 黑皮 
附件 
白板 
白板 笔 
白板 擦 
餐费 服务 
蓝彩 手脚 套 
动画 制作 
住宿费 
信息 服务费 
代 订 住宿费 
云 会计 多 账 套版 
云 
在线 进 销存 标准版 
热铆 凭证 封 套 
半自动 铆 装机 
热铆 凭证 封 套 
装订机 配件 
付款 申请单 
业务 单据 联单 
激光 空白 凭证 迷你包 
针式 金额 记帐 凭证 
激打 金额 记账 凭证 
订制品 
差旅费 报销 单 
借款 审批单 
费用 报销 单 
原始 单据 粘贴单 
付款 申请单 
激打 金额 记账 凭证 
热铆 凭证 封 套 
激光 空白 凭证 迷你包 
费用 报销 单 
原始 单据 粘贴单 
激光 金额 记帐 凭证 
凭证盒 单边 
金蝶易 记账 站点 
热铆 凭证 封 套 
迷你包 激光 
热铆 凭证 封 套 
支出 凭单 
业务 单据 联单 
原始 单据 粘贴单 
迷你 空白 凭 证纸 
凭证盒 单边 
费用 报销 单 
激光 空白 凭证 迷你包 
手动 铆装机 
凭证 封面 
入库 单（一式 三联 
空白 凭 证纸 
热铆 账簿 封 套 
激光 空白 凭证 迷你包 
激打 分类 帐 
激打 明细帐 
热铆 凭证 封 套 
红色 标签纸 
费用 报销 单 
包角 边 
针打 金额 记帐 凭证 
增值税 专用 发票 抵扣 联 封面 
原始 单据 粘贴单 
差旅费 报销 单 
热铆 凭证 封 套 
热铆 凭证 封 套 
付款 申请单 
综合 档案 封套 
出库 单（一式 三联 
业务 单据 联单 一等份 
借款 审批单 
凭证盒 两边 
业务 单据 联单 一等份 
业务 单据 联单 一等份 
凭证盒 单边 
激打 数量 外币 记账 凭证 
手动 铆装机 
凭证盒 一侧 带 盖 
借款 审批单 
打印纸 
专用 尼龙管 
差旅费 报销 单 
付款 申请单 
收据 式 联 单栏 
打印纸 
专用 钻刀 进口 
凭证盒 单边 
手动 铆装机 
热铆 账簿 封 套 
业务 单据 联单 三等份 
凭证盒 单边 
收据 式 三联 单栏 
迷你 打印纸 
凭证盒 两边 
针式 空白 记账 凭证 
费用 报销 单 
激打 金额 记帐 凭证 
激打 分类 帐 
激打 明细帐 
支票 领用 审批单 
激光 金额 记帐 凭证 
凭证盒 两边 
针式 金额 记帐 凭证 
支出 凭单 
凭证盒 单边 
支票 领用 审批单 
蓝色 标签纸 
激光 空白 记账 凭证 
凭证盒 两边 
业务 单据 联单 
送货单（一式 三联 小 
凭证盒 两边 
红色 标签纸 
红色 标签纸 
凭证盒 带 盖 
热铆 凭证 封 套 
专用 钻刀 
针打 金额 记账 凭证 
业务 单据 联单 一等份 
钻刀 适用 于 机器 
付款 申请单 
热铆 凭证 封 套 
运费 
友商 在线 进 销 存 标准版 站点 
系列 专用 尼龙管 
软件 服务费 
蓝色 标签纸 
业务 单据 联单 
迷你 收银纸 排 
迷你 收银纸 排 
迷你 打印纸 
借款 审批单 
业务 单据 联单 一等份 
易 记账 带 安全 锁 
激光 金额 记账 凭证 
凭证盒 两边 
差旅费 报销 单 
心本光明 
致 良知 是 伟大 力量 原文版 
咨询 服务 
汽车 配件 
签纸 
在线 会计 进 销 存 
在线 会计 企业 版 
提红 蛤01 
会计 多 账 版 
在线 会计 代账 个人版 用户 
云 会计 接口 
在线 会计 企业 版 
在线 进 销存 基础 版 
会计 多 账 
在线 会计 代账 公司 版 用户 
在线 会计 代账 个人版 用户 账 
激光 定位 半自动 装订机 
服装 
在线 会计 代账 公司 版 用户 账 套 
大 笔记本 
机械 手表 
餐饮 服务 *餐费 
餐饮费 
金蝶 记账王 带 安全 锁 
金蝶 针式 数量 外币 记账 凭证 金蝶 凭证 纸 
激光 金额 记账 凭证 财务 凭证金 蝶 记账 凭证 配套 打印纸 
金蝶 财务 软件 网络版 财务 在线 记账 代账 专用 软件 
黑盘钢 带 
足疗 
蓝 盘条 钉 黑皮 
白盘钢 带 
钉钢 圈 白色 绢带 
白 盘钢 圈 黑色 平纹 皮带 
金蝶 记账 王 服务 包 
条钉 白盘金 圈间 金钢 带 
金蝶 激光 金额 记账 凭证 金蝶 凭证纸 金蝶 配套 特价 促销 
找回 服务 
胶衣 
蓝长裤 
实心 钢带 
激光 金额 记账 凭 证纸 财务 凭证金 蝶 记账 凭证 凭证 打印纸 
金蝶 原始 单据 粘贴单 手写 单据 账务 单据 金蝶 账册 审批单 
住宿 服务 
金蝶 财务 软件 网络版 财务 在线 会计 记账 代账 专用 报税 会计 电算化 
服装 
全自动 专用 钻刀 
运费 
2017年 12月 道路 运输 服务 
平板 电脑 版 芯片 显示屏 技术 深空 灰色 
平板 电脑 版 芯片 显示屏 技术 金色 
平板 电脑 版 芯片 显示屏 技术 
东芝 系列 转 台式机 硬盘 
金龙 鱼 东北 大米 蟹稻 生盘锦 大米 包装 更新 新 老 包装 发放 
京东 超市 洁柔 卷 纸蓝 精品 卫生纸 细腻 光滑 整箱 销售 国际 版 
凭证盒 单边 
激打 金额 记账 凭证 
起运 佛山 工厂 到达 佛山 清远 韶关 云浮 运输 货物 名称 成品 酒 运输 方式 道路 
起运 佛山 工厂 到达 肇庆 清远 韶关 云浮 运输 货物 名称 成品 酒 运输 方式 道路 
起运 佛山 工厂 到达 佛山 韶关 肇庆 运输 货物 名称 成品 酒 运输 方式 道路 运输 服务 
施杰 胶饵 
柴油机 整机 
歺饮 服务费 
金蝶 差旅 费用 报销 单 
金蝶 借款 审批单 
金蝶 凭证 包角 凭证 封面 封 底 带 包角 财务 记账 凭证 包角 
笔记本 电脑 
服装 
红 米 全 网通版 内存 金色 
咖啡 用 
在线 
费
霍尼韦尔 检测器 合 
维修费 
激打 数量 明细表 
激打 日记 帐 
金蝶云 会计 账 财务 软件 网络版 
金 蝶 智慧 记 软件 服务费 
金 蝶 智慧 店铺 版 软件 服务费 
财务 产品 服务 包 
2017年 5月 道路 运输 服务 
成品 短切 
起运 百威英博 武鸣 工厂 到达 百色市 运输 货物 名称 成品 酒 运输 方式 道路 运输 
起运 百威英博 武鸣 工厂 到达 那坡县 运输 货物 名称 成品 酒 运输 方式 道路 运输 
起运 百威英博 武鸣 工厂 到达 北海市 运输 货物 名称 成品 酒 运输 方式 道路 运输 
起运 百威英博 武鸣 工厂 到达 岑溪市 运输 货物 名称 成品 酒 运输 方式 道路 运输 
起运 百威英博 武鸣 工厂 到达 崇左市 运输 货物 名称 成品 酒 运输 方式 道路 运输 
起运 百威英博 武鸣 工厂 到达 大新县 运输 货物 名称 成品 酒 运输 方式 道路 运输 
起运 百威英博 武鸣 工厂 到达 凭祥市 运输 货物 名称 成品 酒 运输 方式 道路 运输 
起运 百威英博 武鸣 工厂 到达 东兰县 运输 货物 名称 成品 酒 运输 方式 道路 运输 
起运 百威英博 武鸣 工厂 到达 东兴市 运输 货物 名称 成品 酒 运输 方式 道路 运输 
起运 百威英博 武鸣 工厂 到达 都安县 运输 货物 名称 成品 酒 运输 方式 道路 运输 
起运 百威英博 武鸣 工厂 到达 防城港市 运输 货物 名称 成品 酒 运输 方式 道路 运输 
起运 百威英博 武鸣 工厂 到达 贵港市 运输 货物 名称 成品 酒 运输 方式 道路 运输 
起运 百威英博 武鸣 工厂 到达 桂林市 运输 货物 名称 成品 酒 运输 方式 道路 运输 
起运 百威英博 武鸣 工厂 到达 桂平市 运输 货物 名称 成品 酒 运输 方式 道路 运输 
起运 百威英博 武鸣 工厂 到达 贺州市 运输 货物 名称 成品 酒 运输 方式 道路 运输 
起运 百威英博 武鸣 工厂 到达 河池市 运输 货物 名称 成品 酒 运输 方式 道路 运输 
起运 百威英博 武鸣 工厂 到达 来宾市 运输 货物 名称 成品 酒 运输 方式 道路 运输 
起运 百威英博 武鸣 工厂 到达 柳州市 运输 货物 名称 成品 酒 运输 方式 道路 运输 
起运 百威英博 武鸣 工厂 到达 平南县 运输 货物 名称 成品 酒 运输 方式 道路 运输 
起运 百威英博 武鸣 工厂 到达 钦州市 运输 货物 名称 成品 酒 运输 方式 道路 运输 
起运 百威英博 武鸣 工厂 到达 梧州市 运输 货物 名称 成品 酒 运输 方式 道路 运输 
起运 百威英博 武鸣 工厂 到达 宜州市 运输 货物 名称 成品 酒 运输 方式 道路 运输 
起运 百威英博 武鸣 工厂 到达 玉林市 运输 货物 名称 成品 酒 运输 方式 道路 运输 
起运 百威英博 武鸣 工厂 到达 北流市 运输 货物 名称 成品 酒 运输 方式 道路 运输 
起运 百威英博 武鸣 工厂 到达 博白县 运输 货物 名称 成品 酒 运输 方式 道路 运输 
起运 百威英博 武鸣 工厂 到达 容县 运输 货物 名称 成品 酒 运输 方式 道路 运输 服务 
收据 式 三联 多 栏 
2017年 12月份 道路 运输 服务 
戒指 
金蝶 记账王 安全 锁 管理 软件 财务 软件 正版 记账 软件 
尼龙短 
信息 服务 
固定 资产 
在线 会计 代账 公司 版 用户 
金蝶 店铺 标准版 服务 次卡 软件 服务 
霍尼韦尔 空气 检测器 
蓝色 标签纸 
餐饮 服务 餐饮 
小米 全 网通 金色 移动 联通 电信 手机 卡 待 
小米 全金属 轻薄 笔记本 独显 指纹 识别 
金蝶 标准 版 站点 
住宿费 
金蝶 软件金 蝶装 订机 钻刀 系列 金蝶装 订机 钻头 金 蝶 配套 
玫瑰 硬金 手镯链 
人力 资源 服务费 
代 账 管家 账套 用户 
福临门 一级 大豆油 
风筝 牌 超级 精 粉 
中盐牌 加 碘 精制盐 
贝蒂斯 特级 初榨 橄榄油 礼盒 
服装 
在线 会计 代账 公司 版 用户 
固态 支架 
移动 硬盘 
路 由 
交换机 
联想 笔记 键盘 
凭证盒 两边 
金蝶 软件 配套 金蝶 凭证盒 凭 证装 订盒 凭证 档案盒 特价 
金蝶 凭证 封面 财务 凭证 封面 凭证 封 套 财务 软件 特价 
金蝶 差旅 费用 报销 单 手写 单据 账务 单据 金蝶 账册 审批单 
金蝶 费用 报销 单 手写 单据 账务 单据 金蝶 账册 审批单 
蛋糕 
配件 
金蝶 软件 明细账 金 蝶账 册金 蝶账 簿金 蝶 配套 特价 
餐饮 服务费 
金蝶 \ 装订机 钻头 装订机 钻刀 
滤棉 套装 
新风 口罩 
住宿费 
会议 服务 
场地 租赁 
系列 专用 钻刀 
激光 定位 半自动 装订机 
激打 数量 外币 记帐 凭证 
谷物
男 上衣 
小麦
小麦
鞋 类 
软件 服务费 
金蝶 装订机 铆管 通用 环保 材质 抗 高温 
饰品 
2017年 11月 道路 运输 服务 
综合 档案 封套 
起运 百威英博 武鸣 工厂 到达 天峨县 运输 货物 名称 成品 酒 运输 方式 道路 运输 
起运 百色市 到达 百威英博 武鸣 工厂 运输 货物 名称 空瓶 运输 方式 道路 运输 服务 
起运 北海市 到达 百威英博 武鸣 工厂 运输 货物 名称 空瓶 运输 方式 道路 运输 服务 
起运 北海市 到达 百威英博 武鸣 工厂 运输 货物 名称 空托盘 运输 方式 道路 运输 
起运 崇左市 到达 百威英博 武鸣 工厂 运输 货物 名称 空瓶 运输 方式 道路 运输 服务 
起运 凭祥市 到达 百威英博 武鸣 工厂 运输 货物 名称 空瓶 运输 方式 道路 运输 服务 
起运 防城港市 到达 百威英博 武鸣 工厂 运输 货物 名称 空瓶 运输 方式 道路 运输 
起运 柳州市 到达 百威英博 武鸣 工厂 运输 货物 名称 空瓶 运输 方式 道路 运输 服务 
起运 来宾市 到达 百威英博 武鸣 工厂 运输 货物 名称 空瓶 运输 方式 道路 运输 服务 
起运 平南县 到达 百威英博 武鸣 工厂 运输 货物 名称 空瓶 运输 方式 道路 运输 服务 
起运 河池市 到达 百威英博 武鸣 工厂 运输 货物 名称 空瓶 运输 方式 道路 运输 服务 
起运 玉林市 到达 百威英博 武鸣 工厂 运输 货物 名称 空瓶 运输 方式 道路 运输 服务 
起运 玉林市 到达 百威英博 武鸣 工厂 运输 货物 名称 空托盘 运输 方式 道路 运输 
起运 博白县 到达 百威英博 武鸣 工厂 运输 货物 名称 空瓶 运输 方式 道路 运输 服务 
起运 贵港市 到达 百威英博 武鸣 工厂 运输 货物 名称 空瓶 运输 方式 道路 运输 服务 
起运 桂平市 到达 百威英博 武鸣 工厂 运输 货物 名称 空瓶 运输 方式 道路 运输 服务 
起运 桂平市 到达 百威英博 武鸣 工厂 运输 货物 名称 空托盘 运输 方式 道路 运输 
起运 巴马县 到达 百威英博 武鸣 工厂 运输 货物 名称 空瓶 运输 方式 道路 运输 服务 
起运 都安县 到达 百威英博 武鸣 工厂 运输 货物 名称 空瓶 运输 方式 道路 运输 服务 
起运 钦州市 到达 百威英博 武鸣 工厂 运输 货物 名称 空瓶 运输 方式 道路 运输 服务 
起运 钦州市 到达 百威英博 武鸣 工厂 运输 货物 名称 空托盘 运输 方式 道路 运输 
起运 梧州市 到达 百威英博 武鸣 工厂 运输 货物 名称 空瓶 运输 方式 道路 运输 服务 
起运 梧州市 到达 百威英博 武鸣 工厂 运输 货物 名称 空托盘 运输 方式 道路 运输 
起运 天峨县 到达 百威英博 武鸣 工厂 运输 货物 名称 成品 酒 运输 方式 道路 运输 
起运 桂林市 到达 百威英博 武鸣 工厂 运输 货物 名称 空瓶 运输 方式 道路 运输 服务 
起运 宜州市 到达 百威英博 武鸣 工厂 运输 货物 名称 空瓶 运输 方式 道路 运输 服务 
起运 武汉 工厂 到达 衡阳 运输 货物 名称 成品 酒 运输 方式 道路 运输 服务 
起运 武汉 工厂 到达 重庆 怀化 运输 货物 名称 成品 酒 运输 方式 道路 运输 服务 
起运 武汉 工厂 到达 双峰 运输 货物 名称 成品 酒 运输 方式 道路 运输 服务 
起运 武汉 工厂 到达 绥宁 永州 运输 货物 名称 成品 酒 运输 方式 道路 运输 服务 
起运 武汉 工厂 到达 绥宁 郴州 临武 运输 货物 名称 成品 酒 运输 方式 道路 运输 
起运 武汉 工厂 到达 怀化_ 靖州 永州 运输 货物 名称 成品 酒 运输 方式 道路 运输 服务 
起运 武汉 工厂 到达 郴州 永州 _蓝山 运输 货物 名称 成品 酒 运输 方式 道路 运输 
起运 武汉 工厂 到达 郴州 永州 怀化 运输 货物 名称 成品 酒 运输 方式 道路 运输 
起运 武汉 工厂 到达 郴州 邵阳 怀化 运输 货物 名称 成品 酒 运输 方式 道路 运输 服务 
起运 武汉 工厂 到达 郴州 怀化_ 靖州 永州 运输 货物 名称 成品 酒 运输 方式 
起运 武汉 工厂 到达 娄底 邵阳 郴州 运输 货物 名称 成品 酒 运输 方式 道路 运输 服务 
起运 武汉 工厂 到达 邵阳_ 隆回 邵阳 永州 运输 货物 名称 空瓶 运输 方式 道路 运输 
起运 武汉 工厂 到达 绥宁 怀化_ 靖州 永州 运输 货物 名称 空瓶 运输 方式 道路 
起运 武汉 工厂 到达 郴州 邵阳 郴州 嘉禾 运输 货物 名称 空瓶 运输 方式 道路 
起运 武汉 工厂 到达 永州 邵阳_ 隆回 郴州 嘉禾 运输 货物 名称 空瓶 运输 方式 道路 
起运 武汉 工厂 到达 永州 怀化 郴州 嘉禾 运输 货物 名称 空瓶 运输 方式 道路 运输 
起运 武汉 工厂 到达 永州 怀化 运输 货物 名称 空瓶 运输 方式 道路 运输 服务 
起运 武汉 工厂 到达 郴州 永州 娄底 运输 货物 名称 空瓶 运输 方式 道路 运输 
起运 武汉 工厂 到达 郴州 郴州 嘉禾 永州 运输 货物 名称 空瓶 运输 方式 道路 
起运 武汉 工厂 到达 邵阳 郴州 运输 货物 名称 空瓶 运输 方式 道路 运输 服务 
起运 武汉 工厂 到达 娄底 怀化 邵阳 运输 货物 名称 空瓶 运输 方式 道路 运输 服务 
起运 武汉 工厂 到达 邵阳 怀化 运输 货物 名称 空瓶 运输 方式 道路 运输 服务 
2017年 10月 道路 运输 服务 
国内 道路 货物 运输 服务 
起运 武汉 工厂 到达 怀化_ 通道 运输 货物 名称 成品 酒 运输 方式 道路 运输 服务 
起运 武汉 工厂 到达 怀化_ 通道 怀化 运输 货物 名称 成品 酒 运输 方式 道路 运输 服务 
起运 武汉 工厂 到达 永州 _新田 永州 绥宁 运输 货物 名称 成品 酒 运输 方式 
起运 武汉 工厂 到达 永州 _蓝山 永州 绥宁 运输 货物 名称 成品 酒 运输 方式 
起运 武汉 工厂 到达 邵阳 永州 绥宁 运输 货物 名称 成品 酒 运输 方式 道路 运输 
起运 武汉 工厂 到达 郴州 永州 邵阳 运输 货物 名称 成品 酒 运输 方式 道路 运输 服务 
起运 武汉 工厂 到达 郴州 永州 绥宁 运输 货物 名称 成品 酒 运输 方式 道路 运输 
起运 武汉 工厂 到达 郴州 怀化 邵阳 运输 货物 名称 成品 酒 运输 方式 道路 运输 服务 
起运 武汉 工厂 到达 永州 绥宁 运输 货物 名称 成品 酒 运输 方式 道路 运输 服务 
起运 武汉 工厂 到达 郴州 怀化 运输 货物 名称 成品 酒 运输 方式 道路 运输 服务 
起运 武汉 工厂 到达 邵阳 娄底 邵阳 运输 货物 名称 成品 酒 运输 方式 道路 运输 服务 
起运 武汉 工厂 到达 郴州 怀化 娄底 运输 货物 名称 成品 酒 运输 方式 道路 运输 服务 
起运 武汉 工厂 到达 郴州 运输 货物 名称 成品 酒 运输 方式 道路 运输 服务 
起运 武汉 工厂 到达 娄底 运输 货物 名称 成品 酒 运输 方式 道路 运输 服务 
起运 武汉 工厂 到达 郴州 邵阳 娄底 运输 货物 名称 空瓶 运输 方式 道路 运输 服务 
起运 武汉 工厂 到达 郴州 永州 邵阳 运输 货物 名称 空瓶 运输 方式 道路 运输 
起运 武汉 工厂 到达 郴州 永州 新宁 运输 货物 名称 空瓶 运输 方式 道路 
起运 武汉 工厂 到达 郴州 邵阳 永州 运输 货物 名称 空瓶 运输 方式 道路 运输 服务 
起运 武汉 工厂 到达 郴州 嘉禾 邵阳 永州 运输 货物 名称 空瓶 运输 方式 道路 运输 
起运 武汉 工厂 到达 郴州 嘉禾 永州 运输 货物 名称 空瓶 运输 方式 道路 运输 服务 
起运 武汉 工厂 到达 郴州 嘉禾 郴州 _临武 永州 运输 货物 名称 空瓶 运输 方式 道路 
起运 武汉 工厂 到达 郴州 嘉禾 怀化 永州 运输 货物 名称 空瓶 运输 方式 道路 运输 
起运 武汉 工厂 到达 绥宁 怀化 娄底 运输 货物 名称 空瓶 运输 方式 道路 运输 
起运 武汉 工厂 到达 邵阳 运输 货物 名称 空瓶 运输 方式 道路 运输 服务 
起运 武汉 工厂 到达 邵阳 娄底 运输 货物 名称 空瓶 运输 方式 道路 运输 服务 
起运 武汉 工厂 到达 邵阳 怀化 娄底 运输 货物 名称 空瓶 运输 方式 道路 运输 服务 
餐费 
百岁山 矿泉水 
配送费 
金蝶 软件 金蝶 凭证盒 凭 证装 订盒 凭证 档案盒 金蝶 配套 特价 
演出 服装 
供水 服务费 
水费 
裙子 
餐费 
足金 四叶草 戒指 
收派 服务 
办公 家具 
裙子 
金蝶 进 销 存 软件 网络版 销售 网店 库存 仓库 进 销存 管理 软件 接网店 
山丘 本色 手帕纸 
抽 码 
金蝶 凭证 包角 凭证 封面 封 底 带 包角 财务 记账 凭证 包角 
金蝶 装订机 特价 金蝶热 铆装 订机 手动 热铆 装订 机迷你型 
标准版 迷你版 使用 教程 
住宿 服务 
住宿 服务 
男 上衣 
金蝶 易 记账 安全 锁 加密 
快递 服务 
加湿器 金色 遥控版 
上 加 水 桌面 加 湿器 触控版 
加湿器 金色 机械版 
加湿器 银色 机械版 
亚都 加湿器 
净享 洞察 落地 加湿器 金色 遥控 
净享 洞察 落地 加湿器 银色 遥控 
万途 增强 版 
幸运星 暖手宝 粉色 
加湿器 银色 遥控版 
亚都 加湿器 
幸运星 暖手宝 绿色 
幸运星 暖手宝 蓝色 
熊掌 暖手宝 白色 
亚都 加湿器 兰 
亚都 加湿器 
亚都 加湿器 
亚都 加湿器 
亚都 空气 净化器 滤芯 组件 
亚都 白色 
白色 享 双核 加湿器 
亚都 
挂 坠 
包子 暖手宝 白色 
亚都 加湿器 
亚都 加湿器 
万途 金色 电脑 版 
云朵 暖手宝 粉色 
亚都 加湿器 
亚都 加湿器 白 
亚都 装修 卫士 滤芯组 件/亚都 净化器 滤芯 滤芯 
包子 暖手宝 紫色 
熊掌 暖手宝 咖啡色 
净享 洞察 落地 加湿器 粉色 遥控 
项链 
手链 
金 项链 
亚都 净化器 
亚都 加湿器 白灰 
电脑 包 
汽车 
房费 
即 食 方便 食品 
迷你版 
住宿 服务 
滤芯 组件 
收银纸 
亚都 耗材 滤芯 组件 
罗技 无线 鼠标 黑色 
防 爆灯 
足金 女王 项链 
亚都 工业 加湿器 
退票款 
山丘 黑 科技 盒巾 
足金 水波 纹 项链 
美容 医疗 服务费 
声控 开关 
电缆线 
绝缘 手套 
螺丝 胶垫 
泵管 
起泵 下泵 
潜水 电泵 
电扇 开关 
墙壁 开关 
节能灯 
插座 
吸顶灯 
疏通 管道 
管道 吸污 
节能灯 
管 
阀门 
布块 
扫帚 
螺丝 
电缆 
漏电 
打印纸 
订书器 
档案袋 
笔记本 
中性 笔 
文件 袋 
剪刀 
笔
五金 材料 
山丘 本色 有 芯卷纸 
山丘 本色 软 抽 
格力 空调 
万途 上 加 水 桌面 加 湿器 电脑 版 
净享 上 加 水 桌面 加湿器 白黑 电脑 版 
五金 材料 
净享 洞察 落地 加湿器 银色 机械 
万途 标准 版 
万途 玫瑰金 电脑 版 
港口 作业 包干费 
金蝶 在线 会计 企业 版 云 会计 
金蝶 装订机 钻刀 系列 钻头 金蝶 装订机 通用 
裤子 
金蝶 账簿 封面 账簿 封面 财务 账簿 封面 账簿 封 套 
金蝶 针式 日记 账 金 蝶账 簿纸 
金蝶针式 明细账 金蝶 账簿 
金蝶针式 总 分类 帐 
金蝶 费用 报销 单 
金蝶 标准 版 站点 
餐费 
金蝶 软件 金蝶 凭证盒 凭 证装 订盒 凭证 档案盒 金蝶 配套 
男模 登 牛津 布 
男模 登 牛津 布 
男模 登 牛津 布 
红 辣椒 
碎石 
迷你版 安全 锁 许可 
霍尼韦尔 扫描枪 白 
黑盘钢 圈 黑绢带 
支架 适用 于 
霍尼韦尔 扫描枪 黑 
舞蹈鞋 
金蝶 记账王 财务 软件 正版 使用 会计 电算化 小 企业 记账 
抽纸 抽 包 
金蝶 激光 数量 外币 记账 凭证 会计 凭证 纸 
蓝派针 套衣 装 
森蓝 套衣 
森咖 套衣 
草白 对襟 
森粉 套衣 
刺猬 拆 裤 
森粉 对襟 
红蘑 莫 平角裤 装 
内裤 装 
意机 对襟 
红保 对襟 
森红棉 对襟 
红保 拆裤 
夜棉 对襟 
刺猬 对襟 
草套衣 
提 对襟 
冬红 对襟 
净享 洞察 落地 加湿器 金色 机械 
棉 背心 
粉色 包子 暖手宝 
红派 针拆裤 装 
红派 针套衣 
梦 蛤 
红派 针襟蛤 
丛羽 长裤 
丛羽 帽蛤 
丛针 长蛤 
森甲蓝 三角 内裤 装 
果 三角裤 装 
丛针 帽蛤 
森红 蛤 
棉森 蛤 
森蓝棉 蛤 
丛羽 短帽 外套 
蓝初 厚袜 
蓝 毛巾 袜 
花针 袜子 
森粉 拆 裤 
棉森 襟蛤 
抱 被 
丛毛 长袖 裙 
刺猬 背心 
凝红 对襟 
星 对襟 
住宿费 
住宿费 
星和袍 装 
保 长袍 
皇大 抱 被 
星空长 蛤 
针帽蛤 
王毛 围巾 
针打 金额 记账 凭证 
支票 领用 审批单 
发票 测试 
金蝶 针式 多 栏 明细账 辅 
金蝶 软件 多 栏 明细账 主 金 蝶账 册金 蝶账 簿金 蝶 配套 
足金 微笑 手链 
保费 教职员 工校 园 方 责任 保险 
招标 文件费 2017267G 
得力 木尚 复印纸 包 白色 包 
凭证盒 单边 
凭证盒 两边 
蓝色 字母 长 蛤 
蓝色 字母 长 襟蛤 
耳饰 
显示器 
挂 
电脑 主机 
餐饮 费
餐费 
蓝 彩襟 蛤 
森蓝襟蛤 
森黄襟蛤 
森咖 蛤 
蓝派 针襟蛤 
森咖 襟蛤 
蓝 保襟 蛤 
亲红 提 百日 礼盒 
耳饰 
黑 
金蝶 凭证 装订机 手动 打孔 财务 装订机 会计 凭证 装订机 
金蝶 装订机 通用 钻刀 钻头 
金蝶 软件 分类 账 金 蝶账 册金 蝶账 簿金 蝶 配套 特价 
激打 多 栏 明细帐 主 
蓝派针 套衣 
王梭 长裤 
海梭 长裤 
丛羽 长帽 外套 
森针 长裤 
收派 服务费 
亚都 
专属 牧场 奶源 
专属 牧场 奶源 
丝蕴 洗发水 去 油 净屑 洗发水 控油 止痒 水润 去 屑 
舒客 舒克 早晚 牙膏 清洁 牙齿 清新 口气 防蛀 美白 去 口臭 正品 
舒客 舒克 早晚 牙膏 清洁 牙齿 清新 口气 防蛀 美白 去 口臭 正品 
丹夫华夫饼 原味 西式 糕点心 早餐 饼干 面包 小 蛋糕 网 红零 食品 整箱 
丹夫华夫饼 原味 西式 糕点心 早餐 饼干 面包 小 蛋糕 网 红零 食品 整箱 
系列 男鞋 复古鞋 跑步 鞋 休闲 运动鞋 
活动 策划
管理费 
刷 卡 佣金 代理 服务 
12月 邮费 
住宿费 
房费 
国内 邮件 收派 服务 
电费 
项目 策划 服务 
灯箱 管理费 
物业 管理费 
转售 电力 
修理 配件 
摩托罗拉 条码 
水费 
运输费 
收派 服务 
海康 威视 硬盘 录像机 
希捷 
海康 威视 网络 摄像机 
数据 集 
视频 传输 
海康 威视 监控 主机 
打印机 
推广 
公摊 电费 
人事 委托 
出门 按 
电 插 
间断 供电器 
联嘉祥 电源 
联嘉祥 出门 按 
马 林木 糖 醇话 梅丹
马林话梅 姜
桶 装 水
租金 
2018年 1月份 保安 服务 
工程 
促销费 
运营 管理费 
手续 费
水费 
周大福 佛山 水 装修 工程 
能源 费
惠普 硒 
无线路 由 
一体 
销售 货物 
维修 费用 
收派 服务 
电 公共 分摊 
电 电费 
速递 收派 服务 
维修费 
文化 创意 服务
邮费 
运费 
租金 
邮寄 服务 
自来水 
联想 台式 电脑
2018年 1月份 保安 服务 
邮政 特快专递 费用 
电梯 维护 
物业 管理 服务 
管理费 
联网 防盗 报警 系统 维护 费
物料 电费 
营运 服务 
刷卡 手续 费
会议 服务 
鲜花 
联网 防盗 报警 系统 安装 费
小米 定制 版 平衡车 智能 代步 电动 体感 车 黑 
代收 电费 
机动车 商业 行业 示范 汽车 保险 条款 
汽油 国 Ⅴ 
汽油 国 Ⅴ 
汽油 国 Ⅴ 
2017.12 电费 
手续 费
管理费 
物料 电费 
营运 服务 
刷卡 手续 费
保安 服务 
清洁剂 
垃圾 
牙 签
笔记 
固体 
油性 
复印 
涂改 
封箱 
透明 
汽车 维修 配件 费
推销员 管理费 
设备 租赁费 
刷 卡 佣金 代理 服务 
住宿 服务 
代收 水电费 
收回 代垫 电话费 
技术 服务 
装天章 出品 
松下 进口 纽扣 电池 适用 手表 电脑 主板 汽车 钥匙 遥控器 电子秤 小米
晨光 办公 按 动子弹头 中 性笔 签字 笔水笔 支装 黑色 
得力 镀镍 回形 针 套装 银色 形针 彩色 形针 
得力 办公会议 可 擦 易 擦 白板笔 组合 装 黑 蓝 红 
车 用 
2017年 12月份 水费 
2017年 12月份 电费 
2018年 1月 20日 至 2月 19日 物业 管理费 
2018年 1月份 室内 车位 费
物品 费
人力 资源 服务 
电费 
管理 服务 
收银 服务 
对账 服务 
银行卡 线 上 支付 手续费 
商户 服务 
保安 服务 
2017年 12月 国内 邮件 收派 服务 
2018年 1月 租金 
安装 上门 服务 
机柜 运输 安装 服务 
嵌入式 硬盘 录像机 
非网管 百兆 
存储 
网络 宽 动态半球 彩色 摄像机 
网络 红外半球 彩色 摄像机 
视频 传输线 线材 配件 
监控 主机 广告机 
机 
不动产 经营 租赁 
2017年 12月 电费 
2017年 12月 广告 位 电费 
电 插 
纸杯 
管理费 
保管 
收回 收取 服务 
物流 辅助 服务 
移动 网络 电话 联网 服务 
出门 按 
间断 供电器 
电源 
出门 按 
安装 材料 施工 
2018年 1月 物业 管理费 
出租 住房 2018年 1月份 租金 
出租 住房 2018年 2月份 租金 
出租 住房 2018年 3月份 租金 
平安 公众 责任 
代垫 银行卡 手续 费
代垫 金融卡 手续 费
手续 费
电费 
物料 用品 
信用卡 手续 费
基础 通信费
基本 租金 
活动 策划 服务 
广告 画 制作费 
2018年 01月 20日 至 02月 19日 租金 
2018年 1月 租金 
物业 管理费 
2017年 12月 25日 1月 24日 保安 服务 
怡宝 饮用 
保险柜 
2018年 1月 19日 月 18日 保安 服务 
2018年 1月 保安 服务 
国内 快递 
速递 收派 服务 
电梯 维护 
2018年 1月 保安 服务 
电梯 维护 
培训 
车 用 
车位 服务费 粤 2018年 1月 2日 月1日 
车位 服务 费桂 2018年 1月 2日 月1日 
物业 管理 服务 
代收 电费 
2017年 11月 商铺 租金 
刷卡 电话费 
手续费 
电汇 进 
2017年 报警器 维护 管理费 
转售 电力 
信用卡 手续 费
2017年 11月 电费 
2017年 11月 广告 位 电费 
2017年 12月 物业 管理费 
基础 电信 服务 
维修
手续费 
电汇 进 
刷卡 电话费 
服务费 
收回 代垫 制作 
推销员 管理费 
管理 服务 
清洁 服务 
苏泊尔 电饭煲 电饭锅 容量 全景 视窗 键 柴 火 饭 
书钉
漂渍 
消毒 
洗手 
小 电池 
收银 服务 
对账 服务 
银行卡 线 上 支付 手续费 
商户 服务 
住宿费 
防 滑 
展览 设计 
邮政 特快专递 费用 
花 
打印机 
费列罗 榛果 威化 糖果 巧克力 礼盒 庆装 
运输费 
2017年 11月 
人力 资源 
促销 服务 
汽油 国 Ⅴ 
推广 
公摊 电费 
能源 费
刷 卡 佣金 代理 服务 
清洁 费用 
维修 保险柜 
空气 治理 服务 
经营 服务 
代垫 银行卡 手续 费
代垫 金融卡 手续 费
光纤 敷设 工程
背板 
读卡器 德卡 
车用 汽油 
收回 代垫 电话费 
代理 服务 
材料 物资 费
电脑 
黑白 激光 打印机 
扫描 
运营 管理费 
2017年 12月 保安 服务 
台式 机
会议 场地 租赁 
美工 
包装 用品 
商友 世界 供应链 服务 
视频 线 电源线 线材 配件 
荣耀 平板 版 香槟金 
安装 调试 服务 
手续费 11月份 
系统 
国内 邮件 收派 服务 
有偿 服务 
海康 威视 红外半球 摄像机 
维修 费用 
灯箱 
美赞臣 安儿宝 幼儿 配方 奶粉 月龄 幼儿 适用 
美赞臣 安儿宝 幼儿 配方 奶粉 月龄 幼儿 适用 
国内 邮件 收派 服务 
交换机 
机柜式 排 
间断 供 
电梯 监控 编码 
人脸 识别 门禁机 
卡门禁 一体 
物业 管理 服务 
消耗 
商业 管理费 
电 公共 分摊 
电 电费 
包装 
11月 国内 邮件 收派 服务 
住宿 房 费
2017年 10月 商铺 租金 
培训 咨询费 
嘉友特 浓 番薯 起士 味 饼干 早餐 休闲 
花 王乐 雅 零触感 特薄 日用 护翼型 卫生巾 
高洁丝 小 包 护垫 日用无香型 轻盈 透气 丝薄 棉柔 系列 
奶 盐味 梳 打 饼干 早餐 饼干 办公 零食 休闲 下午 
收件 服务 
报警 系统 巡检 维护 
鉴定 
促销费 
邮寄 服务 
基本 租金 
2017年 11月 25日 月 24日 保安 服务 
联网 报警 维护 
经营 用 水 2017年 11月份 水费 
增值税 税控 系统 金税 
保安 服务 
2017年 10月 保安 服务 
联网 报警 维护 
检测 服务 
10月 管理费 
保养 服务 
速递费 
双面 
透明 
反尾 
清洁剂 
咖啡 
方糖
饮用 
复印 
鼠标 
油性 
固体 
回型 
原子 
文件 
铁夹
薄荷糖
香口 
垃圾 
报事 
文件 
文件 
电话 
书立
周大福 十甫路 广告 画 制作 安装 
空调 维修费 
收回 代垫 费用 
2017年 11月 保安 服务 
迷你 
出租 住房 2017年 11月份 租金 
活动 铅笔
家杰 驱动 旋转 拖 把 桶 免手 洗 拖布 好 神 拖墩 布双 拖 把 头 清洁 工具 
广告 画 制作费 
商铺 租金 
港口 设施 保安费 
10月 邮费 
棉和蛤 
客运 服务费 
三星 无 版 烟晶 灰移动 联通 电信 手机 卡 待 
红棉 字母 长袖 套衣 
可 针长裤 
熊 外套 
森毛 长袖 套衣 
派毛 长袖 套衣 
熊 女 套衣 
蓄电池 
蓄电池 
森甲红平 脚 内裤 装 
冬红 拆 裤 
红棉 字母 字母 长 拆裤 
蓄电池 
标 装备 专用 吊具 制作 
电表 
水嘴 
自 喷漆 
德力西 漏电 保护器 
线 手套 
8.8级 高强 螺丝 
红派 针 背心 装 
森针 短 外套 
熊 中 睡袋 
长蛤绒胆 素色 
保梭 长帽 外套 
长蛤绒胆 间条 
背心 棉胆 
美 针衣 裤套 
羽长帽 外套 
保毛 长蛤 
针 大 床垫 
美 针圆领 背心 
蛤衣绒胆 间条 
珊针 帽蛤 
贝套 短套 
派 毛长蛤 
蛤衣绒胆 素色 
果圆 领套 
竹长袖 对襟 
云 进 销 存 电商 专用 在线 仓库 管理 软件 
趣针 小 被 枕头 
森粉 襟蛤 
森蓝 蛤 
刺猬 襟蛤 
订制品 
凭证 包角 
友商 在线 会计 代账 个人版 站点 
金 蝶 智慧 记 店铺版 站点 
汽油 
梦针 抱 被 
辰开裤 装 
薄短袜 
辰和袍 装 
意 机襟 蛤 
森红棉 襟蛤 
红 毛巾袜 
冬红 袍 
丛针 帽 外套 
植物 精华 柔顺剂 300ml 瓶装 
红派 针开裤 装 
贝 开套 
红派针 袍 装 
红派针 蛤 
柴油
蓝彩 圆帽 
蓝彩 蛤 
王毛 手套 
刺猬 蛤 
梦 内衣 礼盒 
森粉 蛤 
森咖 套衣 
王针 长 拆 裤 
蓝彩 套衣 
典套 拆 套 
辰套衣 装 
辰拆裤 装 
棉森 背心 
蓝 蘑针 长 外套 
森色 套衣 
梦 拆 裤 
梦 对襟 
森蓝 睡袋 
在线 会计 
奇针 袜子 
维修费 
足金 相交 戒指 
智慧 店铺 版 软件 服务费 
平板 电脑 
顶蓬 围蓬 粉色 
车架 座椅 手提式 睡篮 
家用 投影机 无 投影仪 分辨率 哈曼卡顿 音响 梯形 校正 全自动 
家用 投影机 投影仪 分辨率 哈曼卡顿 音响 梯形 校正 全自动 
抽 码 
激打 余额 汇总表 
金蝶 标准版 站点 
餐费 
输水管 
弯头 
霍尼韦尔 扫描 枪 
电缆 保护 管 
电缆 保护 管 
电缆 保护 管 
电缆 保护 管 
电缆 保护 管 
金蝶 软件 金蝶 凭证 包角 金蝶 配套 财务 进销 存 特价 热销 
鼠标垫 
鼠标 
捷安特 骑 行帽 
金蝶 装订机 热铆 装订机 财务 装订机 激光 定位 自动 装订机 特价 
金蝶 装订机 尼龙管 铆管 通用 
金蝶 式 三联 单栏 收据 写纸 
熊 男婴 鞋 
凭证盒 单边 
熊掌 暖手宝 蓝色 
亚都 净化器 
意机 蛤 
彩棉长 蛤 
草黄 袍 
丛毛 长袖 套衣 
通信 服务费 
凭 证盒 
信息费 
电烤箱 
捉针 长袖 套衣 
迪针 薄袜 
保毛 圆帽 
森粉 睡袋 
日用品 
日用品 
餐饮 服务 
餐饮 服务 
咖啡 金抑菌 床垫 
松布机 
意 机襟 蛤 
产品 注册 适合 购买 金蝶 软件 客户 
亚都 加湿器 
乌木黑 升级 恒温款 暖 桌垫 
许愿 树 普通 款暖 桌垫 
单恋 防晒袖 套 男 运动 防晒 女 骑行 护臂 开车 袖套 遮阳手 套袖 套 白色 
森咖 袍 
森咖 开裤 
森蓝 袍 
森蓝 开裤 
草白 蛤 
蓝派针 袍 装 
蓝派针 蛤 
云 蛤 
提 蛤 
森咖 背心 
森蓝 背心 
森针圆领 套衣 
增值税 专票 抵扣 联 封面 
金蝶 软件 配套 金蝶 会计 凭证 封面 凭证 封 套 包角 配套 服务 
工程款 
车用 汽油 Ⅴ 
3Cloud 注册 用户 
金蝶 3PLM 
金蝶 
餐费 
蛋糕 
蛋糕 
包子 暖手宝 蓝色 
亚都 加湿器 
养生壶 
森咖 拆裤 
建筑 劳务 分包 
建筑 劳务 分包 
江宁区 秣陵 街道 双龙 大道 翡翠 逸景 花园 室 
友商 在线 产品 数据 恢复 服务 账 
餐费 
金蝶 会计 凭证 封面 凭证 封皮 
热 铆帐 薄 封套 
珊针 长帽 外套 
红棉 字母 字母 背心 
金蝶 激光 日记 账 金蝶 账簿 打 印纸 
海绵 床垫 
咖啡金 
趣针 中 睡 袋 
保毛 贴 面帽 
蓝 彩襟 蛤 
红彩 襟蛤 
森针帽蛤 
森羽帽蛤 
男孩 福袋 
板长 襟蛤 
纯长 襟蛤 
亲长 襟蛤 
短蛤 
代 订 住宿费 
代 订 住宿费 
金蝶 短信 充值卡 面值 适用 金蝶 办公 协同 
云财贸 
费 润滑油 
家具 家居 用品 
智能 无线路 由 器光纤 宽带 大户 穿 
客运 服务费 
住宿 
航海 天际 夏 被 
怀古 风天丝夏 被 
舒眠 绣花 薰衣草 对 
清新 艾草 冰丝席 
日化 用品 
厨具 
收派 服务费 
收派 服务费 
蓝彩 蛤 
金税 
拆 裤 
农用 水泵 
焊管 
短 接头 
电缆线 
焊接 弯头 
夹板 
螺丝 
胶布 
胶垫 
运费 
桉木 原木 
派 毛高领 套衣 
纱 餐巾 装 
个人 版 服务 包 账 
广州 微信 公开课 
金蝶 软件 金蝶 凭证 档案盒 一侧 带 盖 特价 金蝶 配套 凭证 
迷你 卷 干 胶 码纸 
迷你 卷 干 胶 码纸 
专用 钻刀 
礼 盒装 
礼 盒装 
礼 盒装 
礼 盒装 
礼 盒装 
礼 盒装 
配送费 
专用 钻刀 
门票 
森梭 长裤 
红彩 开裤 装 
荞酒 
云电商 
餐费 
丛羽 背心 
堆存 保管费 
塑料 清洁 用品 
餐饮 服务 
捉 针长蛤 
派梭 长裤 
海针 短帽 外套 
背带 
探梭 长裤 
快 牛 短 外套 
办公 用品 
办公 用品 
宫面 
餐饮 服务 
森甲蓝平 脚 内裤 装 
羊绒襟 扣套 
森针 长帽 外套 
派梭 长蛤 
丛针 长裤 
餐饮 
咨询 服务费 
住宿 服务 
餐饮 
四川 安岳 柠檬 
甜美 小 番茄 
南非 橙 
江西 蜜桔 
一定 橙 澳洲 脐橙 
翠香猕猴桃 
进口 香蕉 
收派 服务费 
森红小抱 被 
电热水壶 
电饭煲 
心本 光明 
醒来 
致 良知 是 伟大 力量 原文 版 
金蝶 手动 装订机 财务 装订 机迷你型 铆装机 特价 包邮 
森粉口 肩 
快针 长蛤 
乳胶枕 礼品 装 
保暖 被 
保暖 被 
金蝶 财务 系列 产品 数据 处理 
森毛 短 外套 
新 针长蛤 
迪年 襟蛤 
小 辣椒 手机 
金蝶 系列 钻刀 长 孔径 
娱乐 服务 
森蓝 套衣 
蓝派 针拆裤 装 
捉 红襟蛤 
逍遥 
餐饮费 
辰襟 拆 套 
金蝶针式 金额 记账 凭证 凭证 纸 
餐饮 服务 
记账 王 实操 手册 
星襟蛤 
星 蛤 
经典 柔棉 蛤 
典和蛤 
森咖 对襟 
长裤绒胆 
棉森 拆裤 
森粉 背心 
餐费 
电热锅 
电磁炉 
红保 套衣 
星空 大 睡袋 
初梭学 步鞋 
礼梭 披 肩 
背心 绒胆 
短裤 装 
探梭 长帽 外套 
商业 实践 
致 良知 是 伟大 力量 原文 
读 诵本 
深圳 纪实 
塑造 日本 人 阳明 心性 
餐饮 
导读 版 
立志 像 
典襟 蛤 
保 襟蛤 
快梭帽 蛤 
提襟 蛤 
梦针 厚 被 
尊毛 圆帽 
软件 测试 
台灯 
亚都 加湿器 黄 
亚都 加湿器 绿 
友商 在线 加 站 加模 
金蝶针式 金额 记账 凭证 财务 凭证 纸 凭证 打印纸 财务 软件 
王针 长蛤 
朋梭 短帽 外套 
纸品 
金蝶 针式 数量 外币 记账 凭证 金蝶 凭证 纸 
金蝶 远程 单次卡 款 软件 在线 服务 
统一费率 维修 
2017年 道路 运输 服务 
起运 资阳 到达 甘孜州_德格 运输 货物 名称 空瓶 运输 方式 道路 运输 
起运 资阳 到达 阆中 运输 货物 名称 空瓶 运输 方式 道路 运输 
起运 资阳 到达 甘孜州_乡城 运输 货物 名称 空瓶 运输 方式 道路 运输 
起运 资阳 到达 资阳_乐 至 运输 货物 名称 空瓶 运输 方式 道路 运输 
起运 资阳 到达 巴中_洪口 运输 货物 名称 空瓶 运输 方式 道路 运输 
起运 资阳 到达 阿坝州 货物 运输 名称 啤酒 运输 方式 道路 运输 
起运 资阳 到达 广安_岳池 货物 运输 名称 啤酒 运输 方式 道路 运输 
起运 资阳 到达 南充 货物 运输 名称 啤酒 运输 方式 道路 运输 
起运 资阳 到达 阿坝州 阿坝 货物 运输 名称 啤酒 运输 方式 道路 运输 
起运 资阳 到达 阿坝州 _黑水 货物 运输 名称 啤酒 运输 方式 道路 运输 
起运 资阳 到达 阿坝州 _九寨沟 货物 运输 名称 啤酒 运输 方式 道路 运输 
起运 资阳 到达 阿坝州 _茂县 货物 运输 名称 啤酒 运输 方式 道路 运输 
起运 资阳 到达 阿坝州 _若尔盖 货物 运输 名称 啤酒 运输 方式 道路 运输 
起运 资阳 到达 阿坝州 _汶川 货物 运输 名称 啤酒 运输 方式 道路 运输 
起运 资阳 到达 巴中 货物 运输 名称 啤酒 运输 方式 道路 运输 
起运 资阳 到达 巴中_洪口镇 货物 运输 名称 啤酒 运输 方式 道路 运输 
起运 资阳 到达 巴中_平昌 货物 运输 名称 啤酒 运输 方式 道路 运输 
起运 资阳 到达 巴中_清江 货物 运输 名称 啤酒 运输 方式 道路 运输 
起运 资阳 到达 巴中_群乐乡 货物 运输 名称 啤酒 运输 方式 道路 运输 
起运 资阳 到达 巴中_通江 货物 运输 名称 啤酒 运输 方式 道路 运输 
起运 资阳 到达 达州 货物 运输 名称 啤酒 运输 方式 道路 运输 
起运 资阳 到达 达州 _大竹 货物 运输 名称 啤酒 运输 方式 道路 运输 
起运 资阳 到达 达州_万源 货物 运输 名称 啤酒 运输 方式 道路 运输 
树脂
金 液氮 储罐 
租金 液氮 储罐 
液化气 
友商 在线 会计 代账 公司版 站点 
入库 单（一式 三联 
出库 单（一式 三联 
业务 单据 联单 
迷你包 激光 
热铆 凭证 封 套 
激打 明细帐 
针式 金额 记帐 凭证 
针打 金额 记账 凭证 
热铆 凭证 封 套 
激打 金额 记账 凭证 
亚都 净化器 2016CW 过滤芯 组件 
针打 金额 记账 凭证 
激打 金额 记账 凭证 
业务 单据 联单 
致 良知 是 伟大 力量 导读版 
餐费 
金龙鱼 转基因 黄金 比例 调和 油 
金龙 鱼 葵籽油 
金龙鱼 雪粳稻 
五丰曼 泰吉 柬埔寨 茉莉 香米 
香纳兰 进口 珍品 香米 
香满园特选 珍珠米 
纸尿裤 
得力 办公 剪刀 颜色 
专业 版 使用 教程 
黄金 
激光 金额 记帐 凭证 
业务 单据 联单 
综合 档案 封套 
系列 专用 钻刀 
激光 定位 半自动 装订机 
专用 
热铆 凭证 封 套 
业务 单据 联单 一等份 
业务 单据 联单 三等份 
激打 金额 记帐 凭证 
热铆 凭证 封 套 
包角 
激光 空白 记账 
热铆 凭证 封 套 
热铆 凭证 封 套 
激光 金额 记帐 凭证 
热铆 账簿 封 套 
激打 数量 外币 记账 凭证 
手动 铆装 
针打 数量 外币 记帐 凭证 
把 学 业务 引用 于 实践 参 收票 查验 发票 组件 报销 助手 核心 产品 测试 保证 软件 
黄金
黄金 金条
土地 使用权 
土地 使用权 
黄金 金条 
手机 
电饭锅 
电磁炉 
按摩器 
住宿费 
按摩 
吊灯 
吊灯 
检测费 
战神 
金 蝶妙 想 万能 票据 软件 标准 版 
在线 进 销 存 
捷安特 秋 冬 素色 破风 保暖 自行车 骑行服 
手动 铆装 
专用 
金蝶 记账王 带 安全 锁 
通过 参与 项目 加强 学习 锻炼 认真 履行 职责 积极 调整 心态 使 在 思想 认识 上 工作 
馒头
包子
热铆 账簿 封 套 
夜深 
土豆 
豆 土豆 
土豆 
馒头 
包子 
夜深 
专用 
专用 钻刀 进口 
棉拆裤 
棉 对襟 
收据 式 三联 单栏 
激打 明细帐 
系列 专用 尼龙管 
商业 营业 用 房 经营 租赁 服务 
金蝶 激光 余额 汇总表 金蝶 账簿 
双人 布艺 沙发 
拂晓灰 人 布艺 沙发 
咖啡金 适中 
亚都 加湿器 
布鞋 
蓝 星空 长袖 袍 
螺纱背 睡袋 
茶襟蛤 
蓝纱 中 睡袋 
食品 
居民 日常 服务 
提 大 睡袋 
娱乐 服务 
餐饮 消费 
威克 绝缘 电阻 表 无 摇表 绝缘 表电 阻表兆 欧表 
森红 对襟 
红蘑莫 三角裤 装 
商品
森蓝 抱 被 
探羽 长帽 外套 
红棉 字母 长袖 对襟 
羽襟 拆 套 
王梭 长帽 外套 
激光 金额 记帐 凭证 
热铆 凭证 封 套 
单张
海报 水牌 
电脑 包 黑色 
半自动 铆 装机 
蓝 纱 汗垫 
蓝 绒 长蛤 
森白襟蛤 
爱惠浦 滤芯 
棉芯 
按摩椅 
梦针 背心 分脚 中 睡 袋 
软件 服务 
金 蝶 智慧 记 动画 广告 
软件 
信息 服务 
代理 记账 
广告 发布 
复印机 租赁费 
森蓝 对襟 
棉森 对襟 
森红 长裤 
保 对襟 
保 拆裤 
蓝棉 字母 长 拆裤 
原文 版 
诵 读本 
译文 版 
钢质 门 
钢质 门 
钢质 门 
管理费 
软件 服务 
竹 对襟 
红彩 对襟 
星拆裤 装 
豪华 双向 车 
竹长 拆裤 
云拆裤 
提红 拆裤 
森卡 背心 
针打 金额 记帐 凭证 
派 羽长帽 外套 
业务 单据 联单 一等份 
餐饮 服务 +餐费 
针梭 拼布 抱 被 
刺猬 袍 
森粉 开裤 
农产品 
绿豆 
林产品 
霍尼韦尔 空气 检测器 
女 四季袜 
庄针 小 睡袋 
红毛 毯盒 
探梭 长 外套 
森红棉 拆裤 
植梭帽 马夹 
蓝保 背心 
棉森 套衣 
探针 贴 面帽 
探毛 散件 套 
捉 针长裤 
丛梭 长帽 外套 
森蓝棉 拆 裤 
蓝棉 字母 长袖 套衣 
快针 长裤 
棉套衣 
爱针 长袖 套衣 
探针 长袖 套衣 
红保 背心 
宽提 套衣 
致 良知 译文 版 
曲轴 前 油封 
机滤 
柴滤 
油水 分离器 
空滤 
提前器 
高压 油管 
回 油管 
柴滤 
柴滤 
机滤 
机滤 
柴滤 
激打 分类 帐 
激光 定位 半自动 装订 
文件袋 金蝶 有 礼 
版权 代理 服务费 作品 
书籍 金蝶 有 礼 
订 书 
收据 式 三联 多 栏 
餐费 
友商 在线 在线 会计 进销 存 标准 版 站点 
激打 金额 记账 凭证 
星语 心愿 吊坠 
迷你 收银纸 排 
迷你 卷 干 胶 码纸 
友商 在线 会计 版 站点 
餐饮费 
折 让 
金 镶嵌 首饰 
快递 
品牌 推广 
花 
机动车 商业 行业 示范 汽车 保险 条款 
电力 
自来水 生产 供应 
业务 促销 
业务 促销 服务 
手续 费
卡通 造型 使用 权利金 
泰科 电子 水晶 打样费
金镶 钻 首饰 
福宝 金币
委托 代理 业务 服务 
证书 管理费 
杯 茶
咨询 服务 
业务 宣传 
展柜 
装修 
毛笔
宣纸 
半宝 石
贝壳
和田 玉
显示 屏维 
台面 布
防油 
折叠 购物 
设计 服务 服务 
银 工艺 摆件 
快递 
铂金
洗 车 服务 
直接 收费 金融 服务 费用 
代 订 房 费
物料 服务 
版 时尚 店 柜牌 
版 展柜 橱 窗柜 金条 饰 
2013 版 锦袋 
版 时尚 店 柜水杯 陈列 
业务 促销 经纪 代理 服务 
洗漱 
包装 类什 项
锦袋
高压 进 网 含 报名 培训 
咖啡 机
戒指 
对 
特大 项链 
套装 
细吊坠 细 耳环 
大 吊坠 大耳环 链坠 项链 
单镯 
讯宝 扫描器 
柜台 加工 
资料 
织带 
证书 标签 
手 挽袋 大 京东 
版 费
尼采杯 
光导 纤维 管
印刷 
封箱 
胶棉 
修缮 工程
纯 牛奶 
带 叶脐 
电影 票
狗 福旺窗 
狗年 桃红 旺字利 是 封 长款 
狗年 桃红 旺字利 是 封 短款 
狗 桃红 炫彩 挂历 
狗 桃红 相框 台 
展示 
广告 策划费 
软件 开发
消银 龙标 签
地 红 葡萄酒
天秤座 红葡萄酒
梦 
万家乐 热水器 
电视 
手套 小 
圣诞 贴
摩天轮 小道具
展柜 制作费 
设计 服务 高 定 制作 接待 项目 服务 
水费 11月份 
管理费 12月份 
灯箱 制作 
编码 
医用 护理 
电子体 温计 
乌梅糖
金桔 柠檬 
柠檬草 薄荷 
京都 念慈菴 枇杷糖 
瑞珠 聚乙烯 醇滴 
板蓝根 
乙醇 消毒液 酒精 
创可贴 弹力型 
车用 柴油 
车用 汽油 
展柜 
业务 促销 
客流 计数 
铂金 饰品 加工 
鲜花 
低 烟 无 卤 网线 
非屏蔽 网络 模块
11月 订货会 保洁费 
明伟 电源
地柜 
环境 
天花 
壁柜 小射 
壁柜 灯
射灯 电源
双孔 
酒店 住宿费 
住宿费 专用 
斜角 面板 带 活动 遮板 
金 镶嵌 饰品 
黄金 饰品 加工 
饰品 修理 
活动 执行 
灯具 配件 
稳压 电源
酒具 
摄像机 
硬盘 录像机 
监控 电子 
饰品 加工 
设计 套装 
铂金 镶嵌 饰品 修理 
网络 设备 租赁 费用 
珠宝 检测 
塑料 包装箱 容器 
建筑 工程 服务 
彩色 半球 摄像机 
红外半球 摄像机 
海康 主机 
报警 按 
小 方形 盒 外盒 
溶剂 
租 房 费
物流 辅助 服务 收派 服务 
转 
灯具 
电源 供应 
驱动 电源
电信 增值 服务 
电信 基础 服务 
女 
周大福 经典 款 男 
业务 促销 
授权 服务 
广告 制作 
装饰 工程 
吊灯 
电话 数据 会议 
广告 服务 
橱窗 层 
地柜 层 
水晶 戒指盒 打样 
物 生物 保温杯 
出门 按 
出门 按 
供电 
电锁 一体 机电 源线
出门 按 
金士顿 
服务器 
服务器 
西数 移动 
罗技 蓝牙键 
金士顿 存储 
笔记 
电源 适配器 
飞利浦 录音 
联想 一体 
希捷 移动 
海康 监控 主机 
监控 
相机 电池 
移动 硬盘盒 底座 
空调 设备 保养
台式 电脑
固态 
扫描 
起 版 费
珠宝 设计 软件 
爱国者 aigo 数码 相框 高清 电子 相册 人体 感应 支持 视频 音乐 卡 插 礼品 
华为 运动 手环 标准版 防水 游泳 呼吸 训练 小时 心率 监测 科学 睡眠 专业 运动 微信 电话 提醒 
监控 配件 
定制 
钳形 表
气缸 皮 
玻璃 证书 
灰色 防 滑 电梯 地毯 
陈列什 灰色 地毯 
便携式 电脑
毛毯
圣诞树 
便携式 电脑
成品 
电脑 
显示器 
一体 
打印机 
会议 展览 服务 
金库 
金 镶嵌 饰品 
信息 服务 
招聘 服务 
消防 系统 服务 
铂金 镶嵌 饰品 
植物 租赁 2017年 12月 
铂金 镶嵌 饰品 加工 
2017年 12月 厂房 水电费 
2018年 1月 物业 管理费 
律师 费
消防 工程 
2018年 1月 厂房 租金 
设计 
12月 清洁 服务 
12月 垃圾 
12月 黄金 珠宝 大厦 晚班 清洁 服务 
工作 
灯箱 
装修 
展柜 
狮头柜 
异形 雕刻 
异形 
海报 制作 
起版 加工 
业务 促销 服务 
项目 服务 
广告 制作 
地柜 
收银 窗口 
仓内 工作 
监控 
电视机 
会展 包装 陈列 
高线枪式 彩色 摄像机 
业务 促销 
木质 家具 
柜台 
装饰 工程 
空调 使用 
富贵 
金 镶嵌 饰品 加工 
广告 设计 
地柜 加 奉客 
灰色 木纹 胶色 墙纸座 单面 
红色 面板 
灰镜柜 储物柜 
新款 半身 展柜 
新款 半身 展柜 
货运 
保费 企 
电脑 
广告 布展 
喷绘 制作 
金 镶嵌 首饰＿ 
铂金 首饰_ 
仓储 服务 
花款 
电机 
设计 服务 艺人 活动 出席 项目 服务 
圣诞 款 快乐 宝宝 公仔 
复方 感冒 
盐酸金霉素 
左氧氟 沙星 滴 
氨酚 伪麻 敏片 
棉签
研发 服务 
摄像头 
伸缩壁 挂架
互动 大屏 一体 
软件 安装 服务 
展览 服务 
网宿 网络 应用 优化 平台 软件 服务 
工程 装修 
金 镶嵌 首饰_ 
室内 设计 
办公 用品 
地下 室化 油池 清理 
星空 长袖 套衣 
森红 中 睡袋 
邮费 
软皮 笔记本 
个人 版 服务 包 账 套 
太阳 耳钉 
足金 三叶 草 套链 
足金 爱 若 繁星 戒指 
足 金花 花套链 
软皮 笔记本 
森蓝棉 背心 
原文 版 
小米 笔 
塑造 日本 人 心性 
木板 像 
工作 牌 
云和袍 
保 蛤 
草黄 蛤 
精蓝 袍 
精蓝 蛤 
兔脚蛤 
森蓝 抱 被 
点 蛤 
手镯 
精品 项 链侧 身链 
尊针 长袖 裙 
阳明 心学 力量 
致 良知 原文 版 
蓝派 针开裤 装 
足蓝 袍 
竹长袖 袍 
捉梭 外套 
维修费 
配件 款 
蓝彩 袍 装 
蓝彩 开裤 装 
捉 蓝 抱 被 
星空 长大 抱 被 
精蓝 开裤 
捉 蛤 
航 开套 
意机 抱 被 
辰 对 襟 装 
红彩 蛤 
袖套 
纱脐带 
蓝派针 短裆衣 
足卡 蛤衣 
航长 蛤 
板长 蛤 
捷安特 车 灯 
珠宝 商场 同 款 炫耀 金 镶蓝 宝石 红宝石 透辉石 戒指 钻石 戒指 
苏泊尔 电磁 电饭煲 
苏泊尔 尖锋 
红 菜心 
前 腿 肉 
蒜头 
苏泊尔 尖锋 
茄子 
泡椒 
苏泊尔 时尚 不锈钢 汤锅 
马铃薯 
精品 超市 购物 袋 小 
培训 
金蝶 软件 金蝶针式 金额 记账 凭证 凭 证纸 金蝶 配套 特价 
金蝶 凭证 装订机 财务 装订机 手动 装订机 
金蝶 软件 金蝶 凭证 包角 财务 凭证 封面 凭证 封 套金 蝶 配套 
金蝶 借款 审批单 手写 单据 账务 单据 金蝶 账册 财务 审批单 
天威 适用 爱普生 打印机 墨水 供 墨盒 填充 墨水 黑色 
华为 5V2A 快充 电源 适配器 带线 充电器 充电头 华为 快充 适用 于 接口 安卓 手机 平板 白
得力 可 充电 便携式 翻页笔/ 翻页笔 激光 翻页笔 无线 演示器 
霍尼韦尔 扫描枪 黑 
使 外服 礼盒 
阅针 裆蛤 
梦 中 睡 袋 
醒乐 羽丝绒 暖芯 被 
流 
蓝保 拆 裤 
蓝保 套衣 
客运 服务 
信息 服务 
快递 服务 
专利 费代理费 
银镶嵌 饰品 
中 法 水晶 底座 起 版 费
引发 
招标 文件费 
凝红 蛤 
代理费 
代理费 
代理费 
代理费 
森蓝 圆帽 
充电钻 
印刷 
商务 服务 
玫瑰金 
玫瑰金 
保暖 被 
蚕丝 被 
混灰色 多 功能 护 颈枕 礼品 装 
激打 数量 外币 记账 凭证 
激光 金额 记账 凭证 
得力 桌牌 
针薄 抱 被 
丛梭 帽蛤 
派 针长蛤 
手动 铆装 
易 记账 带 安全 锁 
综合 档案 封套 
业务 单据 联单 
半自动 铆 装机 
激打 分类 帐 
送货单（一式 三联 小 
针式 空白 记账 
半自动 铆装 
装订机 配件 
英布鞋 
森蓝 枕头 
意机 背心 
森粉 手套 
恬大 抱 被 
冬红 背心 
针打明 细帐 
马桶
点襟 蛤 
点 背心 
点口 肩 
迪针 长裤 
英针 长蛤 
餐饮 
万途 加湿器 标准 版 
金蝶 原始 单据 粘贴单 手写 单据 账务 单据 财务 审批单 
森粉 枕头 
森红棉 蛤 
冬红 蛤 
薄大 被 芯 
梦针 小 睡袋 
梦 小 抱 被 
冬红 襟蛤 
支架 适用 于 
霍尼韦尔 扫描 枪 
全自动 系列 专用 
档案盒 
雪碧 中 
可口可乐 中 
全家 大号 购物 
健怡 可口可乐 
业务 单据 联单 一等份 
星空 长襟 蛤 
蓝星空 开裤 
红星 空长 蛤 
红彩 蛤 
迪针 长蛤 
冬蓝 襟蛤 
金蝶 迷你版 标准版 安全 锁 
森红 背心 
餐费 
针打 数量 外币 记帐 凭证 
管理费 
公共 水电 服务费 
空针 短蛤 
激打 金额 记帐 凭证 
蓝棉 字母 背心 
蓝 字母 分 腿 中 睡 袋 
兔 综合 礼盒 
金额 记账 凭证 
专用 钻刀 进口 
打印机 墨水 为 新 
国产 打印机 墨水 单支 
金蝶 原始 单据 粘贴单 
装订机 刀头 垫片 小 圆 垫片 
金蝶 财务 软件 网络版 财务 在线 会计 记账 代账 专用 软件 会计 电算化 
茶 蛤 
刻章 
海针 长裤 
精 套衣 
友商 在线 进 销 存 标准版 站点 
友商 在线 在线 会计 进销 存 标准 版 站点 
业务 单据 联单 一等份 
针打 数量 明细表 
热铆 账簿 封 
提 中 睡袋 
经典 读 诵 
森粉 抱 被 
板长袖 对襟 
激打 日记 帐 
会计 凭证 包角 
金蝶 短信 充值卡 面值 适用 金蝶 办公 协同 
云朵 暖手宝 白色 
电路板 
代 账 管家 账 套 用户 
软件 服务 
婴童车 
壁灯 
保毛 长袖 套衣 
棉 小 浴巾 
捉梭 长裤 
爱梭 长 外套 
初 毛 短 外套 
初针 圆帽 
快毛 长袖 套衣 
红蘑 针长 睡袍 
晚圆 套装 
阳毛 短 外套 
森甲红 三角 内裤 装 
派 毛 短 外套 
吸顶灯 
吊灯 
森蓝 长裤 
桌灯 
灯泡 
森黄棉 背心 
初针 长袖 衬衣 
蓝保 对襟 
光源 
落地灯 
落地灯 
空针 背蛤 
提男 三角裤 装 
航襟 短套 
习针 短袖 套衣 
习针 圆领 背心 
快针 短袖 套衣 
男 四季袜 双装 
传针 短裤 
亲口 肩 
然针 长蛤 
蓝 短 薄袜 
筒灯 
投射灯 
电 火锅 
打蛋器 
配件 
商业 会计 名义 
金蝶 式 三联 多 栏 收据 写纸 
森蓝 棉裆裤 
梦针 多 用 被 
包装 咖啡 豆
万途 加湿器 增强 版 
友商 在线 在线 会计 进销 存 标准 版 站点 
金 蝶 智慧 记 店铺版 站点 
霍尼韦尔 扫描枪 白色 
金蝶 激光 数量 外币 记账 凭证 金 蝶套 打纸 财务 凭证 
冰冻 米字旗 
黑色 
零件盒 
净享 上 加 水 桌面 加湿器 白黑 触控 版 
云 租赁 服务 
富 可 视 高清 液晶 电视 
机箱 系统 
托盘 
托盘 
模具 
古越 龙山 绍兴 黄酒 中央 库藏金 绍兴 花雕 酒 
餐饮费 
王 毛衣 裤套 
迪总 动员 拆套 
提 花 纱 汗垫 
迪汽 动 纱 汗垫 
天津 
金蝶 财务 用品 金蝶 正版 付款 收款单 
起运 漳州 工厂 到达 海丰 普宁 汕头 汕头 潮阳 运输 货物 名称 成品 酒 运输 方式 
起运 漳州 工厂 到达 陆丰 普宁 汕头 汕头 潮阳 运输 货物 名称 成品 酒 运输 方式 
起运 漳州 工厂 到达 陆丰 潮州 揭西 运输 货物 名称 成品 酒 运输 方式 道路 运输 服务 
起运 漳州 工厂 到达 普宁 汕头 汕头 潮阳 运输 货物 名称 成品 酒 运输 方式 道路 运输 
起运 漳州 工厂 到达 饶平 梅州 普宁 运输 货物 名称 成品 酒 运输 方式 道路 运输 服务 
起运 漳州 工厂 到达 普宁 汕头 运输 货物 名称 成品 酒 运输 方式 道路 运输 服务 
起运 漳州 工厂 到达 揭阳 汕头 潮阳 运输 货物 名称 成品 酒 运输 方式 道路 运输 服务 
起运 漳州 工厂 到达 揭西 普宁 运输 货物 名称 成品 酒 运输 方式 道路 运输 服务 
起运 漳州 工厂 到达 汕头 汕头 潮阳 运输 货物 名称 成品 酒 运输 方式 道路 运输 服务 
起运 漳州 工厂 到达 潮州 汕头 潮阳 汕头 陆丰 运输 货物 名称 成品 酒 运输 方式 
起运 漳州 工厂 到达 潮州 汕头 潮阳 汕头 普宁 运输 货物 名称 成品 酒 运输 方式 
起运 漳州 工厂 到达 陆丰 梅州 梅州 兴宁 运输 货物 名称 成品 酒 运输 方式 道路 运输 
起运 漳州 工厂 到达 饶平 汕头 运输 货物 名称 成品 酒 运输 方式 道路 运输 服务 
起运 漳州 工厂 到达 潮州 陆丰 汕头 汕头 潮阳 运输 货物 名称 成品 酒 运输 方式 
起运 漳州 工厂 到达 陆丰 揭西 梅州 运输 货物 名称 成品 酒 运输 方式 道路 运输 服务 
起运 漳州 工厂 到达 普宁 潮州 陆丰 运输 货物 名称 成品 酒 运输 方式 道路 运输 服务 
起运 漳州 工厂 到达 陆丰 汕头 运输 货物 名称 成品 酒 运输 方式 道路 运输 服务 
起运 漳州 工厂 到达 普宁 海丰 揭西 运输 货物 名称 成品 酒 运输 方式 道路 运输 服务 
起运 漳州 工厂 到达 潮州 普宁 揭西 运输 货物 名称 成品 酒 运输 方式 道路 运输 服务 
起运 漳州 工厂 到达 潮州 海丰 揭西 运输 货物 名称 空瓶 运输 方式 道路 运输 服务 
起运 漳州 工厂 到达 潮州 陆丰 运输 货物 名称 空瓶 运输 方式 道路 运输 服务 
起运 漳州 工厂 到达 潮州 陆丰 汕头 运输 货物 名称 空瓶 运输 方式 道路 运输 服务 
起运 漳州 工厂 到达 饶平 汕头 梅州 兴宁 运输 货物 名称 空瓶 运输 方式 道路 
起运 漳州 工厂 到达 陆丰 揭阳 运输 货物 名称 空瓶 运输 方式 道路 运输 服务 
起运 漳州 工厂 到达 陆丰 普宁 汕头 潮州 运输 货物 名称 空瓶 运输 方式 道路 
起运 漳州 工厂 到达 潮州 普宁 运输 货物 名称 空瓶 运输 方式 道路 运输 服务 
起运 漳州 工厂 到达 海丰 梅州 兴宁 梅州 运输 货物 名称 空瓶 运输 方式 道路 
起运 漳州 工厂 到达 饶平 汕头 运输 货物 名称 空瓶 运输 方式 道路 运输 服务 
起运 漳州 工厂 到达 揭西 梅州 兴宁 运输 货物 名称 空瓶 运输 方式 道路 运输 服务 
起运 漳州 工厂 到达 潮州 揭阳 普宁 汕头 潮阳 运输 货物 名称 空瓶 运输 方式 
起运 漳州 工厂 到达 汕头 潮阳 海丰 陆丰 运输 货物 名称 空瓶 运输 方式 道路 
起运 漳州 工厂 到达 汕头 潮州 陆丰 运输 货物 名称 空瓶 运输 方式 道路 运输 服务 
唯针 长筒袜 
红彩 拆裤 装 
金蝶 针式 数量 外币 记账 凭证 金 蝶套 打纸 
2018 
金蝶 支票 领用 审批单 
城市 飚速 
激光 定位 自动 装订机 
钻刀 适用 于 机器 
派 梭帽 蛤 
红彩 襟蛤 
柴油机 整机 
柴油机 整机 
柴油机 整机 
柴油机 整机 
深圳 通充 值款 
在线 会计 
森蓝 小 床笠 
激光 定位 自动 装订机 
森蓝棉 袍 
冠星 蓝提 蛤 
棉开裤 
亲长 蛤 
保 片帽 
森粉 圆帽 
餐饮 
板材 
财务 管理 软件 
保 羽长帽 外套 
食品 
软件 服务费 
百事可乐 中 
港式 鱼蛋 新 
脉动 青柠 维生素 
脉动 菠萝 口味 饮料 
港式 馓尿 肉丸 新 
康师傅 香辣 牛肉 
士力架 
酸菜 牛肉面 大 
香菇 风味 茶叶 蛋新 
李子园 甜 牛奶 
周 黑鸭 卤 鸭脖 麻辣 微甜 休闲 零食 锁 鲜气 调 盒装 
维达 卷纸 蓝色 经典 无 卫生纸 整箱 销售 
维达 卷纸 蓝色 经典 卫生纸 整箱 销售 
人工费 
人工费 
人工费 
人工费 
油漆 
彩钢瓦 
玻璃 岩棉 保温 管 
贝长 蛤 
精粉 蛤 
捷安特 自行车 尾灯 
捷安特 带 附件 色 可 替 台湾 进口 无线码表 
灯莫 拆裤 
灯莫 对襟 
爱梭 马夹 
派针 打底裤 
星套衣 
抑菌 防护 套衣 
捉 蓝 套衣 
治疗费 
足 蓝 拆裤 
蓝蘑 针长 睡袍 
足白 对襟 
足 白拆裤 
足红 对襟 
足 红拆裤 
足 蓝 对襟 
捉 蓝 拆 裤 
花针 短袜 
白 套衣 
2017年 11月 服务费 
散热器 
消费 折扣 
通信 服务费 
亚都 净化器 
长颈鹿 普通 款暖 桌垫 
草原 绿 普通 款暖 桌垫 
骏马 棕 普通 款暖 桌垫 
静享 吸入式 灭蚊器 绿 
静享 吸入式 灭蚊器 蓝 
静享 吸入式 灭蚊器 粉 
芝华士 洋酒 12年 苏无格兰 威士忌 
芝华士 洋酒 12年 苏格兰 威士忌 
流量 支持 移动 联通 电信 手机 号 提取 
九阳 Joyoung 无 电烤箱 家用 多 功能 迷你 烘焙 
九阳 电烤箱 家用 多 功能 迷你 烘焙 
西班牙 进口品利 无 特级 初榨 橄榄油 礼盒 
西班牙 进口品利 特级 初榨 橄榄油 礼盒 
德尔玛 加湿器 无 落地式 家用 桌面 两用 触控 感温 办公室 卧室 客厅 空气 增湿 静音 
德尔玛 加湿器 落地式 家用 桌面 两用 触控 感温 办公室 卧室 客厅 空气 增湿 静音 
网易 严选 网易 智造 转 接头 配件 扩展 充电 分线器 集线器 连接器 冰川 
蚕丝 被 
蚕丝 被 
灰弹 簧 床垫 
保暖 被 
蚕丝 被 
保暖 被 
羽绒被 
混灰色 外枕套 
波浪枕 礼品 装 
捷安特 台湾 进口 系列 工具 
灯布 
咖啡金 
灰抑 菌 床垫 
半自动 铆 装机 
针式 金额 记帐 凭证 
标准 版 单 站点 
快 羽帽 外套 
半自动 铆装 
深圳 通充 值款 
羽绒被 
荣耀 网通 尊享版 黑 移动 联通 电信 手机 卡 待 
归属 为 广东 广东 联通 日租卡 充值 送 省内 流量 任性 用 月租 用 花 
归属 为 广东 广东 联通 日租卡 充值 送 省内 流量 任性 用 月租 用 花 
小米 全 网通 高配版 内存 64GB 白色 移动 联通 电信 手机 
小米 全 网通 高配版 内存 64GB 白色 移动 联通 电信 手机 
云 报销 
智慧 记 软件 服务费 
收派 服务费 
暖 家 
暖浴 
足金 饰品 
手续费 
宣传 信息费 
管理费 
转 供电 
鞋 类 
蓝棉 包巾 
专业 版 头盔 
哈士奇 
哈士奇 
羊 红密裤 
羊红 套衣 
森针 长蛤 
哈士奇 
皇功能 
竹 背心 男套 
罗 领 男套 
红 云 纱背 睡袋 
冠星 红提短 裆蛤 
森蓝短 裆衣 
森粉短 裆衣 
提红 短 襟蛤 
冠星 红 提 短襟 蛤 
海针口 肩 
经典 针长蛤 
阅针口肩 
王针口 肩 
经典 梭套 蛤 
哈士奇 
哈士奇 
哈士奇 
代订房费 
哈士奇 
哈士奇 
哈士奇 
大 花 紫薇 
美丽 异 木棉 
收银纸 
针 打 总 分类 帐 
针 中 睡 袋 
成针 马夹 
针长帽 外套 
哈士奇 
友商 在线 在线 会计 进销 存 标准 版 站点 
哈士奇 
哈士奇 
哈士奇 
哈士奇 
哈士奇 
哈士奇 
哈士奇 
哈士奇 
哈士奇 
哈士奇 
哈士奇 
电器 
哈士奇 
哈士奇 
哈士奇 
哈士奇 
哈士奇 
亚都 加湿器 
哈士奇 
哈士奇 
产品 注册 服务 
三星 32GB 无 存储卡 读速 升级 
三星 无 存储卡 读速 升级 
折扣 行数 
哈士奇 
哈士奇 
闸阀 
闸阀 
闸阀 
闸阀 
闸阀 
闸阀 
闸阀 
闸阀 
球阀 
球阀 
球阀 
球阀 
球阀 
球阀 
截止阀 
截止阀 
截止阀 
截止阀 
止回阀 
止回阀 
止回阀 
服装 
爱 针长裤 
探针 长裤 
派 针长裤 
纯长 袖套衣 
餐饮 
数字 麦克风 语音板 
快针 打底裤 
餐饮 服务 
棉女 薄袜 
顶蓬 围罩 红 
车架 座椅 手提式 睡篮 
哈士奇 
在线 会计 代账 公司 版 用户 
加宽九 抽屉 冰箱 星星牌 
梦 小 床笠 
王子 薄袜 装 
哈士奇 
韩国 冷面 汤机 考丽亚 
二门 展柜 星星 
安必仙 氨苄 西林 胶囊 联邦 制药 
捷安特 型 锁 
狂神 篮球 
约翰逊 篮球 
丛羽 短 外套 
黑盘 间 金钢 带 
收派 服务费 
素蓝灰 硬 
蛋糕 
配件 
霍尼韦尔 空气 检测器 
柴油机 整机 
原价 合计
折扣额 合计
机器 专用 钻刀 
厚 短袜 
保梭 长裤 
尊梭 长裤 
白色 双核 加湿器 
云健 风热 感冒 颗粒 拆 云南 白药 
成都 
百灵鸟 黄连 上 清片 贵州 百灵 
博仁堂 煎药费 
激光 金额 记帐 凭证 
普康尼蒂 防护 口罩 克霾 成人型 天长全统 
垫包 
公路 版 专业 骑行 头盔 
捷安特 3镜片 配组 骑行 眼镜 
羚锐 壮骨麝香 止痛膏 河南 羚锐 
柴油机 整机 
柴油机 整机 
柴油机 整机 
柴油机 整机 
柴油机 整机 
霍尼韦尔 扫描枪 黑 
擦手纸 
擦手纸 
大 卷纸 
面巾纸 
哈士奇 
云 
富 可 视 高清 液晶 电视 
订制品 
金蝶 软件 
金蝶 软件 
茯苓 
姜半夏 
陈皮 生 陈皮 
青皮 醋 青皮 
炒建 神曲 麸神曲 
炒 麦芽 
炒 稻芽 
生白术 
草豆蔻 
炒 枳壳片 麸枳壳 
桔梗 
鸡内金 生 
春砂仁 砂仁 
肤子 
防风 生防风 
全虫 全蝎 全蝎 
骨皮 
天花粉 
当 归头片 
丹参 生 丹参 
太子参 
党参 
红景天 
黄芪 生 黄芪 
茯神 
夜 交藤 
博仁堂 挂号费 杨金明 
餐费 
金蝶 软件 
金蝶 协同 办公 软件 
金蝶 企业 管理 服务 平台 软件 
振华 硫酸庆 大霉素片 昆明 振华 
软件 服务费 
会计 多 账 版 
餐饮 服务 
增值税 税控 系统 技术 维护 
蓝 星空 抱 被 
英 皮鞋 
安装费 
安装 材料费 
石油 制品 
通信 服务费 
软件 服务 
蓝星 空长 蛤 
梦大 被 套 
庄针 中 睡 袋 
大棉 被 芯 
星鲨 维生素 软 胶囊 厦门 星鲨 
天针 短蛤 
森蓝手脚 套 
手机 
刺绳 
荣耀 手表 表体 深空灰 长 腕带 黑色 
荣耀 手表 表体 深空灰 长 腕带 黑色 
电脑 耗材 详见 明细 
刻录机 
软皮本 
桌牌 
纸 
文件 袋 
水笔 
胶管 成 
维修费 
餐饮 
水泥 
水泥 
石子 
石子 
沙子 
沙子 
沙子 
茵 曼吊牌 
2014茵曼 备用袋 
矿料 垫层 碎石 尾矿砂 
石粉 细料 尾矿砂 
水 稳 碎石 混合 料运费 韩麻营 
套鼓组 
亚都 加湿器 
手机 
昌晖 平板车 小推车 手推车 手 拉 货车 搬运车 小 拖车 货 承重 经济 版 
南极 人 注水 热水袋 充水 暖水袋 深蓝色 
粤盐 无 加 碘 盐澳洲湖 中 盐雪晶盐 食用盐 调味品 
粤盐 加 碘 盐澳洲湖 中 盐雪晶盐 食用盐 调味品 
泰立康 过氧化氢 消毒液 双氧水 原 过氧化氢 消毒液 双氧水 昆明 泰立康 
餐饮 费
横峰 蛇 胆 川贝液 江西 盛翔 
aRY 感冒 止咳 颗粒 云南 白药 
群祥泰邦 创 口贴 轻巧型 江苏 南方 
杨济生 复方 鲜 竹沥液 南昌 济生 
向 辉 菊花 贡菊 云南 向辉 
东方 清肺 抑火片 腾冲 东方红 
健 佳 玫瑰花 云南 向辉 
百灵鸟 停 胶囊 贵州 百灵 
向 辉 甘草 原 甘草 柳叶片 云南 向辉 
泻叶 番泻叶 
白 
餐饮费 
玉米 
金银花 济银花 
丰原 阿莫西林 克拉维酸 钾干 混悬剂 淮南 泰复 
食品 酒水
伟峰 数码 相无机 卡片机 微单 脚架 手机 直播 自拍 支架 铝合金 轻便 三脚架 蓝牙 
京东 超市 农夫 山泉 饮用 天然 水 普通 装1 
广告费 
拉 花 
灯口 
彩灯 
对联 
气球 
窗花 
灯笼 
节能 灯泡 
插头 
彩旗 
福字 
气球 
毛笔 
彩旗 
墨汁 
彩灯 
打气筒 
拉 花 
坐垫 
抹布 
军用 毛巾 
军用 床单 
牙膏 
牙 刷 
垃圾袋 
公牛 插座 
小 洋人 纸杯 
芳香球 
威猛 油 污净 
暖壶 
棘轮 扳手 
特斯 套筒 
反光 背心 
洁柔盒 抽 
空调 管 
阀门 
阀门 
管 
苹果 
纸杯 
砂糖 桔 
饮料 
花生 
瓜子 
糖果 
通信 服务 
清洁 汽油 
车用 汽油 
飞利浦 二级 能 效 智慧 省 电 科技 感 机身 超 高清 智能 液晶 电视 银灰色 
餐饮 服务 *餐费 
感叹号 复方 氨酚烷胺 胶囊 长春 海外 
会计 多 账 版 
背胶 
清洁费 
刺猬 开裤 
aN09LY 健 佳 酚氨 咖 敏片 云南 白药 
散列通 复方 对 乙酰 氨基酚片 重庆 太极 
餐饮 服务 
青源堂 西洋 参片 家庭 
落地款 打气筒 
健 佳 苋菜 黄连素 胶囊 福州 海王 
海王 葡萄 糖粉剂 拆 福州 海王 
汽油 
江西 民济 鲜竹沥 江西 民济 
水仙牌 风油 精漳州 水仙 
文化 自信 民族 复兴 
针打 数量 外币 记账 凭证 
激打 数量 外币 记帐 凭证 
凝红 礼盒 
在线 进 销存 
在线 会计 进 销存 
严迪 罗红霉素 分散 片 哈药 厂 
健 佳 人工 牛黄甲 硝唑 胶囊 石家庄 四药 
太极 复合 维生素 片 西南 药业 
aGRLY 以岭 花 清瘟 胶囊 石家庄 以岭 
标准 支持 服务 
汽油 
全自动 专用 
针打明 细帐 
激打 数量 明细表 
热 铆帐 薄 封套 
激打 数量 外币 记账 凭证 
服装 
业务 单据 联单 三等份 
运费 
柴油
鲅鱼 
餐饮费 
去 皮 五花肉 华正 
羊肉
金针菇
猪皮 华正 
干 豆腐
金蝶 凭证 包角 凭证 封面 封 底 带 包角 财务 记账 凭证 包角 
源香 
醋 精王 天池 
明太鱼 
石锅 拌饭 
美 天 方便 面料 美天 
大酱 考世茂 
冷面 
玉米 面条 
羊 排料
烧烤串 
牛肚梗 湿 
月牙 骨料
鸽子 
萝卜 
冷面 原汁 外地店 
大头菜 
细料 料包 
拌 面料 包 
芝麻料 料包 
特辣料 料包 
板筋酱 料 
串料
烤韭菜 
鱿鱼 
羊酱 
麻辣 
土豆饼 料 
鸡丸子
划单 菜谱 丰茂 
丰茂 打 
天然 竹妃 抽 
餐巾 纸 
饭勺 客人 用 
棒明 鱼
锅巴 品香 
金蝶 费用 报销 单 手写 单据 账务 单据 金蝶 账册 审批单 
金蝶 差旅 费用 报销 单 手写 单据 账务 单据 金蝶 账册 审批单 
山丘 黑 科技 有 芯卷纸 
木耳
干明 鱼丝
明太 鱼头
粗 辣椒 
辣椒面 细 
加 
家福酱油 申联 
小苏打 云鸟 
一品鲜 酱味轩 
小 鱼 花生
玉米 
烩面 原味 
米酒
特辣 
鸡 中 宝料油 后 厨用 
生 拌 
胡辣油 
麻辣 月牙 
大 干料
细料 料包 青岛 
明太鱼料 包
特辣料 料包 青岛 
孜然面 料包 
孜然粒 料包 
板筋 酱料包 青岛 柏兰 
猪 皮料
掌中宝料 加工部 用 
萝卜块 
心管 
泡羊肉 
温面 酱 
冷面 酱 
拌 牛肉 
鸽子 
彩色 玻璃杯 
抽 纸盒 竹子 
撒 盐罐 小 
撒料 
石锅 木板 底 
三格碟 
正方 汤 碗 
餐盘 
冷面 汤勺
整理 
空运费 
山糜子 
真空 冷面 
炸 辣椒 
杏鲍菇 
铁丝方 
新 丰茂 胸卡
毛刷 
湿巾 
支 
大 钎子
石锅 电磁炉 
串盘 
乐柏美 
乐柏美拖 把 
空气 炸锅 飞利浦 
丰茂 一次性 纸杯 
白钢 
厨房 大 黑围 
夏 后 厨服 男 
夏 后 厨服 女 
带 盖 米 饭碗 
塑料 菜板
绿柄 
黄 把 
烤串 机电机 
烤串 机电机 开关 升降 
烤串机 平行 
烤串机 变压器 
昆山 
城市 风暴 
汽油 
针打 日记 帐 
维修 配件 
皇中 睡袋 
服装 鞋帽 
服装 鞋帽 
水果 
山东 国税 
卤鸭 锁骨 大盒 
卤鸭掌 大盒 
卤鸭翅 大盒 
装 无纺 
商品 详见 小票 清单 
住宿 服务 
客运 服务费 
塑料 购物 袋 小 
安慕希 希腊 风味 酸奶 黄桃 燕麦 
米 奶 香白 巧克力 
米 奶 香白 巧克力 
空气 净化器 滤芯 组件 初网 过滤层 催化 活性 碳 
迪米妮 襟蛤 
红纱薄 被 
恬 功能 
恬厚 被 
捷安特 尾灯 
尾灯 
捷安特 码表 
茶炉 
特制 
友商 在线 会计 版 站点 
友商 在线 会计 代账 公司 版 站点 
汽油 
蜜汁 鸡翅 
鸡丸子料
辣串 干料 
蒸明 鱼
牛肋排 阿根廷 
猪心管 皓月 
筋皮 皓月 
板筋
牛鞭 皓月 
牛 里 
白萝卜
羊条
羊排 苏尼特 
羊 腰子
牛胸口 皓月 
牛肉 温面 用 
牛肋排 蜀海 
牛筋
月牙骨 顺达 
金钱骨 皓月 
松阪 肉 
猪 心脏
月牙骨 华正 
猪心管 个人 
金钱 骨 铁岭 
玉米 伴侣 百果 飘香 
辣椒面 粗 
蜂蜜 峰仙廷 
鸡翅 德祥 
鸡 中 宝 安心 
墨鱼丸 富新香 
鸡胗 大润 
香肠 优一品 
大红 
鸡爪 大润 
鱿鱼串 老鸡 
把 
馒头 营业 
长寿 
芝士年 
蓝莓
苹果 
凤球 唛鸡粉 好 鲜味 
醉蟹 
猪 
牛肉粉 调料 味 
白糖 银霞 
海鲜 酱油 海天 
品 鲜 酱油 海天 
老抽王 海天 
蚝油 李锦记 
高醋王 天池 
青芥辣 味（日式 
韩国 胡椒粉 
味椒盐 星火 
胡椒粉 
淀粉 韩国 
味精 福瑞 
韩国 味香 倒翁 
蒸鱼 豉油 
加 碘 精盐 雪天 
打价器 
金钱骨 华正 
十三香 王守义 
辣椒酱 英潮 
甜 玉米粒 吉美 
牛肋 排 味千 
筋皮 味千 
麻辣 油
冷面 原汁 延吉店 
鸡翅 
羊排
刀 切面
塑料 撮子 
邦迪 海氏 海诺 
黑 
瓶 
一次性 手套 超凡 
卫生间 大 
袋装 牙 签
厨房 一次性 吊卡 
明档 一次性 手套 艾玛斯 
薄荷糖 
锡纸 雅兰 
保鲜膜 添添鲜 
一次性 饭盒 春泰 
大 黑袋
特大 
湿巾 
一次性 塑料 果汁 杯 
创 好 
一次性 眼镜 布
点钞 手指 
玩具 
小 喷壶 艺康 
衣物 防水袋 
门 把 
糖块 
对联 
吉祥物
福袋 
计算器 得力 
应付 账款 明细 
一次性 
厨房 洗 碗 
线手 
大 胶皮 手套 
火夫 手套 汉邦 
带 盖 锡 纸盒 肯麦多 
一次性 酱料杯 
脱普66 艺康 
强力 除油剂 艺康 
桌面 垃圾 
大串机 导热管 金攀 
大串机 
土 鸡蛋 
山楂片 八起山 
微波炉 玉米花 沈农 
荣耀 路 由 增强 版 1200M 双频 优选 高速 家用 无线 路由器 穿 墙 好 稳定 掉 线 内 置巴
数码 产品 配件 
博朗 欧乐 智能 电动 牙刷 粉色 
倍斯特 移动 电源 台灯 电脑 键盘 灯 夜灯 白光 护 眼 充电宝 台灯 白色 
代订房费 
餐饮 服务 
收据 式 联 单栏 
业务 单据 联单 一等份 
捉 蓝 枕头 
男竹 孔薄袜 
庄针 小 被 枕头 
原产地 喜面 卷材 
致 良知 是 伟大 力量 原文版 
卫生纸 
洗衣液 
会议费 
针背 睡袋 
针薄 睡袋 
热敏 小票 打印机 
金蝶 激光 金额 记账 凭证 横版 凭证 纸 
友商 在线 加 站 加 
嫩豆腐 汤
特辣 
面包 
针 打 多 栏 明细帐 辅 
针 打 多 栏 明细帐 主 
针 打 总 分类 帐 
鸡腿 
刀鱼
大米 员工 餐 
猪肉 
苹果 
偏口鱼 员工 餐 
面包 员工 餐 
优酸乳奶 员工 餐 
伊利 纯 牛奶 
香蕉 
木耳 员工 餐 
蓝棉 字母 长袖 袍 
松鼠 年货 零食 礼盒 碧根 果 夏威夷果 腰果 坚果 大礼包 活力 橙 
松鼠 年货 零食 礼盒 碧根 果 夏威夷果 腰果 坚果 大礼包 活力 橙 
键盘 
专用 钻刀 进口 
手动 铆装 
新 代 账 管家 账套 用户 
餐饮 服务 餐费 
玻 
多 功能 切菜器 
55KW 柴油机 选择 配置 
55KW 柴油机 选择 配置 
餐具 
亲开裤 
王针 长袖 对襟 
梦 开裤 
梦 袍 
红棉 字母 长袖 袍 
热铆 账簿 封 
针式 金额 记帐 凭证 
码 抽 
丛针 短 外套 
皮鞋 
激打 金额 记帐 凭证 
深圳 通充 值款 
车用 汽油 Ⅴ 
招标 代理费 
招标 代理费 
招标 代理费 
招标 代理费 
招标 代理费 
码 抽 
天底盖 
天底盖 
天底 盖 
羊 
针织布 
霍尼韦尔 空气 检测器 
2018 
泵车 租赁费 
泵车 租赁费 
城市 飚速金 版 
玫瑰金 
素蓝灰 
咖啡金 
保暖 被 
恬大 被 套 
保 毛 短 外套 
广告 发布费 
电 压力锅 
披萨盘 
半自动 铆 装机 
棉森 袍 
婴儿 定型枕 
迪米 抱 被 
金色 豪床 
金蝶 尺寸 金 蝶凭证盒 凭证 盒子 
蓝彩 拆裤 装 
提 套衣 
对 襟绒胆 
针打 数量 外币 记账 凭证 
惠普 墨 
惠普 硒 
兄弟 
客运 服务费 
住宿 服务 
森红 套衣 
蓝彩 对襟 
红彩 袍 装 
梦 背 睡袋 
基础 电信 服务 
竹短蛤 
王幻织 长 对襟 
羊襟 衣 
梦 小 枕头 
羊 背心 
森咖 圆帽 
金蝶 收据 式 三联 单栏 收据 写纸 
新 代 账 管家 账 套 用户 
汽油 
汽油 
柴油
双胶 床垫 加厚 版 
素蓝灰 软 
素蓝灰 硬 
咖啡 金抑菌 床垫 
深 咖色 懒人 舒适 沙发 
双胶 床垫 加厚 版 
素蓝灰 
乳胶 床垫 玫瑰金 
乳胶 床垫 咖啡金 
羽绒被 
咖啡金 软 
咖啡金 弹簧 床垫 
灰抑 菌 床垫 
内外 双枕套 
混米色 外枕套 
呼吸床垫 
咖啡金 软 
咖啡金 适中 
素蓝灰 适中 
天空 
素蓝灰 适中 
纽曼 金属 通用 入耳式 手机 耳机 音乐 游戏 通话 运动 跑步 线 控 耳机 耳塞 兼容 手机 平板 电脑 
混米色 外枕套 
咖啡 金偏硬 
海绵 床垫 
混灰色 外枕套 
素蓝灰 适中 
咖啡金 
蚕丝 被 
乳胶 床垫 咖啡金 
双胶 床垫 标准 版 
汽油 
乳胶 床垫 玫瑰金 
咖啡 金偏硬 
羽绒被 
雅士灰 人 美式 布艺 沙发 
素蓝灰 
双胶 床垫 加厚 版 
素蓝灰 硬 
蚕丝 被 
咖啡金 弹簧 床垫 
咖啡 金抑菌 床垫 
友商 在线 会计 版 站点 
针打 日记 帐 
专用 
眼镜 
兰迪 苯磺 酸氨氯 平片 上海 海尼 
铁 缘片 
大 床 凉席 
兄弟 激光 一体 
佳能 三合一 喷墨 一体 
爱普生色 带 
秋田 
佳能 墨盒 
秋田 
秋田 
齐心经典 办公 用 笔 
秋田 
爱普生 喷墨 打印机 
联想 
联想 墨 粉盒 
联想 激光 一体 
联想 
联想 平 推 票据 打印机 
联想 激光 多 功能 一体 
理光 墨 粉盒 
惠普 打印机 
惠普 照片 
惠普 合 一体 
佳能 彩色 激光 打印机 
佳能 三合一 彩色 激光 一体 
惠普 合 激光 一体 
爱普生 针式 打印机 
理光 
惠普 合 一体 
兄弟 针迹 功能 缝纫机 
兄弟 包缝 
秋田 墨 
树森 
佳能 相片 
联想 激光 打印机 
惠普 激光 打印机 
佳能 原装 填充 
齐心 塑 机
国产 
秋田 
齐心 护 
惠普 合 激光 一体 
惠普 合 彩色 喷墨 一体 
爱普生 喷墨 一体 
惠普 合 一体机 
秋田 墨水 
银河奇 异果 会员 月 
夏普 超薄 智能 网络 液晶 电视机 
桂龙 咳喘宁 胶囊 安徽 桂龙 
秋梨润 肺膏 北京 同仁堂 
肺力 咳合剂 原名 肺力露 贵州 健兴 
2018年 福字币 银钞 套装 
灯莫 蛤 
冬蓝 蛤 
恒都 对 开 箱 
达拉非片 希爱力 
盐酸度 洛西汀 肠溶 胶囊 欣百达 
注射 用 盐酸吉西 滨 健择 
注射 用 培美 曲塞二钠 力比泰 
详见 销货 清单 
菜籽油 
素蓝灰 软 
亲襟 拆套 
2013 
激打 多 栏 明细帐 主 
激打 多 栏 明细帐 辅 
激打 余额 汇总表 
精斗云 
Liv 丽以芙 运动 版长 指手套 
捷安特 钢 缆锁 
舒雅灰 床 针织 条纹 
深秋绿 床 针织 条纹 
床 针织 条纹 
春色粉 床 针织 条纹 
舒雅灰 床 针织 条纹 
春色粉 床 针织 条纹 
床 针织 条纹 
致 良知 原文 版 
蛋糕 
蚕丝 被 
恬中 睡袋 
鞋 类 
大 床垫 椰棕 记忆棉 
经典 圆角 大 床 
蓝牙 无线入 耳式 耳机 运 无 动耳机 手机 耳机 游戏 耳机 带 麦 可 通话 
蓝牙 无线入 耳式 耳机 运动 耳机 手机 耳机 游戏 耳机 带 麦 可 通话 
捷安特 骑行 水壶 架 
餐饮 服务 
码 抽 
2012 爱喜 
住宿 
胶带 泡棉 双面 胶 无 带 汽车 家居 通用 胶粘 耐水 耐用 耐 高温 
胶带 泡棉 双面 胶带 汽车 家居 通用 胶粘 耐水 耐用 耐 高温 
车用 汽油 
版面费 
金蝶 金友 凭证 包角 财务 记账 凭证 包角 凭证 封面 封 底 带 包角 
电子 充值卡 
财务 产品 标准 服务 包 适用 于 标准 版 
机械 施工 服务费 
连锁板 
砖 
会议费 
日用 杂品 
白茶 
简约 系列 灰色 
餐饮 服务 
机械 租赁 装载机 
过滤器 
标准 支持 服务 
笔记本 电脑 
笔记本 电脑 
码 抽 
考试费 
住宿 
餐饮 
贺卡 
致 良知 导读 版 
收派 服务费 
包装 饮用水 纯净水 
液压油 
房费 
草晶华 黄芪 破 壁饮片 中山 中 智 
aGRY 风寒 感冒 颗粒 云南 白药 
云健 风热 感冒 颗粒 云南 白药 
餐饮 
餐饮 
2017 
现代 游戏 鼠标 垫 包边 小号 黑色 
现代 游戏 鼠标 垫 包边 小号 黑色 
惠普 有线 鼠标 黑色 
陈克明 爽滑 挂面 面条 健康 营养 美味 方便面 
统一 老坛 酸菜 牛肉面 老坛 酸菜 方便面 
百诺 巧克力 麦丽素 含 反式 脂肪酸 代可可脂 
德 芙士 力架 花生 夹心 巧克力 休闲 零食 散糖 补充 能量 
郁 美 净七果 儿童 洗发 水 沐浴 露 合 宝宝 合 
女 内衣 
金属 探测器 
灰白格 人 美式 布艺 沙发 
工业 会计 名义 
丽珠 抗 病毒 颗粒 无蔗糖 四川 光大 
燃气费 
专用 
静享灭 蚊灯 白 
标准 版 单 站点 
友商 在线 会计 版 站点 
金 蝶 智慧 记 服务卡 
全自动 铆 装机 
勘察费 
足 蓝 套衣 
灯莫 套衣 
红 套衣 
针 男 平角裤 装 
硒 麦芽 五味子片 
代订房费 
联名 锁 
食品 
食品 
药品 
食品 
动物 
食品 
食品 
食品 
皇尿垫 
气筒 
餐饮 
皮具 
厨具 
包子 暖手宝 白色 
包子 暖手宝 蓝色 
包子 暖手宝 紫色 
汽车 修理费 
在线 会计 代账 公司 版 
热 铆帐 薄 封套 
工作服 
深圳 通充 值款 
分类 账 明细账 
金 蝶妙 想 万能 票据 软件 旗舰 版 
金 蝶妙 想 万能 票据 软件 升级 包 
电流 互感器 
电压 互感 
零序 互感器 
显示器 
传感器 
绝缘 
计量 
变压器 
象套 拆套 
王子珊 瑚绒 包毯 
金蝶 95一式 三联 出 库单 无 碳复 写纸 
金蝶 支票 领用 单 手写 单据 账务 单据 金蝶 账册 财务 审批单 
金蝶 95一式 三联 出 库单 无 碳复 写纸 
日用品 
电器 电子 产品 配件 
金士顿 系列 固态 
竹长袖 套衣 
提蓝 拆裤 
呼兰河传 现当代 长篇小说 经典 
人民 名义 
蛙 茅盾 文学奖 获奖 作品 全集 
白鹿原 茅盾 文学奖 获奖 作品 全集 
租金 
金蝶 激光 金额 记账 凭证 竖版 凭证 打印 纸 
哈士奇 
服务 协议 
格伟 加湿器 白色 电脑 版 
宣传 展板 
勘察费 
提女 平角裤 装 
针女 三角裤 装 
迪米妮 套 拆 套 
快针 长袖 套衣 
小 面粉 套衣 
派针 长袖 套衣 
初针 长袖 套衣 
金蝶 更名 服务 
专用 钻刀 进口 适用 于 机器 
半自动 铆 装机 
致 良知 传习 手册 
珍视 明护 眼贴 缓解 眼 疲劳 眼 贴近 视 去 淡化 黑眼圈 眼袋 
思维 导图 大 全集 超值 白金版 
中国 自助游 2018 升级版 亲历者 旅游 书架 
中国 自助游 2018 版 
刻章 
湖畔 精 
形而上学 
西厢记 牡丹亭 长生殿 桃花扇 典藏版 
中国 古典 舞 音乐 研究 
迪梭 背裙 
经典 针吊蛤 
女 四季袜 双装 
快针 圆领 背心 
双井 复方 石韦 胶囊 贵阳 济仁堂 
柴胡 生柴胡 
黄芩 生黄芩 
炒 苍耳子 
炒蒺藜 盐蒺藜 
炒蔓 荆子 
桑叶 生桑叶 
干葛 葛根 葛根 
芦根 芦竹根 
连翘 
桑枝 
川芎 生川芎 
辛夷花 辛夷 
白豆蔻 豆蔻 
炒 建 神曲 麸神曲 
博仁堂 挂号费 谢宛珍 
维宏 阿奇霉素 分散 片 石家庄 欧意 
亚邦 阿昔洛韦 乳膏 江苏 亚邦 
健 佳 清热解毒 软 胶囊 石家庄 欧意 
莹润 氧氟 沙星 滴眼液 原 可 牌 氧氟 沙星 滴眼液 江苏 普华 
奥可安 甲硝 唑口 颊片 远大 医药 
健 佳 蒲地 蓝消 炎片 云南 龙发 
华素片 西地 碘 含片 北京 华素 
冠宝 竹纤维 拆裤 
板长 拆裤 
佳能 镜头 套装 
佳能 镜头 套装 
哈士奇 
在线 会计 代账 个人 版 
投资 咨询 服务费 
投资 咨询 服务费 
投资 咨询 服务费 
足 蓝 襟蛤 
汽油 
亚都 加湿器 
二战 伊始 世界大战 精 
探索 木乃伊谜 中国 数字 科技馆 
大 秦 王朝 终结者 
读 文化 常识 彩色 插页版 
2017 
版面费 
汽油 
木质 家具 
荣耀 畅 玩 网通 无 手机 尊 享 版铂 
荣耀 畅 玩 网通 手机 享 版铂 
服装 
喻世明 言 中国 古代 小说 名著 插图 典藏 系列 
醒世 恒言 上下 中国 古代 小说 名著 插图 典藏 系列 
警世 通言 中国 古代 小说 名著 插图 典藏 系列 
党委会 工作 方法 新 实践 
习近平 知青 岁月 精 
清朝 穿越 指南 
战 与 中国 战 会议 论文集 
世界 历史 大事 年表 学生 专用 
高考 作文 小百科 佳佳林 作文 
按 意愿 一生 
销售 是 要 玩转 情商 人 知道 销售 软技巧 
中华人民共和国 劳动法 中华人民共和国 劳动 合同法 版 附 最新 司法 解释 
情商 说话 让 人 舒服 
热处 理工 初级 版 技能型 人才 培训 用书 国家 职业 资格 培训 教材 
热处 理工 技能 鉴定 考核 试题库 版 机械 工业 职业 技能 鉴定 考核 试题库 
儿童 地理 百科全书 精 
小不点 触摸书 中 英 双语 认知 精 
镜中 蔷薇 
月 花 落 沧海花 开 
跟 韩国 小学生 一起 学 韩语 
饰品 
订制品 
瑞红 礼盒 
红星 抱 被 
快递 服务费 
伸 缩 警棍 
电击 警棍 
警报 哨子 
防爆 喷雾器 
自 锁 尼龙扎带 
集成电路 
汽油 
森针口肩 
英 毛 短 外套 
厨房 
灯箱 制作 
联想 笔记 本
通信 业务 服务 
旅游 服务 
钻石仪 维修 
考试 
铂金 首饰 
交易 手续费 
租借 登记费 
出入库 
运保费 
小 手 挽 纸袋 横 
小 手 挽 纸袋 竖 
大 手 挽 纸袋 横 
电商 专用 
手 挽 纸袋 小/短 顺丰 科技 
修理 
代理 
18K 镶嵌 饰品 修理 
铂金 镶嵌 饰品 修理 
权利 金
18K 镶嵌 饰品 加工 
窗帘 
首饰 配件 加工 
增值 电信 服务 
基础 电信 服务 
信息 技术 服务 
展柜 橱窗 
文化 创意 服务
铂金 镶嵌 饰品 加工 
黄金 饰品 修理 
驱动 电源
电源 供应 
日光 灯管 
吊灯 
灯具 
银链
加工 
检测 费
金链
黄金
金半 成品 
足金 工艺品 摆件 
足金 饰品 加工 
金饰品 
铂金 成品 
铂金 饰品 
安装 服务 
银半成品 
银 工艺 摆件 
黄金 工艺品 
银饰品 
黄金 饰品 
联想 显示 
联想 电脑 
足金 工艺品 摆件 加工 
标准 黄金
纯 
车位 租金 
足金 工艺品 摆件 
珠宝 首饰 加工 
黄金 工艺品 摆件 
制作 广告 
水费 1月份 
管理费 2月份 
饰品 维修 
足金 饰品 
年花 租 摆 
铂金 饰品 修理 
铂金 
18K 镶嵌 饰品 
铂金 饰品 加工 
授权 服务 
柜台 维修 
代 垫 机票 
社保 代理 服务 
电话 
毛绒 玩具 
制作 
福星 宝宝 木制 
情 背板 画 组合 大 配 小 
爱 背板 画 组合 大 配 小 
小心 意 背板 画 组合 大 配 小 
幸福 礼金卡 背板 
贺卡
旺 到 飞 起 包装 
玉 出 金生 展柜 大师 
玉 出 金生 地柜 大师 
小镇 主题 
背板 画 组合 大 配 小 
水中 花 背板 画 大 配 小 
国博 证书 武汉 
国博 证书 深圳 
国博 证书 武汉 
国博 证书 深圳 
国博 证书 武汉 
国博 证书 深圳 
国博 证书 武汉 
国博 证书 深圳 
国博 证书 武汉 
国博 证书 深圳 
国博 证书 武汉 
国博 证书 深圳 
国博 证书 武汉 
国博 证书 深圳 
国博 证书 武汉 
国博 证书 深圳 
灯具 配件 
复印 打印费 
标准 黄金
水晶 富士 苹果 
海南 香蕉 
带 叶脐 
伊利 纯 牛奶 
阿克苏冰糖心 苹果 
沙田柚 
北田 长粒 米
沙糖 
金龙 鱼 浓香 花生油 
蒙牛 纯 牛奶 
植物 租赁 2018年 1月 
代 订 住宿费 
电力 
自来水 生产 供应 
维修 
钛钢 饰品 
网络 摄像机 
电子 锁 控制 器
电子 按钮 
显示器 
存储 
嵌入式 硬盘 录像机 
红外 网络 摄像机 
商旅 服务 
茶叶 
业务 宣传 
钻石 加工 
车用 柴油 
车用 汽油 
多 功能 测钻 笔 维修 费用 
收派 服务 
茶叶 
服务器 
增值 电信 服务 
基础 电信 服务 
包装 
鲜 
项目 策划 服务 
奔腾 电 
紫砂 
玩具 
技术 服务 
软件 
金饰品 加工 
防 滑 手套 
软件 
软件 
软件 
洗 车 服务 
电信 增值 服务 
电信 基础 服务 
硬盘 录像机 
希捷 
饮水 
饮水机 上门 
饮水机 上门 维护 
惠普 笔记本 电脑
无线 鼠标
转换 
路 由 
首饰 配件 加工 
首饰 配件 加工 
恒压 调光 
恒流 调光 
控制 面板 
继 电器 模块 
逻辑 控制器 
调 光 
接口 装换器 
系统 电源 
配电 
智能 控制 主机 套 
玉石
思科 交换机 
交换机 
希捷 
平板 电脑
工作站 
内 
电话 数据 会议 
显示器 
金条 胶盒 
金条 胶盒 
金条 胶盒 
金条 胶盒 
金条 胶盒 
金条 胶盒 
金条 胶盒 
金条 胶盒 
金条 胶盒 
笔记本 电脑
包装 物料 
硬盘 录像机 
报警 联动 按 
监控 电子 
摄像机 
二方 装修 工程 
显示器 
干粉 灭火器 冲装 
干粉 灭火器 冲装 
展位 费
手机 
花木 租赁费 
花木 养护 服务 
珠宝 检测 
坑 系 
黄 焊片 
焊片 
服务费 
生活 服务 服务 
展览 服务 
消防 服务 
营销 服务 
技术 服务 
设计 服务 服务 
珠宝 玉石
电梯 工程 安装 
周大福 自助 零售 终端 软件 
养殖 珍珠 
黄 焊片 
华为 无线 上网 
服务器 
电话 水晶 
网线 
网络 水晶 
焊片 
金 镶嵌 钻石 
黄 焊片 
黄 焊片 
西数 移动 
希捷 移动 
服务器 
投影仪 
近 拍镜
相机 电池 
佳能 数码 相机 
罗技 无线鼠 
电脑 
佳能 打印机 
磁带 
秋叶原 数据 
管材
无线键 鼠 
酒店 锁 锁 
酒店 锁 配件 
服务器 
展示 柜台 
印刷品 
红外线 激光 
现代 立体声 耳机 
耐 酸碱 
仓储 
铂金 饰品 
美 加湿器 
博世 
制作 
展示 
地毯 
1月 清洁 服务 
1月 黄金 珠宝 大厦 晚班 清洁 服务 
代理 专利 年 费代理费 
1月 垃圾 
羽绒被 
呼吸 床 垫套 
富 可 视 高清 液晶 电视 
普饵褐 床 针织 条纹 
头盔 
灰弹 簧 床垫 
迪针 短帽 外套 
尊针 贴 面帽 
快针 短 外套 
丛针 长袖 套衣 
蓝星空 背心 
然毛 短 外套 
阅梭 短帽 外套 
森针 短帽 外套 
航 背心 
空针 短裤 
空针 圆领 背心 
王子草 对襟 
成 针长裤 
提蓝 套衣 
王梭 中 裤 
星空 长袖 对襟 
航套 短套 
王针 短袖 套衣 
阳针 短袖 套衣 
星空 长拆裤 
海针 短裤 
2012 Liv 
皮筋
对讲机 
一次性 碗 金亿 
小 白袋
装 手机 自封 
中国 结
针式 打印机 色带 德生 
复写 打印纸 三联 椿鸣 
胶棒 续力 
百事贴 得力 
丰茂中性 
打价纸 白色 
韩国 
洗手液 東浪 
省力波 艺康 
厨房 手 消毒液 艺康 
厨房 洗手液 艺康 
烤箱 清洁 药片 圆 
锅巴 天香 
宏达 物流 运费 
齿轮 
秋前厅 男 服务员 服
订 书钉 得力 
订书 钉 起钉器 得力 
油性 记号 笔 续力 
白钢 
胶水 续力 
复写 打印纸 二联 
订 书器 得力 
厨房 菜单 
白钢 
干 湿 温度 计 榛利 
前厅 白钢 票 夹
白钢 钎子 桶 
软胶 刷子 
丰茂腰 包
炒饭 
韩国 冷面 
大 架子
防 烫 
电视 
煎扒 
美 电 
平台 冷藏 冰箱 
开门 立式 冷藏 冰箱 
主食 台面 开孔 调理 冰箱 
冷面 台面 开孔 调理 冰箱 
开孔 加宽 抽屉 冰箱 星星牌 
平台 抽屉 冰箱 
挂肉 展示 
韩国 冷面机 大象 
韩国 冷面 汤机 考丽亚 
韩国 面机 考丽亚 
韩国 高压锅 饭炉 饭 
化妆品 
餐饮 
餐饮 
爱 毛 短 外套 
英 毛圆 领长 套衣 
羽 短帽 外套 
探毛 长袖 套衣 
保毛 围巾 
快梭帽 外套 
森针帽 外套 
星空 长袖 袍 
保针 长蛤 
薄长绒 棉袜 装 
庄针 抱 被 
快针 短蛤 
蓝彩 贴帽 
星空 开裤 
蓝 飞机 纱薄 被 
皇厚 被 
皇背 睡袋 
欢针 短袖 套衣 
王针 长袖 套衣 
菜梭 长裤 
斗针 短袖 套衣 
菜梭 中 裤 
风针 中 裤 
摘星 针 短袖 套衣 
新梭 短裤 
习针 中 裤 
传针 短袖 套衣 
探针 长蛤 
针 大 睡袋 
愤针 长蛤 
滤芯 组件 
蚕丝 大 被 芯 
熊大 被 套 
京标 汽油 
宛如 昨日 生存 游戏 
追 球星 
意林 原创 版 精华 
星空 精 
宝宝 描线 涂色 书 提高 篇 
没 头脑 高兴 注音版 中国 幽默 儿童文学 创作 任 溶溶 系列 
晚安 黛西 精 海豚 绘本 花园 
蛋壳 里 出来 奶奶 国际 大奖 小说 
现代 汉语 词典 版 精 
金蝶 迷你版 服务 年卡 金蝶 原 厂 服务 专家 坐席 特价 优惠 
牛板 
蓝色 一次性 手套 艾玛斯 
星期 
小 黑袋
贺卡
塑料 口罩 
按摩 
漱口杯 
纸 亚 太 
丰茂棉 
料碟 
炒 饭盘 
三角 分菜盘 
长方 拼 菜盘 
面碗 
玻璃 清洁剂 惠浪 
洗衣粉 
橙净 艺康 
大串机 轴承 金攀 
大串机 齿轮轴 金攀 
土 鸡蛋 
软件 咨询费 
橙 
捉 红 枕头 
格林 童话 珍藏版 精 童书坊 
西游记 珍藏版 精 童书坊 
解忧 杂货 店 精 
儿歌 聪明 宝贝 脑力启蒙 书 
手机 
森白口肩 
硒维康 口嚼片 
番茄 红素 软 胶囊 
长兴牌 血红素 铁补 铁片 4板 
快递 服务费 
儿童 教育 心理学 
四世同堂 全 本 无 删减 精 中国 现代 文学馆 亲近 经典 
假装 爱 精品 读者 
防伪 税控 开票 系统 技术 维护费 2018年 
激光 定位 半自动 装订机 
住宿 费用 
香薰机 橙色 
出纳 会计 名义 
服务业 会计 名义 
友商 在线 进 销 存 标准版 站点 
静享灭 蚊灯 黑 
鹅城 抗骨增生 片 惠州 中药厂 
史克肠虫清 阿苯达 唑片 
Liv 丽以芙 运动 版 长腕 手套 
防伪 税控 开票 系统 技术 维护费 2018年 
欧乐 成人 电动 牙刷 智能 旋转 震动 声波 充电式 情侣 
粉煤灰 
柴油机 整机 
铂金 首饰_ 
金 镶嵌 首饰_ 
卡通 造型 使用 权利金 
黄金 加工 
艾佛利 水杯 
灯箱 黑底 玻璃 
壁柜 
壁柜 黄铜 拉丝钢 
仓内 工作台 
收银 窗口 
电视机 柜 含 黑底 玻璃 门 
灰色 木纹 胶板 色 墙纸 饰 面柜 
灰色 木纹 胶板 色 墙纸座 单面 
狮头柜 
半身 展柜 
彩电 
地柜 
地柜 加 奉客 
地柜 
地柜 加 奉客 
柜台机 
无台灯 连柜 
无台灯 连柜 6NH 
灯箱 黑底 玻璃 
订货 
顾客 同意 
沽货 单
保证 
手 挽 纸 
宣传 
卡片
点 号 卡
登记 
记录 
货品 服务 
宣传册 
修理 
交收 通知 
封 
心意 卡
证明 报告 
防 撞 
单据 
证书 
票据 
维修 
干 
交收 放行 
信息 反馈 登记 
贺卡
保养 卡
修理 
保证 单（连打 
保证单 单打 
无台灯 连柜 
灯箱 
壁柜 
电视 
地柜 
半身 展柜 
柜台机 
首饰 配件 
咖啡机 租赁费 
黄 焊片 
黄 焊片 
金 镶嵌 饰品 
花款 
小型 智能 读取器 
周大福 自助 零售 终端 设备 
