周大福 自助 零售 终端 设备 配件 
广告 立牌 配套 护角 套 
害 消杀 服务 
养殖 
金 镶嵌 钻石 
不锈钢 手 绳
银锁 
钻石 镶嵌 首饰 加工 
代理 实物 贵金属 业务 手续 费
仓储 服务 
地柜 
半身 展柜 
座 灯箱 
印刷 
报警 系统 维保费 
报警 联网 服务 
工艺 木座
便携式 电脑
智能 展示 
会议桌 炭 灰色 木脚 角 直边 红 枫木 
家具 开口 方边脚 暖 白 
证书 标签 
大臂 动力 电机 
广告 服务 服务 
银色 碳 带 
发电机 配件 
翡翠 饰品 
遥控 
业务 促销 
背景 音乐 服务 
商标 使用 
起 版 费
黑加伦 提子 
精选 
火龙果 
蒙牛 纯 牛奶 
红富士 苹果 
首饰 修理 
无线 传屏 
代 订 住宿费 
卡通 造型 使用 权利金 
起版 加工 
防晒 
窗帘 布
无线话 
闪光 
无线 模块
继 电器 模块 
报警 多 芯 电缆 
镀 锌 线 
空调 维保
万家乐强 排 热水器 
图片 制作 
存储 卡
脚 
海尔 冰箱 
报警 主机 
报警 主机 控制 键盘 
报警 主机 后备 电池 
位置 显示 
指示灯 带 报警音 
讯宝 扫描器 
干 胶 贴 
模具 加工 
台式 电脑
显示器 
网络 存储 服务器 
首饰 
罗技 摄像头 
电脑 
太阳能 热水 系统 维保
首饰 
珠宝 展示 
首饰 
金币 
有机 玻璃 收纳 
固定 冰箱 
不锈钢 
不锈钢 
防火 
铝合金 窗户 滑 轮 
不锈钢 执 货车 
放大镜 不锈钢 底座 
通风柜 扶手 喷漆 
不锈钢 餐具 
亚克力 
假 草皮
货柜车 抽屉 
修 电器 
活动 执行 
制作 
纸质 发票 管理 服务 
啤盒 
工程 服务 
靠 墙壁 
梳妆 
挂墙 展示 
吉他 装饰 
玻璃 小 房子 
木纹 展桌 
小 画框
白框 
白框 
梳妆 
设计师 款 玻璃 
展 
六角 
六边形 展柜 
六边形 展柜 小
玻璃柜 
工程 装修 
底柜 
咨询 服务 
方形 包装盒 小链坠 耳环/胸 针/小手链 
复古 质感 金丝带
蓝色 丝带 
方形 包装盒 单镯 
方形 包装盒 玉镯 大链坠 大手链 
鸡 金币 
涂鸦 星空 晴 雨伞 
福星 宝宝 公仔 座式 健康 宝宝 
福星 宝宝 公仔 座式 平安 宝宝 
展板 制作 
亚克力 摆 
金饰品 维修 
缓冲 胶膜 
提货 服务 
展台 搭 建 
范塔思 餐巾纸 白色 
康普蒙 挂衣杆 白色 
帕克思衣柜 框架 白色 
康普蒙 搁板 白色 
哈斯维 双滑门 高光 白色 
斯多尔 鞋柜 白色 
小 方形 盒 黑色 内 芯 小链坠 
顾客 资料 信息 反馈 登记 封 
小 方形 盒 外盒 
业务 促销 
壁柜 
狮头柜 配件 
地柜 
柜台机 
无台灯 连柜 
半身 展柜 
储物 
电视机 
收银 窗口 
仓内 工作 
监控 
仓外 工作 
检验费 
中 方形 盒 黑色 内芯 玉镯 
中 方形 盒 外盒 
中 方形 盒 黑色 内芯 玉镯 
中 方形 盒 黑色 内 芯 小 套装 
小 方形 包装盒 戒指 
中 方形 盒 黑色 内芯 单镯 
小 方形 包装盒 小链坠 
中 方形 包装盒 单镯 
版 时尚 店 柜 项链 手链 
版 时尚 店 柜人 
版 时尚 店 柜牌 
版 时尚 店展 柜底 
2013 版 锦袋 
原子 
回 墨 
印 
戒指 
首饰 
版 时尚店 地柜 戒指 
版 时尚 店 柜吊 坠 
手链 手镯 
版 时尚 店 柜耳 环/钉 
版 时尚 店 柜链 
版 时尚 店 柜手 镯 
版 时尚 店 柜层 
版 时尚 店 柜托 后备 
耳钉 链盒 
锦袋
大 福手套 大 
手套 小 
文件 
电话 数据 会议 
中 方形 盒 外盒 
中 方形 
小 方形 
小 方形 
小 方形 盒 外盒 
中 方形 包装盒 单镯 
客单 杂 
手链 
小 方形 包装盒 小链坠 耳环/胸 针/小手链 
金元宝 包装 
金元宝 包装 
金元宝 包装 
到 金元宝 包装 套盒 
中 方形 
首饰 
戒指 
吊坠 
小 方形 盒 戒指 
大 方形 
中 大链 坠手 链盒 
客单 杂 
双手 镯 
客单 杂 
吊楣 
客单 杂 
客单 杂 
小 方形 包装盒 小链坠 耳环/胸 针/小手链 
自动 指针 钢表 含 濒危 
上 弦 指针 钢 
鳄鱼 皮 手表 带 濒危 
中 方形 包装盒 玉镯 大链坠 大手镯 
小 方形 盒 小链坠 耳环/胸针 手链 
图片 更换 
小 方形 盒 黑色 内 芯 戒指 
双头 索嘴
放大 
吊机 
剪刀 类似 
脚 制
打头
砂纸 
台 
铁铲
毛扫
进口 
卓弓
金箱
布袋
火漆球 
飞碟 
戒指 铁
三角 
冬菇 索嘴
铁锤
抛光 
索嘴
布轮
内绒 
日本 钢针
波针
钻 
卓条
子弹 
微镶 
油壶 
方铁
电 
卡尺
钻悦 珠宝 
大 方形 
中 方形 包装盒 小 套装 
模具费 
手 挽 纸袋 小/短 炫舞 
版 费
渡边 活页 
附页 签 
万用胶 蓝丁胶 
告示 
渡边 页 活页 
复印 
计算器
档案 
传 美 白 电脑 
订 书 机
齐心 
中性 
齐心 回形 
中性 笔 
思 高 固体 
汽泡 
印 台
地板 
插座 
双面 
封箱 
费时 
费时 
彩色 复印 
大 纸
榄菊 电热蚊 香液 加热 
洗洁 
纸杯 
维达 抽取式 面巾 
洁柔 小 卷纸
洁柔盒 
蓝 月亮 洗手液 
封 口袋 
封 口袋 
封 口袋 
封 口袋 
封 口袋 
封 口袋 
双面 泡泡 
小 油性 
荧光 
大白板 
铅笔 
电脑 纸单层 
文件 
橡皮 
电池 
胶膜 
乐普升 涂 改 
写字 
资料 
资料 
封 口袋 印 
力士 洗发 
手套 
洗衣 
洁厕 
口罩
力士 沐浴 
文具 
电机 
起 版 费
狗年 桃红 旺字利 是 封 长款 
狗年 桃红 旺字利 是 封 短款 
圆形 展台 
大理石 展台 
靠 墙 底 
试用 台展 
试用 
壁柜 
网线 
礼品 
条形 壁柜 
白板
面包 玻璃 
沙发 长 
玻璃柜 
背 打光 
坐式 销售 
灰镜 
人头 玻璃 
系统 
海康 威视枪式 摄像机 
软件 技术 服务 
阴 锁 
首饰 配件 加工 
雾面钢 底座 
狮头柜 
壁柜 黄铜 拉丝钢 
灰色 木纹 胶板 色 墙纸座 单面 
灯箱 黑底 玻璃 
白色 大理石 纹 墙 砖 
首饰 配件 
柜台机 
灰镜柜 多边形 
不锈钢 包 边 内 发光 水晶字 变压器 
银 首饰 配件 加工 
首饰 配件 加工 
卡 卡 
小 方形 盒 外盒 
中 方形 盒 黑色 内芯 单镯 
中 方形 盒 黑色 内芯 玉镯 大链坠 大手链 
中 方形 盒 外盒 
化妆 
雕刻机 配件 
清洁剂 洗金水 
清洁剂 洗银水 
贺卡
热敏 纸标 签
客凳 
气 
系统 开发 
狗 桃红 炫彩 挂历 
狗 桃红 相框 台 
狗 福旺窗 
狗 年台 历利 是 封 套装 礼盒 
包装 杂项 礼盒 包装 
小 手 挽 纸袋 横 
仿真 
小 手 挽 纸袋 竖 
大 手 挽 纸袋 横 
包装 
戒指 内 玉
颈链 内 玉
软件 
地毯 材料 
建筑 工程 服务 
珠宝 清洁 
清洁剂 
天花灯 白框 
展柜 灯 
天花灯 单灯 黑框 
双孔 
双孔灯 电源
过渡 壁柜 灯 电源
过渡 壁柜 灯 
壁柜 小射灯 
高 柜灯 
柜灯 
柜灯 
天花 灯 变压器 
柜灯 
天花灯 单灯 白框 
壁柜 小射灯 变压器 
壁柜 直条灯 变压器 
地 柜灯 右 出 
地 柜灯 右 出 
地 柜灯 左 出 
柜灯 左 出 
柜灯 右 出 
地 柜灯 左 出 
展柜灯 变压器 
柜灯 变压器 
柜灯 变压器 
壁柜 小射 
天花灯 变压器 
天花灯 单灯 白框 
天花灯 黑框 
天花灯 变压器 
天花灯 单灯 黑框 
过渡 壁柜 
展柜 灯 
天花灯 单灯 香槟 金框 
天花灯 香槟 金框 
纸 
天花灯 黑框 
2013 版 绒布 
饰品 起 版 费
天花灯 香槟 金框 
广告 服务 
天花灯 白框 
2013 版 绒布 
故宫 锦袋
名片 包
锦袋 中 款 
锦袋 大款 
锦袋 电商 专用 
工具 
系列 黑色 绒布 
周大福 名贵 豪雅 真皮 腰包 
小 方形 盒 黑色 内 芯 戒指 
小 方形 盒 黑色 内 芯 小链坠 耳环/胸 针/小手链 
首饰 礼盒 
吊牌 
数字 
首饰 
天蝎座 红葡萄酒
合成 钻 鉴别 
纸 
卡
视频 
光纤 收发器 
周大福 旅程 宣传片 
电子 天平
切换器 
清洁 
首饰 包装 礼盒 
水晶 戒指盒 打样费 
变压器 
仓储 服务 
保温杯 打样费 
柜台 维修 
手动 轮椅 
饰品 配件 
配件 
卫衣
维修 
咖啡 
景田 纯净 
设计 服务 
电源 适配器 
摄像头 
消防 维保 服务 
首饰 包装 
低 烟 无 卤 网线 
首饰 
中 方形 盒 内芯 小 套装 
中 方形 盒 内芯 玉镯 大链坠 大手链 
小 方形 盒 内芯 戒指 
中 方形 盒 玉镯 大链坠 大手链 
小 方形 盒 内芯 小链坠 耳环/胸 针/小手链 
小 方形 
中 方形盒 单镯 
工具 手镯盆 
工具 介子盆 
工具 项链盆 
工具 什项 货盆 
服装 
壁柜 层 
四方 路 锥 含 印字 
反光 
灭火器箱 消防 栓箱 
警示 
视频 监控 智能 巡检 系统 
键盘 
佳能 黄色 墨 
耐力色 带 
惠普 鼓粉 组件 
佳能 青色 墨 
佳能品 红色 墨盒 
运送 服务 
佳能染料 黑色 墨 
佳能 颜料 黑色 墨 
派件 服务 
爱信诺 打印机 色 带 
联普达 鼓粉 组件 
分配 
服务器 
手 写 
猫王. 小 王子 蓝牙 便携 
猫王 小 王子 原木 底座 
吊灯 
联想 笔记 本
花木 租赁费 
银 首饰 配件 
花木 养护 服务 
设计 服务 周大 福荟馆 媒传 报道 项目 服务 
更换 数字 振动器 
笔记本 电脑
建筑 装饰 服务 
维保费 
展览 服务 
电路 接 插件 非屏蔽 模块 
设计 
纯 银
住宿 服务 
韩国 大酱 好 餐得 
米酒 
防水 围裙 粉色 
海氏 海诺 创口 贴 轻巧 便利型 
同仁堂 启脾丸 北京 同仁堂 
手动 铆装机 
提红 蛤 
玻璃钢 
森梭帽 蛤 
哈士奇 
透明 胶带 大 
吸 油纸 鸽子 纸垫 
一次性 纸杯 龙达 
男棒球 
前厅. 厨房 帽子 
一次性 厨师 
清洁 布
玻璃窗 
艺康 消毒 
蓝牙 打印机 
全自动 铆 装机 金蝶 纪念版 
智慧 记 短信 包 
云昆 舒 肝 散 昆明 中药 
腾药 知 柏地 黄丸 水蜜丸 
霍尼韦尔 空气 检测器 
服务器 
双机 软件 
半身 展柜 
灯箱 
装修 工程 
食品 
饮品 饮料 
钢板 
柴油机 整机 
柴油机 整机 
钢板 
小学 学历 教育 服务 
致 良知 经典 读 诵 
育 缘 片 
专业版 服务 包 
云 租赁 服务 
葡萄籽维 软 胶囊 
锌 硒宝片 
铁 缘片 8板 
破 壁灵 芝孢子粉 
蓝莓 叶黄素酯 压片 糖果 
蜂胶 胶囊 
钙 缘片 
乳酸 钙 颗粒 24袋 
锌 硒宝片 8板 
针叶 樱桃 压片 糖果 
厨房 电子 称 
锡纸 
玛咖 压片 糖果 
益生菌 复合果 蔬酵 素粉 5袋 
粉小鸟 抱枕 
草 扣套 
迪米妮 扣套 
抽象 针 尿 布袋 
雪糕 纱背 睡袋 
王子草 小 睡袋 
草圆帽 
小 床 凉席 
象粉 沙汗垫 
女薄袜 装 
迪米妮 蛤 
森红尿垫 
婴口肩 
森粉 大 被 
森红 小 床笠 
婴 小 床围 
梦 小 床包 
梦 尿垫 
针尿垫 
森咖口 肩 
码 抽 
植物 精华 洗衣液 300ml 瓶装 
手机 新年 红新年 定制 版 
手机 网通 黑色 
手机 网通 香槟色 
品种 板 
品种 板 
品种 板 
品种 板 
品种 板 
热铆 凭证 封 套 
热铆 凭证 封 套 
激光 空白 记账 
激打 明细帐 
激打 金额 记帐 凭证 
钻刀 适用 于 机器 
专用 钻刀 进口 
针式 金额 记帐 凭证 
业务 单据 联单 
业务 单据 联单 
迷你包 激光 
激打 金额 记账 凭证 
激打 金额 记账 凭证 
包角 
系列 专用 钻刀 
系列 专用 尼龙管 
针打 金额 记账 凭证 
入库 单（一式 三联 
出库 单（一式 三联 
机器 维护 
蓝牙便 携式 手 持 打印机 
弗毛低领 套衣 
综合 档案 封套 
信息 服务费 
手机 香槟色 
柴油机 整机 
柴油机 整机 
柴油机 整机 发电机 
探梭 短 外套 
爱普生 办公 投影 无机 芯片 流明 分辨率 
柴油机 整机 
柴油机 整机 
柴油机 整机 
复印机 租赁费 
广告 代理费 
著作权 登记费 
霍尼韦尔 扫描 枪 
软件 服务费 
软件 服务费 
票据 扫描 识别 系统 
热铆 凭证 封 套 
手动 铆装 
业务 单据 联单 一等份 
专用 
专用 
激打 数量 外币 记帐 凭证 
收据 式 三联 单栏 
热铆 账簿 封 套 
手动 铆装 
装订机 配件 
业务 单据 联单 一等份 
激打 分类 帐 
压缩机 
空调 压缩机 
水箱 
静享 吸入式 灭蚊器 典雅黑 
森黄 棉襟 蛤 
哈士奇 
配件 
大 私塾 教养 阶 进 丛书 
标准 支持 服务 
码 抽 
走 进 奇妙 数学 世界 
木偶 奇遇 记 
绿野仙踪 
幼学 琼林 谦德 国学 文库 
笠翁 对 韵/天天 诵读 国学 经典 大字 拼音本 
洗冤 集录 谦德 国学 文库 
营业 房 
金 蝶 智慧 记 店铺 版 服务卡 
编织 
视频 美化 
固态 
台式机 
光纤 转换 
空调 设备 保养
摄影 服务 
纯 
铂金 
电池 
充电器 
电子 防潮 
镜头 
清洁 布
反光 银卡 
造型 
电源
多 功能 
横臂 
沙袋
色 
重型 脚架
移动 
脚架 
柔光 
柔光 
封 包 
复印 打印费 
奥康贝洛 城堡 红 葡萄酒 
酷飞堡 干白 起泡 葡萄酒 
金仓 不锈钢 防盗 
金条盒 
金条盒 
金条盒 
金条盒 
金条盒 
金条盒 
金条盒 
金条盒 
金条盒 
金 镶嵌 钻石 首饰 
铂金 
白焊片 
红焊片 
9K 375白 金
空调 设备 保养
咨询 服务 
咨询 服务 
拍卖 服务 
康格鲁 酒庄 红葡萄酒 
拉维尔 酒庄 红葡萄酒 
米耶城 堡红 葡萄酒 
马萨尔 城堡 红 葡萄酒 
贝莱木兰 古堡 红葡萄酒 
布洛芬 缓释 
对 乙酰 氨基 酚片 
和 胃 整肠 
感冒 灵胶 
复方 板蓝根 
复方 感冒 
乙醇 消毒 
复方 门冬维甘滴 眼液
斧 标驱 
欧化 飞鹰 活络 
外科 纱布 
创可贴 弹力型 
乙醇 消毒液 酒精 
京制 牛黄 解毒 
氨酚 伪麻 敏片 
医用 护理 
骨水
化学药品 原 药 黄道益 活络油 
化学药品 原 药 太极 藿香 正气 口服液 
复方 氨酚 肾 素片 
化学药品 原药 京都 念慈菴 枇杷糖 
瑞珠 聚乙烯 醇滴 
左氧氟 沙星 滴 
金桔 柠檬 
紫外 荧光 
光纤 光谱仪 维修 备件 
台式 机
高线 红外半球 彩色 摄像机 
高线半球 彩色 摄像机 
太阳能 热水 设备 维保
门禁 设备 
路 嵌入式 硬盘 录像机 
高线 红外半球型 彩色 摄像机 
密码 
密码 锁 控制 
首饰 
路 嵌入式 硬盘 录像机 
八路 路 嵌入式 硬盘 录像机 
显示器 
存储 
切换器 
检测 报告 纸
大理石 站台 
封口 
知识 产权 服务 外观 设计 
平板 显示 器件 生产 设备 
酒店 锁 芯片 
18K 镶嵌 饰品 修理 
蛋糕 
支撑柱 
新款 半身 展柜 
伊利 纯 牛奶 
蒙牛 纯 牛奶 
管理费 1月份 
水费 12月份 
增值 电信 服务 
电机 
电脑 
电脑 
液晶 
物流 辅助 服务 
数字 
金 镶嵌 饰品 
模具费 
彩色 半球 摄像机 
红外半球 摄像机 
海康 主机 
报警 按 
电子 
金翡翠 吊 坠 
保温杯 
维修费 
中 方形 盒 外盒 
2017 豪雅 地柜 横版 链坠座 
2017 豪雅 柜扇 形单 戒指座 
背板 画 
传承 系列 背板 版画 
金条 主题 层台 背板 
陈列什 项 
经典 鸭 背板 画 大 配二 小 
绝色 倾心 背板 画 组合 大 配 小 
粉色 几何形 柜层 台 
经典 维度 骄人 主题 特色 柜层 台 时尚链 坠座 小 
经典 维度 骄人 主题 特色 柜层 台底 
经典 维度 骄人 主题 特色 柜层 台 耳环 饰 
经典 维度 骄人 主题 特色 柜层 台链 坠饰 
经典 维度 骄人 主题 特色 人头 座底 
经典 维度 骄人 主题 特色 长形 首饰 
卡通 跨界 狮头柜 层台 福星 宝宝 款 造型 套件 灰色 
经典 维度 骄人 主题 特色 柜层 
经典 维度 骄人 主题 特色 戒指 饰 
怦然 系列 地柜 背板 画 大 小 
时尚 地柜 通用 展示座 大 边框
时尚 地柜 通用 展示座 大 内 
时尚 店橱 窗／展柜 耳环座 
生活 什项 
时尚 地柜 通用 展示座 小 
时尚 地柜 通用 展示座 小 内 
版 时尚 店 展柜 底板 直角 
版 时尚 店 台 底板 直角 
版 时尚 店 展柜 底板 直角 
版 时尚 店 橱窗 展柜 大人 头座 
版 时尚 店 橱窗 展柜 戒指座 
时尚 店橱 窗／展 柜链 坠座 
版 时尚 店 橱窗 展柜 手镯座 
版 时尚 店 橱窗 展柜 小人 头座 
版 时尚 店橱 窗／展 柜层板 低 20mm 
版 时尚 店 橱窗 方柱 高 
版 时尚 店 橱窗 方柱 中 
版 时尚 店 柜水杯 陈列 
版 时尚 店 手链 桥 
版 时尚 店 展柜 方柱 低 
版 时尚 店 展柜 方柱 中 
展柜 陈列 物料 套餐 
展柜 陈列 物料 套餐 
展柜 陈列 物料 套餐 
展柜 陈列 物料 套餐 
时尚店 耳环座 
版 时尚 店 装链 坠盘 
版 时尚 店 戒指座 
版 时尚 店 柜 手链盘 20mm 
黄金 加工 
劳务
技术 服务 
2013 版 绒布 
镜子 
广告 发布 
广告 设计 服务 
电脑 软件 
黄金 饰品 加工 
电脑 
礼品 类什 项
金 镶嵌 翡翠 饰品 
修理 
黄金 饰品 加工 
银饰品 修理 
鲜花 
黄金 饰品 加工 
金 镶嵌 饰品 加工 
铂金 饰品 加工 
金饰品 返 修 
饰品 加工 
金饰品 修理 
镶嵌 饰品 修理 
灯箱 
灯箱 黄铜拉 丝钢 饰面 
灰色 木纹 胶板 色 座地 单面 
狮头柜 
灰镜柜 储物柜 
首饰 配件 加工 
信息 展示牌 
奉茶 
时尚 店展 柜层 台 套餐 含 散件 
员工 
质感 拉丝 名牌 名贵 豪雅 专用 私印款 
婚嫁 职员 铭牌 专用 
陈列杂 
中 方形 盒 黑色 内芯 单镯 
中 方形 盒 外盒 
2017 豪雅 地柜 横版 链坠座 
2017 豪雅 柜扇 形单 戒指座 
背板 画 
传承 系列 背板 版画 
金条 主题 层台 背板 
经典 维度 骄人 主题 特色 柜层 台 时尚链 坠座 小 
粉色 几何形 柜层 台 
经典 维度 骄人 主题 特色 柜层 台底 
经典 维度 骄人 主题 特色 柜层 台 耳环 饰 
经典 维度 骄人 主题 特色 戒指 饰 
经典 维度 骄人 主题 特色 柜层 台链 坠饰 
经典 维度 骄人 主题 特色 人头 座底 
经典 维度 骄人 主题 特色 长形 首饰 
卡通 跨界 狮头柜 层台 福星 宝宝 款 造型 套件 灰色 
时尚 地柜 通用 展示座 大 边框
时尚店 地柜 陈列物 料 定价 足金 密集 货量 
时尚店 地柜 陈列物 料西 金类 少货量 
时尚店 地柜 陈列物 料西 金类 正常 货量 
时尚店 地柜 陈列物 料西 金类 密集 货量 
时尚店 地柜 陈列物 料玉类 密集 货量 
时尚店 地柜 陈列 物料 珍珠类 少货量 
时尚店 地柜 陈列物 料足 金类 少货量 
时尚店 地柜 陈列物 料足 金类 少货量 
时尚店 地柜 陈列物 料足 金类 正常 货量 
时尚店 地柜 陈列物 料足 金类 正常 货量 
时尚店 地柜 陈列物 料足 金类 密集 货量 
时尚店 地柜 陈列物 料足 金类 密集 货量 
时尚店 地柜 陈列 物料 钻石 类 少货量 
时尚店 地柜 陈列 物料 钻石 类 正常 货量 
时尚店 地柜 陈列 物料 钻石 类 密集 货量 
2013 版 时尚 店展 柜／橱 窗柜 对 耳坠 
时尚 店 展柜 狮头柜 壁柜 人头座 小 
时尚 维度 小心 意 主题 特色 柜层 台 大 摆 
时尚 维度 小心 意 主题 特色 柜层 台 小 摆件 
时尚 维度 小心 意 主题 特色 边框 
时尚 维度 小心 意 主题 特色 边框 金色 
时尚 维度 小心 意 主题 特色 柜层 台 边框 蓝色 
时尚 维度 小心 意 主题 特色 柜层 台 大 摆件 画面 
时尚 维度 小心 意 主题 特色 柜层 台 金属 装饰 
时尚 维度 小心 意 主题 特色 柜层 台 金属 装饰 
时尚 维度 小心 意 主题 特色 柜层 台 金属 装饰 
时尚 维度 小心 意 主题 特色 柜层 台 金属 装饰 
时尚 维度 小心 意 主题 特色 柜层 台 亚克力 小 装饰 方块 
时尚 维度 小心 意 主题 特色 柜层 台 亚克力 小 装饰 方块 
时尚 维度 小心 意 主题 特色 柜层 台 亚克力 小 装饰 
时尚 维度 小心 意 主题 特色 柜层 台 亚克力 小 装饰 红桃
时尚 维度 小心 意 主题 特色 柜层 台 亚克力 小 装饰 
时尚 维度 小 展柜 层 
逸彩 系列 地柜 背板 画 大 小 
印刷 类 什项 
时尚 店 大 展柜 套餐 含 底板 
版 时尚 店 柜 手镯座 底座 
版 时尚 店 耳环座 
版 时尚店 地柜 吊坠座 
版 时尚店 地柜 戒指座 
版 时尚店 地柜 链坠座 20mm 
版 时尚 店 装 手镯 
版 时尚 店 柜层 板 33mm 
版 时尚 店 柜层板 
版 时尚店 地柜 插戒 后备盘 装 
版 时尚 店 柜 大 吊坠 后备盘 装 
版 时尚 店 柜单 对 耳钉座 小 
版 时尚 店 柜单 对 耳环座 大 
时尚店 链坠座 大 
版 时尚 店 吊坠座 小 
版 时尚 店 柜单 戒指座 大 
版 时尚 店 柜单 戒指座 小 
版 时尚 店 柜单 链坠 座 小 
时尚店 手镯片 
版 时尚 店 柜单 手镯 竖版 大 
版 时尚 店 柜单 手镯 竖版 小 
版 时尚 店 柜 吊坠 后备盘 装 
版 时尚 店 柜 耳环 后备盘 装 
版 时尚店 地柜 托盘 
版 时尚 店 柜方型 内芯 边框 正反 共用 
版 时尚 店 柜翡 翠单 手镯座 小 
版 时尚 店 柜金 条盘 
时尚店 地柜 怦然心动 散座 
版 时尚店 地柜 人头座 190mm 
版 时尚 店 柜散 座 用 大 牌 仔扣 显示 带 胶套牌 仔用 
版 时尚 店 柜散 座 用 小 牌 仔扣 显示 数字 粒用 
版 时尚 店 柜 手镯 后备盘 装 
版 时尚 店 柜 套装座 大 
版 时尚 店 柜 套装座 小 
版 时尚 店 柜托盘 装 
版 时尚 店 柜托盘 装 
版 时尚 店 柜 项链 后备盘 装 
版 时尚 店 柜 项链盘 男装 
时尚店 柜 项链盘 女装 
版 时尚 店 柜 小底板 
版 时尚 店 柜 斜面 特殊 底板 
版 时尚 店 柜装 托盘 装 
时尚店 地柜 陈列 物料 宝石 类 少货量 
时尚店 地柜 陈列 物料 宝石 类 正常 货量 
时尚店 地柜 陈列 物料 宝石 类 正常 货量 
时尚店 地柜 陈列物 料铂 金类 少货量 
时尚店 地柜 陈列物 料铂 金类 正常 货量 
时尚店 地柜 陈列物 料铂 金类 密集 货量 
时尚店 地柜 陈列物 料 定价 足金 少货量 
时尚店 地柜 陈列物 料 定价 足金 正常 货量 
时尚店 柜 大 手链 桥 
版 时尚 店 柜长型 内芯 边框 
时尚店 柜甄 选盘 
时尚店 柜甄 选盘 
时尚 地柜 通用 展示座 小 
时尚 地柜 通用 展示座 小 内 
版 时尚 店 展柜 底板 直角 
版 时尚 店 台 底板 直角 
版 时尚 店 展柜 底板 直角 
版 时尚 店 橱窗 展柜 大人 头座 
版 时尚 店 橱窗 展柜 小人 头座 
版 时尚 店橱 窗／展 柜层板 低 20mm 
版 时尚 店 橱窗 方柱 高 
版 时尚 店 橱窗 方柱 中 
版 时尚 店 手链 桥 
版 时尚 店 展柜 方柱 低 
版 时尚 店 展柜 方柱 中 
版 时尚 店 柜单 吊坠座 大 
版 时尚 店 柜吊 坠盘 
时尚 店 小 展柜 套餐 含 底板 
时尚 维度 小心 意 主题 特色 柜层 
陈列什 项 
经典 鸭 背板 画 大 配二 小 
绝色 倾心 背板 画 组合 大 配 小 
生活 什项 
经典 维度 骄人 主题 特色 柜层 
怦然 系列 地柜 背板 画 大 小 
时尚 地柜 通用 展示座 大 内 
灯箱 
灰色 木纹 胶板 色 墙纸座 
新款 半身 展柜 
净水器 
银饰品 修理 
成品 
周大福 名贵 豪雅 女冬 灰色 
周大福 名贵 豪雅 男冬 灰色 
周大福 男冬 
版 女装 羽绒 
北京 周大福 女 外套 
利 是 
证书 
结算 
打印 
周大福 经典 款 女 
周大福 经典 款 男 
男 主管 店长 西装
周大福 名贵 豪雅 男夏 灰色 
女冬 孕妇 
抽象针 大床笠 
童趣 记忆 绵床垫 
保证 单（单联 
画册 
会展 服务 
灯箱 
设计 服务 
客单 杂 
版 女冬 西 
时尚店 男 夏 短袖 白色 衬衣 
周大福 男冬 长袖 白色 衬衣 
版 时尚 店 女款 修身衫 
翡翠 毛毯
版 经典 黑腰包 单个 
2013 版 豪雅 店 女 高领 毛衣
周大福 名贵 豪雅 女冬 灰色 
北京 周大福 女 
男 主管 店长 西裤
版 经典 黑腰包 腰带 
周大福 名贵 豪雅 男夏 灰色 
时尚店 女夏 
知识 产权 服务 
防火 警示牌 
防火 卷帘 标识牌 
消防 
消防 
灭火 
优质 灭火器 
充装 灭火器 
周大福 女 长袖 针织 
周大福 司机 男冬 长袖 
周大福 名贵 豪雅 男冬 灰色 
反光 锥 
消防 提示牌 
电梯 警示牌 
电脑 
便携式 电脑
智能 盘点 
黄金 饰品 喜字 组合 
首饰 配件 
黄金 饰品 配件 加工 
网络 设备 租赁 费用 
设计 服务 媒传 报道 项目 服务 
证书 
灰镜 饰面 
饰 面柜 含 门 
塑胶 公仔 蛋糕 陈列 礼品 
18K 镶嵌 饰品 加工 
金 镶嵌 首饰_ 
铂金 
金 镶嵌 首饰＿ 
服务器 
车用 汽油 
料理机 
美 取暖器 电暖器 电暖气 速暖 电热 油汀 
针打 金额 记账 凭证 
激光 定位 半自动 装订 
激光 定位 自动 装订机 
业务 单据 联单 三等份 
金蝶 记账王 带 安全 锁 
铂金 首饰_ 
金蝶 系统 软件 
珠宝 天平
灰镜 
灰镜柜 三角形 
柜台机 
无台灯 连柜 
壁柜 
壁柜 
灯箱 黄铜 拉丝 钢面 
灯箱 无饰面 
壁柜 
灰色 木纹 胶板 色 墙纸座 单面 
红色 面板 
红色 面板 
白色 大理石 纹 墙 砖 
资料 
思 高 固体 
胶纸 切割器 
中性 笔 
双面 胶纸 
电脑纸 
渡边 笔记本 
渡边 页 活页 
渡边 活页 
蓝 月亮 洗手液 
封 口袋 
封 口袋 
封 口袋 
封 口袋 
封 口袋 
封 口袋 印 
封 口袋 
封 口袋 
封 口袋 
双面 泡泡 
汽泡 
消防 服务 
素材 共享 平台 系统 开发 服务 
授权 使用 
会展 包装 陈列 
黄金 饰品 修理 
18K 镶嵌 饰品 
角色 
布置 
粉色 小 熊
粉色 
黄色 
蓝色 
粉色 发 带 
黄色 发 带 
仓储 服务 
空调 维保费 
玩具 
展柜 
灯 
柜灯 
壁柜 直 灯
地 柜灯 左 出 
地 柜灯 左 出 
展柜 
直条灯 变压器 
地 柜灯 右 出 
天花灯 银框 单灯 
柜灯 变压器 
柜灯 变压器 
天花灯 白框 
天花灯 黑框 
天花灯 黑框 
地 柜灯 右 出 
地 柜灯 左 出 
地 柜灯 右 出 
地 柜灯 左 出 
过渡 壁柜 
展柜 灯 
天花灯 单灯 白框 
天花灯 变压器 
天花灯 变压器 
天花灯 单灯 黑框 
天花灯 白框 
天花灯 单灯 香槟 金框 
天花灯 香槟 金框 
展柜 灯 
天花灯 单灯 白框 
过渡 壁柜 灯 电源
套筒 
套筒 灯 电源
环境 
双孔 
双孔灯 电源
回光带 电源
星星 
星星 灯 电源
展柜 射灯 
展柜 射灯 
展柜 射灯 
椭圆形 
椭圆形 
椭圆形 
椭圆形 柜 
狮头柜 内饰 
镜子 
镜子 灯 
镜子 
过渡 壁柜 灯 
壁柜 小射灯 
高 柜灯 
地 柜灯 
狮头柜 星星 灯 电源
展柜 星星 灯 电源
联普达 鼓粉组 惠普
佳能染料 黑色 墨盒 大 容量 
佳能 黄色 墨盒 大 容量 
惠普 鼓粉 组件 
惠普 黑色 鼓粉 组件 
惠普 青色 鼓粉 组件 
惠普 黄色 鼓粉 组件 
海康 威视 网络 摄像机 
积分 
灯箱 
耐力色 带 
锦袋 电商 专用 
电源 
周大福 名贵 豪雅 真皮 腰包 
名片 包
防 雷器 
2013 版 绒布 
婚嫁 蓝 灰色 小 锦袋
2013 版 小号 金条 包装 
2013 版 中号 金条 包装 
小 方形 盒 黑色 内 芯 戒指 
小 方形 盒 黑色 内 芯 小链坠 耳环/胸 针/小手链 
中 方形 盒 黑色 内芯 单镯 
中 方形 盒 黑色 内芯 玉镯 大链坠 大手链 
中 方形 盒 黑色 内 芯 小 套装 
锦袋 中 款 
锦袋 大款 
地柜 
洽谈 桌 客凳
激打 日记 帐 
业务 单据 联单 
工具 什项 货盆 
小 方形 包装盒 戒指 
放大 
热铆 账簿 封 套 
半自动 铆装 
半自动 铆装 
平面 设计 服务 
饰品 加工 
信息 展示牌 
时尚店 双层 壁柜 层台 套餐 含 散件 
装饰 服务 
黄金 加工 
小 方形 盒 黑色 内 芯 小链坠 耳环／胸 针／小手链 
雅地柜 多货量 戒指座 
2017 豪雅 柜单 横版 手镯座 
2017 豪雅 柜 黄金 手镯座 
中 方形 盒 外盒 
2017 豪雅 地柜 横版 链坠座 
2017 豪雅 柜 黄金 后备盘 
2017 豪雅 柜 黄金 柜 项链 后备盘 
2017 豪雅 展柜 人头座 
斜面 通用 底板 
福星 宝宝 狮头柜 层台 星球 主题 电动款 
经典 维度 骄人 主题 特色 戒指 饰 
经典 维度 骄人 主题 特色 人头 座底 
经典 维度 骄人 主题 特色 柜层 台 小 摆件 
经典 维度 骄人 主题 特色 长形 首饰 
经典 维度 上层 背 板画 
怦然心动 小 展柜 层 台 背板 
怦然心动 小 展柜 层 台 背板 
怦然心动 小 展柜 层台 
怦然心动 小 展柜 层 台 链坠 
怦然心动 小 展柜 层 台 小 信封
地柜 背板 
传承 系列 背板 版画 
花月 佳期 系列 地柜 背板 画 大 小 
婚嫁 维度 上层 背 板画 
婚嫁 维度 下层 背板 画 
金条 主题 层台 背板 
经典 维度 下层 背板 画 
卡通 跨界 狮头柜 层台 福星 宝宝 款 红色 框架 
卡通 跨界 维度 上层 背 板画 
卡通 跨界 维度 下层 背板 画 
怦然心动 小 展柜 层 台 
生活 什项 
生肖 橱窗 层 台 云形 挂件 
时尚 地柜 通用 展示座 大 200mm 
时尚 地柜 通用 展示座 大 边框
时尚 地柜 通用 展示座 大 内 
时尚 地柜 通用 展示座 小 
时尚 地柜 通用 展示座 小 
版 时尚 店 展柜 底板 切角 
版 时尚 店 展柜 底板 直角 
时尚 店橱 窗／展 柜链 坠座 
版 时尚 店橱 窗／展 柜层板 中 20mm 
版 时尚 店 橱窗 方柱 高 
版 时尚 店 橱窗 方柱 中 
版 时尚 店 柜水杯 陈列 
版 时尚 店 手链 桥 
版 时尚 店 展柜 方柱 中 
时尚店 格 后备盘 可 拆 格条 
时尚 店 展柜 陈列 物料 套餐 
时尚 店 展柜 陈列 物料 套餐 
时尚 店 展柜 陈列 物料 套餐 
时尚 店 展柜 陈列 物料 套餐 
版 时尚 店 单层 特大 珠链盘 
时尚店 耳环座 
版 时尚 店 柜 手链盘 20mm 
版 时尚 店 柜翡 翠托盘1 
时尚店 柜链 坠座 用 硅胶 口袋 
版 时尚 店 柜散 座 用 小 牌 仔扣 显示 数字 粒用 
卡通 跨界 小 展柜 层台 福星 宝宝款 
时尚 店 展柜 陈列 物料 套餐 
时尚 店 展柜 陈列 物料 套餐 
时尚 店 展柜 陈列 物料 套餐 
时尚 店 展柜 陈列 物料 套餐 
时尚 店壁 柜垫 高层板 20mm 
版 时尚 店 插戒 后备盘 新款 
版 时尚 店 戒指座 
版 时尚 店 柜 手镯座 底座 
版 时尚 店 耳环座 
版 时尚 店 柜翡 
时尚店 柜 大 手链 桥 
版 时尚 店 柜用 单个 胸针 座 
时尚店 柜甄 选盘 
时尚店 柜甄 选盘 手镯 
怦然心动 小 展柜 层 台 
版 时尚店 地柜 吊坠座 
版 时尚店 地柜 戒指座 
版 时尚店 地柜 链坠座 20mm 
版 时尚 店 装 手镯 
版 时尚 店 柜层 板 33mm 
版 时尚 店 柜层板 
版 时尚店 地柜 插戒 后备盘 装 
版 时尚 店 柜 大 吊坠 后备盘 装 
版 时尚 店 柜单 对 耳钉座 小 
版 时尚 店 柜单 对 耳环座 大 
版 时尚 店 柜单 吊坠座 大 
时尚店 链坠座 大 
版 时尚 店 吊坠座 小 
版 时尚 店 柜单 戒指座 大 
版 时尚 店 柜单 戒指座 小 
版 时尚 店 柜单 链坠 座 小 
时尚店 手镯片 
版 时尚 店 柜单 手镯 竖版 大 
版 时尚 店 柜单 手镯 竖版 小 
版 时尚 店 柜 吊坠 后备盘 装 
版 时尚 店 柜吊 坠盘 
版 时尚 店 柜 耳环 后备盘 装 
版 时尚店 地柜 托盘 
版 时尚 店 柜翡 翠单 手镯座 大 
版 时尚 店 柜翡 翠单 手镯座 小 
版 时尚 店 柜翡翠 吊坠 后备盘 装 
版 时尚 店 柜金 条盘 
版 时尚 店 柜散 座 用 大 牌 仔扣 显示 带 胶套牌 仔用 
时尚店 地柜 陈列 物料 钻石 类 正常 货量 
时尚 店 婚嫁 维度 磁铁 画面 
时尚店 经典 维度 磁铁 画面 
版 时尚 店 珍珠盘 
时尚店 时尚 维度 磁铁 画面 
时尚 店 通用 耳环 大款 
时尚 店 通用 耳环座 中 款 
时尚 店 通用 斜面 戒子座 小款 
时尚 店 通用 斜面 项链座 小款 
时尚 店 通用 斜面 项链 座 中 款 
时尚 店 小 展柜 婚嫁 维度 背板 画 
时尚 店 小 展柜 经典 维度 背板 画 
时尚 店 小 展柜 时尚 维度 背板 画 
时尚店 专用 人头座 大 
时尚店 专用 人头座 小 
时尚 维度 上层 背 板画 
时尚 维度 下层 背板 画 
时尚 维度 小心 意 主题 特色 柜层 台 金属 装饰 
时尚 维度 小心 意 主题 特色 柜层 台 金属 装饰 
时尚 维度 小心 意 主题 特色 柜层 台 金属 装饰 
时尚 维度 小心 意 主题 特色 柜层 台 金属 装饰 
时尚 维度 小心 意 主题 特色 柜层 台 亚克力 小 装饰 方块 
狗年 柜层 散件 生肖 
工具 类什项 
狗年 柜层 台04 散件 生肖 方形 
版 时尚 店 展柜 底板 直角 
版 时尚 店橱 窗／展 柜层 板支架 低 
时尚 店橱 窗／展 柜层 板支架 中 
版 时尚 店 橱窗 展柜 大人 头座 
时尚 店橱 窗／展柜 耳环座 
版 时尚 店 橱窗 展柜 戒指座 
版 时尚 店 橱窗 展柜 手镯座 
版 时尚 店 橱窗 展柜 小人 头座 
版 时尚 店橱 窗／展 柜层板 低 20mm 
版 时尚 店 展柜 方柱 低 
时尚 店 大 展柜 背板 
版 时尚 店 柜装 托盘 装 
时尚店 柜甄 选盘 吊坠 
时尚店 柜甄 选盘 戒指 
豪雅 店 斜面 通用 底板 
2017 豪雅 柜 黄金方型 吊 坠盘 
2017 豪雅 柜 黄金方型 金条盘 
背板 画 
大小 展柜 散件 画面 
经典 维度 骄人 主题 特色 柜层 台链 坠饰 
时尚 店 小 展柜 背板 
时尚 店 小 展柜 时尚 维度 背板 画 
版 时尚 店 展柜 狮头柜 多 用 枕头 包 白色 
时尚店 专用 人头座 中 
时尚 维度 小心 意 主题 特色 柜层 台 亚克力 小 装饰 方块 
时尚 维度 小心 意 主题 特色 柜层 台 亚克力 小 装饰 
时尚 维度 小心 意 主题 特色 柜层 台 亚克力 小 装饰 红桃
时尚 维度 小心 意 主题 特色 柜层 台 亚克力 小 装饰 
时尚 维度 主题 特色 狮头 柜 层 
时尚 维度 主题 特色 狮头 柜层 台 亚克力 台阶 
时尚 维度 主题 特色 狮头 柜 层 台 造形 戒指 
孙倩 系列 背板 画 产品 图 
孙倩 系列 背板 画 设计师 图 
通用 方砖1 
通用 方砖 
通用 方砖6 
通用 方砖8 
版 展柜 橱 窗柜 金条 饰座 
珍珠 后备盘 
版 时尚 店 柜方型 内芯 边框 正反 共用 
版 时尚 店 柜横 版 手镯座 
时尚店 地柜 怦然心动 散座 
版 时尚店 地柜 人头座 190mm 
版 时尚 店 柜 手镯 后备盘 装 
版 时尚 店 柜托盘 装 
版 时尚 店 柜托盘 装 
版 时尚 店 柜 项链 后备盘 装 
版 时尚 店 柜 项链盘 男装 
时尚店 柜 项链盘 女装 
版 时尚 店 柜 小底板 
版 时尚 店 柜 斜面 特殊 底板 
时尚店 地柜 陈列 物料 宝石 类 少货量 
时尚店 地柜 陈列 物料 宝石 类 少货量 
时尚店 地柜 陈列 物料 宝石 类 正常 货量 
时尚店 地柜 陈列 物料 宝石 类 正常 货量 
时尚店 地柜 陈列物 料铂 金类 少货量 
时尚店 地柜 陈列物 料铂 金类 少货量 
时尚店 地柜 陈列物 料铂 金类 正常 货量 
时尚店 地柜 陈列物 料铂 金类 正常 货量 
时尚店 地柜 陈列物 料铂 金类 密集 货量 
时尚店 地柜 陈列物 料 定价 足金 少货量 
时尚店 地柜 陈列物 料 定价 足金 少货量 
时尚店 地柜 陈列物 料 定价 足金 正常 货量 
时尚店 地柜 陈列物 料 定价 足金 正常 货量 
时尚店 地柜 陈列物 料 定价 足金 密集 货量 
时尚店 地柜 陈列物 料西 金类 正常 货量 
时尚店 地柜 陈列 物料 珍珠类 正常 货量 
时尚店 地柜 陈列物 料足 金类 正常 货量 
时尚店 地柜 陈列物 料足 金类 正常 货量 
时尚店 地柜 陈列物 料足 金类 密集 货量 
时尚店 地柜 陈列物 料足 金类 密集 货量 
时尚店 地柜 陈列 物料 钻石 类 少货量 
时尚店 地柜 陈列 物料 钻石 类 少货量 
时尚店 地柜 陈列 物料 钻石 类 正常 货量 
版 时尚店 地柜 大底板 
时尚店 柜甄 选盘 
时尚店 独家 维度 磁铁 画面 
版 时尚 店 后备盘 保护膜 
时尚 店 小 展柜 婚嫁 维度 背板 画 
时尚 店 小 展柜 经典 维度 背板 画 
时尚 店 小 展柜 卡通 跨界 维度 背板 画 
时尚 维度 小 展柜 层 
印刷 类 什项 
印刷 类 什项 
版 展柜 橱 窗柜 金条 饰座 
版 展柜 橱 窗柜 金条 饰座 
版 展柜 橱 窗柜 金条 饰座 
转运 珠 主题 层台 背板 
周大福 经典 款 女 
白色 男 长袖 
周大福 男冬 
周大福 名贵 豪雅 女 夏灰色 短袖 
时尚店 男 夏 短袖 白色 衬衣 
周大福 女 长袖 针织 
首饰 配件 
保证单 单打 
保证 单（单联 
保证 单（连打 
小册子
保养 卡
沽货 单
点 号 卡
订货 
记录 
证书 
证明 报告 
修理 
结算 
货品 服务 
顾客 同意 
感谢 
封 
防伪 封箱 
装饰 
交收 通知 
交收 放行 
卡套
手 挽 纸 
条形码
打印 
女冬 孕妇 
版 男冬 西 
版 男夏 
夏季 男款 马甲
夏季 男款 
版 女 夏裤
夏季 女 款 马甲
夏季 女款 
北京 周大福 女 
北京 周大福 女 外套 
翡翠 毛毯
周大福 名贵 豪雅 女 夏灰色 西装
周大福 名贵 豪雅 男冬 灰色 
时尚店 女冬 
版 女装 羽绒 
时尚店 女夏 
优客 形象 店 女 西裤
优客 形象 店 男 西 
周大福 名贵 豪雅 女冬 灰色 
周大福 名贵 豪雅 男冬 灰色 
版 经典 黑腰包 单个 
版 经典 黑腰包 腰带 
周大福 名贵 豪雅 男夏 灰色 
铂 金饰品 样品 
储物 
钢化 玻璃 
狮头柜 配件 
铂金 饰品 修理 
胶棉 
海棉 
饰品 维修 
联想 
植物 租赁 
灯箱 黄铜 拉丝钢 
地柜 
金 配件 加工 
金饰品 配件 加工 
饰品 
黄金 饰品 配件 加工 
11月 清洁 服务 
扇形 
11月 垃圾 
11月 黄金 珠宝 大厦 晚班 清洁 服务 
硬盘 消磁 服务 
上门 服务 
新 世界 集团 限量 月饼 礼盒 
屏风 工作 位 
职员 
打印机 
现代 服务 培训 
预付卡 充值 销售 
咖啡 
拍摄 场地 费
防护 眼镜 
防 酸碱 高效 
版 时尚 店 橱窗 展柜 戒指 
版 时尚 店 柜牌 
版 时尚 店 柜托 后备 
壁柜灯 变压器 
壁柜 直条灯 变压器 
壁柜 小射 
洗 墙 
高 柜灯 
柜灯 
柜灯 
下 
流程 
中 方形 盒 内芯 小 套装 
择石 
水泵 
苯扎氯铵 
复方 穿 心莲片 糖衣片 
维 银翘片 双层片 
飞人 爽水
红枣 姜 
商用 液晶 黑色 低 辐射 
电脑 
电脑 
酒店 
电话 数据 会议 
螺杆式 空压 
冷冻式 干燥 
过滤器 
储气 
镶嵌 饰品 加工 
古驰 经典 奢华 香水 花盒 
配花 鲜花 
蓝牙耳 
空调 维保
拍摄 制作 
客户 服务 系统 
美达斯桌 上 小 书架 简易 收纳架 置物架 木制 创意 可 伸缩果 绿色 
月 特殊 清洁 服务 
软件 
10月 清洁 服务 
10月 垃圾 
装修 设计 
电气 检测 
银 工艺品 摆件 
铂金 镶嵌 首饰 加工 
集团 大厦 楼层 标识 制作 
银饰品 半成品 
10K 白色 金
会议 展览 服务 论坛 相关 服务费 参会 场租 
切换器 
热铆 凭证 封 套 
易 记账 带 安全 锁 
激光 金额 记帐 凭证 
收据 式 联 单栏 
业务 单据 联单 一等份 
塑料 水杯 
电脑 
纯净水 
住宿 
旅游 
电子 广告 
格伟 多 功能 炒菜 炖 锅 
格伟 加湿器 白色 电脑 版 
静享 商用 灭 蚊灯 
标准版 升级 补缴 服务 
车用 汽油 Ⅴ 
旅游 
电子 广告 
捷安特 落地 打气筒 
荣耀 全 网通 标配版 铂 光金 移动 联通 电信 手机 卡 待 
柴油机 整机 
柴油机 整机 
星语 内衣 礼盒 
捉双面 蓝长 套衣 
星空 抱 被 
服装 
针式 金额 记帐 凭证 
热铆 凭证 封 套 
手动 铆装 
保口 肩 
纱 包巾 
竹纤 枕套 
野性 呼唤 世界 文学 名著 思辨 阅读 
教父 
断舍 离 
舒雅灰 床 针织 条纹 
捷安特 警示灯 
捷安特 常规 拔式 糖果色 清脆 机械 自行车 车铃 
捷安特 铝合金 型 锁带 指南针 
捷安特 公路 车 自行车 内胎 
咖啡金 软 
海绵 床垫 
业务 单据 联单 
业务 单据 联单 一等份 
双弹簧 床垫 
深秋绿 床 针织 条纹 
住宿费 
双弹簧 床垫 
柴油机 整机 
咖啡金 适中 
蓝牙 打印机 
标签 
检测 服务 
斑马条码 打印机 热敏 
套装 
中 方形 包装盒 玉镯 大链坠 大 手链 
拍摄 服务 
公用 
排 
洁厕剂 
垃圾 
洗手 
素白 首饰盒 双层 包装 
拍摄 服务 
飞利浦 
电机 
软管 接头
电机 
万 向 
电源 
水箱 配件 
电源 开关
便携 
吸口 
污水 管
过滤 
放水 
狗 春节 主题杯 
单据 
萌 狗 旺 旺集 起 版 费
海棉 
胶棉 
饰品 陈列 
防伪 标签 
无线路 由 
皮套
充电 锂 电池 
办公 软件 
首饰 配件 加工 
空调 设备 安装 工程 
空调 配件 安装 
空调 水泵 维修 
车用 柴油 
车用 汽油 
防护 
安全 鞋
耐 高温 
宣传册 内 
放行 
交换机 
联想 显示 
理线 
显示器 
联想 电脑 
人脸 识别 考勤 
联嘉祥 电源 
视频 传输 
精致 机柜 
数据 集 
卡读卡器
联嘉祥 出门 按 
功放机 
线材 
间断 供 
麦克风
前端 扬声 
电脑 
海康 威视 网络 摄像机 
塑料 作面 类似 箱 包容器 
线扣 
电视 
视频 传输 
壁柜 小射 
壁柜 灯
变压器 
植物 租赁 
明伟 电源
天花 
直接 收费 金融 服务 
镶嵌 饰品 加工 
联想 平板 电脑
集线器 
海康 威视 硬盘 录像机 
鱼丝线 
摩托罗拉 条码 
光纤 激光 打标 
合成 洗涤剂 
牌仔 
明伟 电源
地柜 
环境 
佳能染料 黑色 墨 
佳能 颜料 黑色 墨 
佳能 青色 墨 
佳能品 红色 墨盒 
佳能 黄色 墨 
富士施乐 墨盒 
爱普生色 带 
耐力色 带 
惠普 青色 鼓粉 组件 
惠普 黄色 鼓粉 组件 
惠普 鼓粉 组件 
爱普生 黑色 墨 
壁柜 
展柜 
联普达 鼓粉 组件 
佳能 黑色 墨 
佳能 蓝色 墨 
不锈钢 饰品 
首饰 维修 
翡翠 饰品 
植绒 布
结构 
进 水管 
花 
执 手 锁
稀释剂 
指示 
卡槽
手 喷漆 
燕尾 
时控 
拉爆 螺栓 
电池 
插座 转换 
清洗 
螺旋 节能 
内 
空调 温控器 
脚 轮 
吹 气 
开关 
电工 
联 
玻璃 
玻璃 
镇流器 
空气 开关
排 
方通
龙头 
接触 
保险 管
保险管 
选择 
电源 
美 纹 
焊锡 
除锈剂 
电线 
接线 
波纹 管
纸 纸板制 标签
毛绒 钥匙 
饰品 
黄金 饰品 样品 
代理 手续费 收入 
小 方形 包装盒 戒指 
小 方形 包装盒 小链坠 耳环／胸 针／小手链 
小 方形 盒 黑色 内 芯 戒指 
中 方形 包装盒 小 套装 
小 方形 盒 外盒 
中 方形 包装盒 玉镯 大链坠 大手链 
535mm 新款 
陈列什 项 
中 方形 包装盒 单镯 
中 方形 盒 黑色 内芯 玉镯 大链坠 大手链 
佛佑 系列 背板 画 
福星 宝宝 狮头柜 层台 星球 主题 电动款 圆形 蓝色 中 款 
狗年 柜层 台 散件 吊坠 
狗年 柜层 散件 生肖 转运 珠 格 陈列 
狗年 柜层 台 散 
鸡 橱窗 红色 烫金 背 
怦然心动 小 展柜 层台 
生肖 橱窗 层 台 云形 挂件 
女儿 国 系列 背板 画 
女儿 国 系列 背板 画 
纯翠 背板 画 组合 大 配 小 
版 时尚 店 展柜 底板 切角 
版 时尚 店 柜翡 翠单 手镯座 大 
版 时尚 店 柜翡翠 吊坠 后备盘 装 
版 时尚 店 柜翡 翠托盘1 
版 时尚 店 柜翡 
版 时尚 店 柜横 版 手镯座 
版 时尚店 地柜 特色 底板 
版 时尚 店 柜亚克力 海报 座链 坠 内芯 
版 时尚 店 柜亚克力 海报 套装 内芯 
时尚店 地柜 陈列 物料 宝石 类 密集 货量 
时尚店 地柜 陈列物 料铂 金类 少货量 
时尚店 地柜 陈列物 料 定价 足金 少货量 
时尚店 地柜 陈列物 料 定价 足金 密集 货量 
时尚店 地柜 陈列 物料 珍珠类 正常 货量 
时尚店 地柜 陈列 物料 钻石 类 少货量 
时尚店 地柜 陈列 物料 钻石 类 正常 货量 
时尚 店 展柜 狮头柜 壁柜 人头座 大 
时尚 店 展柜 狮头柜 壁柜 人头座 中 
时尚 维度 小心 意 主题 特色 柜层 台 小 摆件 画面 
时尚 维度 小心 意 主题 特色 柜层 台 小 摆件 画面 
时尚 维度 小心 意 主题 特色 柜层 台 小 摆件 画面 
时尚 维度 小心 意 主题 特色 柜层 台 小 摆件 画面 夏
时尚 维度 主题 特色 狮头 柜 层 
印刷 类 什项 
印刷 类 什项 楼 餐厅 宣传栏 
转运 珠 主题 层台 背板 
时尚 店 展柜 底板 切角 
版 时尚 店橱 窗层 板木杯 高 
版 时尚 店橱 窗／展 柜层板 中 20mm 
版 时尚 店橱 窗底板 
展柜 陈列 物料 套餐 
时尚 店 大 展柜 套餐 含 底板 申领 背板 画面 
时尚店 地柜 陈列 物料 钻石 类 密集 货量 
版 时尚 店 柜用 亚克力 海报 座 对 戒内芯 
时尚 店 小 展柜 套餐 含 底板 申领 背板 画面 
标识 制作 
中方 形盒 小 套装 
工具 
客单 杂 
小 方形 盒 戒指 
服装 
小 方形 盒 小链坠 耳环/胸 针/小手链 
出门 按 
出门 按 
供电 
电锁 一体 机电 源线
出门 按 
间断 供电器 
业务 促销 
调研 服务 
制服 
版 女夏 
优客 形象 店 西 
时尚店 女冬 
黑色 羽绒服 
版 男装 羽绒 
女 主管 店长 西装
男高领 毛衣
洽谈 
特殊 收银 
专柜店 套餐 含 散 
专柜店 套餐 含 散 
专用 
客单 杂 
6.3.3bases 底架 支座 
奉客 
木制品 陈列 铭牌 
木制品 狮头柜 陈列 铭牌 
椭圆 柱座 φ 
圆柱座 专用 
系列 铭牌
木制品 系列 铭牌 
系列 铭牌
系列 铭牌
系列 铭牌
木制品 系列 铭牌 
裸钻 观赏 
灰色 大 底 
展柜 
客单 杂 
时尚店 女 夏 短 
广告 制作 
八路 嵌入式 硬盘 录像机 
策划 服务 
狗年 桃红 福字利 是 封 短款 尺寸 
狗年 桃红 旺字利 是 封 长款 尺寸 
地柜 层 
小罐 
电话 
业务 宣传 
思科 交换机 
设计 服务 品牌 形象 大使 街拍 项目 服务 
设计 
玻璃杯 
壁柜 层 
橱窗 层 
八路 嵌入式 硬盘 录像机 
切换器 
设计 服务 故宫 文化 珠宝 宣传片 拍摄 服务 
平安 宝宝 激光 笔挂 
健康 宝宝 激光 笔挂 
小 程序 开发 
人 
粉色 小 熊
粉色 中 号 熊
粉色 发 带 
黄色 发 带 
蓝色 发 带 
广告 发布费 
展示 
房费 
套筒 
套筒 灯 电源
回光带 电源
星星 
星星 灯 电源
展柜 射灯 
展柜 射灯 
展柜 射灯 
电源
椭圆形 地柜 
椭圆形 
椭圆形 
椭圆形 柜 
狮头柜 内饰 
环境 
眼灯 变压器 
壁柜 直 灯
壁柜 直条灯 变压器 
地 柜灯 右 出 
天花灯 
展 柜灯 变压器 
柜灯 左 出 
洗 墙 
天花灯 
柜灯 
展柜 星星 灯 电源
展柜 星星 灯 电源
柜灯 
柜灯 电源 
狮头 柜 
壁柜 小射 
星星 
6眼 白框天 花灯 变压器 
连接 
柜灯 右 出 
过渡 壁柜 小射 
地 柜灯 右 出 
地 柜灯 左 出 
华北 活动 首饰层 
联想 保护 
设计 搭 建 
机动车 交通 事故 责任 强制 保险 
机动车 综合 商业 保险
打印机 
摄像机 移位 
摄像机 支架
监控 
标签 打印机 
标签色 带
监控 电源
无线 按 
服务器 
后备 电源
电池 
胸牌 
手链 自 戴 神器 公仔款 
印刷 类 画 板
印刷 类 周大福臂 
防火门 标识 
挂 画
挂 画 框架 
易拉宝
小 贴 
横幅 
字画 
电商 人 形立牌 
活动 海报 
活动 装饰 
活动 服务 
台牌 
哑克力 台 
2017 冬季 选货会 
翻译 服务 
智能 交 收盘 维修 
电话 数据 会议 
公关 服务 
有形 动产经营性 租赁 租 车 
集中 供电 电源
海康枪型 网络 摄像机 
光束 聚焦 附件 布鲁克 专用 
光束 聚焦 附件 尼高力 专用 
镶嵌 饰品 
海康 
无线网 
安装 调试 
网线 线材 配件 
单模 双绞 光纤 收发器 
防 雷器 
监控 移位 
新增 网络 数据点 
网络 端口 移位 
电话 端口 移位 
2月 清洁 服务 
2月 黄金 珠宝 大厦 晚班 清洁 服务 
视频 制作 
2月 垃圾 
金 
马达
中式 电磁 单头 炒炉
中式 电磁 双头 炒炉
营养 保健食品 京都 念慈菴 枇杷糖 
瑞珠 聚乙烯 醇滴 
左氧氟 沙星 滴 
金桔 柠檬 
布洛芬 缓释 
骨水
化学药品 制剂 *黄道益 活络油 
创可贴 弹力型 
中成药 太极 藿香 正气 口服液 
复方 氨酚 肾 素片 
和 胃 整肠 
复方 门冬维甘滴 眼液
斧 标驱 
欧化 飞鹰 活络 
外科 纱布 
乙醇 消毒液 酒精 
京制 牛黄 解毒 
氨酚 伪麻 敏片 
医用 护理 
对 乙酰 氨基 酚片 
复方 感冒 
感冒 
复方 板蓝根 
乙醇 消毒 
复方 氨酚烷 
暖 宝宝 取 暖片 
软饮料 丽露 老姜 汤 
云南 白药
化学药品 制剂 白加黑 氨酚 伪麻 美芬片Ⅱ 氨麻 苯美片 
四季 感冒 
抗 病毒 口服 
氨麻 美敏片 
专业 防护 口罩 
地柜 
洽谈 桌 客凳
内网 监管 系统 八大模块 
文档 加密 系统 服务器 
文档 加密 系统 客户 
内网 监管 系统 八大模块 
白色 防拆 贴 
悬浮 门台 
悬浮 门 小 遥控器 
座地 单面 
不锈钢 包边 水晶字 变压器 
条码 
促销 服务 
保养 人工 合约 费
空压机 配件 
高线枪式 彩色 摄像机 
软件 
路 嵌入式 硬盘 录像机 
网络 宽 动态半球 彩色 摄像机 
网络 红外半球 彩色 摄像机 
出门 按 
电 插 
节庆 金色 心形 铝膜 气球 
节庆 金色 风车 玻璃 贴 大 
节庆 银色 风车 玻璃 贴 大 
节庆 金色 风车 玻璃 贴 小 
节庆 银色 风车 玻璃 贴 小 
节庆 手 持 风车 大 
节庆 手 持 风车 小 
技术 服务 
青岛 专营店 首饰层 
华北 展会 活动 首饰层 
专柜店 柜层台 套装 
专柜店 柜层台 套装 
时尚店 双层 壁柜 层台 
南京 专营店 首饰层 
豪雅 名贵 壁柜 层台 
时尚 店展 柜层 台 
佛山 万科展 会 活动 首饰层 
周大福 灰色 地毯 
周大福 地毯 
干 胶 订 
干 胶 订 
干 胶 订 
干 胶 订 
干 胶 订 
不锈钢牌 
干 胶 
配件 
首饰 道具 
沙发
有 铅锡 
后 摄像头 
异方性 导电 
柔性 线路 
磨砂袋 
消费 
福临门 食用油 一级 大豆油 中粮 出品 
金龙鱼 食用 油压 榨 一级 特香 花生油 5L 新 老 包装 发放 
预付卡 消售 
羊肉
羊条
羊排 苏尼特 
羊 腰子
牛肚梗
牛胸口 皓月 
牛肉 温面 用 
牛肋排 蜀海 
牛筋
牛 里 
猪心管 皓月 
月牙骨 顺达 
金钱骨 华正 
松阪 肉 
猪 心脏
猪 
月牙骨 华正 
猪心管 个人 
金钱 骨 铁岭 
玉米 伴侣 百果 飘香 
十三香 王守义 
胡椒粉 
辣椒面 粗 
蜂蜜 峰仙廷 
鸡翅 德祥 
鸡 中 宝 安心 
墨鱼丸 富新香 
羊 排料
特辣 
烧烤串 
牛肚梗 湿 
月牙 骨料
鸡 中 宝料油 后 厨用 
鸽子 
生 拌 
麻辣 油
麻辣 月牙 
大 干料
冷面 原汁 延吉店 
大头菜 
冷面 酱 
细料 料包 
明太鱼料 包
拌 面料 包 
芝麻料 料包 
特辣料 料包 
孜然面 料包 
孜然粒 料包 
板筋酱 料 
串料
烤韭菜 
鸡翅 
鸽子 
鱿鱼 
杏鲍菇 
辣串 干料 
泡羊肉 
掌中宝料 加工部 用 
蜜汁 鸡翅 
麻辣 
土豆饼 料 
鸡胗 大润 
大红 
鸡爪 大润 
小 鱼 花生
醉蟹 
香肠 优一品 
把 
玉米 
刀 切面
馒头 营业 
长寿 
芝士年 
蓝莓
鱿鱼串 老鸡 
去 皮 五花肉 华正 
金针菇
猪皮 华正 
干 豆腐
牛肋 排 味千 
筋皮 味千 
板筋
牛鞭 皓月 
白萝卜
羊酱 
饮品 
配件 
工作 
联名 锁 
爱仕达 不锈钢 复底 蒸锅 不锈钢 蒸锅 蒸笼 燃气 电磁炉 通用 
玫瑰 金色 移动 联通 电信 手机 
捷安特 清洁剂 除锈 去 污 
捷安特 工具组 
功能 工具组 
静享灭 蚊灯 玫瑰金 
益生菌 复合果 蔬酵 素粉 
金蝶 激光 数量 明细表 金蝶 账簿 
深圳 通 充值 
环氧乙烷 氮气 混合 
丙烯醛 氮气 混合 
二氧化氮 氮气 混合 
二氧化硫 氮气 混合 
硫化氢 氮气 混合 
广告 发布费 
探针 短帽 外套 
台儿庄 大战 
中国 古代 军戎 服饰 
红星 照耀 中国 青少版 
平凡 世界 普及 本 
江 浙 沪 包邮 胥城 现烤 鲜肉 月饼 装 
场地 租赁 
惠普 笔记本 电脑 独显 上门 黑
针式 金额 记帐 凭证 
手 持式 屏幕 扫描枪 支持 二维码 
钱箱 白色 钱箱 
安卓 触屏云 
金蝶 自动 财务 装订机 
激光 分类 账 
远程 打印 控制器 型 
金 蝶妙 想 条码 仓储 管理 应用 软件 旗舰版 
采集器 二维 带 联通 模块 硬件 
云桌面 
小米 红米 全 网通版 香槟金 移动 联通 电信 手机 卡 待 
得力 透明 按 扣 文件 袋 资料袋 公文袋 蓝 
广博 稳固型 联 文件栏 文件 筐 文件 架 办公 用品 蓝 
蓝 月亮 厕宝 洁厕 宝蓝 泡泡 马桶 除臭 去 味 松木香型 
金蝶 网络版 在线 会计 企业 版 代账 会计 电算化 会计 财务 友商 网 
惠普 小 欧 笔记本 电脑 显 
金蝶 企业 管理 服务 平台 软件 
综合 档案 封套 
预付卡 消售 
生活区 集团 大厦 化粪池 清理 
广告 服务 
云 服务 
激打 分类 帐 
针式 空白 记账 
热 铆帐 薄 封套 
云 服务 服务 
服务 
固体 精油 
固体 精油 
香氛 
首饰 配件 加工 
设计 服务 广告 物料 费用 
固体 精油 
香氛 
激打 数量 外币 记账 凭证 
互联网 设计 制作 服务 
双肩 背包 黑色 
封装 用品 
广告 位 租金 
烘焙 大礼包 
海螺 船 纱布 内衣 礼盒 
收据 式 三联 多 栏 
广告 物料 制作 
纯净水 
塑料 水杯 
电脑 
住宿 
旅游 
电子 广告 
手机 网通 香槟金 
专用 钻刀 进口 
针打 金额 记帐 凭证 
净享 上 加 水 桌面 加湿器 白黑 触控 版 
迪米奇 套 拆套 
草套 拆套 
精选 读诵 
传习 手册 
定制 背包 
慢 严 舒柠 复方青 橄榄利 咽 含片 
昆 中药 感冒 消炎片 薄膜 衣片 
昆 中药 感冒 疏风片 
群祥 泰邦 创 口贴 轻巧型 
得力 双支装 硒鼓 碳粉盒 硒鼓 适用 惠普 
京标 汽油 
捷安特 落地 打气筒 
预售卡 充值 
手机 网通 高配版 香槟色 
咖啡金 外套 
金蝶 软件 
软件 
针打明 细帐 
激打 数量 外币 记账 凭证 
增值税 发票 系统 金税盘 
增值税 发票 系统 金税盘 时钟 分离 
防伪 税控 报税 
专用 
印刷 牌匾 画册 
机器 维护费 
手机 网通 黑色 
手机 网通 黑色 
手机 网通 玫瑰金 
手机 网通 金色 
手机 冰焰 蓝 
手机 网通 金色 
手机 网通 黑色 
手机 黑色 
手机 香槟色 
金立 手机 炫影 黑 网通 手机 
手机 网通 黑色 
海绵 床 垫套 
万途 加湿器 增强 版 
万途 加湿器 标准 版 
充值卡 
农村 低压 电网 维护 
餐饮费 
活动 服务 
婴幼儿 服装 
可 充电 尾灯 
大 链条 锁 
车 灯 
捷安特 糖果 色梭 织布 大 容量 环保 美观 折叠 车篮 
休闲 头盔 
捷安特 头盔 
双面 
听筒 防尘 
摄像头 镜片 双面 
导电 
绝缘 
婴 蛤 
折叠 推车 
三九 胃泰颗粒 
同仁堂 知 柏地 黄丸 
专用 
针打 数量 外币 记账 凭证 
客运 服务费 
江西 民济 鲜竹沥 
健 佳 乳酸菌 素片 
欧洁 棉签 
健 佳 板蓝根 颗粒 
吸 油 过滤器 
空气 滤清器 
自封式 吸 油滤 油器 
软件 服务费 
罗技 高清 网络 摄像头 
油站 
劳务费
激打 明细帐 
针 打 总 分类 帐 
半自动 铆 装机 
白电 冰箱 肥 
手机 网通 香槟色 
腾药 藿香 正气水 云南 腾冲 
慢 严 舒柠 咽炎片 糖衣片 
耳饰 
书香 心意 瓶装富硒 笋豆 纯 手工 无 添加 休闲 食品 包邮 
鸡蛋 
押运 服务 
2018年 2月 厂房 租金 
2018年 2月 厂房 物业 管理费 
2018年 1月 厂房 水电费 
运费 
业务 促销 
现代 服务 活动 拍摄 
评估 服务 
营销 活动 费
代 收订 房款 
授权 
上下 画 服务 
鲜花 地毯 服务 
餐饮 服务 +餐费 
婴童车 白色 车架 
现代 服务 现代 服务 
现代 服务 
设计 制作费 
维达 抽纸 超韧 抽 软 抽 小 规格 整箱 销售 
配送 
软饮料 百事可乐 把 乐 带 回 家 箱装 
美 汁源 果粒橙 果汁 饮料 橙汁 整箱 装 可口可乐 出品 年货 
怡宝 纯净水 贩装 华润 怡宝 出品 饮用水 
清洁 费
搬运费 虹桥 友谊 分店 新 天地 新 天地 分店 车牌号 皖 
委托 代理 业务 服务 
床 上 用品 
技术 服务费 系统 部署 服务 
现代 服务 
消防 工程 
活动 服务 
11月 至 18年 1月 管理费 
运保费 
红 纱 汗垫 
红纱 餐巾 装 
森蓝 裆衣 
森蓝密裤 
森蓝 尿垫 
订制品 
二代证 读卡器 软件 酒 软件 专用 
业务 单据 联单 一等份 
建筑 
薇诺娜 透明 质酸 修护 贴 敷料 昆明 贝泰妮 
稳健 医疗 医用 护理 口罩 
康顾 多 普通 医用 口罩 医用 纱布 口罩 
健 佳 润肺 止咳 胶囊 
通生 理性 海水 鼻腔 喷雾器 
静享灭 蚊灯 蓝 
文化 自信 民族 复兴 
云服务 
书香 心意 瓶装富硒 笋豆 纯 手工 无 添加 休闲 食品 包邮 
斯泰克 风扇 学生 办公 台式 迷你 桌面 小 风扇 小 电扇 白色 
树脂
手机 网通 玫瑰金 
手机 网通 黑色 
金 蝶 智慧 记 店铺版 站点 
友商 在线 进 销 存 标准版 站点 
甲基丙烯 酸异 冰片 
车队 版 手套 
纤维 
捷安特 链条 锁 
餐费 营销 活动款 
手机 
手机 玫瑰金 32GB 
建筑 
牛肉粉 调料 味 
白糖 银霞 
海鲜 酱油 海天 
品 鲜 酱油 海天 
老抽王 海天 
蚝油 李锦记 
高醋王 天池 
韩国 胡椒粉 
味椒盐 星火 
味精 福瑞 
一品鲜 酱味轩 
韩国 味香 倒翁 
辣椒酱 英潮 
蒸鱼 豉油 
美 天 方便 面料 美天 
甜 玉米粒 吉美 
铁丝方 
黑 
一次性 手套 超凡 
卫生间 大 
厨房 一次性 吊卡 
对讲机 
白钢 
薄荷糖 
大 黑袋
特大 
小 白袋
丰茂 打 
彩色 玻璃杯 
湿巾 
天然 竹妃 抽 
创 好 
丰茂 一次性 纸杯 
玩具 
胶棒 续力 
中性 笔芯 笔 
纸 亚 太 
打价纸 彩色 
打价纸 白色 
线手 
大 胶皮 手套 
小 胶皮 手套 珍爱 
火夫 手套 汉邦 
洗衣粉 
烤箱 除 垢药片 方 
烤箱 清洁 药片 圆 
烤串 机电机 开关 升降 
山楂片 八起山 
微波炉 玉米花 沈农 
家福酱油 申联 
青芥辣 味（日式 
凤球 唛鸡粉 好 鲜味 
鸡腿 
大米 员工 餐 
猪肉 
馒头
苹果 
苹果 
木耳 员工 餐 
偏口鱼 员工 餐 
优酸乳奶 员工 餐 
元宵 员工 餐 
香蕉 
伊利 纯 牛奶 
悠诗诗 无糖清 咖啡 黑 咖啡 饮料 
通行 
抗氧剂 
管 易 标准 版 
管 易 现场 实施 实施 包 
舒筋健 
开式 水壶 架 
泥除 
捷安特 眼镜 可 配 光学 内框 
长袖 抓绒 恤 
Liv 丽以芙 轻薄防 风雨 马甲 
轻薄 休闲 骑行服 
碎碎 
车载 迷你 净化器 红色 
2013 
致 良知 是 伟大 力量 译文 版 
阳明 先生 模板 像 
穿 线 
全塑 管材
石锅 拌饭 
冷面 
玉米 面条 
细料 料包 青岛 
特辣料 料包 青岛 
板筋 酱料包 青岛 柏兰 
萝卜块 
萝卜 
餐巾 纸 
米酒 
男棒球 
棒明 鱼
空运费 
米酒
宏达 物流 运费 
工作站 
键盘 
插板 
醋 精王 天池 
粗 辣椒 
小苏打 云鸟 
辣椒面 细 
韩国 大酱 好 餐得 
冷面 原汁 外地店 
猪 皮料
心管 
温面 酱 
拌 牛肉 
鸡丸子
新 丰茂 胸卡
前厅. 厨房 帽子 
厨房 大 黑围 
夏 后 厨服 男 
夏 后 厨服 女 
折叠 烧烤炉 丰茂 
木耳
干明 鱼丝
干蕨 
山糜子 
明太鱼 
真空 冷面 
塑料 菜板
乐柏美 
乐柏美拖 把 
明太 鱼头
海带 
饭勺 客人 用 
料碟 
串盘 
加 
麻辣油 梨江花 
印刷品 页 
烤串 机电机 
蒸明 鱼
毛刷 
大 钎子
冷面 汤勺
锅巴 品香 
碳烤 
日用 杂品
金蝶 空白 凭证 纸 
餐饮 
检测 费
系列 汽车 维修 综合组 
切纸 
刀片
打气 
开孔器 
白灰
板牙 
详见 销货 清单 
板牙
切片
云石 
洁厕 
插座 
喷漆 
阀门 
垃圾桶 
刷子 
发 泡 
拉卯枪
拉铆 
涂料 
焊条 
喷漆
编织袋 
喷壶 
银浆 
清洗 
布块
尼龙 
防 撞 桶 
马扎
松动剂 
白腊杆
抽 管道 污水 
管道 疏通
电焊 把 
塑料 
花 
卡子
紧线器 
稳压器 
健 佳 玄麦 甘桔 颗粒 
康缘 桂枝 茯苓 胶囊 
嫩豆腐 汤
支 
房地产 开发 商业 用房 置地 广场 商 
友商 在线 会计 版 站点 
a 天 追风膏 桂林 华润 
横峰 鲜竹沥 
康美 净山楂 
康美 当 归 
冈本 避孕套 天然 胶乳 橡胶 避孕套 原 冈本 安全 天然 胶乳 橡胶 避孕套 质感 超薄 
大卫 早早孕 检测 试条 人绒 毛膜 促 性腺 激素 检测 试纸 胶体金法 
多 多 乳酸菌 素片 
友商 在线 进 销 存 标准版 站点 
训练 假 人
奖杯 
维达 抽纸 超韧 抽 软 抽 中 规格 整箱 销售 
维达 超韧 卫生纸 整箱 销售 
进口气 
美 电 压力锅 锅 胆 智能 预约 高压 
电影 票
手机 新年 红新年 定制 版 
手机 网通 黑色 
手机 网通 香槟金 
手机 冰焰 蓝 
手机 网通 金色 
手机 网通 黑色 
手机 网通 香槟色 
手机 网通 黑色 
手机 网通 高配版 香槟色 
金立 手机 炫影 黑 网通 手机 
手机 香槟色 
手机 网通 黑色 
手机 网通 黑色 
手机 香槟色 
手机 黑色 
金立 手机 网通 手机 太空金 
金立 手机 大 金钢 爵金 网通 手机 
金立 手机 香槟金 网通 手机 
防火 
泰 诺片剂 酚麻 美敏片 
金立 手机 靛灰 蓝 4G 网通 手机 
圣果树 庄园 红玉设 拉子 干红 
金立 手机 樱花 金 网通 手机 
金蝶 短信 充值卡 面值 适用 金蝶 办公 协同 
手机 网通 香槟色 
手机 黑 
手机 网通 黑色 4GB 
金立 手机 网通 爵士金 
新 代 账 管家 账套 用户 
梦 大 床笠 
精尿布 装 
星开裤 装 
足 蓝裆裤 
蓝保 蛤 
意机 中 睡 袋 
植羽 短帽 外套 
探毛 短帽 外套 
分脚 中 睡 袋 
森蓝 中 睡 袋 
迪米奇 裆衣 
冠星 蓝 提襟 蛤 
迪三眼仔 裆衣 
伞车 红 辣椒 
森色 开衫 
经典 针背裙 
快梭 背裙 
下 梭头 箍 
快梭 短裤 
提花 纱口 肩 
致 良知 是 伟大 力量 导读 版 
阳明 先生 立志 像 
静享 吸入式 灭蚊器 白 
维修费 
激打 多 栏 明细帐 主 
连接器 
童装 
九阳 酸奶机 
臂 包
森蓝短 套衣 
森蓝 中 裤 
英梭 短裤 
重复 英氏 儿童 内衣 套装 夏季 男女 宝宝 棉质 短袖 短裤 
螺纱 拆裤 
莫曼顿 宝丽来 偏光 镜片 儿童 眼镜 
莫曼顿 联名 款 儿童 款 头盔 
儿童 短指 系列 手套 
捷安特 铝缸 美 法 通用 迷你型 打气筒 
垫套 窄 
小米 红米 全 网通 内存 深空灰 移动 联通 电信 手机 卡 待 
魅族 全 网通 移动 版 2GB 冰河 白移动 联通 电信 手机 卡 待 
毕亚兹 魅族 魅 无 蓝 手机壳 保护套 包 防 摔 磨砂 外壳 质感 磨砂 系列 
男士 钱包 竖 无 款头 层 牛皮 皮夹 短款 商务 休闲 钱夹 
男士 钱包 竖款 牛皮 皮夹 短款 商务 休闲 钱夹 
服装 鞋帽 
快递 
汽车 用品 
带 钢
凭 
工资 单型号 
金 南 讲 世界 大 格局 中国 有 态度 
希腊 神话 插图 本 译林 名著 精选 
海德格尔 自述 西学 系列 
惠普 墨 
惠普 合 激光 一体 
惠普 激光 打印机 
秋田 
秋田 
惠普 照片 
齐心经典 办公 用 笔 
佳能 墨盒 
爱普生 针式 打印机 
爱普生 喷墨 打印机 
惠普 喷墨 一体 
爱普生色 带 
兄弟 激光 打印机 
联想 墨 粉盒 
理光 墨 
联想 
联想 激光 一体 
爱普生 
兄弟 
兄弟 原装 添加 
兄弟 包缝 
联想 激光 打印机 
兄弟 
理光 
秋田 
柯美碳 
富士施乐 激光 打印机 
佳能 相片 
兄弟 针迹 功能 缝纫机 
兄弟 针迹 功能 缝纫机 
惠普 合 激光 一体 
联想 激光 多 功能 一体 
惠普 喷墨 打印机 
填充 墨 
兄弟 墨 
兄弟 标签 机色 带 
爱普生色 带 
惠普 合 一体 
兄弟 标签 
理光 数码 
联想 
理光 墨 粉盒 
惠普 合 一体 
爱普生 喷墨 一体 
兄弟 针迹 功能 缝纫机 
秋田 
松下 扫描 
东禾硒 
联想 平 推 票据 打印机 
兄弟 激光 一体 
树森 
秋田 墨 
齐心 护 
秋田 
齐心 塑 机
秋田佳能 
柯美 黑白 复合 
信开色 带
佳能 原装 填充 
国产 
佳能 小型 照片 打印机 
佳能 三合一 喷墨 一体 
惠普 合一 
佳能 彩色 墨水 纸张 组合 照片 打印机 耗材 
金士顿 
齐心 财务 装订机 
齐心 财务 凭证 装订 
佳能 高 容量 打印机 
佳能 四合一 喷墨 一体 
富 可 视 超 高清 液晶 电视 
福建 红薯 蜜薯 地瓜 礼盒 
手机 金 
金立 手机 暗 夜 黑 网通 手机 
手机 网通 金色 
通讯 器材 配件 
电信 服务 
森红棉 袍 
森红 棉裆裤 
信息 系统 增值 服务 
金色 豪床 
旅游 
食物 
大豆 
云 
礼梭裙 套 
文具 耗材 
日用品 
捷安特 夏季 头巾 
捷安特 青少年 运动版 炫彩 短指 手套 
捷安特 专业 公路 版 骑行 头盔 
成品油 卡 
管理 实践 珍藏版 德鲁克 管理 经典 
定义 股权 激励 非上市 公司 股励 员工 精 
卓有成效 管理者 珍藏版 德鲁克 管理 经典 
勾机 挖掘 工程 
广州 种业 小镇 建设 指挥部 钢 结构 安装 工程 
快针 背裙 
经典 梭 短袖 套衣 
传针 背裙 
传 针衣 裤套 
新华 成语 词典 版 精 
明朝 故事 彩色 插图 本 中国 历史 故事 集 
棉襟 蛤 
四季袜 
会员 服务费 
友商 在线 加 站 加 
预付卡 充值 销售 
蓄电池 
瑞蓝 礼盒 
友商 在线 进 销 存 标准版 站点 
输入 设备 装置 
乙二胺四乙酸 进口 
三(羟甲基 氨基甲烷 进口 
曲拉通 进口 
吖啶 橙 进口 
无 水 磷 酸氢 钠 
氯化 
枸橼 
九阳 豆浆机 
九阳 电饭煲 
九阳 空气 炸 锅 
配件 
格伟 加湿器 黑色 电脑 版 
双肩 背包 黑色 
友商 在线 会计 版 站点 
全自动 专用 
微信 平台 服务 
餐费 
巧克力 
手机 网通 热力红 
手机 网通 雪盈白 
九阳 破壁 调理机 
九阳 空气 炸 锅 
九阳 电烤箱 
九阳 搅拌机 黑色 
九阳 原汁机 
信息 服务费 
汽油 
汽油 
大脑 整理术 
简 宇宙史 
练习 从 新手 到 大师 
赛场 新 搭档 赛车 总动员 速 挑战 拼插 故事 书 
终极 争霸赛 赛车 总动员 速 挑战 拼插 故事 书 
赛车 总动员 贴纸 收藏 适读 
竹短裤 
缤针 短蛤 
阳针 短裤 
声律 启蒙 吴冠中 插图 珍藏版 精 
东京 精 
清道夫 法医 秦明 系列 
手指 法医 秦明 系列 
无声 证词 法医 秦明 系列 
汽油 
设备 维修费 
森红 小 被 
中文版 从 入门 到 精通 附 光盘 全彩 实例版 
纯长 蛤 
冠星 红提 蛤 
博朗 电动 剃须刀 系 德国 进口 全身 水洗 刮 胡刀
卓有成效 管理者 珍藏版 
男人 来自 火星 女人 来自 金星 升级 版 
白鹿原 
针男 三角裤 装 
拉菲 珍藏 梅多克 干红 
英针 短蛤 
软件 
生活 中 重要 小事儿 
日本 隐逸 日常 
音乐 自由 精 
蓝派针 背心 装 
写 给 看 设计 书 版 
欢迎 来到 猴子 馆 冯内古特 黑色 幽默 作品集 
天才 在 左疯子 在 右 完整 版 
杀死 知 鸟 纪念版 精 
荷马 史诗 奥德赛 精 名著 名译 丛书 
高 效能 人士 习惯 纪念版 升级 
资本 王 全球 私募 王 黑石 集团 成长史 经典 版 
儿童 恐龙 百科全书 精 
解读 区块链 定义 未来 经济 
进口 奔富 
海王 复方 甘草片 福州 海王 
龙城 氨咖 黄敏 胶囊 康 
自动 卷发器 
九阳 破壁 调理机 
泰昌 足浴盆 
九阳 豆浆机 
九阳 营养 破壁 调理机 
泰昌 足浴盆 
九阳 洗碗机 
意大利 玩全 攻略 全彩 升级 版 
野蛮 奋斗 当 一无所有 时 靠 成功 
腾药 保和丸 云南 腾药 
激光 定位 半自动 装订机 
交通费 
兔 大 睡袋 
爱 听 故事 金 头脑 开发 图画 书 
动物 触摸 认知书 
认物 撕 烂 启蒙 早教 翻翻 书 
自然 现象 触摸 认知书 
崔玉涛 图解 家庭 育儿 小儿 营养 与 辅食 添加 最新 升级 版 
餐费 营销 活动 款项 
送货单（一式 三联 小 
增值税 税控 系统 技术 维护 
手机 全 网通 星空紫 
机械 租赁 
防爆 压力 变 送 
手机 网通 梦镜红 
迷你 收银纸 排 
维宏 阿奇霉素 分散 片 
健 佳 普洛必达 布洛伪 麻软 胶囊 
服装 
捷安特 带 防尘 盖 水壶 
水壶架 
气筒 
金蝶 支票 领用 单 手写 单据 账务 单据 金蝶 账册 财务 审批单 
差旅 费用 报销 单 
嘟 
嘟 
基金 投资 入门 全民 学 理财 
与 开发 实例 精解 前端 撷 英馆 
名 侦探 守则 精 
杀 加贺 探案 集 
甲级 白条 
霍乱 时期 爱情 精 
白夜 行 精 
狡猾 情感 愤怒 嫉妒 偏见 让 决策 理性 精 
游戏 改变 世界 游戏化 让 现实 变 美好 经典 版 
北鸢 
目送 人生 书 
行走 人生 精 
激光 金额 记账 凭证 
加站 加 模块 
健佳人 柔湿巾 
新 梭长 袖裙 
蓝 四季袜 
手机 全 网通 深 海蓝 
邯康 氯雷 定 胶囊 河北 东风 
甲级 白条 猪肉 
手机 全 网通 樱桃红 
走 夜路 请 歌唱 
月亮 
皮囊 精 
金蝶 凭证 封面 
健 佳 感冒 灵胶囊 
甲级 白条 猪肉 
小麦 
梦男 三角裤 
梦 男 平脚裤 
汉字 上 幼小 衔接 学习卡 
守家 小兔 保护 幼儿 安全 宝典 
游戏 爆炸 男孩 
字母树 精 
讲 故事 欢乐篇 暖 房子 经典 绘 系列 暖 房子 绘本馆 
稳健 医疗 医用 护理 口罩 黄冈 稳健 
小 购物 
健 佳 蒲地蓝 消炎片 
格伟 厨房 榨汁机 
身边 科学 精 
狼国 女王 中国 动物 小说 名家 经典 
鸟奴 动物 小说 大王 沈石 溪品 藏书系 
小学 英语 随堂 故事 附 光盘 年级 彩绘 本 
住 在 楼上 猫 名家 儿童文学 精选 系列 
玩转 数学 流淌 数学 
数学 棒 给 孩子 数学 启蒙书 
荒岛 历险 数学历 险 故事 典藏版 中国 科普 名家 名作 
森红 拆 裤 
捉 红拆裤 
航背 短套 
贝襟 短套 
彩棉 背心 
濠品肠 原味 
桃李 铜锣烧 糕点 豆沙馅 成都 桃李 
雪兰 益生菌 风味 发酵乳 
霍尼韦尔 扫描枪 带 开票 功能 
友商 在线 在线 会计 进销 存 标准 版 站点 
海尔 冰箱 
货主 会员 套餐 
王针 长裤 
石蜡
竹长 襟蛤 
初针 长蛤 
蓝棉 方巾 
草黄 拆裤 
摘星 针 短蛤 
彩棉 扣裤 
源码 剖析 
安全 简史 从 隐私 保护 到 量子 密码 
绿联 转 转换 线迷 高清线 苹果 
理光 黑色 碳粉盒 适用 
甲醇 
车用 汽油 Ⅴ 
乐虎 氨基酸 维生素 功能 饮料 牛磺酸 强化 
豪华 餐椅 
男薄袜 装 
庆芳 月 下 笛工夫 红茶 
至 尚美家 男 凉拖 
滑轮 
美丽 雅 玫瑰 水桶 大号 
易达 档案盒 
得力 资料 
喜迈 复印纸 超值装 认证 
广博 彩色 网格拉链 袋 
云南 白药 
麝香 痔疮栓 马应龙 
麝香 痔疮膏 马应龙 
维生素 片 东北 
通便灵 胶囊 药信 
复方 丹参 
络活 
拜糖 
瑞易宁
地奥 心血 康
一次性 塑杯 
一次性 塑杯 
齐心书 立 
爱仕达 折叠 水果刀 系列 
折叠 手推车 
折叠 手推车 
金立 墨玉黑 网通 手机 
九阳 果汁机 
九阳 养生壶 
纳米钛 蒸汽 卷发器 
九阳 原汁机 
用友 软件 
货主 会员 套餐 
会员 升级 套餐 
纯长袖 对襟 
辰针 长 外套 
象 背心 
蛋糕 
会员 套餐 
会员 套餐 
会员 套餐 
白盘 皮带 
丽芝士纳 宝帝 奶酪 味 威化 饼干 
农夫 山泉 水 葡萄 果味 饮料 
润世 
阿弥陀佛么 
项目 开发 实战 版 图灵 程序 设计 丛书 
蒙台 梭利 早期 教育法 
社保 登录宝网 上 申报 服务 
配件 
捷安特 单速 常规 补修 防锈 处理 链条 
应用 设计 模式 
秘籍 版 
中华 崩溃 扩大 魏晋 南北朝 精 讲谈社 中国 历史 
活 回来 男人 普通 日本 兵 二战 战后 生命 史 精 
零星 修缮 服务 
迪总 动员 襟蛤 
插画师 苹果 7钢 化膜 钢 化膜 全屏 覆盖 高清 防爆 玻璃 手机 贴 膜 前 膜 白色 
红米 全 网通版 内存 黑色 
详见 项目 清单 
食品 
纯开裤 
精 葡萄 糖酸 钙 口服 溶液 
维生素 滴剂 胶囊型 
配镜 云南 倍扬 云南 倍扬 
连接线 数据线 
入 日本 配方 
兔之力 兔の力 樟木 除 湿剂 除 湿袋 入 日本 配方 
英针 短裤 
迪针 圆领 短 套衣 
男 睡 外套 
海梭 长帽 外套 
云襟蛤 
派梭 长帽 外套 
棉方巾 
棉 大 浴巾 
海针 长蛤 
保毛 马夹 
竞赛版 品牌 英国 进口 小羊皮 短指 手套 
捷安特 精准 防 破坏 扭力 扳 手工具 组 
朗迪 碳酸钙 片 
维萃 秋梨润 肺膏 
络活喜 苯磺 酸氨氯 平片 辉瑞 制药 
退票 手续费 
品健 维生素 含片 桔子 味 
迪巧 维 钙咀 嚼片 美国 安士 
亚都 滤芯 组件 赠品 
日化 用品 
日化 用品 
通讯 器材 配件 
小米 米家 对讲机 蓝色 民用 迷你手台 位置 共享 收音机 
诺基亚 银灰色 移动 联通 手机 老人 手机 卡 待 
蓝色 小 药丸 
是 艺术家 幼儿 双语 影音 书房 
钢笔 
文件 
资料 
光盘 
笔记 
水粉 颜料
源氏 物语 上下 精)/名 著名 译 丛书 
服装 JNBY 
取暖费 民用 
物语 日本 史 精 
金蝶 凭证 包角 
小米 移动 电源 高配版 灰色 
活底模 
机票 
标准 版 单 站点 
九阳 豆浆机 
九阳 电饭煲 
九阳 豆浆机 
九阳 电饭煲 
九阳 营养星 
九阳 电磁炉 
曜石 黑灭 蚊灯 
国行 正品 智能 手机 深空灰 全 网 
金蝶云 租赁费 
实施 服务 
法国 原装 进口 荷兰 乳牛 全脂 牛奶 
人力 资源 服务 
奖牌 
条幅
金蝶 凭证盒 
标准 版 站点 
罗马 蓝盘 金圈 蓝皮 
针 打 多 栏 明细帐 辅 
低压 电器 
电器 配件 
家用电器 
五金 工具 
公牛 开关 插座 系列 开 单控 开关 86型 面板 
公牛 开关 插座 系列 开 单控 开关 86型 面板 
详见 对应 数 发票 清单
摩卡 咖啡 新 
交通卡 充值 
春天 是 满 地 花 开 原创 儿童文学 丛书 
安静 班尼兔 五彩缤纷 春天 精 班尼兔 成长 图画书 
春天 蝴蝶 森林 笔记 
春天 野餐会 杨红 樱画 好 性格 系列 
小熊布鲁诺 春天 精 
湘佳 土洋鸭
彩食 鲜小葱 把 
大鱿鱼 冰 
澳州 冷 鲜牛霖 直采 
四季 豆
肋排 
湘佳 黄油 
永辉 生活 黄瓜 
红 辣椒
福盐 精制 福建 原盐 
桂花 
彩食 鲜生 姜
闽鲜 竹笋 
福袋 装 茶树 菇 
冻牛 排
香菇 
冰鸡腿 
青梗 花 
莲藕
老才臣 白腐乳 
鼓山牌 福建 老酒 
甘肃 高原 红富士
荷兰 豆
前排 
全 麦 香早点 
猪爪 
民天 甲级 香醋 
迷你 正宗 鱼丸 
惠 卤花生 
秀珍 
太太乐 鸡精 
黄豆
罗星塔 味精 粉状 
毛 山药
巨牛 番茄 沙司 
双福 干贝 
福旺家 花生 原 香型 食用 调和 油 
王守义 十三香 精选 八角 
细 酸菜 
田趣长 粒 
今麦 郎手 打劲 宽面 
李锦记 精选 生抽 
天津 白
排 
套 袋 红富士
味 好 美白 胡椒粉 瓶装 
田趣 弹力 挂面 
酱鸭 
彩食 鲜芹菜 把 
斜桥 美味 榨菜 
荷兰 土豆
新 蒜
长 糯米
广味 源金 标耗 油 
太太 乐芝 麻油 
粗兴化 
葱
白菜
土 鸡蛋 
冰翅 中 
彩食 鲜韭 黄 
流星 包 
精选 水磨糯 米粉 
猪 肚 
全 简装 水饺 
筒骨 
贝奇 脆萝卜 
味 好 美 椒 盐瓶装 
田趣马店 糯 米
李锦记 蒸鱼豉油 
秋刀鱼 冰 
白萝卜
水豆 
鸡蛋 
彩食 鲜黑木耳 
湘佳 土黑 母鸡 
彩食 鲜钙 
有 味坊 白 胡椒粉 调味料 
电脑 
泰福高 玻璃 保鲜盒 褐色 
多 芬 滋养 美 肤 沐浴 乳 套装 深层 营润 樱花 甜香 送 清透 水润 
王老吉 凉茶 植物 饮料 
龙豆
甘蓝圆 白菜
西芹
广东 
平包 
佛手 瓜
蒜苗 
长茄
蒲瓜
藕 把 
机械 设备 类 产品 
沙宣 陶瓷 卷发 棒 
九阳 电饭煲 
九阳 原汁机 
九阳 电磁炉 
九阳电 压力 煲 
泰昌 足浴盆 
沙宣 卷 两用 卷发 棒 
西竹短 套衣 
西竹 短拆裤 装 
金蝶 标准 版 站点 
摄影 轻松 入门 构图 用光 
金蝶针式 外币 明细账 日记 账 账 簿纸 
老鼠 系列 
老鼠 吃 早餐 
老鼠 摇篮曲 
月亮 精 
细节 轻松 影响 
麦田 里 守望者 精 
缤针 圆 领 短 套衣 
舍得 老 酒
龙 腾 九州 酒 私享 珍藏 
滤芯 组件 
电费 违约 
新 代 账 管家 账 套 用户 
路展 
商贸 标准 版 单 站点 
意志 力量 练习 典藏版 精 
法律 人 思考 法律人 逻辑 艺术 增订版 
逻辑思维 聪明人 是 思考 
狼性 管理 企业 生存 狼性 管理 法则 
详见 对应 数 发票 清单
拉力计 
冷 酸灵 护龈 抗敏 抗 敏感 牙膏 水果 薄荷香型 
森红 圆帽 
红棉 方巾 
红 短 薄袜 
汇源 果汁 青春 版 橙无汁 
汇源 果汁 青春 版 橙汁 
餐费 
沙宣 陶瓷 旅行 发夹 
九阳 煎烤机 
中国 人 史纲 上下 柏杨 逝世 纪念版 
世界大战 回忆录 上下 
莎士比亚 悲剧 李尔王 赠 英文版 双语 译林 
中国 通史 
智慧 舍得 
智慧 舍得 
品味 舍得 
智慧 舍得 供 专家 品鉴 
智慧 舍得 供 专家 品鉴 
品味 舍得 
品味 舍得 
智慧 舍得 
舍得 酒 舍得 智慧 讲堂 限量版 纪念酒 
智慧 舍得 供 专家 品鉴 
品味 舍得 团购版 
智慧 舍得 团购版 
象 蓝 纱 餐巾 装 
金立 手机 樱花 金 网通 手机 
星空 生 睡袋 
三金 西瓜 霜 清咽 含片 
泰立康 过氧化氢 消毒液 双氧水 
稳健 医疗 医用 纱布片 
云南 白药 气雾剂 
稳健 医疗 橡皮膏 
康顾 多 检查 手套 非无菌 中号 原 一次性 薄膜 检查 手套 中号 河南亚 
群祥 泰邦 弹性 创 可贴 
云南 象山 乙醇 消毒液 带 喷头 云南 象山 
欧洁 酒精 棉球 
欧洁 医用 碘 伏棉球 
台式 电脑 主机 
显示器 
键盘 
鼠标 
美 汁源 果粒 橙 橙汁 饮料 原 美汁源 果粒橙 可口可乐 
铭成 景谷 纯 米酒 
冷 酸灵 抗菌 护敏 牙刷 惠双 支装 
火石 打火机 
舒肤佳 香皂 柠檬 清新型 广州 宝洁 
黑人 牙膏 双重 薄荷 原 双重 薄荷 牙膏 中山 来 
峰航 竹纤维 方巾 
商品 住房 
打印 
云烟 特制 珍品 包 
雀巢 咖啡 丝滑摩卡 咖啡 饮料 厦门 银鹭 
抽象针 小 被 
沙宣 电吹 风 
沙宣 瓦特 专业 电吹风 
九阳 电烤箱 
森蓝口肩 
百事可乐 可乐型 汽水 昆明 百事可乐 
云烟 紫翻盖 
初心 红枣 风味 发酵乳 昆明 雪兰 
雪兰利 乐枕 纯奶 原 雪兰 纯 牛奶 昆明 雪兰 
微信 平台 服务 
手动 装订机 
截止 
安全 
球阀 
单向 
气动 球 
管道 阻火器 
止回 
菠竹 短 对襟 
兔 蛤 
保和袍 
足白 袍 
草 白开裤 
领袖 名言 繁体字 行书 汉字 书写 大典 
常用字 简繁体 对照 行书 汉字 书写 大典 
轨道 灯 
餐饮 
当下 力量 实践 手册 白金版 精 
二手 时间 
远 山 淡影 石黑一雄 作品 精 
会计 凭证 包角 
金友 热铆 凭证 封 套 
半自动 铆 装机 
金蝶 点菜宝 新款 
专用 钻刀 
垫角 小 
全自动 系列 专用 尼龙管 
激打 多 栏 明细帐 辅 
深秋绿 床 针织 条纹 
佳 格调 本色 手帕纸 
狮莱城堡 金 标红 葡萄酒
宣传 设计 服务 
利雨 珍珠 平跟鞋 套 
利雨 珍珠 平跟鞋 套 
税 控盘 升级 版 
亚都 加湿器 白 
周大福 西游记 打 系列 紧箍咒 足金 精致 黄金 戒指 男款 
周大福 简约 足金 黄金 戒指 
苏泊尔
华为 荣耀 手环 经 无典 黑长 智能 运动 健康 手环 手表 触控 屏幕 防水 信息 查看 
折扣 
茅台 集团 习酒 红习酱 整箱装 白酒 口感 
安徒生 童话 中 英 双语 对照 亲亲 经典 
简爱 
唐诗 名家 注评 本 精 国学 经典 丛书 
月光 落 在 左手 上 余秀华 诗集 
奋斗者 得 功名 刘墉 散文 精选 
人类 简史 从 动物 到 上帝 
平凡 世界 
英语 国际 音标 拼 读 法 
从 开始 学 英语 速成 英语 发音王 版 
日常 英语 无师自通 十年 英语 白学 
汽油 
迷你版 智能卡 
苦 妹子 
苦 妹子 木段 
九阳 电 水壶 
九阳 电陶炉 
九阳 原汁机 
九阳 搅拌机 白色 
会议 费
住宿 服务 
绿联 转 转换 器迷 转接线 苹果 
三星 固态 硬盘 
快梭 圆帽 
是 好 安排 
告诉 人 2015 典 藏 短篇小说 中国 好 文学 
趁 青春 以 梦 为 马 去 旅行 
乞丐 打架 幽默 讽刺 系列 中国 当代 故事 文学 读本 系列 
益智 游戏 大 集合 
大 手 小手 儿歌 
熊 出没 雪 岭熊 风 宝宝 做 手工 基础 篇 
红菜 
泰森 冷冻 凤爪 
葱 把 
青 辣椒
白蛤
青斑鱼
春菜
精品 超市 购物 袋 小号 
黑静享 电网 灭 蚊灯 
针打 数量 外币 记账 凭证 
2013 
国际 经济 法学 版 
日语 能力 考试 一级 重要 词汇 英例 解
新 东方词 以 类记 
品味 舍得 
智慧 舍得 供 专家 品鉴 
生态·沱牌 优曲 
舍 道 
生态·沱牌 天曲 品鉴装 
沱牌 特曲 品鉴装 
生态·沱牌 优曲 
生态·沱牌 特曲 
9年 生态 窖藏 舍得 酒坊 
激打 金额 记帐 凭 证__ 深圳版 
激打 多 栏 明细帐 辅 
汉武 帝国/易 中 天 中华史 
从 春秋 到 战国/易 中 天 中华史 
大宋 革新 易 中 天 中华史 
麦子 
王阳明 
菠竹 短拆裤 装 
版 时尚 店 橱窗 展柜 手镯 
版 时尚 店橱 窗/展 柜方 
包装 类什 项
版 时尚 店 橱窗 展柜 人头 
柜层 台 
戒指 胸针 内 玉
戒指 
颈链 
展示 
柜层 台 
手镯 内 玉
1.6M 弧形 柜层 台 
1.6M 弧形 柜层 台 
1.6M 弧形 柜层 台 
汽泡袋 气泡膜 
物料费 旗舰 系列 方格 笔记 
茶器 
清洁剂 玉石 翡翠 
爱 背板 画 组合 大 配 小 
甜蜜 小镇 拼图
背板 画 组合 大 配4 小 
水中 花 背板 画 大 配4 小 
地 柜底 
国博 证书 
国博 证书 
国博 证书 
国博 证书 
国博 证书 
国博 证书 
国博 证书 
国博 证书 
宣传费 
蝴蝶 
玫瑰 
绿宝 
小 绿萝
大 绿 萝
发财 
四季 
紫 牡丹 
封 口袋 
封 口袋 
电脑纸 
电脑 纸单 层 白
双面 泡泡 袋 双面袋 
洁柔 卷 
蓝洁 柔卷 
渡边 笔记本 
修正 带
齐心 统一 
墨盒 
彩色 笔
道具 层 
不锈钢 盖 
不锈钢 
小推车 柜子门亚克力板 更换 安装 
活动 策划 服务 
中 方形 包装盒 单镯 
周大福 名贵 豪雅 真皮 腰包 
2013 版 小号 金条 包装 
2013 版 中号 金条 包装 
2013 版 大号 金条 包装 
中 方形 盒 黑色 内 芯 小 套装 
湿巾 周大福 
授权 
壁挂 小 画框
广告 创作 
双孔 
宣传 推广 服务 
代理 服务 
牛筋 
毛巾
旋转 
嗅觉 沙龙 服务 
洽谈 桌 星星 灯 电源
壁柜灯 变压器 
壁柜灯 灯条 变压器 
柜灯 
展柜 射灯 电源
椭圆形 
狮头柜 内饰灯 电源
狮头柜 星星 灯 电源
婚嫁 蓝 灰色 小 锦袋
婚嫁 蓝 灰色 大 
小 无纺 布手 挽 袋 
大无纺 布手 挽 袋 
条纹 手 拿 
名片 包
广告 服务 
小 方形 包装盒 戒指 
闹福 系列 类 吊坠 包装 
小 方形 
展览 设计 
代 订 汽车 
审计费 
支付 结算 业务 服务 
宣传 策划 服务 
思连康 双歧杆菌 联 活菌片 
庄针 薄 抱 被 
2018年 3月 厂房 物业 管理费 
2018年 2月 厂房 水电费 
2018年 3月 厂房 租金 
公关 服务 
会务 服务 
空调 使用 
劳务 服务 
票款 
小猪佩奇 有 好 习惯 行为 引导 系列 
缤针 短 袖裙 
特辣 
韩国 冷面 
面碗 
乐柏美 
电磁六 眼石 
蒲公英 
黄 小米 
百花 
炸 辣椒 
胡辣油 新 
大 干料 新 
生拌汁 新 
一次性 抽纸 
抽 纸盒 竹子 
夏前厅 男 服务员 服
夏前厅 女 服务员 服
丰茂腰 包
串盘 架子 
富 硒 黑 木耳
博海 物流 运费 
红 把 
烧烤 串料 新 
掌中宝料 加工部 用 新 
牛肚梗 湿料 新 
月牙骨料 新 
烤韭 菜料 新 
雨伞 丰茂 
丰茂 户外 帐篷 带 垫 
正方 汤 碗 
三角 分菜盘 
韩国 石锅 小 
鸽子 湿料 新 
餐盘 
螺纱 中 睡袋 
软件 服务 
后宫 甄嬛传 
后宫 甄嬛传 
后宫 甄嬛传 
后宫 甄嬛传 
银类 镶嵌 首饰 
网络 招聘 
银类 首饰 
铂金 镶嵌 首饰 
背 板画 大 小 
2016 版 员工 手册 签阅 
2016 版 员工 手册 员工 
300型 封口 
台牌 配件 
钻石 款 台牌 紫色 
夹镊 
款 金生 水木座 摆件 盒 胶罩 
粉色 几何形 柜层 台 
职员 名牌 
蛋镯木 中国 31cm 
戒指尺 
戒指木 
戒指铁 香港 
手镯木 
保证单 单打 
保证 单（连打 
匾咀钳 中国 
23cm 
华南区 生产 管理 中心 专用 
橱窗 水杯 透明 玻璃 
传承 黑色 弹力 绳 
灯具 维修 费用 什项 
灯具 维修 费用 什项 
灯具 杂 
灯具 杂 
灯具 杂 
地 柜灯 右 出 
点号 卡 包 
电子 卡尺 精确度 
订货单 电脑版 
冬 孕妇 裙 
冬 孕妇 裙 
豆蔻 年华 仿真 
读卡器 德卡 
耳麦 现代 
天花灯 单灯 白框 黄光 
分店 店章 原子印 
分店 证书 专用章 原子印 
粉色 环保 
福星宝宝 柜层 台 星球 
钢压 中 香港 
工具 
狗年 春节 主题 纸杯 
狗年 柜层 散件 生肖 
沽货单 旧金 回收 单 扎﹑ 
顾客 同意 
广告 立牌 配套 护角 套 
过渡 壁柜 小射灯 
海信 电视机 
焊瓦 上海 
红色 仿皮 条纹 首饰 单层 
花月 佳期 柜层 台 
黄金 回购 服务 结算 
婚嫁 维度 爱 主题 特色 柜层 
婚嫁 西式 小 展柜 层 台 人头 
货品 服务卡 本 扎 箱 
货品 资料 记录 单 周大福 与 年青 专区 共用 19X21MM 
尖咀钳 中国 
交收 通知单 箱 总部 分店 用 
金条 主题 层 
经典 黑腰包 整套 
经典 维度 骄人 主题 特色 柜层 
精白之心 仿真 
咳钳 
客单 杂 
客单 杂 
客单 杂 
客单 杂 
客单 杂 
筷子架 木制 长 宽 高 单个 
领带 夹 银色 
玛瑙棒 中国 24cm 
抹银布 美国 佳士杰 
纳米 毛巾 紫色 
男冬 毛衣 
男冬 毛衣 
男冬 毛衣 
男冬 毛衣 
男冬 毛衣 
男冬 西裤 全体 员工 
男冬 西裤 全体 员工 
男冬 西裤 全体 员工 
男冬 西裤 全体 员工 
男冬 西裤 全体 员工 
男冬 西裤 特殊 尺寸 
男冬 西装 职员 店员 店长 主任 助理 
男冬 西装 职员 店员 店长 主任 助理 
男蓝色 领带 职员 店员 
男装 羽绒 大衣 
男装 羽绒 大衣 
镊子 平嘴 
女冬 西裤 全体 员工 
女冬 西裤 全体 员工 
女冬 西裤 全体 员工 
女冬 西裤 全体 员工 
女冬 西裤 全体 员工 
女冬 西裤 全体 员工 
女冬 西裤 全体 员工 
女秋 冬 长袖 修身衫 
女秋 冬 长袖 修身衫 
女秋 冬 长袖 修身衫 
女 圆领 毛衣 
女 圆领 毛衣 
女 圆领 毛衣 
女 圆领 毛衣 
女 圆领 毛衣 
女 杂务 衬衣 冬季 
女装 羽绒 大衣 
女装 羽绒 大衣 
女装 羽绒 大衣 
牌仔 穿线枪 鱼丝线 
普利斯 电子磅 带 校正码 
清洁 毛刷 大 新 形象 层 台 散座 物料 使用 
叁脚 切工镜 高 用于 看 钻石 切工 
摄像头 罗技 
升级版 黑色 工卡绳 职员 店员 专用 
升级版 灰色 工卡绳 主管 店长 专用 
时尚店 展柜 底板 直角 
时尚 店 展柜 底板 直角 
时尚 店橱 窗方 柱夹件 适用 
时尚店 橱窗 方柱 低 
时尚店 橱窗 方柱 中 
时尚 店橱 窗／展 柜层 板支架 低 
时尚店 橱窗 展柜 大人 头座 
时尚店 橱窗 展柜 戒指座 
时尚店 橱窗 展柜 小人 头座 
时尚 店橱 窗／展 柜层板 中 20mm 
时尚店 柜水杯 陈列 
白 
时尚 店 展柜 橱窗 柜用 数字 粒 分位符 大 白 
时尚 店 展柜 方柱 中 
时尚 店 大 展柜 套餐 含 底板 申领 背板 画面 
时尚店 耳环座 
时尚店 地柜 怦然心动 散座 
时尚店 戒指座 
时尚店 地柜 手镯座 底座 
时尚店 耳环座 
时尚店 地柜 戒指座 
时尚店 装 手镯 
时尚店 地柜 插戒 后备盘 装 
时尚店 柜 大 吊坠 后备盘 装 
时尚店 柜单 对 耳钉座 小 
时尚店 吊坠座 小 
时尚店 柜单 戒指座 大 
时尚店 柜单 链坠 座 小 
时尚店 手镯片 
时尚店 柜 吊坠 后备盘 装 
时尚店 柜 耳环 后备盘 装 
时尚店 柜方型 内芯 边框 正反 共用 
时尚店 柜翡翠 吊坠 后备盘 装 
时尚店 柜金 条盘 
时尚店 柜散 座 用 大 牌 仔扣 显示 带 胶套牌 仔用 
时尚店 柜散 座 用 小 牌 仔扣 显示 数字 粒用 
时尚店 柜 手镯 后备盘 装 
时尚店 柜 套装座 小 
时尚店 柜托盘 装 
时尚店 柜 项链 后备盘 装 
时尚店 柜 项链盘 男装 
时尚店 地柜 小底板 
时尚店 女冬 西装 码 全体 员工 
时尚店 女冬 西装 码 全体 员工 
时尚店 女冬 西装 码 全体 员工 
时尚店 女冬 西装 码 全体 员工 
时尚店 女冬 西装 码 全体 员工 
时尚店 女冬 西装 码 全体 员工 
时尚店 女冬 西装 码 全体 员工 
时尚店 女夏 西装 特殊 尺码 全体 员工 
时尚店 数字 粒 小 白 
白 
白 
白 
白 
白 
白 
白 
白 
白 
白 
白 
白 
时尚 店 双层 壁柜 
时尚 店 展柜 橱窗 柜用 数字 粒 大 白 
时尚 店 展柜 橱窗 柜用 数字 粒工费 大 白 
时尚 店 展柜 橱窗 柜用 数字 粒克 重 大 白 
时尚 店 展柜 橱窗 柜用 数字 粒 分体 大 白 
时尚 店 展柜 狮头柜 壁柜 人头座 小 
时尚 店 展柜 狮头柜 壁柜 人头座 中 
手 持 盘点器 
手机 黑莓 
手 镯款 喜福 小 首饰盒 千金 嫁妆 系列 
首饰盒 单层 
素白 首饰盒 双层 
天花灯 变压器 
条码枪 摩托罗拉 
涂鸦 星空 晴 雨伞 
用 泥胶 即 波士 用 胶 
西德胶锤 
消毒 湿巾 补充 装 ／箱 
消毒 湿 纸巾 筒装 ／箱 
新版 飞机 纸盒 含 卡槽 
新款 米 白色 牌仔 胶套 19mm 
修理单 新版 
鱼丝牌 仔线 穿 线枪 配套 
职员牌 
职员 外勤 公干 预报 外出 登记表 总部 分店 用 
周大福 耳环 展示 工具 扎 
周大福 经典 款 男 大衣 
周大福 经典 款 男 大衣 
周大福 经典 款 女 大衣 
周大福 经典 款 女 大衣 
周大福 客镜 黑色 
周大福 名贵 豪雅 男冬 灰色 西裤 
周大福 名贵 豪雅 男冬 灰色 西裤 
周大福 名贵 豪雅 男冬 灰色 西裤 
周大福 男冬 长袖 白色 衬衣 全体 员工 
周大福 男冬 长袖 白色 衬衣 全体 员工 
周大福 男冬 长袖 白色 衬衣 全体 员工 
周大福 男冬 长袖 白色 衬衣 全体 员工 
周大福 男冬 长袖 白色 衬衣 全体 员工 
周大福 男冬 长袖 白色 衬衣 全体 员工 
周大福 手套 大 
周大福 手套 小 
珠宝 呵护 礼盒 
珠宝 美容 护理液 洗金水 
珠宝 美容 护理液 洗银水 
珠宝 美容 护理液 玉石 翡翠 
珠石 手电筒 分店 专用 
珠石 手电筒 专用 电池 
转运 珠 主题 层 
派送 服务 
速递 收派 服务 
汽油 自助 
汽油 
画架花 制作 
1月 管理费 
物业 服务 
物业 服务 费滞 纳金 
生活 垃圾 处理 
管理费 2017年 8月 
水费 2017年 8月 
电费 2017年 8月 
管理费 2017年 11月 
水费 2017年 11月 
电费 2017年 11月 
物业 服务费 2017年 
管理费 2017年 10月 
水费 2017年 10月 
电费 2017年 10月 
管理费 2017年 9月 
水费 2017年 9月 
电费 2017年 9月 
物业 服务费 2017年 
管理费 2017年 6月 
水费 2017年 6月 
电费 2017年 6月 
管理费 2017年 7月 
水费 2017年 7月 
电费 2017年 7月 
管理费 2017年 4月 
水费 2017年 4月 
电费 2017年 4月 
管理费 2017年 3月 
水费 2017年 3月 
电费 2017年 3月 
管理费 2017年 12月 
水费 2017年 12月 
电费 2017年 12月 
管理费 2017年 5月 
水费 2017年 5月 
电费 2017年 5月 
本册
物业 服务费 2018年 
物业 服务费 2017年 
永隆 桶 装 水
2018年 2月 19日 月 18日 保安 服务 
2018年 1月 
装饰 工程 
电费 
人事 代理 服务 
物料 用品 
2018年 2月 租金 
展位 设计 服务 
2018年 2月 保安 服务 
2018年 2月份 保安 服务 
运费 
门票 款 
2018年 2月份 保安 服务 
游乐 项目 费用 
2018年 1月 25日 月 24日 保安 服务 
人力 资源 服务 
小 天王 
报警 工程款 
联网 报警 维护 
包装箱
笔
介刀
双面 
报事 
文件 
咖啡 
消毒 
方糖
漂渍 
键盘 托
老鼠 
活动 铅笔
笔芯
白板 
色 带 
香口 
电话 
文件 
仪器 校准 
挂钩 
服务费 
保费 机动车 商业 保险 产品 
邮费 
希望 兴旺 礼盒 
忘 初 心 礼盒 
猕猴桃 家庭 
国内 收件 服务 
2017年 12月 商铺 租金 
保费 机动车 强制 责任 保险 产品 
管理费 
广告 服务 
2018年 1月 19日 月 18日 保安 服务 
人力 资源 服务 
周大福 美钻 发布会 策划 执行 
台式 机
群晖 网络 服务器 
西数 
有偿 服务 
速递费 
清洁 服务 
得力 现金 日记 账 蓝 
得力 主题 修正液 混 
8卷/筒 
得力 思达 中 性笔 黑 
得力 思达 中 性笔 蓝 
得力 胶带座 混 
小米 小米 电视 超薄 4K 超 高清 智能 液晶 平板 电
推广 
商铺 租金 
2017年 12月 
2017年 12月 水 费
美工 
包装 用品 
防盗 防火 报警器 类似 装置
物业 费
房地产 代理费 
分体式 水源 热泵 机组 
贝丝 大 睡袋 
2018年 2月 
1月 邮费 
月邮费 
房租 
笔记 
投影机 
洗手 
卷纸 
预付卡 消售 
2018年 3月 保安 服务 
电费 
纸 纸板制 容器 
检测 服务 
一般 维修 
电脑 
公摊 电费 
水费 
时尚店 女冬 西装 码 全体 员工 
女冬 西裤 全体 员工 
夏 孕妇 裙 
冬 孕妇 裙 
时尚 店 展柜 橱窗 柜用 数字 粒0 大 白 
时尚店 柜单 戒指座 小 
时尚 店橱 窗／展 柜链 坠座 
时尚店 橱窗 方柱 高 
女装 羽绒 大衣 
时尚店 柜单 手镯 竖版 大 
狗年 金银 币盒 配 封套 证书 
时尚店 柜层板 
周大福 经典 款 女 大衣 
滞销品 标识 贴 
时尚 店 双层 壁柜 套 
时尚 店 双层 壁柜 套 
男冬 西装 职员 店员 店长 主任 助理 
男冬 西装 职员 店员 店长 主任 助理 
珠光宝气 烤漆展 柜层 台 
小 方形 包装盒 戒指 
小 手 挽 纸袋 横 
经典 黑腰包 单个 
周大福 经典 款 女 大衣 
时尚 店 小 展柜 套餐 含 底板 申领 背板 画面 
分店 操作 手册 －分店 版 
绝泽 背板 画 组合 大 配 小 
男冬 西裤 全体 员工 
焊夹 香港 
女装 羽绒 大衣 
黑色 数字 粒 
投资 金条 广告 立牌 散件 透明 亚克 力板 有 口袋 
条纹 手 拿 包 
周大福 经典 款 女 大衣 
看石 
放大 
周大福 经典 款 女 大衣 特殊 尺寸 
地 柜灯 变压器 
天花灯 黑框 
工具 类什项 
地 柜灯 左出 
灯具 杂 
天花灯 环境 灯 白框 
灯具 杂项 
灯具 杂 
工具 
色带 分店 专用 
时尚 店 狮头柜 套餐 含 底板 
免费 兑金 做 服务 
职员 卡 飞利浦 
清洗机 胶杯 
周大福 黑色 皮料 奉 客盘 
周大福 商务 笔记本 流光红 
周大福 商务 笔记本 经典 黑 
手链 自 戴 神器 公仔款 
手 提 金库
手套 
饮用 
考勤 
有偿 服务 
经营 服务 
话机 
宝利 
2018年 2月 电费 
2018年 2月 广告 位 电费 
收派 服务 
2018年 3月 物业 管理费 
2018年 2月 商铺 租金 
汽油 Ⅳ 
汽油 国 Ⅴ 
汽油 国 Ⅴ 
汽油 国 Ⅴ 
销售 货物 
扫描 
打印机 
商友 世界 供应链 服务 
黑白 激光 打印机 
展位 设计 
活动 策划费 
复印纸 
供电 
永隆 桶 装 水
代垫 综合 管理费 
策划费 
含 电源 
思科 电话 
商品 销售 
2018年 3月份 保安 服务 
管理费 
防毒面具 
回型 
书钉
维修 保险柜 
年庆费 
广告 制作 
管理费 2018年 1月 
水费 2018年 1月 
电费 2018年 1月 
2018年 3月 20日 至 4月 19日 物业 管理费 
2月 国内 邮件 收派 服务 
1月 国内 邮件 收派 服务 
2018年 2月份 水费 
2018年 2月份 电费 
2018年 3月份 室内 车位 费
智能 盘点器 维修 
2018年 3月 20日 至 4月 19日 租金 
2018年 2月 25日 月 24日 保安 服务 
2018年 3月份 保安 服务 
2018年 1月 商铺 租金 
2018年 3月 租金 
2018年 3月 19日 月 18日 保安 服务 
天章 新 绿天章 复印纸 包单 包装
得力 环保 修正液 
反尾 
针线盒 
水桶 
毛巾
面具 
相片 
装订 
计算器
管理 服务 
扫 把 
眼镜 
怡宝桶 装 
收回 代垫 制作 
2018年 1月 电费 
2018年 1月 广告 位 电费 
2018年 2月 物业 管理费 
刷 卡 佣金 代理 服务 
包装 
商业 管理费 
文化 创意 服务
经营 服务 
车用 汽油 
收件 服务 
保洁费 
场地 管理费 
基础 通信费
管理费 
顺清 柔 卫生纸 出口 装 有 芯卷纸 新 老 包装 发货 
得力 爱 琴海 复印纸 包 白 
节能 
挂板 
观影王 高清 核 安卓 智能 液晶 电视机 金色 
2018年 1月份 水费 
2018年 1月份 电费 
2018年 2月份 室内 车位 费
景田 矿泉水 
2018年 2月 20日 至 3月 19日 物业 管理费 
销售额 报告 
数码 摄像机 
维护 费
物料费 
广播 影视 服务 
平板 
蝴蝶 
物料款 
物料款 
小 罐茶 茶叶 
11月 管理费 
宏正 共享器 
经营 水 2018年 01月份 
保险柜 
12月 管理费 
收回 代垫 费用 
提成 租金 
清风 抽纸 原木 纯品 金装 系列 抽 软 抽 纸巾 整箱 销售 
联网 报警 系统 维修费 
转售 电费 
激打 外币 日记 帐 
炫迈 无 糖 口香糖 炫动 薄 荷味 新 老 包装 发货 
优冠 牛奶 香脆饼干 随 身装 新 老 包装 发货 
草 味 牛肉干 肉类 零食 零食 特产 肉制品 香 牛肉粒 
良品 铺子 甘栗仁 小栗 子仁 板栗仁 零食 坚果 干果 炒货 休闲 食品 糖炒 板栗 
良品 铺子 爆浆 麻薯 红豆味 糕点点心 零食 特产 小吃 蛋糕 
良品 铺子 冻干 草莓 干果脯 蜜饯 零食 水果 干 草莓 脆片 办公室 食品 
良品 铺子 牛肉干 辣 牛肉片 内蒙古 特产 小吃 手撕 零食 
草 味 休闲 零食 鱿鱼 足片 特产 海鲜 即 食鱿鱼 干 鱿鱼片 食品 
良品 铺子 多 味 花生 休闲 零食 炒货 花生米 花生豆 
良品 铺子 板栗 栗子仁 板栗仁 零食 特产 干果 坚果 炒货 开口 笑 甘 栗熟 板栗 
马来西亚 进口 马奇 新 新 巧克力 夹心 威化 饼干 休闲 
良品 铺子 鸭 脖子 甜 辣味 真空 小 包装 香辣 卤味 零食 休闲 小吃 熟食 
良品 铺子 薯干 地瓜 干 小 紫薯仔 零食 小吃 休闲 食品 
良品 铺子 蔓 越莓 干蜜饯 果干 独立 包装 休闲 零食 
阿甘 正馔 甘小乐 混合 坚果 休闲 零食 炒货 
焙朗 早餐 饼干 苹果 红枣味 新 老 包装 发货 
西域 美 农蜜饯 果干 新疆 特产 零食 小吃 黑 加仑 葡萄干 
良品 铺子 酥脆 薄饼 薄脆 海苔 咸 饼干 盒装 咸味 零食 小吃 早餐 休闲 食品 
休闲 零食 闲趣 酥心 卷威化 饼干 进口 芝士 口味 
香疆 恬语 新疆 特产 干果 零食 枣核 恋 一级 和田 红枣 夹 核桃仁 夹心枣 
饼干 蛋糕 酵 母手 撕 面包 原味 
奥利奥 早餐 休闲 零食 蛋糕 轻 脆 薄片 夹心饼干 柔滑 香草 慕斯味 
奥利奥 早餐 休闲 零食 蛋糕 糕点 冰淇淋 夹心饼 干香 草味 家庭 装 
华味 亨蜜 饯果 干办公 休闲 零食 风味 水果 干芒果干 
小 鱼 脆 香 葱鸡 味 油 炸 休闲 小 点心 油炸 糕点 
良品 铺子 兰花 豆 牛肉 味 蚕豆 炒 货 休闲 食品 豆类 零食 零嘴 小吃 
踢克 踏克 食品 牛奶 咖啡 味 爆浆 软心曲奇 156g 纯 手工 休闲零 食品 饼干 糕 点心 甜点 
华味 亨肉干 肉脯 办公 零食 舟山 海味 鱼 干 香酥 小 黄鱼 
想 红枣 坚果 中秋 礼盒 枣夹 核桃 夏威夷果 原味 核桃 满 彩坚果 零食 蜜饯 大礼盒 提
趣 多多 经典 黄油 曲奇 浓 情 巧克力 口味 饼干 
天翼 远程 接入 软件 
罗马 金圈 棕皮 
海飞丝 清爽 去 油型 洗发 
力士 娇肤 
海飞丝 去 屑洗 发 
炒锅
装订机 铆管 通用 
净享 洞察 落地 加湿器 蓝色 遥控 
图书 
金蝶 易 记账 软件 
金蝶 旗舰版 软件 
数据线 
在线 软件 服务费 
金蝶 标准版 软件 
图文 制作 设计 
劳务费
餐饮 服务 餐饮 费
餐饮 
花生壳 软件 内网 免费 版 服务 
花生壳 服务 
价壳 域名 服务 
实用 新型 专利 规费 
实用 新型 专利 服务 
新 希望 雪兰 有机 鲜牛乳 昆明 雪兰 
自然 冰 
小麦 
王阳明 
手机 
立志卡 
致 深圳 纪实 
致 良知 精选 读诵 
致 良知 导读 版 
好 孩子 婴儿 棉柔巾 抽 
凝红 襟蛤 
合生 元益生菌 冲剂 儿童型 
贝短 襟蛤 
捷安特 润滑油 润滑剂 
传梭 短袖 套衣 
阳梭 短裤 
动梭 短裤 
提蓝 短襟 蛤 
迪米妮口 肩 
油滤 总成
干燥器 总成
转向 
消声器 
后 制动 
手机 
特仑 苏 纯 牛奶 
文化 自信 与 名族 复兴 
定制 包 
香山 精准 电子 厨无房秤 烘焙 称 银色 
香山 精准 电子 厨房 秤 烘焙 称 银色 
开票 
餐费 
餐费 
预售卡 充值 
轩尼诗 
建筑 服务 
钉钉 智能 前台 人脸 识别 考勤机 面部 识别 打卡机 刷 脸 人 脸签 到 
兔裆衣 
森毛 贴 面帽 
白话 深度 学习 
孤独 漫步者 遐想 精 
海飞丝 去 屑洗 发 
海飞丝 清爽 去 油型 洗发 
迪公 主纱 蛤 
围城 
失败 家常菜 萨巴 厨房 
提 小 被 枕头 
资产 服务 
牛霖
牛碎 
牛腩
牛柳
轩尼诗 
轩尼诗 新 太阳 
轩尼诗 新 太阳 
轩尼诗 新 太阳 
轩尼诗 
电解 
半自动 铆 装机 
环游 地球 中 英 对照 全译本 
失控 全人类 最终 命运 结局 三部曲 
珍珠 白灭 蚊灯 
西双版纳 热带雨林 食物链 揭秘 能 吃 掉 
美洲 小 宇宙 
水怪 不可思议 神秘 动物 谜 畅销 探秘 版 
摄影 技 摄影 入门 提高 
鲁迅 杂文集 精选 
金蝶 
托马斯 大 冒险 托马斯 朋友 电影 经典 故事 
力士 娇肤 
全自动 系列 专用 
飞利浦 新安怡 婴儿 柔润 湿巾 
飞利浦 新安怡 玻璃 奶瓶 箱装 
好 孩子 婴儿 海洋 湿 
金立 手机 樱花 金 网通 手机 
好 孩子 婴儿 棉柔巾 抽 
九阳电 压力 煲 
九阳 家用 保温 电热水瓶 
金立 手机 樱草 绿 全 网通 手机 
钉 蓝 盘钢 圈钢 带 
亚都 加湿器 
森粉 袍 
贝短 蛤 
夜棉 背心 
磨扣裤 
棉扣裤 
手机 
华生 电风扇 台扇 蓝色 
2018 新春 大礼包 年历 台历 红包 春联 对联 福字 窗花 装饰品 
乐扣乐扣 可 抽式 拎 环保 温杯 比 兔 超轻量 便携 茶隔 男 女士 不锈钢 水 杯子 白色 
全面 屏双 摄 拍照 手机 全 网通 双卡 双待 手机 红色 
订制品 
违约金 
腾药 归 脾丸 云南 腾药 
交通费 
直度 盖
铝切 圆 
支撑 
连接 
圆筒 切开
发射线 圈 
试验 
试验 
冻鸡 
未来 简史 
棉森 开裤 
手机 主板 制式 手机 用 
手机 主板 制式 手机 用 
秋然 香米 清香型 哈尔滨 方正 
滇 雪 纯香 菜籽油 
手机 
螺纱 蛤 
保证金 认租 
冻猪 
啸月堡 干红 
初针 太阳帽 
森蓝棉 对襟 
绝境 狼王 系列 经典 珍藏 
源氏 物语 上下 全译本 精 外国 文学 名家 精选 书系 
悲惨 世界 上下 精 世界 文学 名著 典藏 
金蝶 行政 事业 版 软件 
区块链 开发 指南 区 块链 技术 丛书 
芭比 小马谭妮/芭比 时尚 女孩 故事 创意 涂色 书 
小 猪威 比 幼儿 小 手工 温馨 家庭 
大学 中庸 行楷 国学 经典 硬笔 字帖 
餐费 
捷安特 头盔 
手机 全 网通 梦镜紫 
吊装 
王阳明 中国 深圳 历史 
王阳明 测试 深圳 
富士通 
车 灯 
磁盘柜 
手机 配件 
平板 电脑
云 会计 接入云 报销 接口 
提蓝 蛤 
汽油 
路途乐 途途龟 带 接口 儿童 汽车 安全 
储值卡 单价 
华为 充电器 
家居 
北京 老 照片 故事 博物馆 
鱼 羊 野史 月 晓松 说 历史 上 今天 
沉思录 
小 床垫 
华为 手机 保护壳 
华为 手机 充电器 
华为 音频 转接线 
华为 音频 转接线 
前厅 服务员 
罗氏 活力 血糖 试纸 葡萄糖 脱氢酶法 
天安 盐酸二甲 胍 肠溶片 
运动 臂 带 
华为 耳机 
老子 精 中华 经典 名著 全 本 注 全译 丛书 
习近平 知青 岁月 
逻辑 游戏 
华为 路由器 
华为 
儿科 医生 育儿 圣经 亲亲乐 读 系列 
西尔斯 亲密 育儿 百科 
金色 移动 联通 电信 手机 
飞利浦 电动 剃须 
平板 电脑
手表 
红塔山 硬欣 经典 
热铆 账簿 封 
收银纸 
混合 
雀氏 薄 婴儿 无 纸尿裤 尿 湿 加 加大 号 片 以上 
雀氏 薄 婴儿 纸尿裤 尿 湿 加 加大 号 片 以上 
雀氏 薄 婴儿 纸尿裤 尿 湿 加 加大 号 片 以上 
混合 
皮带
罗马 蓝盘 钢圈 蓝皮 
富硒 大米箱 
精装 玉米 
现金 交款 
烤串机 平行 
烤串机 变压器 
大 架子
绿 把 
乐柏美 
烤串机 变压器 
鸡丸子料
调味品 
带 盖 米 饭碗 
面包 
友商 在线 进 销 存 标准版 站点 
使用 无菌 注射器 带针 
使用 无菌 注射器 带针 上海 米沙瓦 
住宿 发票 
会员 服务费 
增值 服务 套 打 设计 
珠宝 商场 同 彩虹 花园 金碧玺 彩色 宝石 五月 花耳钉 耳饰 
飞利浦 无 手 持 吸尘器 家用 无线 充电式 立式 合 
飞利浦 手 持 吸尘器 家用 无线 充电式 立式 合 
伊利 奶粉 金 领冠 珍护 系列 大 婴儿 幼儿 配方 奶粉 月 适用 新 老 包装 
大 冰京东 套装 摸摸 头 好 好 套装 
雀巢 超级 能 恩 无 幼儿 配方 奶粉 月 适用 德国 原装 进口 
雀巢 超级 能 恩幼儿 配方 奶粉 月 适用 德国 原装 进口 
斐讯 流光金 无 双核 高端 无线 路由器 智慧 家庭 路 由 
斐讯 流光金 双核 双频全 高端 无线 路由器 智慧 家庭 路 由 
斐讯 星空 银 无 双核 高端 无线 路由器 智慧 家庭 路 由 
斐讯 星空 银 双核 双频全 高端 无线 路由器 智慧 家庭 路 由 
碧浪 机洗 洗衣 无液 
碧浪 机洗 超净 洗衣液 
洽洽 坚果 炒货 休闲 零食 黑糖 皇葵 瓜子 
寿全斋 红糖 姜茶 姨妈 茶速 溶姜 母茶 老姜 汤 装 
永和 豆浆 原味 豆浆 无 
永和 豆浆 原味 豆浆 
赠品 蓝牙 音箱 
小米 红米 全 网通版 无 磨砂黑 移动 联通 电信 手机 
小米 红米 全 网通版 磨砂黑 移动 联通 电信 手机 
黑卡 全 金属 外壳 卡片 移动 电源 充电宝 轻薄 凌志 
倍思 新 能量 4000mAh 移 无 动 电源 充电宝 智能 苹果 充背 夹适 用于 白 红
倍思 新 能量 移动 电源 充电宝 智能 苹果 充背 夹适 用于 白 红
荣耀 青春 版 网通 标配版 无 
荣耀 青春 版 网通 标配版 
荣耀 金色 全 网 无通 手机 卡 待 
荣耀 金色 网通 手机 卡 待 
荣耀 白色 全网 无通 手机 卡 待 
荣耀 白色 网通 手机 卡 待 
荣耀 金色 全 网 无通 手机 卡 待 
荣耀 金色 网通 手机 卡 待 
小米 移动 电源 2/充 无 电宝 充 银色 适用 于 安卓 苹果 手机 平板 
荣耀 全 网通 标配 版 3GB 无 光蓝 移动 联通 电信 手机 卡 待 
荣耀 全 网通 标配版 光蓝 移动 联通 电信 手机 卡 待 
无 玫瑰 金色 移动 联通 电信 手机 
统一 奶茶 麦香 箱 无 
统一 奶茶 麦香 
小米 红米 全 网通版 无 铂 银灰 移动 联通 电信 手机 
小米 红米 全 网通版 铂 银灰 移动 联通 电信 手机 
小米 红米 全 网通版 无 樱花 粉移动 联通 电信 手机 
小米 红米 全 网通版 樱花 粉移动 联通 电信 手机 
荣耀 青春 版 网通 标配版 无 幻 
荣耀 青春 版 网通 标配版 幻 
小米 移动 电源 充 无 电宝 高配版 聚合物 金色 适用 于 安卓 苹果 手机 平板 
小米 移动 电源 充电宝 高配版 聚合物 金色 适用 于 安卓 苹果 手机 平板 
小米 蓝牙耳机 青春 版 黑色 挂耳式 无线 运动 通用 
荣耀 白色 全网 无通 手机 卡 待 
荣耀 白色 网通 手机 卡 待 
小米 移动 电源 充 无 电宝 高配版 聚合物 灰色 适用 于 安卓 苹果 手机 平板 
小米 移动 电源 充电宝 高配版 聚合物 灰色 适用 于 安卓 苹果 手机 平板 
小米 红米 全 网通版 无 香槟金 移动 联通 电信 手机 
小米 红米 全 网通版 香槟金 移动 联通 电信 手机 
佳农 越南 进口 红心 火龙果 装中无果 重 1.1kg 新鲜 水果 
佳农 越南 进口 红心 火龙果 装 中果 总 重 1.1kg 新鲜 水果 
爱奇果 陕西 眉县 精品 徐香 猕猴桃 礼盒 装 单果 80-90g 新鲜 水果 
口口福坚果 炒货 休闲 零食 奶油味 瓜子 
华味亨 坚果 炒货 大 颗粒 葵花籽 焦糖 味 香 瓜子 
荣事达 电风扇 落地 无扇 扇叶 升降 机械 落地扇 
加 手机 星 无辰黑 特工 皇妃 楚乔 传手游 定制 版 全网 待 移动 联通 
加 手机 星辰 黑 特工 皇妃 楚乔 传手游 定制 版 全网 待 移动 联通 
爱奇果 新疆 库尔勒 红香酥 梨约 无 新鲜 水果 
爱奇果 新疆 库尔勒 红香 酥梨 2kg 新鲜 水果 
京东 超市 美人坊 天然 桃木 梳子 养 发 梳防 静电 
京东 超市 金龙 鱼 东北 大米 蟹稻 生盘锦 大米 包装 更新 新 老 包装 发放 
京东 超市 中邦 打火机 红色 魅焰 飘 
京东 超市 小 白熊 婴儿 营养 食物 调理机 宝宝 食物 研磨器 
培训 
源码 设计 模式 解析 与 实战 版 
燕麦
人脸 指纹 考勤 机云之家版 金蝶 
金 蝶妙 想 人力 资源 管理 软件 站点 
全面 软件 测试 
金蝶 式 三联 单栏 收据 写纸 包 
银河奇 异果 会员 月 
夏普 超薄 智能 网络 液晶 电视机 
色 铅笔 温情 手绘 
中国 共产党 工作 机关 条例 试行 
色 铅笔 自学 
笑场 精 
朋友 陈白露 小姐 
离开 前 请 叫醒 
孤独 精 
汽油 
车用 乙醇 汽油 Ⅴ 
华为 全网 通版 手机 
华为 网通版 手机 
华为 手机 
苹果 
苹果 
苹果 
会员 服务费 
手机 网通 红色 
九阳 豆浆机 
九阳 豆浆机 
九阳 豆浆机 
提象 蓝 小 被 枕头 
维修 商品 
自 定义 报表 
检测 费
统一 巧面馆 藤椒 牛肉面 
薇诺娜 舒敏 保湿 喷雾 
益达 无 糖 口香糖 蓝莓 
华为 手机 网通 金色 
乐克 酒石 酸美 托洛尔片 无锡 阿斯利康 
达 美康 特缓 释片 
维达 超韧 系列 手帕纸 包装 可 湿 水面 
维达 手帕纸 绵柔 系列 卫生 纸巾 新 旧 发货 
双头 竹棉棒 卸妆 化妆棉 签 棒 
丝蕴 深层 修护 洗发露 烫染 受损 防 毛躁 洗发 
佳洁士 全优 效 抗牙菌 斑牙膏 美白 去 黄口气 清新 去 口臭 家庭 套装 
香氛 洗发水 柔顺 亮泽 持久 留香 去 屑止痒 
植护 原木 抽纸 抽 餐巾纸 卫生 纸巾 批发 家用 面巾 
女王节 旁氏 洗面奶 米粹 亮 采 净澈 润泽 洁面乳 加量 优惠
全 网通 极光色 
皇大 被 套 
爱梭 长裤 
决长 枕芯 
恬枕 套 
对 襟棉胆 
海毛 短 外套 
拆 裤 棉胆 
拆 裤 羽胆 
对襟 羽胆 
蓝纱薄 大 睡袋 
竹襟 蛤 
平板 电脑 保护 
平板 电脑 保护 
全 网通 樱粉金 
愤针 长帽 外套 
皇枕套 
凭证 封 套 
条钉 白盘 钢圈 黑皮 钢带 弹簧 扣 生耳 批 钢带 解表器 
配件 
福建 家训 行书 集 字帖 
云 天空 过 心 上下 
杨维祯 张宣 公城 南杂咏 美 字 墨宝 
高配版 网通 极光色 
高配版 全 网通 极光色 
保时捷 设计 全 网通 黑双卡 
标准版 全 网通 樱粉金 
标准版 全 网通 极光色 
国内 道路 货物 运输 服务 
宝石 树 酒庄 干红 
宝石 树 酒庄 干红 
圣果树 庄园 典韵 干红 
圣果树 庄园 喜悦 干红 
木材 运费 
刻录 
刻录 
光盘 
恒顺 纯正 芝麻 香油 
高配版 全 网通 极光色 
桃李 酵母 面包 红豆馅 
谷优金 黄脆饼干 酥性 饼干 
芝麻 苏打饼干 
酵母 减 盐味 苏打饼干 
奥利奥 黑白 巧克力 味 夹心 饼干 
蓝牙便 携式 手 持 打印机 
合 学 
毛巾 
单页
包车
软件 服务费 
核心 
汽车 系统 操作系统 通信 控制 型 软件 
布谷鸟 汽车 系统 桌面 型 软件 
高配版 全 网通 极光色 
高配版 全 网通 128GB 亮 黑色 
多 楔 带 
油 底壳 密封 
滤油器 
皮带 张紧器 
华为 平板 电脑 版 香槟金 
海雀 
车载 快速 充电器 黑色 
服装 
星空 紫礼盒 
九阳 电炖锅 
九阳 电饭煲 
九阳 开水 煲 
国 汽油 
设计 服务 
退改 费用 
华为 手机 全 网通 曜 石黑 
针打 日记 帐 
友商 在线 会计 版 站点 
激打 数量 明细表 
系列 专用 钻刀 
罗马 蓝盘 金圈 蓝皮 
实心 钢带 
钉 米 白 钢圈 黑皮 
白盘 黑 带 
钉 白 盘钢 圈钢 带 
白 盘条 钉钢 圈 黑色 平纹 皮带 
黑 盘条 钉钢 圈 黑色 平纹 皮带 
罗马 蓝盘 钢圈 蓝皮 
白 盘钢 圈 白刻度 黑带 
富 可 视 高清 液晶 电视 
黑盘 
泰福 高 不锈钢 保温 粥桶 蜜桃色 
奇异 果 会员 月 
富 可 视 高清 液晶 电视 
富 可 视 超 高清 液晶 电视 
富 可 视 高清 液晶 电视 
富 可 视 高清 液晶 电视 
周大福 玫瑰型 叁色 胸花 
时尚店 女款 修身衫 短袖 码 店员 职员 
周大福 时尚 店 男 夏 短袖 衬衣 
天花灯 白框 
婚嫁 维度 情约 主题 特色 柜层 
女高领 毛衣 码 华东 华西 华北 华中区 专用 
女高领 毛衣 码 华东 华西 华北 华中区 专用 
时尚店 链坠座 大 
时尚店 地柜 链坠座 20mm 
女秋 冬 长袖 修身衫 
时尚 店橱 窗／展柜 耳环座 
时尚店 柜单 手镯 竖版 小 
时尚店 地柜 托盘 
时尚店 地柜 吊坠座 
时尚店 柜 项链盘 女装 
时尚店 柜长型 内芯 边框 
时尚店 地柜 人头座 190mm 
时尚店 装链 坠盘 
时尚店 柜 套装座 大 
时尚店 柜单 对 耳环座 大 
时尚 店 展柜 狮头柜 壁柜 人头座 大 
时尚店 柜托盘 装 
时尚店 橱窗 展柜 手镯座 
经营 水 2018年 03月份 
主机 
3月 管理费 
国内 收派 服务 
物料 制作 
车用 汽油 
展览 服务 
代垫 银联 外币卡 手续 费
得力 缝线 混 
得力 中性笔 黑 
得力 中性笔 蓝 
得力 桌面 计算器 黑 
电插 
光盘 
洗衣 
档案 
打印 
过 
灭火器 
维达 抽纸 超韧 系列 抽 
海康 监控 摄像机 
酒店 住 
汽油 自助 
汽油 
水费 2018年 3月 
电费 2018年 3月 
管理费 2018年 2月 
水费 2018年 2月 
电费 2018年 2月 
车 用 
材料 物资 费
文件 箱 材料费
3月 国内 邮件 收派 服务 
汽车 维修 
物品 费
房屋 租赁费 
转售 电费 
保养 服务 
2018年 4月 保安 服务 
