大厦 不锈钢 字 制作费 
铂金 婚嫁 系列 首饰 
策划 服务 
微基 
有 源 
转换 
交换机 
精选 
海尔 升风 冷 无 霜 冰箱 制冷 速度 快 制冷 均匀 净味 
海尔 直驱 变频 波轮 全自动 洗衣机 京东 微联 智能 控制 
设计 服务 物料 制作 
代 订 酒店 房 费
策湖 服务 
封箱 
害 消杀 服务 
展览 服务 
翻译 服务 
服务器 
磁带 
电脑 
工程 宝
罗技键 鼠 
联想 主机 
金士顿 
转换 
打印 服务器 
皮带
阵列卡 电池 
液晶 显示器 
周大福 2018Juvil 名片 地址 会员 信息 卡
水费 3月份 
管理费 4月份 
监控 安装 
礼服 租赁 
对 讲 
小鸟 看看 眼镜 智能 头盔 兼容版
金镶 钻石 
铂 
阿莫西林 
红枣 姜 
氯霉素 滴 
氧氟 沙星 滴 
化学药品 制剂 白润洁 氯化钠 滴 眼液 
索尼 国行 游戏 最终 幻想 典藏版 
双口 非屏蔽 模块式 信息 
电源 分配 
总配线架 中间 配线架 跳线 
接地 装置 
金辛金 丐特 葡萄 糖酸钙 锌 口服 溶液 
舍得道 礼盒装 
电费 
红彩 贴帽 
冠星 红提 拆裤 
九阳 电磁炉 
九阳 煎烤机 
祁连 传奇 高级 冰红 
祁连 传奇 高级 冰白 
国窑 
泸州 贡礼 享 
华为 1A 手机 充电器 充电头 白色 
高品乐 打印 
金蝶 企业 管理 软件 
金蝶云 租售 服务费 
云 租赁 服务 
盐酸左西 替利 嗪 口服 溶液 
除湿 止痒 洗液 
力言卓 地奈德 乳膏 
全 网通 极光色 
雲昆 银翘解 毒片 
健 佳 人工 牛黄甲 硝唑 胶囊 
品健 清咽 糖 
复方 黄连 素片 
金健 压榨 葵花籽油 
清明 精致 细面 包 
手动 铺砂 
检测 
生态·沱牌 天曲 小箱 
天曲 曲酒 
做 书 故事 
超级 冰袋 
云南 白药 创可贴 轻巧 透气型 
龙虎 风油精 
思密达 蒙脱 石散 草莓 口味 
海湖 工业 盐 编织袋 
毛刷 
白大衣 
黏 玉米 碴子 
特辣料 料包 青岛 柏兰 
板筋 酱料包 青岛 柏兰 
串料 
粗料 
特辣料 
麻辣料 
泡羊肉料 
芝麻料 料包 
鸽子 湿料 新 
冷面 酱干料 
月牙骨料 新 
猪皮料 
芝麻料 
鱿鱼料 
牛肚梗 湿料 新 
掌中宝料 加工部 用 新 
冷面 原汁 外地店 
麻辣 月牙 骨料 
鸽子 干料 
烧烤 串料 新 
羊 排料 
大 干料 新 
烤韭 菜料 新 
美 天 方便 面料 美天 
一品鲜 酱味轩 
丰茂 打 包袋 
饭勺 客人 用 
正方 汤 碗 
鸡 中 宝料油 后 厨用 
板筋酱 料包 
细料 料包 
特辣料 料包 
醋 精王 天池 
粗 辣椒面 
加 
明太鱼 桔梗酱 
石锅 拌饭 酱 
餐巾 纸 筷子 
嫩豆腐汤 
米酒 
羊酱 干料 
萝卜 条料 
杏鲍菇料 
支 筷子 
彩色 玻璃杯 
丰茂 一次性 纸杯 
丰茂 腰包 
棒明 鱼 
特辣面 
大米 
捷安特 尼龙布防 滑钢 链锁 
腾药 补 中 益气丸 
青春 康源 麻仁 润肠丸 
云棉 背心 装 
菠竹 短 套衣 
森梭帽 马夹 
矿泉水 标签 
车用 汽油 
金 品健 尤维斯牌钙 软 胶囊 
在 纪念 马克思 诞辰 大会 上 讲话 
头孢克洛 胶囊 
昆 中药 橘红丸 
云丰 伤风 停 胶囊 
稳健 医疗 日用 口罩 针织 口罩 通用 款 
新 希望 雪兰 初 心 风味 发酵乳 青瓜 牛油果 
新 希望 雪兰 初 心 风味 发酵乳 百香果 
安幕希 希腊 风味 酸奶 黄桃 燕麦 
沱牌 大曲 简装 
沱牌 简装 
天成·沱牌 曲酒 
沱牌 柳浪春 精制 荷叶香 
丛林 幻 境内 衣礼盒 
沱牌 大曲 新 简装 圆瓶 
沱牌 大曲 简装圆瓶 
金博 医用 脱脂棉 
方圆 玻璃体 温计 
稳健 医疗 医用 棉签 普通级 
自热式 柔性 灸 疗贴 炎痛型 
海氏 海诺 碘伏 医用 消毒 棉球 
风寒 感冒 颗粒 
健 佳 藿香 正气水 
稳健 医疗 纱布 绷带 
健 佳 英 太 青双 氯芬酸钠 缓释 胶囊 
海带料 
土豆饼 料包 
大头菜 干料 
生拌汁 新 
拌 面料 包 
萝卜块料 
心管料 
胡辣油 新 
明太 鱼头 
鸡丸子 
湿巾 
山糜子 
细料 料包 青岛 柏兰 
玉米 
冷面 面粉 
玉米 面条 
辣串 干料 
小 鱼 花生 
蒸明 鱼 
抹布 
家福酱油 申联 
拌 牛肉料 
芝麻面 
烤串机 变压器 
烤串机 平行 开关 
夏前厅 男 服务员 服 
烤串 机电机 
折叠 烧烤炉 丰茂 
鸡丸子料 
小苏打 云鸟 
面碗 
韩国 冷面 碗 
丰茂 胸徽 
餐盘 
三角 分菜盘 
三格碟 
冷面 汤勺 
红 把 刀 
木铲子 
铁丝方 麻布 
苏子叶 
数盒 
量勺 冷面勺 
木盘 明档 展示柜 
冷面 原汁 延吉店 
山楂片 八起山 
微波炉 玉米花 沈农 
味素 味元 
老抽王 海天 
高醋王 天池 
玉米 伴侣 百果 飘香 
辣椒面 粗 
大酱 考世茂 
年糕 龙井 
牛肋排 蜀海 
大红虾 
土 鸡蛋 
鲜蕨菜 
羊后腿 
羊条 
羊排 苏尼特 
羊肝 
羊后腿 蜀海 
品味 舍得 
蜜汁 鸡 翅料 
锅巴 品香 
有机 大米箱 装 
烧烤 串料 
鸽子 湿料 
麻辣油 
明太鱼 料包 
筋皮 进口 
牛肋排 乌拉圭 
醉蟹钳 
羊酱 
萝卜条 
陈醋海 带 
鲜羊肉 
鲜牛 肋排 
鲜猪 心管 
鲜筋皮 
精品 五花肉 
精品 干 豆腐 
精品 猪皮 
彩色 餐盘 
馒头 营业 
墨鱼丸 富新香 
猪 心脏 
牛肉 温面 用 
牛里脊 
牛筋 
猪 腰子 
猪心管 个人 
月牙骨 华正 
松阪 肉 
金钱 骨 味千 
鸡胗 大润 
鱿鱼 味千 
羊肉 
长寿面 
香肠 优一品 
把 齐 鱼 
带 盖 锡 纸盒 肯麦多 
淀粉 韩国 
酱 牛肉 
鲜板筋 
辣椒酱 英潮 
鸡翅 味千 
鸡爪 味千 
芝士 年糕 
蓝莓 
羊 腰子 
羊尾油 
小 保温箱 
鲜牛鞭 
鱼豆腐 
鸡 中 宝 安心 
香蕉 
带 盖 锡 纸盒 
精品 去 皮 五花肉 
黄 把 刀 
套勺 
霍尼韦尔 扫描 枪 无线 黑 
浙江 颂康 竹香低钠盐 纸箱 
实施 服务费 
静享灭 蚊灯 绿 
茶卡牌 冰晶 大青盐 纸箱 
茶卡牌 藏青盐 纸箱 
双胶 床垫 加厚 版 
四季 蝶形 护颈 记忆 枕 
水仙牌 风油精 
欧洁 消毒 酒精 
汽车 租赁费 
生态·沱牌 特曲 
生态·沱牌 天曲42% 
足金 饰品 
黄金 工艺品 摆件 
足金 工艺品 摆件 
黄金 饰品 
金 镶嵌 首饰 
华为 智能 儿童 手表 田园粉 
沙宣 负离子 热风 造型器 
九阳 电饭煲 
鼎康 党参 
白云山 何济公 阿咖酚散 
参观费 
惠优喜 鳕 鱼肝油 软 胶囊 
络 活喜 苯磺 酸氨氯 平片 
以岭 参松 养心 胶囊 
天士力 复方 丹参 滴丸 
金 镶嵌 饰品 修理 
收银 窗口 
灰色 底木 纹 胶板 色 座地 单面 
2018 供应商 大会 活动 策划费 
半宝 石
贝壳
证书 服务 
床单 \花 间 
床单 \聆 听 花 开 
床单 \如 沐晨 
法兰绒毯 秘密 后 
法兰绒毯 哈尼 表白
法兰绒毯 时空 
法兰绒毯 西瓜 派 
法兰绒毯 时尚 季
婉安 空调 被 
决明子 健眠枕 
视频 制作 
联名 卡
现金 
奖状 
报警 系统 维护 保养 服务 
狮头柜 射灯 
展柜 射灯 
柜灯 
消防 
绝缘 
大 彩盒 
首饰 礼盒 
探照 
金属 探测 
背 板画 大 小 
粉色 几何形 地柜 耳环款 含 内芯 
粉色 几何形 地柜 手绳款 含 内芯 
背板 画 大 小 
洗墙灯 内 置 电源
能量 色 散 荧光光 谱 
天瑞 荧光 光谱仪 贵 金属 成分 分析 软件 
天瑞Ｘ 荧光 光谱仪 软件 
爱信诺 打印机 色 带 
富士施乐 黄色 粉盒 
富士施 乐洋 红色 粉盒 
富士施乐 青色 粉盒 
版 男 夏 外套 
制服 什项 
版 女 夏裤
版 男夏 
江山·手绘杯 
江山·成套 
香山 电子 称 人体 秤 体重 秤 至 酷黑 
环保 
科沃斯 宝魔 钻 扫地 机器人 家用 吸尘器 自动 智能 拖 
美 除 螨仪 手 持 床 上 家用 吸尘器 
小熊 电炖锅 电 炖盅 微 电脑 煲 煮 粥 炖 汤 煲 汤锅 
铂金展 柜层 台 
铂金 系列 
拉格巴 装饰 用 花盆 粉 红色 
多 肉 芦荟 属 盆栽 植物 综合 
卡特耶盆 栽植物 6仙人掌 杂样 
伊波利 附盖 储物盒 浅绿 
贾斯迪纳 垫子 绿色 
贾斯迪纳 垫子 自然色 
吉特达 木人 本色 
达夫利 酒吧凳 黑色 
安妮丽娜睿 笔记本 白色 绿色 
恩格斯 库格 平织 地毯 鸟 蓝色 
多玛洒 水瓶 绿色 
于特莱卡 长桌布 海草 
马里特 长桌布 粉红色 
法格里克 大 杯 浅绿 
法格里克 大 杯 天蓝色 
斯考 科尔 平板 支架 黄色 
芬斯迪长 桌布 多 色 
艾斯巴特 平板 支架 白色 
布拉达 笔电 支架 黑色 
背景 调查 服务 
婚嫁 店单 戒 
2018年 4月 物业 管理费 
2018年 3月 厂房 水电费 
扫描 
戏戒 
展示 
塑料 弹力 
婚嫁 店 吊坠 
圆皮 
银样 
电商 吸 顶 灯光源 芯意 系列 省 电王 
武汉 世贸 增补 层 
2018年 4月 厂房 租金 
业务 促销 服务 
立维素 维生素 软 胶囊 
皮 炎平 复方 醋酸 地塞米松 乳膏 
卤鸭头 小 盒 
卤鱿鱼 小 盒 
卤鸭脖 大盒 
优诺优丝 草莓 
汲 鲜榨 
快乐 猫 金属网 垃圾桶 厨房 卫生间 家用 清洁 桶 办公 环保 纸篓 φ 
餐饮 
住宿 费用 
华为 手机 全 网通 黑 
云南 白药 胶囊 
同仁堂 舒 筋 活 血片 
飞赛 乐 盐酸苯环壬 酯片 
健 佳 速协 安血塞 通 分散片 
金钻 喜安智 大 婴儿 配方 奶粉 阶段 适用 于 月 婴儿 
健 佳 医用 垫单 妇科垫巾 
代文 缬 沙坦 胶囊 
健 佳 上臂式 电子 血压计 
华为 平板 电脑 全网通 香槟金 
新针 短袖 套衣 
王幻织条 短拆裤 
痛畀贴 跌 打 损伤型 
华为 手机 带线 充电器 白色 
腾药 黄丸 
康美 药业 胖大海 
保针 短帽 外套 
爱克帖 痛风帖 
精朗迪 碳酸钙 颗粒 
精 黄连 口服液 
伊 可 新 维生素 滴剂 
复方 感冒 灵颗粒 
医用 防护 口罩 码 
三星 液晶 电视
车用 汽油 
车用 汽油 
车用 汽油 
列 明 水果 
力平 非诺贝特 胶囊 
拜 同 硝苯 平控 释片 
安佳 新西兰 进口 卓冉 蛋白质/ 高 钙高 蛋白 调制乳 原 箱 装
华为 手机 全 网通 黑色 
云昆 舒肝散 
杜蕾斯 天然 胶乳 橡胶 避孕套 紧型 超薄装 
博泰维康 维生素 片 
海王 维生素 片 
鲸 维生素 软 胶囊 
中新 维生素 片 
信龙 开 塞露 
扶 林 氯芬酸二乙胺 乳胶剂 
康忻 富马酸 比索 洛尔片 
雅施达 培哚 普利叔丁 胺片 
提蓝 短 套衣 
海针 圆领 背心 
华为 手机 全 网通 曜 石黑 
全 网通 香槟金 
餐饮 服务 餐饮 费
恒健 开 塞 露 含 甘油 
优思弗 熊 去 氧 胆酸 胶囊 
泮托拉唑 钠肠 溶片 
帕夫林 白芍 总苷 胶囊 
漫梭 短 袖裙 
英针 背裙 
邦迪 防水 创可贴 
稳健 医疗 医用 护理 口罩 长方形挂耳型 
人血白 蛋白 
诺斯清 生理性 海水 鼻腔 护理 喷雾器 
昆 中药 舒 肝 颗粒 低糖型 
云南 象山 乙醇 消毒液 带 喷头 
中鑫 复方 尿维氨 滴 眼液 
聪滋摩尔 农庄 饮料 
升和 银黄颗粒 
莱泰 猴 耳环 消炎 颗粒 
青峰 山香 圆片 
葫芦爸 肠 炎宁 胶囊 
法国 原装 进口 荷兰 乳牛 脱脂 纯 牛奶 零脂肪 200ml 蓝 钻 
硅胶 保护壳 黑色 
健 热炎宁 合剂 
足光散 
金达 克宁 酮康 唑乳膏 
伊 可 新 维生素 滴剂 以上 
葫芦娃 小儿肺热 咳喘 颗粒 
抗 病毒 口服液 儿童型 
抱 被 
贝背 短套 
云棉 红 长 圆领套 
翼 支付 
小林 冰宝贴 医用 退热贴 儿童 6片装 
香雪 夏 桑菊颗粒 
日田 清火 栀 麦片 
九阳 电饭煲 
品味 舍得 餐饮版 
柔和·沱牌 优曲 
沱牌 原 浆 酒 盒装 
货物 名称 
雪天 腌制 盐 纸箱 
生态·沱牌 特曲 
稻花香 金珍 
雪天岩 盐 纸箱 
雪天 自然 海晶盐 彩编 
智慧 舍得 餐饮版 
九阳 电烤箱 
九阳 电饭煲 
九阳电 压力 煲 
吸油烟 
手机 星云 礼盒 
舍得 30年 生态 陈酿 
杜蕾斯 天然 胶乳 橡胶 避孕套 活力装 
品味 舍得 品鉴装 
猪仔 
缤针 短裤 
云棉长 对襟 
空调 维护 
空调 电费 
开发 服务费 
汤臣 倍健 牛 初 乳加钙 咀嚼片 
喜欢 生命 本来 样子 
公交 地铁 一卡通 充值 
英 针圆领 短 套衣 
空针 短袖 套衣 
数据线 白色 
支架 适用 于 
海 王金 得菲 氨酚 氯雷伪 麻缓 释片 
健 佳 抗 病毒 口服液 
健 佳 苯磺 酸氨氯 平片 
薇诺娜 透明 质酸 修护 生物膜 
太平 曲安奈德益康 唑乳膏 
雪天 茶卡 大青盐 纸箱 
男裤 
长沙 新 世纪 五味丰 大豆油 
稻花香 珍品 小 酒 
俏 玉米 胚芽油 
舍 道 品鉴装 
试样 加工 
雪 天 深井精盐 
龙牌 小 炒肉 
莲花 味精 
爱国者 aigo 嘉年华 黑色 机箱 支持 主板 标配额 定功率 
鑫谷 额定 核动力 巡洋舰 电源 被动式 宽 幅/背线 静音风 
雪天 螺旋藻 碘 盐 纸箱 
捷安特夹片 近视 眼镜 翻镜 
爱毛 长袖 套衣 
尊毛 马夹 
保 毛长 外套 
浏阳河 珍品 30年 
雪天 古生代 岩盐 纸箱 
热针 长袖 套衣 
梦男 蛤 
奇梭 长裤 
品味 舍得 简装 
安博诺 厄 贝沙 坦氢 氯噻 嗪片 
健 佳 藿香 正气 胶囊 
泻利停 颠茄磺苄 啶片 
银色 简配 
星光 黑 简配 
星光 白 简配 
白色 简配 
电脑包 灰色 
电脑 包 黑色 
莱弗世 经典 系列 笔记本 内 胆包 灰色 
电脑包 灰色 
黑色 简配 
应用 服务器 标准 版 
金蝶 系统 软件 
标准 支持 服务 
开发 服务 
页 
三折页 
用 车 平台 服务 
汽油 
金蝶 企业 管理 服务 平台 软件 
华为 笔记本 电脑 
舍得 酒 舍得 智慧 讲堂 限量版 纪念酒 
联想 纤薄 窄 边框 分辨率 电脑 显示器 
粉静 享 电网 灭 蚊灯 
商用 灭 蚊灯 白色 
哈士奇 
咽立 爽口 含 滴丸 
百灵鸟 骨力 胶囊 
健 佳 维生素 片 
龙虎 清凉油 
老拨云堂 拨云锭 
窖龄 舍得 
吞之乎 酱香·黑瓷 描金 
吞 陈香型 测试 版 
生态·沱牌 天曲 品鉴装 
沱牌 特曲 品鉴装 
九阳 营养 破壁 调理机 
男 套装 
西瓜 
千禧 
福临门 安达 露西纯 橄榄油 
福临门 尚品 兰花 香 米 
福临门家 香味 浓香 压 榨菜籽油 
经典 圆角 大 床 
大 床垫 椰棕 记忆棉 
云棉 蓝 短 襟蛤 
电脑包 灰色 
90年 生态 窖龄·沱牌 特曲 
习近平 用典 
60年 生态 窖龄·沱牌 特曲 
生态 老窖 9·沱牌 特曲 
食品 
60年 生态 窖龄·沱牌 特曲 
洁柔 卷纸 蓝面子 柔韧 卫生纸 整箱 销售 国际 版 
品味 舍得 小箱 
品味 舍得 品鉴装 
泸州 古 酒鉴 藏装 亚克力 
雪天 绿色 海藻 碘盐 
菜籽调 油 
庆典 舍得 
浏阳河 年份 30年 
浏阳河 年份 20年 
泸州 贡/15 里 飘香 
泸州 贡/20 里 飘香 
国窑 
祁连 传奇 高级 冰红 葡萄酒 
祁连 传奇 高级 冰白 葡萄酒 
至尊 舍得 青瓷 
舍 道 
果蔬 清洗 盐 支装 
姜汁 足 浴盐 
盒装 薰衣草 足浴盐 
艾叶 沐浴 盐乳 装 
松花 沐浴 盐乳 装 
软件 产品 
智慧 舍得 团购版 
品味 舍得 团购版 
杜蕾斯 天然 胶乳 橡胶 避孕套 凸点 螺纹 热感装 
舍 道 品鉴装 
饲料 添加剂 氯化钠 
雪天 饲料 添加剂 硫酸钠 编织袋 
恒健 红霉素 软膏 
生态·沱牌 天曲42% 小箱 
生态·沱牌 小箱 
生态·沱牌 天曲42% 小箱 
华为 手机 全 网通 曜 石黑 
雪天 香菇 鲜味 盐 
雪天 海藻 鲜味 低 钠盐 
397克莫顿牌 特粗海盐 研磨罐 补充 装 箱装 
雪天 加 碘 精制盐 
纯正 菜籽油 
金健 一级 大豆油 
安斯菲 雷贝拉唑钠 肠溶片 
安达 铝镁 加 混 悬液 
养益 添 混元 益体 
泸州贡 典藏玉 印 
上品 伯轩 
泸州贡 共享 
王朝 大 酒窖 
王朝 大 酒窖 干红 
活动 酒 泸州 贡礼享 
王朝 干红 
泸州 贡福运 
电子书 阅读器 超清 电子 墨水 触控屏 内置 阅读 灯 超长 续航 
珮 夫人 氢溴 酸右美 沙芬 口服 溶液 
健 佳 银黄 胶囊 
健 佳 胶体 果胶 铋 胶囊 
健之佳 阿咖酚散 
痛畀贴 腰椎病痛型 
云丰 消炎 止咳片 
以岭 花 清瘟 胶囊 
泰康 丁细 牙痛 胶囊 
海王 马来酸 氯苯 敏片 
特维丝 海洋 口腔膏 抑菌 修复 
欧菲尔迪棉 签 双头 设计 
迈之灵片 糖衣片 
三金 西瓜 霜润 喉片 
白云山 木香 顺气丸 
百灵鸟 木香 顺气丸 
会议 费
华为 手机 网通 蓝色 
新 康泰克 盐酸赛 洛唑啉 鼻用 喷雾剂 成人 
乐家 老铺 黄芪 颗粒 
稳健 医疗 纱布 绷带 普通级 
云植 红霉素 眼膏 
杜蕾斯 天然 胶乳 橡胶 避孕套 热感 超薄装 
阿莫西林 胶囊 
稳健 医疗 优肌绊 无纺布 透气 胶贴 
芙美松 糠酸莫米松 乳膏 
普安康 宣肺 止嗽 合剂 
健 佳 枸杞子 精选 
敏使朗 司汀片 
中 大 奥美拉唑 肠溶 胶囊 
金博 一次性 医用 灭菌 棉签 
仁和 可立克 复方 氨酚烷胺 胶囊 
配镜 云南 倍扬 
稳健 医疗 酒精 消毒片 球 棉签 
马应龙 麝香 痔疮膏 
海王 抒瑞 氯雷 定 胶囊 
红牛 维生素 功能 饮料 
同仁堂 六味 黄丸 浓缩丸 
益佰 葆宫 止血 颗粒 
草晶华 鱼腥 草破壁 饮片 
仙琚 左炔诺孕酮 肠溶 胶囊 
润舒 氯霉素 滴 眼液 
云服务 租售 
9年 生态 窖藏 舍得 酒坊 
简版 电烤箱 
健 佳 头孢克肟 胶囊 
腾药 附子 理中丸 
浏阳河 精品 特曲 
泸州贡 中国 礼 升级版 
红星 至尊 
浏阳河 合家欢·佳酿 
生态·沱牌 天曲42% 品鉴装 
云健 风热 感冒 颗粒 
动物 双层 纱薄 大抱 被 
菠竹 短襟蛤 
沱牌 特曲 品鉴装 
思念 肉味 粽子 系列 
思念 甜味 粽子 系列 
缤针 圆领 背心 
迪针 短裤 
智慧 舍得 团购版 
米 可 定 制霉菌素 阴道 泡腾片 
神苗 小儿 清 肺 化痰 颗粒 
健 佳 甘草 圆片 一级 
雪天 组合 包装 产品 
福格森 孕妇维 钙片 
云植 秋水仙 碱片 
同仁堂 补 中 益气丸 
清大茶 
金品健 海王牌 芦荟 软 胶囊 
小儿氨酚黄 颗粒 
百灵鸟 牛黄 解毒片 糖衣片 
恒久远 硫软膏 
创盈 金斯利 安多维片 
舍 道 
摇摇 车 
松佰 速效 救心丸 
三诺 智能 血糖仪 语音型 
沱牌 特曲 新 精装 瓷瓶 
扬子江 蓝 芩 口服液 
腾药 藿香 正气水 
健 佳 清火片 
利 君沙 琥乙 红霉素 颗粒 
农夫 山泉 饮用 天然 水农夫 山泉 
森粉 短裤 
箱 
赣珊瑚牌 碘伏 消毒液 
天士力 藿香 正气 滴丸 
康顾 多 使用 医用 橡胶 检查 手套 
达 克宁 盐酸特比 萘芬 喷雾剂 
吞 陈香·黑瓷 描金 
西竹 背心 装 
沱牌 柳浪春 精制 荷叶香 
点 纱蓝 背心 睡 
悦巢 苹果 针线 组合 
云烟 紫翻盖 
云丰 土霉素片 
黑人 宝贝兔 儿童 牙膏 橙 
版 数码 印花 专业 骑行服 
专业 骑 行 短裤 黑色 
传奇 
沱牌 大曲 简装方瓶 
海王 葡萄 糖粉剂 
海德威 盖诺 真 阿法 骨化 醇软 胶囊 
吞之乎 酱香·红瓷 描金 
红枫 晶莹 香软 米 
金健 低 菜籽油 
福临门 柬埔寨 马里 香米 
金健非 转基因 玉米油 
福临门 东北 优质 大米 
龙牌 品 鲜 
缤针 背裙 
健 佳 感冒 清热 软 胶囊 
云南 白药 创可贴 经济型 
晶品 舍得 
乙醇 消毒液 
省级 储备盐 加 碘 精制盐 彩编 
婴短蛤 
森粉 短 襟蛤 
云棉长 袍 装 
金蝶 软件 
金蝶云 企业 管理 服务 平台 软件 
云棉 蓝 短 裆衣 
缤针 背 蛤 
华素片 西地 碘 含片 
沱牌 
会务 费
中华 沱牌 
沱牌 
铁 精 粉
吞 陈香· 供 专家 品鉴 
马来西亚 进口 旧 街场 原味 盒装 合 咖啡 
红星 抱 被 
司百得 精氨酸布 洛芬 颗粒 
会务费 
安博维 厄 贝沙 坦片 
万顺堂 养 阴口 香合剂 
格拉丹 东牌 红景天 西洋参 沙棘 胶囊 
拜 阿司匹灵 阿司匹林肠 溶片 
步長 稳心颗粒 无蔗糖 
优立通 非布司 片 
奥博林 奥硝唑 胶囊 
卫洁 蒿 伤 湿 祛 痛膏 
青诺 氟米龙 滴 眼液 
龙 黄连 口服液 
百灵鸟 复方 黄花 喷雾剂 
明 欣 克莫司 软膏 
佳 便利 山 鸡蛋 
云岭 香 纯 粮蛋 
餐饮 服务 餐饮 费
多 潘立酮 片 
邦迪 防水创 可贴 
黄芪 颗粒 无蔗糖 
华为 手机 全 网通 香槟金 
健 佳 润洁 萘敏 维滴 眼液 
健 佳 细粉 
保 列治 非那雄 胺片 
龙虎 清凉油 白色 
联邦 安必仙 氨苄 西林 胶囊 
稳健 医疗 棉球 医用 脱脂棉 
云南 白药膏 
康乃尔 胸腺 肽肠 溶片 
润众 恩替卡 韦 分散 片 
诺和锐 芯 门冬 胰岛素 注射液 
佳汇 泰牌 红景天 胶囊 
草晶华 茯苓 破壁 饮片 
草晶华 山药 破壁 饮片 
丽珠 抗 病毒 颗粒 无蔗糖 
顺尔宁 孟鲁司 咀嚼片 
益得邦 医用 降温 贴 晕 车型 
汽油 
会务 费
森粉短 蛤 
雪牌 加 碘 活水盐 纸箱 
乙醇 汽油 
房地产 服务 
江 中 乳酸菌 素片 
阿莫西林 胶囊 昆明 贝克诺 
龙虎 风油精 上海 中华 
海王 碳酸氢 钠片 
交&通费 
亚宝 三黄片 糖衣片 
海鲜池 雨棚 改造 服务 
商用 灭 蚊灯 
仙阁 防风 通圣 颗粒 
碧生 源牌 菁茶 
蓝 钻 
太极 急支糖浆 
英梭 短蛤 
健 佳 灵芝粉 
溢堂 安宁 丸 
华为 手机 全 网通 粉色 
吞 陈香·黑瓷 描金 
九阳 电饭煲 
信龙炉 甘石 洗剂 
云服务 租售 
绿联 苹果 转 三合一 转换 器迷 雷电 接口 接 显示器 白色 
羊筋 
精品 羊肉 
对讲机 耳机 
蛋黄酱 沙拉 
优酸乳奶 员工 餐 
大串机 齿轮轴 金攀 
孜然粒 料包 
孜然面 料包 
牛胸口 皓月 
鱿鱼串 老鸡 
一次性 牙刷 
绑扎 胶布 
天 虹 纱布 绷带 
海氏 海诺 创口 贴 防 磨 脚 专用 贴 
东古一品 鲜 酱油 
蚝油 海天 
韩国 胡椒粉 
福临门 大豆油 
福临门 花生油 
蜂蜜 柚子茶 
柠檬汁 沙拉 
卫生间 大 盘纸 
擦手纸 
创 好 
一次性 饭盒 春泰 
大 黑袋 
小 白袋 
中白袋 
强力 除油剂 艺康 
酱油 蒙古真 
加 碘 精盐 雪天 
糯米 
猪心管 皓月 
筋皮 皓月 
板筋 
韩国 大酱 好 餐得 
猪皮 华正 
牛肉粉 调料 味 
凤球 唛鸡粉 好 鲜味 
胡椒粉 
白糖 银霞 
味精 福瑞 
薄荷糖 
锅巴 天香 
韩国 味香 倒翁 
蜂蜜 峰仙廷 
桔梗 
邦迪 海氏 海诺 
厨房 洗 碗 围裙 
线 手套 
火夫 手套 汉邦 
洗手液 東浪 
复写 打印纸 三联 椿鸣 
锡纸 雅兰 
保鲜膜 添添鲜 
小 黑袋 
桌面 垃圾袋 
脱普66 艺康 
省力波 艺康 
一次性 口罩 
厨房 洗手液 艺康 
厨房 一次性 吊卡 手套 
吸管 
天然 竹妃 抽纸 
奥尔良 腌料 
香辣 腌料 
点钞 手指 套 
鸭舌 
味椒盐 星火 
香菜 
干 豆腐 
圆葱 
金针菇 
麻椒油 梨江花 
小 柿子 
宜 可 净洗 洁精 艺康 
百事贴 得力 
大 胶皮 手套 
橙净 艺康 
吸 油纸 鸽子 纸垫 
白钢 粘钩 
一次性 碗 金亿 
艺康 消毒粉 
梳子 
星期 标签 
油性 记号 笔 续力 
玻璃 清洁剂 惠浪 
洗衣粉 奇强 
特大 黑袋 
清香 开心 果 
山楂片 小包 
葡萄干 
灭 蝇 灯管 
甜 玉米粒 吉美 
一次性 手套 超凡 
新 丰茂 胸卡 
肥皂 
烤箱 除 垢药片 方 
烤箱 清洁 药片 圆 
复写 打印纸 二联 
胶棒 续力 
前厅. 厨房 帽子 
去 皮 五花肉 华正 
脆肚 
冷面 原汁 
冷面 牛肉 
鱼子液 
大 干料 
同 人泰 辛芩 颗粒 
健佳人 皮肤 抑菌 喷剂 
串盘 
长方 拼 菜盘 
海鲜 酱油 海天 
袋装 牙签 
夏 后 厨服 女 
猪肉 
刀 鱼 
肉丝 
偏口鱼 员工 餐 
鱿鱼 
鸡腿 
凉皮 
鲅鱼 
苹果 
明太鱼 
健 佳 消炎利 胆片 薄膜 衣片 
猪 排 
牛肉 
牛骨头 
馒头 
面包 员工 餐 
霍尼韦尔 扫描 枪 
趣针 薄 抱 被 
王幻织 条长 蛤 
凝蓝 蛤 
护肤 
男童 
男裤 
老沱牌 装彩箱 
蓝毛 毯盒 
肉类 
食品 
食品 
食品 
依马 打 正 红花油 
玉林 骨水 
信龙 解痉镇 痛酊 
云南 白药酊 
万特力 吲哚 美 辛搽剂 
广告 制作 
螺纱 抱 被 
冠星 红提 袍 
螺纱 袍 
精粉 袍 
提花 大 纱 浴巾 
贝纱 袍 
济民 可信 金水宝 胶囊 江西 济民 可信 
立 普妥 阿托伐 汀 钙片 辉瑞 制药 
天葫 瑞格列奈片 天津 康瑞 
稻花香 金珍 
福临门 一级 大豆油 
稻花香 黄金宴 
欧维婷 雌 乳膏 
稻花 香窖 藏 风格 
压 榨菜籽油 一级 
软件 技术 服务 
沱牌 大曲 简装方瓶 
激光 空白 记账 凭证 
激光 喷墨 套装 包 
腾药 人参 再造 丸 
双环 醇片 
阿甘定 阿德福韦 酯片 
贺普丁 拉米夫 定片 
云丰 热毒 清片 
健兴 肺力 咳合剂 
蒲地蓝 消炎 口服液 
草 丹 小儿 白贝 止咳 糖浆 
乐 金嗓子 喉片 
金 西瓜 霜 清咽 含片 
健 佳 安宫 牛黄丸 铁盒装 
同仁堂 安宫 牛黄丸 单丸锦盒 
博路 定恩 替卡 韦片 
健 佳 赶黄草 
广州 保济丸 
来得 时 甘精 胰岛素 注射液 
记账 凭证 纸 
金蝶 凭证 包角 
特种 兵 压缩 干粮 秦皇岛 福寿 
欣络平 甲磺 酸氨氯 平片 
善存 多 维 元素 片 
颈复康 颗粒 
康辰 骨疏康 胶囊 
明仁 颈痛 胶囊 
腾药 补 中 益气丸 水丸 
大头 儿子 圆头 儿童 勺 
儿童 奶勺 
甘竹 香辣 豆豉鱼 罐头 听 
金粉牌 排装 虾子面 幼条 包
金粉牌 排装 瑶柱 
凯蒂猫 色 苹果 碗 
鲁花 香料 酒 
寿桃牌 排装 港式 蛋面 
云丰 气 血 康 口服液 
华为 手机 全 网通 铂光金 
康顾 多 儿童 无纺 布口罩 普通 医用 口罩 湖北 金士达 
吲哒帕胺 
在线 软件 服务 
产品 注册 服务 
找回 服务 
服务 包 
金蝶 装订机 
金蝶 凭证 封面 
金蝶 记账 王 软件 
金蝶 易 记账 软件 
书籍 
金蝶 凭证 包角 
铆管 
金蝶 凭证盒 
乙醇 汽油 
成 天麻素片 
金乙素 维生素 片 
商品 仔猪 
舒泌 通 胶囊 
七度 空间 少女 系列 纯棉 表层 夜用 福建 恒安 
健 佳 清火 栀 麦片 
海王 抒瑞 氯雷 定 胶囊 深圳 海王 
可 定 瑞 舒伐 汀 钙片 阿斯利康 
乐克 琥珀 酸美 托洛尔 缓释片 江苏 阿斯利康 
谷登 益生菌 保护 狗狗 肠胃 调理 
滴露 消毒液 居衣物 除 菌液 与 洗衣液 柔顺剂 配合 使用 
海王金 得菲 氨酚 氯雷伪 麻缓 释片 深圳 海王 
百灵鸟 牛黄 解毒片 糖衣片 贵州 百灵 
大卫 排卵 检测试 促 黄体 生成素 检测 试纸 胶体金法 汕头润 
向辉 山楂 云南 向辉 
龙虎清 凉油 上海 中华 
腾药 归脾丸 
金钱 草 颗粒 
同仁堂 安神健 脑液 
云植 膏片 
民生 消旋山 莨菪 碱片 
力 感冒 清片 
丽珠维三联 枸橼 酸铋 钾片 替 硝唑片 克拉霉素片 组合 包装 
健 佳 奥美拉唑 肠溶 胶囊 
严迪 罗红霉素 分散 片 
地奥 地 奥 心血康 软 胶囊 
中大 双氯芬酸钠 缓释片 
古凤 手 剥 巴旦木 
农夫 山莊 咸香 花生 
洽洽 香瓜子 
乐食其果 盐焗 开心 果 
惊奇 蛋 果汁 软糖 
奥特蛋 巧克力 豆 代 可可脂 巧克力 制品 
巧克力 豆 糖衣 巧克力 制品 
小猪佩奇 手表 带 奶片 糖 
存储 卡
波 依定 非洛地 平缓 释片 
乐克 酒石 酸美 托洛尔片 
地奥 心血康 胶囊 
敏使朗 司汀片 中国 卫材 
健 佳 润洁 萘敏 维滴 眼液 山东 博士伦 
a 乐 金嗓子 喉片 广西金 嗓子 
帆 透明 高清 加厚 塑封膜 照片 护卡 膜 塑膜 
玉梦 红酸 汤
鲜脆 菜丝
桶 装 水
小 
倍博特 缬沙 坦氨 氯 平片 瑞士 
稻花香 黄金宴 
稻花 香双 礼盒 
丙烯酸羟 
稳健 医疗 透气 胶带 胶带 
欧菲尔迪 脱脂 棉球 
稳健 医疗 使用 检查 手套 聚乙烯 
软件 服务费 
英梭 短袖裙 
捉红 套衣 
生态·沱牌 天曲 品鉴装·小箱 
交通费 
90年 生态 窖龄·沱牌 特曲 
金诃 洁白丸 
雪天 臻品 腌制 盐 
邦 创面 消毒 喷雾剂 
婴童车 白色 车架 
家康 医用 红外体 温计 红外非 接触式 额温枪 
五家渠 恒大 金碧天下 二期 别墅 绿化 工程 
黄 飞鸿 医用 冷 敷 贴 腰腿型 
理洫王 血塞 通软 胶囊 
福瑞 复方 鳖甲 软肝片 
邮费 业务 
健 佳 酚氨 咖 敏片 
复方 鱼腥 草 颗粒 
钙尔奇 千林氨糖 软骨素 加 钙片 
复方 锌 铁 钙 口服 溶液 
健 佳 前列 舒乐 胶囊 
乐克 琥珀 酸美 托洛尔 缓释片 
金银 花露 含 糖型 
沱牌 枸杞酒 新 一代 
硼 酸氧化锌 冰片 软膏 
健 佳 清热解毒 口服液 
品健 维妥 立 蜂胶 提取 物软 胶囊 
健 佳 健胃 消食片 
希尔 安宁 复方 枣仁 胶囊 
米其林 轮胎 
浏阳河 年份 50年 
众生丸 
腾药 保和丸 水丸 
安康信 依托 考昔片 
康顾 多 检查 手套 非无菌 中号 
众生丸 广东 
aGPPLY 健 佳 克拉霉素 分散 片 厦门 金日 
aGPPLJ 健 佳 奥美拉唑 肠溶 胶囊 黑龙江 诺捷 
同仁堂利咽 灵片 北京 同仁堂 
aJ 龙潭山 精制 银 翘解 毒片 原 金敢消 精制 银 翘解 毒片 吉林 鹿王 
aGPPLY 健 佳 胶体 果胶 铋 胶囊 贵州 同济堂 
昆 中药 蒲公英 颗粒 原 昆 中 蒲公英 颗粒 昆明 中药 
潮客 柏维力 葡萄 糖酸 锌 泡腾片 宣城 柏维力 
欧洁 消毒 酒精 杭州 欧拓普 
健佳人 皮肤 抑菌 喷剂 云南 瑞致 
沱牌 枸杞酒 新 一代 
沱牌 枸杞酒 新 一代 
精品 窖藏九 陶醉 酒 
鑫齐 辛伐 汀片 
欣然 硝苯 平控 释片 薄膜 衣片 
天成·沱牌 曲酒 
太极 藿香 正气 口服液 
产品 注册 服务 
找回 服务 
苏菲 零敏肌 护垫 
养乐 多 活菌型 乳酸菌 乳饮品 
九阳 果汁机 
健 佳 香菇 
健 佳 强力 枇杷露 炼蜜 
罗马 白盘 钢带 对 表 
白盘 镂空 白皮 
建军 大业 黑色 帆布带 
白盘条 钉 黑皮 
白盘 罗马 钢带 
九芝堂 足光散 
修正 诺力婷 消糜栓 
健 佳 清热止 痒洗剂 冲洗器 
群祥 创可贴 防水 透气 
云植 酚氨 咖 敏片 
优甲乐 左甲状腺素 钠片 
敬修堂 跌 打 万花油 
健民 祖师 麻关节 止痛膏 
全自动 铆 装机 
京都 念慈菴 蜜炼 川贝 枇杷膏 
金毓婷 左炔诺孕酮片 
恒健 紫溶液 
云植 红霉素 软膏 
素可立 硫糖 铝混悬 凝胶 
云丰 蒲地蓝 消炎片 
吴太咽 炎片 
好 立索 新 复方 大青 叶片 
迪巧 维 钙咀 嚼片 
欣络平 甲磺 酸氨氯 平片 昆明 赛诺 
云南 白药 创可贴 轻巧 护翼型 云南 白药 无锡 
艾司奥美拉唑镁 肠溶片 
维仙优 复方 维生素 片 
腾 药 明 目地 黄丸 
三九 复方 醋酸 地塞米松 乳膏 
盖 中盖 高钙片 
云昆 桑菊 感冒片 
腾药 龙胆泻 肝片 
清肺抑 火片 
云丰 黄连 上 清片 薄膜 衣片 
健 佳 复方 南板 蓝根片 
盖 笛欣 复方 碳酸钙 泡腾 颗粒 
雅客 维生素 夹心糖 集锦装 
福临门家 香味 压 榨菜籽油 
饲料 添加剂 硫酸钠 
云丰 气 血 康 口服液 云南 白药 
万爽力 盐酸曲美 嗪片 天津 施维雅 
泰立康 乙醇 消毒液 
柔和 沱牌 天曲 
老窖 醇香 加福8 光瓶 酒 
泸州 老窖 参酒 
斯达舒 维 颠茄 铝 分散 片 吉林 修正 
红星 鉴赏 15年 
浏阳河 醇香 
纯粹 理性 批判 汉 译 名著 
西域 考古 记汉 译 名著 
西方 哲学史 上 卷 汉 译 名著 
西方 哲学史 下 汉 译 名著 
美学 下 汉 译 名著 
美学 上 汉 译 名著 
美学 汉 译 名著 
美学 汉 译 名著 
全猲 腱鞘 贴 冷敷贴 
双鲸牌 鱼肝 油乳 
医用 退热贴 儿童型 
胃 铋 镁 颗粒 
钙尔奇 碳酸钙 片 
健 佳 克拉霉素 分散 片 
动物 纱 薄棉 睡袋 
健 佳 黄芪 特级 
aPPLJ 健 佳 布洛芬 缓释 胶囊 通化 茂祥 
润舒 氯霉素 滴 眼液 山东 博士伦 
维福佳 维生素 片 华中 药业 
谷维素片 上海 玉瑞 
佛慈 知柏地 黄丸 浓缩丸 兰州 佛慈 
aPPLJ 健 佳 消炎利 胆片 薄膜 衣片 楚雄 天利 
邦迪弹性 创 可贴 
群祥 创 可 贴 组合 防水 
广西 加 碘 小 包盐 
恒坤 兰索拉唑 肠溶片 
广西 海藻 碘盐 
葵花 小儿 柴桂 退热 颗粒 
广西 精制 食用 碘盐 
昆 中药 藿香 正气 颗粒 
维威 陈香露 白露片 
雲植 盐酸 小 檗碱片 
萬嵗 大 山楂 颗粒 
板蓝根 颗粒 
同仁堂 六味 黄丸 
感康 复方 氨酚烷 胺片 
艾普丁 恩替卡 韦 分散 片 湖南 千金 
汇仁 肝 肾安 颗粒 江西 汇仁 
乐家 老铺 黄芪 颗粒 南京 同仁堂 
黛力 新 氟哌噻 美利曲 辛片 丹麦 灵北 
波依定 非洛地 平缓 释片 无锡 阿斯利康 
达 美康 格列齐特片 天津 华津 
康忻 富马酸 比索 洛尔片 德国 
雅施达 培哚 普利叔丁 胺片 原 培哚 普利片 天津 施维雅 
金刚 藤软 胶囊 浙江 爱生 
易明 红金 消结片 原 维奥 红金 消结片 四川 维奥 
健 佳 参苓健 脾胃 颗粒 云南 白药 
云丰 丹溪玉 屏风 颗粒 云南 白药 集团 
波立维 硫酸氢 氯吡格 雷片 杭州 塞诺菲 
康美 菊皇茶 
易 坦静 氨溴特罗 口服 溶液 
同仁堂 小儿 咽扁 颗粒 
纳尔平 复方 氨酚 甲麻 口服液 
康顾 多 儿童 无纺 布口罩 普通 医用 口罩 
汤臣 倍健 天然 β 胡萝卜素 软 胶囊 
宝丽婷 克霉唑 阴道片 
昆 中药 止咳丸 浓缩丸 
昆 中药 通 宣理 肺片 薄膜 衣片 
弥 可 保 甲钴 胺片 
马应龙 麝香 痔疮栓 
品健 番茄 红素 维生素 软 胶囊 
健 佳 黄丸 浓缩丸 
呋塞米片 
鲁南 安神补 脑液 
易 善复 多 烯 磷脂 酰 胆碱 胶囊 
银桂 乌洛托品 溶液 
乌洛托品 溶液 
西施兰 夏露 乌洛托品 溶液 
海宝 珍珠 明目 眼液 北海 国发 
维生素 滴剂 胶囊型 青岛 鲸 
葡萄 糖酸钙 锌 口服 溶液 湖北 福人 
向 辉 罗汉果 
东阿 阿胶 复方 阿胶 浆 无蔗糖 
欣瑞达 手足口 病毒 专用 消毒液 
肛泰 软膏 
肛泰 
赛诺 康复 新液 
腾药 安宫 牛黄丸 铁盒装 
海昌 隐形 眼镜 多 功能 护理 液保湿型 多效 保湿 
健 佳 贡菊 
伲福达 硝苯 平缓 释片 
亚莫利 格 列 美 脲片 
卡博平 阿卡波 糖片 
立加利仙 苯溴 马隆片 
阿乐 阿托伐 汀 钙片 
辅仁 双唑泰 阴道 泡腾片 
向 辉 甘草 
皮 炎平 糠酸莫米松 凝胶 
痛畀贴 骨质增生型 
善存 小佳维 咀嚼片 香甜 柠檬味 
钙尔奇 小 添佳 咀嚼片 巧克力 味 
麦滋林 谷氨酰胺 呱仑 酸钠 颗粒 
乳酶 生片 
云昆 清肺化 痰丸 
复方 甘草片 
万苏平 格列美 脲片 
餐饮 
孚诺 复方 多 粘菌素 软膏 
邦力 丁酸 氢化 可 松乳膏 
奥先 阿莫西林 克拉维酸 钾干 混悬剂 
灯 台叶 颗粒 
维威 复方 甘草 口服 溶液 
细粉 
草晶华 玫瑰花 破壁 饮片 
云南 白药 气雾剂 云南 白药 
钙尔奇 碳酸钙 片 苏州 惠氏 
神农虎 伤湿 止痛膏 湖北 黄石 
aGPPLY 健 佳 强力 枇杷露 炼蜜 苏州 华葆 
深圳市 前海 嘉阳 创业 投资 有限公司 
五环牌 风油精 
好 医生 桑姜 感冒 胶囊 
仙河 制药 肠胃宁 胶囊 
羚锐 壮骨麝香 止痛膏 
御 花 碘伏 消毒液 
秋梨润 肺膏 
蒙王 五味沙 棘散 
海天 四季 抗 病毒 合剂 
天安 安多 可 盐酸二甲 胍 肠溶片 
奥吉娜 阿司匹林肠 溶片 
帅信 硫酸氢 氯吡格雷片 
腾药 人参 健 脾丸 
思然 聚乙二醇滴 眼液 
云昆 感冒 消炎片 
葵花 小儿肺热 咳 喘 口服液 
诺得胜 鼻渊 糖浆 
盐酸普萘洛尔片 
复方 谷氨酰胺 肠溶 胶囊 
新 康泰克 氨麻 美敏片 
康 恩贝 肠炎 宁片 
海德威 骨化 胶囊 
正大九力 盐酸氨基 葡萄 糖片 
欣盖达 硝苯 平缓 释片 
推 车 餐椅 凉席 
红 保 襟蛤 
金水宝 胶囊 
欧菲尔迪棉签 纸轴 
原浆·沱牌 优曲 
原浆·沱牌 特曲 
汇仁 肾宝片 
同仁堂 六味 黄丸 大蜜丸 
健 佳 银杏 叶片 
爽口 含片 
雪花 冰8 啤酒 
同仁堂六味 黄丸 浓缩丸 
健 佳 妇炎 康片 
腾药 归脾丸 水蜜丸 
沙利舒 盆炎 清栓 
生态·沱牌 天曲 小箱 
电磁炉 
人血白 蛋白 静脉 输注 溶液 
保温 饭柜 
石锅 夹子 
木耳 
齿轮 钎子 
干 蕨菜 
干明 鱼丝 
温面 酱 干料 
精装 玉米 
剔骨刀 
绿 把 刀 
富硒 大米 箱装 
黑 把 刀 
划单 菜谱 丰茂 
标签 夹子 
炸 辣椒料 
真空 冷面 
华法林 钠片 
品健 维生素 含片 草莓味 
金 桂林 西瓜 霜 
沱牌 大曲 简装 
典 开套 
王针 短蛤 
然针 短蛤 
提圆帽 
顶蓬 围蓬 蓝色 
云棉 扣裤 装 
脉动 维生素 饮料 水蜜桃味 
昊 雨 葡萄糖 补水液 原味 
雪碧清 爽柠 檬味 汽水 
瑞 丽江 芒果 汁 饮料 
红星二锅头 酒 绵柔 陈酿 
牛栏山二锅头 白酒 
健达 奇趣蛋 男生版 型 奶糖 糖果 
雷诺考特 布地奈德 鼻 喷雾剂 阿斯利康 
彼瑞康 氟康唑 胶囊 广东 彼迪 
aGPPLY 健 佳 盐酸 左氧氟 沙星 胶囊 石家庄 石药 
加 碘 腌制盐 编织袋 
慢 严 舒柠 清喉 利咽 颗粒 
永孜堂 天麻 醒脑 胶囊 云南 永孜堂 
乙酰螺旋霉 素片 昆药 集团 
微波炉 保鲜盒 
鱼跃 血糖 试纸 江苏 鱼跃 
维福佳 维生素 片 华中 药业 
娇妍经通 热敷贴 
腾药 黄丸 水蜜丸 
玉林 湿 毒清 胶囊 
金 片 
同仁堂生 脉饮 党 参方 
万特力 吲哚 美 辛搽剂 日本 
优力平 阿托伐 汀 钙片 
健 佳 盐酸二甲 双胍片 
健民 复方 紫草油 
裕潮 兴 手撕素 肉 香辣 牛肉味 
乳酸 菌味 夹心 饼干 
抹 茶味 乳酸 菌味 夹心 饼干 
裕潮兴 烤小腿 新 奥尔良味 
法丽兹 酸奶 巧克力 味曲奇 
法丽兹 醇香 黑 巧克力 味曲奇 
莱家 巧克力 味 威化饼 含 巧克力 味 夹心 
莱家 牛奶 味 威化饼 含 牛奶 味 夹心 
莱家 香草 味威化饼 含 香草 味夹心 
莱家 榛子 味 威化饼 含 榛子 味 夹心 
哈尔滨 啤酒 冰纯 白啤 
希 源 榨 鲜 玉米 粗粮 饮料 
林可霉素 利多卡因 凝胶 
哈 瑞 美 复方 樟脑 乳膏 
恩威 洁尔 阴洗液 
吞之乎 酱香·黑瓷 描金 
新 希望 雪兰 酸奶 风味 酸牛奶 原味 
枪手 小 骑士 杀 虫 气雾剂 清香型 
竹笼屉 
夏 后 厨服 男 
鱼跃 臂式 电子 血压计 
品健 族 维生素片 
品健 维生素 钙 软 胶囊 
洛汀 新 盐酸贝那 普利片 
金喉健 喷雾剂 
迪康 肤痒 颗粒 无糖型 
甘油 抑菌液 
恒健 过氧化氢 溶液 
维福佳 维生素 片 
料碟 
炒 饭盘 
带 盖 米 饭碗 
乐柏美拖 把 头 
大 钎子 
钎子 桶 
韩国 筐 
擦菜板 
电 压力锅 
江 中 健胃 消食片 江西 江 中 
万苏平 格列美 脲片 江苏 万邦 
扬子江 蓝 芩 口服液 扬子江 药业 
同仁 乌鸡 白凤丸 北京 同仁堂 
唯田 匹多莫德 分散 片 
精致级 专属 定制 酒 
汤臣 倍健 牛 乳加钙 咀嚼片 双瓶 优惠装 
爱燃特炉 
30·沱牌 曲酒 
云岗 碳酸氢 钠片 
来 比 新 双氯芬酸钠 贴 
信龙 碘 甘油 
中新 维生素 片 
健 佳 盐酸 左氧氟 沙星 胶囊 
金甘 金钱 草 颗粒 
健 佳 清淋 颗粒 
华为 经典 耳机 版 白色 
品健 程 海 螺旋 藻片 
艾畅 小儿 伪麻美 芬滴剂 
华为 平板 电脑 版 香槟金 
生和堂 吸 龟苓膏 原味 
维福佳 维生素 片 
东方 金匮 肾气丸 
益君康 复方 嗜酸 乳杆 菌片 
公文包 
月露清 
群祥 泰邦 创口 贴 透明 防水型 
金钻喜 安智 婴儿 配方 奶粉 阶段 适用 于 月龄 婴儿 
阿斯德 铝 镁 匹林片 
同仁堂坤 宝丸 
稳健 医疗 透气 胶带 非织造 布胶带 
医用 脱脂 棉纱 布 块 
茶 对襟 
梦 套衣 
茶拆裤 
海星 套头 
茶套衣 
泡 对 襟 
莫中裤 
短 套衣 
宝襟 衣 
黑 附片 
桂枝 
桑叶 生桑叶 
桑枝 
炒枣仁 炒 酸枣仁 
生 牡蛎 
龙骨 生龙骨 
磁石 生磁石 
干姜 
肉桂 官桂 
柴胡 生柴胡 
升麻 
桔梗 
党参 
茯苓 
生白术 
黄芪 生 黄芪 
丹参 生 丹参 
炙大芸片 炙肉苁蓉 酒苁蓉 
郁李仁 
防风 生防风 
地 骨皮 
夜 交藤 
炙甘草 蜜甘草 
博仁堂 代 客煎药费 
叶开泰 紫草 软膏 
彩短 套衣 
宝套 衣 
推 车 凉席 
"息斯敏牌 氯雷 定片 
神霸 黄 皮肤 乳膏 铝管 贵州 苗药 
健 佳 黄丸 浓缩丸 马鞍山 天福康 
云植 秋水仙 碱片 云南 植物 
求康 氯霉素 滴眼液 邯郸 康业 
恒健 开 塞 露 含 甘油 广东 恒健 
爱 乐维 复合 维生素片 
紫鑫 四妙 丸 吉林 紫鑫 
久金 荨麻 疹丸 吉林 龙鑫 
航针 长裤 
防 大 睡袋 
畅锦 长蛤 
华为 手机 网通 亮 黑色 
天草 丹参 保心茶 
求康 氯霉素 滴 眼液 
达仁堂 藿香 正气 软 胶囊 
泰福高 提环 塑料杯 蓝色 
泰福高 不锈钢 保温壶 
泰福高 不锈钢 保温 饭盒 黑色 
国窖 
王上王 复方 酮康 唑发 用 洗剂 
肾衰宁 胶囊 
金丐 醋酸 钙 颗粒 无糖型 
海德威 骨化 胶囊 原 海德威 骨化 三醇 胶丸 青岛 正大海尔 
云昆 参苓健 脾胃 颗粒 昆 中药 
金鸡 胶囊 
盟迪奥 折叠式 便携 按摩椅 深圳 盟迪奥 
达 美康 格列齐特片 
东维力 左卡尼汀 口服 溶液 
可 定 瑞 舒伐 汀 钙片 
住宿 服务 住宿费 
金品 痛舒 胶囊 
金品 肿 痛 气雾剂 
无敌 止痛搽剂 
儿童鞋 
思密达 蒙脱 石散 桔子 味 
迪赛 蓝 精灵 口腔 溃疡 含片 
龙 黄连 口服液 浓缩型 
住宿 服务 住宿费 
女 上衣 
山 千柏鼻 炎片 
健 佳 通窍 鼻炎片 
男 套装 
男裝 运动鞋 
唐林 依帕司 片 
卡双平 吡格列酮 双胍片 
令 胶囊 
德芙 摩卡榛仁 牛奶 夹心 巧克力 
活润 益生菌 发酵乳 香草 籽口味 高杯 
雪兰 活润 风味 发酵乳 大麦 黄桃味 
昆 中药 参苓健 脾胃 颗粒 无蔗糖 
莎普 爱 思 苄 达 眼液 
卡林优 吡诺克辛滴 眼液 
迪巧 儿童维 钙咀 嚼片 
奥络 夫西 酸乳膏 
科田 曲咪 新 乳膏 
健 佳 金银花 
修正 麝香 壮骨膏 
拜 唐苹 阿卡波 糖片 
适怡 酪 酸梭菌 肠球菌 三联 活菌片 
蓝 月亮 深层 洁净 护理 洗衣液 薰衣草 香 
佳 格调 本色 无 芯 
青蛙 柔护 系列 牙刷 套装 
珊珂 绵润 泡沫 卸妆 洁面乳 
妮 维雅 男士 水活 多 效润 肤露 
欧志姆 珍珠 丽研 牙膏 
健 佳 石斛 
鼻渊 舒 口服液 无糖型 
云南 象山 乙醇 消毒液 
修正 格平 厄 贝沙 坦片 
同仁堂 京制 牛黄 解毒片 
草晶华 山楂 破壁 饮片 
草晶华 丹参 破壁 饮片 
万特力·护 腓 小腿肚 部 专用 护具兴 株式会社 
爱克帖 痛风帖 云南 贝洋 
痛畀贴 风湿 疼痛型 云南 贝洋 
稳健 医疗 透气 胶带 胶带 原 透气 胶带 基材 稳健 医疗 
波立维 硫酸氢 氯吡格雷片 
恩华 迭力 加巴 喷丁 胶囊 
茂祥 烧烫 伤膏 
金钙尔奇 碳酸钙维 元素 片 江苏 惠氏 
拜 新 同 硝苯 平控 释片 北京 拜耳 
房屋 租赁 
增值税 税控 系统 技术 维护 服务 
冈本 天然 胶乳 橡胶 避孕套 质感 超薄 
健 佳 香果 健消片 
健 佳 大山 楂丸 
尤卓尔 丁酸 氢化 可 松乳膏 
"息斯敏 氯雷 定 口腔 崩解片 
云南 白药膏 打孔 透气型 
西乐葆 塞来昔布 胶囊 
精 司乐平 拉西 平片 
郭 晓庄 腰 痛宁 胶囊 
健 佳 消炎镇 痛膏 
余良 卿號 活血 止痛膏 
戴芬 双氯芬酸钠 双释放 肠溶 胶囊 
秋水仙 碱片 
健 佳 速协 安血塞 通 分散片 云南 植物 
仙琚 左炔诺孕酮 肠溶 胶囊 浙江 仙琚 
今维 多 维生素 咀嚼片 香橙味 山东 圣海 
健 佳 夏 桑菊颗粒 
昆 中药 牛 黄 解毒片 薄膜 衣片 
希 舒美 阿奇霉素 干 混悬剂 
象襟蛤 
迪米妮 裆衣 
鱼跃 腕式 电子 血压计 
健 佳 苋菜 黄连素 胶囊 
永信 硫酸 氨基 葡萄 糖 胶囊 
健 佳 参苓健 脾胃 颗粒 
云植 氯霉素 片 
葛洪 桂龙 药膏 广西 邦琪 
纱尿裤 装 
丹南泰 和 胃 整肠丸 
同仁堂 牛黄解 毒片 
宁平 盐酸乐卡 地平片 薄膜 衣片 
苦难 辉煌 修订 增补 版 
同仁 乌鸡 白凤丸 水蜜丸 
鹿迪 桔贝合剂 
柏美星 百蕊颗粒 无糖型 
果蔬 清洗 盐 支装 
金健 纯正 菜籽油 
九阳绞肉机 
九阳电 火锅 
安博诺 厄 贝沙 坦氢 氯噻 嗪片 杭州 赛诺菲 
昆 中药 清肺化 痰丸 
aN03PLY 以岭 花 清瘟 胶囊 石家庄 以岭 
飞赛 乐 盐酸苯环壬 酯片 北京 华素 
云丰 热毒 清片 云南 白药 
星鲨 高 维生素 滴剂 胶囊型 厦门 星鲨 
雅客 维生素 夹心糖 集锦装 福建 雅客 
德众 枣仁 安神 胶囊 
迪针 中 裤 
草枕套 
星鲨 高 维生素 滴剂 胶囊型 
希瓦丁 盐酸西 替利 嗪片 
明兴 清 开灵 颗粒 
养生堂牌 天然 维生素 软 胶囊 
健 佳 小 柴胡颗粒 
葵花牌 护肝片 糖衣片 
苏中 药业 黄葵 胶囊 
鸭血 海悦 
牛百叶 
丰茂中性笔 
防水 围裙 粉色 
小 胶皮 手套 珍爱 
夏前厅 女 服务员 服 
十三香 王守义 
木耳 员工 餐 
前厅 服务员 围裙 
明档 一次性 手套 艾玛斯 
平奇 孟鲁司 咀嚼片 
健 佳 佐今 明百 咳 静 糖浆 
步長 稳心颗粒 
大豆油 
奥泰灵 盐酸氨基 葡萄 糖 胶囊 
号 复方 利血 平氨苯蝶 啶片 
餐饮 消费 
aGPPLY 健 佳 板蓝根 颗粒 云南 玉药 
雪天 加 碘 古生代 岩盐 纸箱 
男棒球服 
味精 梅花 
赛 乐林 罗红霉素 胶囊 
金钙尔奇 碳酸钙维 元素 片 
小儿 止咳 糖浆 
盐酸吗啉 胍片 津华 
神农虎 伤湿 止痛膏 
天 追风膏 
神农虎 消炎镇 痛膏 
洪康 金银花露 
富露施 乙酰 半胱 氨酸 颗粒 
乙酰螺旋霉 素片 
中性 笔芯 笔 
防 烫 手套 
大串机 轴承 金攀 
客用 围裙 
牛鞭 皓月 
芝麻粒 
检斤票 
玩具 
纸 亚 太 
白钢 耳锅 
厨房 手 消毒液 艺康 
雪兰 利 乐枕 纯奶 
尖叫 运动 饮料 多肽型 西柚 味 运动盖 
健 佳 感冒 清热颗粒 
金健菜 籽调 油 
牛奶 沐浴 盐乳 装 
果蔬 清洗盐 
玫瑰 精油 沐浴 盐乳 装 
清洗盐 
袋装 薰衣草 足浴盐 装 
湘盐牌 盐白 牙膏 支装 
皮鞋 
祁连 传奇 精冰·美乐 冰红 葡萄酒 
庄臣 超清亮 大理石 结晶 
大理石 
华葆 小 柴胡颗粒 无糖型 
辅仁 小儿 清热宁 颗粒 
普南 扑灵 普拉洛芬滴 眼液 
海王 维生素 片 深圳 海王 
永信 硫酸 氨基 葡萄 糖 胶囊 台湾 永信 
云岗 碳酸氢 钠片 大同 云岗 
施 强 复方 玄驹 胶囊 
净化器 
欧 亚 纯 牛奶 
西麦 燕麦片 
澄江 德春牌 红枣 藕粉 
苦荞 麦芽糖 醇沙 琪玛 
统一 来 老坛 泡椒 牛肉面 
统一 来 老坛 酸菜 牛肉面 
康师傅 老坛 酸菜 牛肉面 
康师傅 泡椒 牛肉面 
康师傅 老 陈醋酸 辣 牛肉面 
康师傅 红烧 牛肉面 
康师傅 麻辣 排骨面 
康师傅 麻辣 牛肉面 
统一 巧面馆 麻辣 笋子 牛肉面 
统一 巧面馆 老坛 酸菜 牛肉面 红油味 
道达尔 优驰 汽油 
金 狗 时运 转运 珠 
线路 
云棉 红 短 背套 
云棉 蓝 长 圆 领套 
健 佳 大枣 哈密 
丙烯酸 
利培 厄贝沙 坦氢 氯噻嗪 分散 片 
泸州 老窖 特曲 老酒 
泸州贡 中国 礼 
祁连 传奇 精冰·赛 美容 冰白 葡萄酒 
沱牌 天曲 
腾药 香砂 养胃丸 
维肯 三合一 多 功能 尼龙 数据 线 香槟金 
万特力 吲哚 美辛 凝胶 
风砺乐 活血 止痛 软 胶囊 
米其林 轮胎 
简约 时尚 防水 休闲 女性 手表 
厨房 用品 
康王 复方 酮康 唑发 用 洗剂 
健 佳 菊花 胎菊 
美 加 净 保湿 滋养 润手霜 
品健 国林牌 葡萄 糖酸 钙 口服液 
"息斯敏 氯雷 定片 
朗迪 碳酸钙 颗粒 
美能 复方 甘草 酸苷片 
蒙王 嘎日迪 五味丸 
麦比客 燕麦 曲奇 饼干 
德芙 丝滑 牛奶 巧克力 
好时 吻 曲奇 奶 香白 巧克力 
德芙 草莓白 巧克力 
好 时 黑 巧克力 
好 时 牛奶 巧克力 
德芙 草莓白 巧克力 
金典 纯 牛奶 
金鸡 益 母草 颗粒 无蔗糖 
兰美抒 盐酸特比 萘芬 乳膏 
星鲨 维生素 软 胶囊 
江 中 健胃 消食片 
腾药 柏子 养心丸 
女裝 休闲鞋 
预收 物业费 
临时 类 费用 内 
玉溪 和谐 
夏普 网络 智能 液晶 平板 电视机 
天鹅 医药 吨袋盐 
维尔 美 丝质 装 无 芯卷纸 
维尔美 劲韧 卷筒 卫生纸 
维尔 美 丝质 装 无 芯卷纸 
纤纯 本色 迷你 抽取式 面纸 包装 
纤纯 本色 迷你 抽取式 面纸 包装 
纤纯 本色 卷筒 卫生纸 
纤纯 本色 装 无 芯卷纸 
纤纯 本色 装 无 芯卷纸 
维尔美 劲韧 迷你型 抽取式 面纸 包装 
维尔美 劲韧 小迷你型 抽取式 面纸 包装 
优酷 影视 会员 月 
雪天 加 碘 精制盐 
康师傅 冰糖 雪 梨 梨汁 饮品 
农夫 山泉 茶 π 柚子 绿茶 
脉动 维生素 饮料 橘子 口味 
新 希望 雪兰 初心 风味 发酵乳 
溜溜乌梅 凉果 类 蜜饯 
溜溜 雪梅 凉果 类 蜜饯 
欧 亚 大理 牧场 巴氏 鲜牛奶 
红河 翻盖 
雀巢 咖啡 香滑 咖啡 饮料 
泸州 贡礼 享 
袋装 姜汁 足 浴盐 装 
湘盐牌 白劲 爽漱 口水 支装 
国窖 
消泡剂 
秋田 硒鼓 
秋田 碳粉 
惠普 合 激光 一体机 
秋田 墨盒 
秋田 墨水 
佳能 三合一 喷墨 一体机 
联想 激光 一体机 
秋田 粉仓 
树森 碳粉 
齐心 塑机 
齐心 护 卡膜 
佳能 喷墨 打印机 
联想 激光 打印机 
柯美 黑白 复合机 
佳能 相片 纸 
OEM 瑞兰 系列 玻 尿酸 酵母 活 肤水 
伊斯佳御糖 系列 合 水 光 幼龄 家居 套装 
OEM 融色 系列 双面 女神 皇家 基尔 卸妆液 
咨询费 
修 护润 养洗 发水 
品牌 共用 宣传 配送 系列 无 痛水光 幼龄仪 
品牌 共用 套盒 系列 合 尿酸 套盒 
伊斯佳 原液 系列 轻柔洁 面乳 
伊斯佳 原液 系列 养颜液 中干性 
伊斯佳 原液 系列 肌肤 保湿 修护油 
伊斯佳 原液 系列 水玲珑 新 活水 
品牌 共用 套盒 系列 水光 幼龄 面膜 
伊斯佳御糖 系列 合 1润亮 美 肤 套装 
伊斯佳 系列 洋甘菊 香花水 
品牌 共用 宣传 配送 系列 美雕 微晶套 
品牌 共用 套盒 系列 合 美雕 护理 体验 套 
OEM 赫柏 系列 柏康头皮 祛屑 舒缓 洁净 乳 
瑜伽垫 清洁剂 草木香 
瑜伽垫 清洁剂 松木香 
瑜伽垫 清洁剂 松木香 
大小白 美颜 套盒 
羊奶 养 肤乳 
果感 热带雨林 沐浴 露 
无硅油 玫瑰花 萃 沐浴 露 限量版 
青柠 身体 磨砂沐 浴露 出口 版 
男士 清爽 控油 洗发乳 国际 
男士 清爽 润滑 沐 浴露 国际 
雪莲 美肌 旅行套 
雪莲 美肌 旅行套 英文版 
花漾 植萃 润养 沐 浴露 
茉莉 精油 芬芳 沐浴 乳 
营养 修护 洗发水 
迷迭香 精油 清爽 沐浴 啫喱 
冰川 焕肤 清肌 保湿水 
媒体 礼品 系列 190ml 热带雨林 龙血树 身体 磨砂 
迷迭 香 薄荷 精油 洗发乳 
营养 修护 定型 喷雾 
雪莲 美肌 洁面膏 
樱花 滑肌 润肤乳 限量版 
乳木 果油 润发乳 
洗手液 
双面 女神 皇家 基尔 卸妆液 
花漾 莹润 滋养 沐 浴露 
果感 宝宝 洗 发 沐浴 合 
大连 贝泉 系列 羊奶 清漾 面膜 
定型 发胶 喷雾 
小茉莉 精油 水漾 沐浴 啫喱 
薰衣草 精油 柔润 沐浴 乳 
男士 清爽 控油 洗发乳 
水漾 盈润 护发素 
玫瑰 洗发露 
清爽 平衡 矿物 乳液 
温 净透 卸妆水 
橙花 精油 爽滑 沐 浴乳 
蔻伶 防晒 隔离霜 2015年 版 
祛痘 修护 焕颜霜 
雪莲 美肌 乳液 
经典 香氛 无 硅油 洗发露 
瑜伽垫 清洁剂 草木香 
OEM 御泥坊 系列 合 玫瑰 滋养 旅行 套装 猫超 
OEM 御泥坊 系列 玫瑰 滋养 矿物 睡眠 面膜 猫超 
OEM 御泥坊 系列 素颜霜 
OEM 御泥坊 系列 玫瑰 滋养 矿物 润肤水 
OEM 御泥坊 系列 玫瑰 滋养 矿物 洁面乳 
OEM 御泥坊 系列 水润 茶萃 微囊 滋养 水 
OEM 御泥坊 系列 水润 茶萃 微囊 滋养乳 猫超 
OEM 御泥坊 系列 合 清爽 平衡 控油 礼盒 猫超 
OEM 御泥坊 系列 150ml 清爽 平衡 卸妆露 
挑选费 
面护 系列 清颜痘肌 修护 精华 露 
面护 系列 焕颜 净肤 洗颜乳 
面护 系列 焕颜 净肤美 肌液 
面护 系列 清颜痘肌 修 护 面膜 
面护 系列 焕颜 净肤 修护乳 
面护 系列 6pcs 美 颜 奢养 嫩肤 面膜 
佳 便利 装 高级 一次性 纸杯 
清风 牌 湿巾 悦 清新 装 
天然 竹牙签 
亨奇 璞竹 抽取式 纸 面巾 
美硕 精典 雨伞 
废纸箱 
废胶桶 
颜熙 系列 葡萄籽 皙颜焕肤 原液 
加厚 白色 塑料 桶 
福临门 清香型 食用 调和油 
福临 门茶籽 橄榄调 油 
颜熙 系列 效 精华 面膜 
颜熙 系列 金谷光感 亮 肤原液 
驻 颜套组 
惠普 喷墨 打印机 
惠普 合 激光 一体机 
惠普 合 一体机 
佳能 高 容量 打印机 
惠普 合 一体机 
理光 激光 一体机 
惠普 喷墨 一体机 
兄弟 激光 一体机 
惠普 激光 打印机 
信开色 带 
联想 激光 多 功能 一体机 
爱普生 针式 打印机 
惠普 墨盒 
秋田 
佳能 墨盒 
惠普 照片 纸 
惠普 硒鼓 
爱普生色 带 
耗材 
打印机 
惠普 打印机 
齐心经典 办公 用 笔 黑 
联想 硒鼓 
东禾硒 鼓 
联想 粉仓 
理光 墨 粉盒 
联想 平 推 票据 打印机 
联想 墨 粉盒 
理光 墨粉 
爱普生 喷墨 打印机 
爱普生色 带 芯 
联想 色 带 框 
爱普生 喷墨 一体机 
理光 墨盒 
柯美 碳粉 
理光 版纸 
爱普生 墨盒 
理光 油墨 
兄弟 硒鼓 
富士施乐 激光 打印机 
兄弟 原装 添加 墨水瓶 
松下 扫描仪 
兄弟 粉仓 
兄弟 墨盒 
爱普生 墨水 
理光 数码 复合机 
兄弟 标签机 
佳能 原装 填充 墨水 
佳能 激光 打印机 
国产 墨水 
佳能 喷墨 一体机 
惠普 合 彩色 喷墨 一体机 
松下 墨粉 
惠普 合一 复印机 
理光 网络 组 
惠普 彩色 激光 打印机 
佳能 小型 照片 打印机 
麦香玉 带 面 
鑫稻田 福家 稻丝 苗米 
鑫稻田 郁金香 米 
麦香 银丝面 
燕庄 黑芝麻 香油 头初 
福临门 东北 优质 米 
鑫稻田 松花江 珍珠米 
福临 门油 粘米 
鑫稻田 家 稻香 粘米 
鑫稻田 惠家 稻长 粒 香米 
鑫稻田 爱 家 稻 宫廷 珍珠米 
鑫稻田 惠家 稻长 粒 香米 
鑫稻田 福家 稻丝 苗米 
超市 专用 爱 家 稻 宫廷 米 
鑫稻田 家 稻香 粘米 
鑫稻田 茉莉 香米 
五湖桂 香软 
五湖桂 香软 
鑫稻田 福家 稻软 香米 
鑫稻田 仙人桃 香米 
鑫稻田 油粘 米 
龙旗调 油 
鑫稻田 松花江 珍珠米 
鑫稻 田牌 泰国 香米 
福临门 
鑫稻田 爱 家 稻 宫廷 珍珠米 
鑫稻田 茉莉 香米 
鑫稻 田牌 泰国 香米 
鑫稻田 福家 稻丝 苗米 
鑫稻田 惠家 稻长 粒 香米 
湖 一级 大豆油 
燕庄 纯芝 麻香油 
燕庄 小磨 香油 
芝麻 香油 
鑫稻田 家 稻香 粘米 
鑫稻田 油粘 米 
松花江 大米 铝膜 
鑫稻田 惠家 稻 超级 稻米 
鑫稻田 黑龙江 宫廷 米 
燕庄 芝麻 香油 头初 
国窑 中国 品味 
充气 
充气 
微波炉 
韩国 高压锅 饭炉 饭锅 
加宽九 抽屉 冰箱 星星 
平台 冷藏 冰箱 
款 展柜 
品牌 共用 套盒 系列 合 美雕 护理 组合 
OEM 森潇 系列 西雅 凝肤 肌透 身体 乳 
保湿 滋养 沐浴 乳 白款 
透 润莹 亮 沐 浴露 
透 润莹 亮 身体 啫喱 
韩尚优品 滋养 定型 啫喱水 定型 
韩尚优品 保湿 定型 啫喱 水 强力 定型 
韩尚优品 橄榄 动感 保湿 弹力素 
山茶 油 卷发 营养 弹力素 
韩菲诗 西柚 清新 活力 洗 发露 
酵母 透 雪颜 平衡水 17年 版 
酵母 透 雪颜 精华乳 17年 版 
米浆 水 嫩莹 润营 养乳 
鲟 鱼子 焕彩 舒活 眼膜霜 17年 版 
鲟鱼子 凝水 明眸 精华霜 17年 版 
酵母 透 雪颜 精华霜 17年 版 
黑 糖柔 肤 净颜 去 角质 啫喱 
优创 小本女性 护 沐浴液 
优创小本矢 车菊 氨基酸 水润无硅 洗发水 
优创 小 本复活草 水润 修护 养发乳 
中华 沱牌 
吞 陈香·黑瓷 描金·非卖品 
陈窖 9·沱牌 大曲 
陈窖 3·沱牌 大曲 
陈窖 
中华 沱牌 
吞 陈香· 供 专家 品鉴 
智慧 舍得 
吞 陈香·黑瓷 描金·非卖品 
沱牌 佳酿 新 一代 
沱牌 粮液 铁盒 
天曲 30·沱牌 曲酒 
珍品·沱牌 大曲 
100年 传承·沱牌 曲酒 
晶品 舍得 
米兰 舍得 
珍品·沱牌 
雅鹿 自由自在 床品 家纺 全棉 斜纹 单人 学生 宿舍 床 被 套 乐享 族 
银河奇 异果 会员 月 
夏普 超薄 智能 网络 液晶 电视机 
迪公主 纱 中 睡袋 
缤梭 背裙 
绒初 薄袜 双装 
快梭 背蛤 
西竹 短襟蛤 
凤牌 桶 
脱脂 乳粉 
全脂 乳粉 
黄油 
无 水 奶油 
酪乳粉 
管理费 固定 
齐心 计算器 
提蓝 背心 
惠普 激光 打印机 
女 套装 
卤鸭胗 大盒 
装 无纺 
纸箱 装 
初针 长裤 
阅针 长袖 套衣 
云棉 蓝 短 背套 
手机 豆蔻粉 
九阳电 火锅 
汽油 
日子 健康型 卫生 护垫 亲肤 棉质 
佳 便利 白砂糖 
鑫稻田 水晶 米 
华为 笔记本 电脑 
兰益松 松子 露 酒 
女裤 
女 外套 
飞利浦 无 吸尘器 用 无尘袋 大功率 果冻红 
飞利浦 吸尘器 用 无尘袋 大功率 果冻红 
云烟 软大重九 
比 巴卜 超软 泡泡 糖 
兄弟 墨盒 
服务费 
佳能 三合一 激光 一体机 
抽纸 散 
蓝色 一次性 手套 艾玛斯 
透明 胶带 大 
灭 虫 粘板 
针式 打印机 色带 德生 
尼龙丝白 手套 
青芥辣 味（日式 
瓶 起子 
韩国 口罩 
牛油 火锅 底料 
一次性 酱料杯 
米醋 喜福隆 
陈醋 喜福隆 
清油 火锅 底料 
牛肚梗 
淀粉 新 
剪子 
小 喷壶 艺康 
竹签子 
打价器 
一次性 帽子 
秋田佳能 硒鼓 
打价纸 彩色 
蒸鱼豉油 
皮筋 
海梭 短裤 
海针 长袖 套衣 
挂肉 展示 柜 
平台 抽屉 冰箱 
韩国 开水器 
便携式 深层 净澈 成人 衣物 洗衣液 
深层 净澈 成人 衣物 洗衣液 
电商 特卖 优丽科 系列 玻尿酸 补 水面 膜 
电商 特卖 优丽科 系列 活肤胶 原 面膜 
水光 修 颜气垫 霜 
蔻伶 系列 沉香 洗发露 
手护 系列 手膜 
伊斯佳 原液 系列 柚籽 原液 
电商 特卖 优丽科 系列 玻 尿酸 酵母 活 肤水 
电商 特卖 优丽科 系列 采莹 润精 萃液 
电商 特卖 优丽科 系列 活 肤雪 肌面 膜 
电商 特卖 优丽科 系列 修护 面膜 
花宴 花颜 精致 腮红 
唇唇欲动 定制 口红 组合 
蔻伶 系列 沉香 护发素 
伊斯佳 原液 系列 扇豆 原液 
合 清爽 防护套 2015年 
蔻伶水 活 皙透 系列 15ml 祛痘 凝胶 
鞋 
花卉 
纸箱 装 
纸箱 装 
纸箱 装 
白膜 
白膜 
齐心胶圈 装订机 
习近平 用典 
共产党 宣言 
OEM 赫柏 系列 柏萃 发干 奢养 修 护乳 
商用 灭 蚊灯 白色 粘捕式 
商用 灭 蚊灯 白色 
佳 便利 黑胶横 纹平 边 伞 
佳 便利 天下 安爽 滑 小 町米 
惠普 墨盒 
柯达 手机 照片 打印机 
柯达 
爱普生 
服务费 
兄弟 喷墨 一体 
补 
维生素 混合 饲料 
七度 空间 少女 系列 甜睡 超薄 超 长夜 用 卫生巾 
定位 针 
安全 锁 服务 
金蝶 短信 充值卡 
20CM 粉兔 
餐饮 服务 
蝶美玲 珑赋活 精萃 水 
蝶美玲 珑赋 活眼霜 
蝶美玲 珑赋 活 丰润霜 
蝶美玲 珑赋 活 精华液 
蝶美玲 珑赋活 乳液 
温 纤柔 衣物 柔顺剂 
植萃 呵护 贴身 衣物 洗衣液 
手轮 
拉手 
滚珠 丝杠 
滚珠 花键 轴承 
固定 端轴 承座 
直线 滑轨 
联轴器 
同步 带 轮 形 
轴承 
同步 带 轮 形 形 
同步 齿形 带 
无 油 衬套 嵌入式 法兰型 固定 座 组件 内 置 铜合金 衬套 单衬 衬加 长型 
日规半密式 滑 台 电缸 
连接杆 
轴承座 
紧固件 轴用 弹性 挡圈 
胶壳 
同步 带 
直线 轴承 
聚氨酯 垫 
钣金 支架 
紧固件 开口 销 
日规 全密式 滑 台 电缸 
丝杠 支座 组件 固定 侧方型 
无 油 衬套 青铜 带 肩型 
电缆 保护链 低 噪 低摩 擦盖板 开 合型 拖链 
插头 
导向 轴高 精度 精密型 两端 内 螺纹 带 扳手槽型 
止回 组件 
惰轮 
丝杆 
脚杯 
带 法兰 直线 轴承 
免键 轴套 经济型 
信号 接线盒 
主动 同步 带轮 
吕型材 支架 
铝型材 
转轴 
软管 喷嘴 
紧固件 轴肩 螺栓 
星形 旋钮 
轴承座 组件 带 挡圈 嵌入型 
膨胀 螺栓 
电缆 拖链 
球头 柱 塞 内 孔型 
型材 端盖 
齿型 惰轮 
紧固件 薄螺母 
铝合金 型材 
内 全 螺纹 螺栓 
精密 锁 紧 螺帽 
联轴器 梅花型 键槽 顶丝 系列 
平键 
型 扣环 轴用 
脚踏 开关 
铝型材 支架 
型 扣环 
压缩 弹簧 重载 外径 基准型 
压缩 弹簧 
开关 保护 罩 
同步 带 轮 形 
先装 螺母 
同步 齿形 带 用 金属 件 下部 金属 紧凑型 
橡胶垫 
槽型 反转 支架 
支撑 角座 
关节 轴承 
线性 导向轴 
线性 导向杆 
无 油 衬套 聚缩醛 树脂型 
压缩 弹簧 轻载 外径 基准型 
压缩弹 簧超 轻载 外径 基准型 
螺柱 
浮动 接头 简易 连接型 外螺纹型 
线束 
磁铁 平头 螺栓 止动型 
后装 螺帽 
标准 滚子 链条 节距 
丝杠 支座 组件 固定 
信号 接线盒 
气缸 
气缸 密封 
导向 轴支座 开口 标准型 
同步 齿形 带 
磁力扣 
不锈钢 接头 
接头 
盖形 接头 
脚 
滚珠 轴承组 铸 铁法兰型 
固定环 止动 螺丝 固定型 标准型 
轴承组 
无 油 衬套 标准 法兰型 固定 座 组件 内 置 铜合金 衬套 单衬 衬加 长型 
导套 
导柱 
丝杠 支座 组件 固定 侧 圆型 
冲孔 金属 网板 
复古 轴承 
压缩 弹簧 内径 基准型 
支柱 底座 安装 用 底座 简易 通孔型 
链条 张力 调整器 
带 座 磁铁 强力 平面型 
止动 销 
减震 压头 
轴承座 组件 无 挡 圈 轴承 尺寸 选择型 
轴承座 组件 无 挡 圈 轴承 尺寸 指定型 
凸轮 轴承 随动器 
管型 包胶 滚 轮 带 轴承型 
肘夹 
高扭矩 同步 带 轮 形 
直线 导轨 
型材 支架 
支柱 固定 夹带 螺纹 平行 
卸 料板 导套 
直齿轮 
调整 螺栓 
固定 侧 
轴用 弹簧 挡圈 
导向轴 
导向型 管型 直杆型 
轴承座 组件 带 挡 圈 轴承 尺寸 选择型 
固定 环 分离式 紧凑型 
圆线 压缩 弹簧 容许 压缩量 
无 油 衬 套 铜 合金 带 肩 标准 薄壁型 
同步 齿形 带 
磁吸经济型 短型 长型 
止动 螺栓 直杆型 
把手 
气压 用 歧管 
同步 齿形带 
冲击 吸收 挡块 
调整 垫脚 
弹簧柱 塞顶销型 
圆线 压缩 弹簧 
链轮 
支柱 固定 夹同 交型 
带 座 磁铁 标准型 
导向 轴高 精度 标准型 两端 内 螺纹型 
调整 销 
止动 螺栓 头部 内 孔型 聚氨酯型 
凸轮 轴承 随动器 内 孔圆柱型 
直线 轴承法兰型 椭圆 法兰 
包胶轴 承圆 弧型 
轴承座 组件 带 挡 圈 轴承 短型 
定位 销 
钢球 衬套 
止动 螺栓 肩型 标准 直杆型 
矩形 弹簧 中 载荷 用 
六角型 支柱 
缓冲器 
型 扣环 轴用 
直线 轴承法兰型 方法兰 
同步带轮 
锁 紧 螺丝 
止动 螺栓 肩型 内 孔直杆型 
向心球 轴承 
球头 柱塞 
转轴 外径 公差 研磨 材料 端 内 螺纹型 
链条 
矩形 弹簧 轻 小 载荷 用 
矩形 弹簧 超高 压缩量 
金属 垫圈通 孔型 普通级 
螺栓 
凸轮 轴承 随动器 标准 圆柱型 
磁铁 圆形 
盒装 垫片 卷 
轴环 
矩形 弹簧 轻 小 载荷 用 
无 油 衬套 铜合金 直柱 标准型 薄壁 内径 外径 
金属 垫圈通 孔型 精密级 
直线 轴承 标准型 
等 高 螺丝 
铝合金 蝶形 铰链 
圆线 压缩 弹簧 容许 压缩量 
深沟 滚珠 轴承 双盖式 
铰链销 肩 卡簧 固定型 
调整 螺栓 全 螺纹 内六角型 
弹簧 柱塞 不锈钢 主体型 
细牙 螺栓 
螺旋 弹簧 
矩形 弹簧 轻载 荷 用 
矩形 弹簧 重载 荷 用 
弹簧 柱塞 
等 高螺栓 
外 螺纹 固定型 卸料 螺栓 
矩形 弹簧 中 压缩量 
内六角 止动 螺钉 
超短头 螺栓 
球头 柱塞 标准型 
铰链 销 
螺塞 
圆线 压缩 弹簧 容许 压缩量 
细牙 螺母 
内 螺丝 
低头 内 螺栓 
超短头 内 螺栓 
内 短头 螺丝 
圆线 压缩 弹簧 容许 压缩量 
带 垫 圈 内 螺栓 
短头 螺丝 
钢珠 滚轮 
丝杆 支座组 作 
凸轮 轴承 随动器 内 孔圆弧型 
线轨 
法兰一体型 无油 衬套 铜合金 标准 法兰型 内径 内径 
滚子 轴承 随动器 分离型 
磁吸 进口 短型 带 弹簧 
抽屉 滑轨 
紧固件 穴用 弹性 挡圈 
微型 滚珠 衬套 导向 轴用 衬套 紧凑肩型 
滚珠 轴承组 件轴台型 菱形法兰型 
电缆 保护 链盖板 开 合型 拖链 
旋钮 柱塞 
深沟 滚珠 轴承 
拉伸弹 簧超 轻载 轻载 中 轻 载 中 载 
线性 滑轨 
开关·传感器 用 滑轨 
丝杠 支座 组件 支撑侧 凸型 
衬套 
浮动 接头 简易 连接型 圆头 内 螺纹型 
角型 拉手 标准型 无 垫圈 有 垫圈 
滑动 导座 
紧固件 开口 挡圈 
鱼眼 接头 
发动机 
电机组 
机罩 按 甲方 图纸 执行 
油箱 按 甲方 图纸 执行 
纸箱 装 
纸箱 装 
纸箱 装 
纸箱 装 
纸箱 装 
伊利 金典纯 牛奶 拆 
南方 黑芝麻糊 蜂蜜味 
汉娉莎 原液 系列 桑椹子 原液 
汉娉莎 原液 系列 雏菊 原液 
汉娉莎 原液 系列 丹参 原液 
汉娉莎 原液 系列 冬青 原液 
汉娉莎 原液 系列 沙棘 原液 
现代 经典 原液 系列 旱 金莲 原液 
优妮卡 奢华 珍萃 系列 净颜 柔肤 洁面膏 
蔻伶水 活 皙透 系列 水活 控油 爽肤水 
施维舒 替 普瑞酮 胶囊 中国 卫材 
欣欣 坎地 沙坦 酯片 福州 屏山 
泮托拉唑 钠肠 溶片 印度 瑞迪 
协同 云 管理 产品 
签 
硝酸甘油片 
补胎 工具组 
惠商 自营 联想 无线 鼠标 
惠商 自营 联想 高清 低 蓝光 窄边 办公 商务 液晶 显 
健 佳 石斛粉 鼓槌 石斛 
格伟 多 功能 保温板 
软件 服务费 
专项 服务 
马应龙 龙珠 软膏 
手续费 服务 
品牌 共用 套盒 系列 合 1焕活 维养 套装 
原液 系列 植物 洁面乳 
原液 系列 95ml 水仙 鲜活液 
原液 系列 水仙 原 液面 膜贴 
原液 系列 百合 花原液 
原液 系列 原液 
原液 系列 女 贞子 原液 
原液 系列 原液 
原液 系列 小 白菊 原液 
原液 系列 原液 
原液 系列 肌肤 保湿 修护油 
品牌 共用 宣传 配送 系列 智能 美肤仪 
原液 系列 余甘子 原液 面膜 贴 
原液 系列 紫玉兰 原液 
品牌 共用 套盒 系列 合 新 活 曲 护理 套装 
织肤 系列 合 水语 套装 
织肤 系列 合 皙语 套装 
织肤 系列 合 舒语 套装 
原液 系列 柔滑 净透 洁面剂 
原液 系列 豆蔻 原液 
原液 系列 水嫩 面膜 
原液 系列 水玲珑 新 活水 
原液 系列 新 活霜 
理肤 修护 系列 活力 养护油 
理肤 修护 系列 修护 精华液 
凝时 焕颜 系列 合 水 光 幼龄 家居 套装 
原液 系列 合 美 套盒 
平衡 系列 合 1焕活 维养 套装 
伊斯佳线 雕 系列 幼龄 美雕液 
伊斯佳线 雕 系列 6ml 修护 精粹液 
伊斯佳线 雕 系列 幼龄 美雕霜 
伊斯佳御糖 系列 水光 幼龄 修护 面膜 
伊斯佳 产品 特殊 品类 线雕 项目 蛋白线 
蔻伶 原液 系列 共用 喇叭头 
原液 系列 水仙 原液 
原液 系列 原液 
原液 系列 桑叶 原液 
原液 系列 原液 面膜 贴 
伊斯佳 原液 系列 金谷 原液 
品牌 共用 套盒 系列 合 肽 
品牌 共用 套盒 系列 合 肽 
现代 经典 微晶 系列 妊娠 纹空心 微晶 容器 
伊斯佳 微晶 系列 水光 幼龄 时光 美肌 贴片 
倍博特 缬沙 坦氨 氯 平片 
昆药 集团 盐酸雷尼 替丁 胶囊 
参观 考察 
惠商 自营 高清 低 蓝光 窄边 办公 商务 液晶 显示器 
惠迪 美沙拉嗪 肠溶片 
汉娉莎 原液 系列 月 见 草原液 
汉娉莎 原液 系列 氨基酸 营养 洁面剂 
时代 经典 双重 隔离霜 清爽 修 护露 
原液 系列 原液 
品牌 共用 套盒 系列 合 新 活 曲 护理 套装 
伊斯佳御糖 系列 合 水 光 幼龄 家居 套装 
优妮卡 理肤 修护 系列 活力 养护油 
品牌 共用 套盒 系列 合 清爽 防护套 用 
品牌 共用 宣传 配送 系列 时光 精雕仪 
品牌 共用 套盒 系列 合 美雕 护理 组合 
伊斯佳 原液 系列 豌豆 原液 晶乳 
伊斯佳 原液 系列 苹果籽 原 液晶乳 
伊斯佳 原液 系列 柔和 洁面 啫喱 
伊斯佳 原液 系列 豌豆 原液 
伊斯佳 原液 系列 葡萄籽 原液 
伊斯佳 原液 系列 木瓜籽 原液 
伊斯佳 原液 系列 金谷 原液 
伊斯佳 原液 系列 苹果籽 原液 
伊斯佳 原液 系列 燕麦 原液 
伊斯佳 原液 系列 七叶树 原液 
伊斯佳 原液 系列 甜 杏仁 原液 
伊斯佳 原液 系列 水 嫩润 肤膜 
伊斯佳 原液 系列 肌肤 保湿 修护油 
品牌 共用 套盒 系列 水光 幼龄 面膜 
品牌 共用 套盒 系列 合 肽 
伊斯佳 织肤 系列 合 皙语 套装 
品牌 共用 套盒 系列 合 水 光 幼龄 套装 
品牌 共用 宣传 配送 系列 无 痛水光 幼龄 微晶 共用 套盒 
伊斯佳御糖 系列 合 水 光 幼龄 套装 
品牌 共用 套盒 系列 合 美雕 护理 体验 套 
品牌 共用 套盒 系列 合 1焕活 维养 套装 
伊斯佳 织肤 系列 合 水语 套装 
现代 经典 微晶 系列 妊娠 纹空心 微晶 容器 
伊斯佳 微晶 系列 水光 幼龄 时光 美肌 贴片 
品牌 共用 宣传 配送 系列 智能 美肤仪 
伊斯佳 织肤 系列 合 舒语 套装 
伊斯佳 微晶 系列 合 水 光明 透 套盒 
品牌 共用 宣传 配送 系列 美雕 微晶套 
现代 经典 织肤 系列 合 水语 套装 
现代 经典 织肤 系列 合 皙语 套装 
现代 经典 织肤 系列 合 舒语 套装 
现代 经典 面部 胜肽 系列 合 肽 沁颜 套装 
现代 经典 面部 胜肽 系列 肽 沁颜凝霜 
现代 经典 原液 系列 植物 洁面 浸膏 
伊斯佳线 雕 系列 幼龄 美雕液 
伊斯佳线 雕 系列 6ml 修护 精粹液 
伊斯佳线 雕 系列 幼龄 美雕霜 
伊斯佳御糖 系列 水光 幼龄 修护 面膜 
伊斯佳 产品 特殊 品类 线雕 项目 蛋白线 
蔻伶 原液 系列 共用 喇叭头 
现代 经典 原液 系列 橄榄叶 原液 
现代 经典 原液 系列 原液 
现代 经典 原液 系列 碧萝芷 原液 
现代 经典 原液 系列 仙人掌 原液 
现代 经典 原液 系列 洋甘菊 原液 
现代 经典 原液 系列 积雪 草原液 
现代 经典 原液 系列 旱 金莲 原液 
现代 经典 原液 系列 小 黄瓜 原液 
现代 经典 原液 系列 金盏 菊原液 
现代 经典 原液 系列 水润 面膜 
现代 经典 原液 系列 肌肤 保湿 修护油 
现代 经典 原液 系列 合 美 套盒 
现代 经典 原液 系列 橄榄叶 原液 晶乳 
现代 经典 原液 系列 仙人掌 原液 晶乳 
品牌 共用 宣传 配送 系列 无 痛超纳 微晶 用 套盒 
品牌 共用 宣传 配送 系列 无 痛水光 幼龄仪 
现代 经典 原液 系列 水玲珑 新 活水 
现代 经典 原液 系列 芍药 原液 
现代 经典 面部 胜肽 系列 肽 沁颜凝乳 
现代 经典 胜肽 眼部 系列 三肽 菁致 精养 套 
现代 经典 面部 胜肽 系列 合 水 光 幼龄 家居 套装 
现代 经典 原液 系列 桑叶 原液 
现代 经典 原液 系列 芦荟 原液 
品牌 共用 套盒 系列 合 尿酸 套盒 
品牌 共用 套盒 系列 臻 致 百妍焕活 原乳 
现代 经典 原液 系列 灵芝 原 液晶乳 
现代 经典 原液 系列 小 黄瓜 原 液晶乳 
现代 经典 原液 系列 灵芝 原液 
现代 经典 平衡 系列 合 颜 平衡 
现代 经典 激酶 系列 植物 精华 露 院装 
伊斯佳 原液 系列 养颜液 中干性 
伊斯佳 原液 系列 植物 卸妆油 
伊斯佳 原液 系列 柚籽 原液 
伊斯佳 原液 系列 莲籽 原液 
伊斯佳 原液 系列 扇豆 原液 
伊斯佳 原液 系列 轻柔洁 面乳 
伊斯佳 原液 系列 合 美 套盒 
雪天 日用 盐 大礼盒 
鑫稻田 旺家稻 稻花 香米 
汉娉莎 原液 系列 茯苓 原液 
汉娉莎 原液 系列 水润 面膜 
汉娉莎 原液 系列 合 植 韵 焕彩 眼部 套盒 
汉娉莎 原液 系列 合 植 韵赋 活 眼部 套盒 
龙牡 龙牡壮骨颗粒 
滇 中 复方 穿 心莲片 
爱弥尔 硝唑 阴道 泡腾片 
凝时 焕颜 系列 合 水 光 幼龄 家居 套装 
原液 系列 20ml 凝润 眼乳霜 
原液 系列 百合 花原液 
原液 系列 水仙 原液 
原液 系列 小 白菊 原液 
原液 系列 桑叶 原液 
同仁堂 小儿 清热宁 颗粒 
健 佳 大枣 若羌 
原液 系列 余甘子 原液 面膜 贴 
原液 系列 水仙 原 液面 膜贴 
原液 系列 原液 面膜 贴 
原液 系列 原液 
原液 系列 合 美 套盒 
原液 系列 原液 
原液 系列 百合 花脂质 凝胶 
原液 系列 小 白菊 脂质 凝胶 
汉娉莎 原液 系列 黄 芩原 液晶乳 
汉娉莎 原液 系列 氨基酸 营养 洁面剂 
汉娉莎 原液 系列 合 多效 护理 套 
汉娉莎 原液 系列 合 美 套盒 
品牌 共用 套盒 系列 合 水 光 幼龄 体验 
凝时 焕颜 系列 无 痛水光 幼龄 微晶 体验 套 
原液 系列 百合花 鲜活液 
原液 系列 余甘子 鲜活液 
原液 系列 95ml 水仙 鲜活液 
原液 系列 鲜活液 
原液 系列 百合花 原 液面 膜贴 
原液 系列 轻盈 皙颜 粉底液 象牙色 
原液 系列 柔和 透净 卸妆油 
原液 系列 女 贞子 原液 
原液 系列 豆蔻 原液 
原液 系列 紫玉兰 原液 
凝时 焕颜 系列 合 凝 时 焕颜 套装 
原液 系列 合 多效 护理 套 
原液 系列 水玲珑 新 活水 
织肤 系列 合 水语 套装 
织肤 系列 合 皙语 套装 
织肤 系列 合 舒语 套装 
平衡 系列 合 1焕活 维养 套装 
原液 系列 水嫩 面膜 
花凝 美眸 系列 花 凝美 眸日 夜 精 养 
原液 系列 原液 
理肤 修护 系列 活力 养护油 
伊斯佳 原液 系列 眼部 按摩液 
伊斯佳 系列 玫瑰 香花水 
伊斯佳 原液 系列 15ml 紧致 弹力 眼乳霜 
品牌 共用 宣传 配送 系列 无 痛水光 幼龄 微晶 体验 共用 套盒 
品牌 共用 套盒 系列 合 肽 
品牌 共用 套盒 系列 合 肽 
汉娉莎 原液 系列 合 水 光 幼龄 家居 套装 
天虹 使用 口罩 
健 佳 灵胜 林 阿莫西林 克拉维酸 钾干 混悬剂 
欧利凡 注射 笔 用 针头 
葵花 健胃 消食片 
朗依 硝呋太尔制霉素 阴道 软 胶囊 
白云 山 板蓝根 颗粒 
祁连山 复方 甘草 含片 
中大 氯雷 定片 
白脏 
理光 硒鼓 
aRLJ 健 佳 诺氟 沙星 胶囊 金日 制药 
葫芦爸 肠 炎宁 胶囊 海南 葫芦娃 
倍怡 氯沙坦 钾片 
猪头 
好 医生 小儿 解表 颗粒 
伊斯佳 原液 系列 柚籽 原 液晶乳 
伊斯佳理 肤 修护 系列 活力 养护 洁面 慕斯 
伊斯佳 平衡 系列 合 塑颜 平衡 
伊斯佳 原液 系列 眼部 多效 原液 
山益新 富马酸 比索 洛尔片 
健 佳 辛伐 汀片 
鑫稻田 爱 家 稻 宫廷 珍珠米 
广场 
地砖 
地砖 
鑫稻田 仙桃 王香米 
细木工 
白乳 
钢 
木方 
纸面 石膏板 墙板 泰 
原液 系列 柔滑 净透 洁面剂 
盘龙 云海 排 毒 养颜 胶囊 
御芝林 变通牌 胶囊 
红脏 
尾巴 
小肠 
海宝 珍珠 明目 滴 眼液 
原液 系列 合 花颜 美人 套 
惠商 自营 联想 单肩 电脑 包 
联邦 左福康 盐酸 左氧氟 沙星 滴眼液 
痛畀贴 肩周炎 痛型 
健之佳 家庭 小 药箱 
桂龙 咳喘宁 胶囊 
大唐汉方 灯台 叶片 
康隆 强力 枇杷露 无糖型 
康美菊 花 
伊斯佳 主题 功能 系列 合 1莹 润水 养 套装 新 
优妮卡 奢华 珍萃 系列 原液 
优妮卡 奢华 珍萃 系列 净颜 原液 
优妮卡 奢华 珍萃 系列 护颜 原液 
优妮卡 奢华 珍萃 系列 焕颜 原液 
优妮卡 奢华 珍萃 系列 恒颜 原液 
优妮卡 奢华 珍萃 系列 净颜 清透 卸妆乳 
优妮卡 织肤 系列 合 水语 套装 
优妮卡 织肤 系列 合 皙语 套装 
优妮卡 织肤 系列 合 舒语 套装 
优妮卡 奢华 珍萃 系列 合 美 套盒 
优妮卡 平衡 系列 合 1焕活 维养 套装 
优妮卡 微晶 系列 合 水 光 幼龄 家居 套装 
优妮卡 奢华 珍萃 系列 净颜 柔肤 洁面膏 
优妮卡 奢华 珍萃 系列 养颜 原液 
优妮卡 奢华 珍萃 系列 合 多效 护理 套 
优妮卡 奢华 珍萃 系列 水玲珑 新 活水 
优妮卡 奢华 珍萃 系列 新 活霜 
优妮卡 理肤 修护 系列 修护 喷雾 
花凝 美眸 系列 花 凝美 眸 养 膜 
伊斯佳 原液 系列 葡萄籽 原 液晶乳 
伊斯佳 原液 系列 合 多效 护理 套 
品牌 共用 套盒 系列 合 焕肤 家居 套装 
品牌 共用 套盒 系列 合 肤 套装 
品牌 共用 套盒 系列 合 肤 体验 装 
伊斯佳 原液 系列 合 平衡 修 护套 
原液 系列 肌肤 保湿 修护油 
原液 系列 新 活霜 
原液 系列 眼部 多效 原液 
原液 系列 植物 养颜液 
现代 经典 面部 胜肽 系列 雪颜凝霜 
现代 经典 平衡 系列 合 1焕活 维养 套装 
现代 经典 原液 系列 新 活霜 
现代 经典 原液 系列 碧萝 芷新 原液 面膜 贴 
现代 经典 原液 系列 6pcs 灵芝 新 原 液面 膜贴 
现代 经典 原液 系列 6pcs 仙人掌 新 原 液面 膜贴 
品牌 共用 宣传 配送 系列 天然 原 水份 透析仪 
现代 经典 原液 系列 碧萝 芷原 液晶乳 
芬必得 布洛芬 缓释 胶囊 
龙发 元胡 止痛 胶囊 
冰叶 清火片 
星昊 美彤 复方 消化 酶 胶囊 
敖东 清热 消炎 宁片 薄膜 衣片 
修正 化痔 灵片 
钙尔奇 碳酸钙 咀嚼片 
乐 敦莹 复方 硫酸 软骨素 滴 眼液 
云昆 感冒 疏风丸 水蜜丸 
云昆 感冒 疏风丸 
健 佳 黄芪 粉 
敖东 安神补 脑液 
坦 盐酸坦索 罗辛 缓释 胶囊 
同仁堂 加味 逍遥 丸 
昆 中药 加味 逍遥 丸 
海昌 透明 质酸钠 隐形 眼镜 多 功能 护理液 保湿型 
塑造 日本 人 阳明 心学 
健 佳 珍珠粉 
辅 舒良 丙酸氟 替卡 松鼻 喷雾剂 
神奇 精乌 胶囊 
健 佳 山楂 
草晶华 当 归 破壁 饮片 
鹏鹞 卡马西 平片 
艾暖 热敷贴 
健 佳 脑心 舒 口服液 
蒙王 肉蔻 五味丸 
邦 莫匹罗星 软膏 
伊索佳 硫酸 氨基 葡萄 糖 胶囊 
盐酸 左氧氟 沙星 滴眼液 
阿法迪三 阿法 骨化 醇软 胶囊 
达 芙通 地 屈孕 酮片 
雷诺考特 布地奈德 鼻 喷雾剂 
云南 白药酊 方便 外用 
开颜 冷绷带 
痛畀贴 风湿 疼痛型 
滴露 消毒液 
润洁 氯化钠 滴 眼液 
蜂胶 口腔 膜 
程海牌 螺旋 藻片 
利动 乳果 糖 口服 溶液 
欧菲尔迪棉 签/纸 抽 
稳健 医疗 棉卷 医用 脱脂棉 
雷公 消炎镇 痛膏 
健 佳 枸杞子 
健 佳 清热解毒 软 胶囊 
羚锐 关节 止痛膏 
海欣 口腔 溃疡 含片 
医用 脱脂棉 
云昆 小儿 感冒 颗粒 
腾药 金匮 肾气丸 水蜜丸 云南 腾药 
金品 痛舒 胶囊 云南 白药 
痛畀贴 肩周炎 痛型 云南 贝洋 
净化器 
云南 白药 
开门 立式 冷藏 冰箱 
美 厨 豪华 蒸饭锅 
平台 冷藏 冰箱 
韩国 大象 压面机 
和面机 
韩国 冷面 汤机 考丽亚 
蒲公英根 
辣椒面 细 
黄 小米 
黑瓶 椴树蜜 
前厅 白钢 票夹 
白钢尺 
软胶刷子 
干 湿 温度 计 榛利 
抽 纸盒 竹子 
印刷品 页 
厨房 菜单 夹 
手动 铆装机 
专用 尼龙管 
厨房 大 黑 围裙 
炒饭 模具 
石锅 木板 底座 
石锅 电磁炉 
大 串架子 
白钢 钎子 桶 
碳烤榛子 
碳烤松籽 
富 硒 黑 木耳 
加工部 椅子 
健 佳 非洛地 平缓 释片 
健 佳 盐酸曲美 嗪片 
新 奔腾 建设 工程 计价 管理 软件 
华为 智慧 全面 屏 宝石 蓝全网 通版 移动 联通 电信 手机 
萝短 套衣 
缤梭 短 袖裙 
云棉 红 短 圆 领套 
秦诺宁康 维生素 片 
森粉 枕头 
梦 小 被 
轧制 滚珠 丝 杠块状 螺帽型 轴径 
直线 轴承 正极 
品牌 共用 套盒 系列 合 清爽 防护套 用 
伊斯佳 原液 系列 豌豆 原液 
伊斯佳 原液 系列 葡萄籽 原液 
伊斯佳 原液 系列 木瓜籽 原液 
伊斯佳 原液 系列 苹果籽 原液 
伊斯佳 原液 系列 燕麦 原液 
伊斯佳 原液 系列 七叶树 原液 
伊斯佳 原液 系列 甜 杏仁 原液 
伊斯佳 原液 系列 水 嫩润 肤膜 
伊斯佳 原液 系列 15ml 紧致 弹力 眼乳霜 
伊斯佳 织肤 系列 合 水语 套装 
伊斯佳 织肤 系列 合 皙语 套装 
伊斯佳 织肤 系列 合 舒语 套装 
品牌 共用 套盒 系列 合 肤 套装 
品牌 共用 套盒 系列 合 焕肤 家居 套装 
品牌 共用 宣传 配送 系列 时光 精雕仪 
调心球 轴承 
卡簧 
同步 带 同步 带 
平皮带 用 惰轮 
球头 柱塞 长度 尺寸 选择 不锈钢 加长型 
皮带 
硅橡胶 园形 带 
伊斯佳 原液 系列 莲籽 原液 
伊斯佳 原液 系列 金谷 原 液晶乳 
伊斯佳 原液 系列 木瓜籽 原 液晶乳 
伊斯佳 原液 系列 燕麦 原液 晶乳 
海补 乐宝牌 海补 乐宝 软 胶囊 
现代 经典 原液 系列 植物 洁面 浸膏 
现代 经典 原液 系列 原液 
现代 经典 原液 系列 仙人掌 原液 
现代 经典 原液 系列 水润 面膜 
现代 经典 原液 系列 肌肤 保湿 修护油 
现代 经典 面部 胜肽 系列 合 水 光 幼龄 家居 套装 
现代 经典 胜肽 眼部 系列 三肽 菁致 精养 套 
现代 经典 原液 系列 橄榄叶 原液 晶乳 
现代 经典 原液 系列 橄榄叶 原液 
现代 经典 原液 系列 新 活霜 
原液 系列 鲜活液 
原液 系列 百合花 鲜活液 
原液 系列 20ml 凝润 眼乳霜 
汉娉莎 原液 系列 鲜活 水 
汉娉莎 原液 系列 月 见 草原液 
汉娉莎 原液 系列 雏菊 原液 
汉娉莎 原液 系列 草原液 
汉娉莎 原液 系列 原液 
汉娉莎 原液 系列 原液 
汉娉莎 原液 系列 合 美 套盒 
甲级 白条 猪肉 
服务费 
衣帽 饰品 
护佑 硝苯 平缓 释片 
天丸 
稳健 医疗 弹性 绷带 无纺布 弹性 粘绷带 
群祥 异形 创 可 贴 
金博 纱布 绷带 
云棉 红短 裆衣 
云棉 红 短 襟蛤 
男装/ 
邦迪 苯扎氯铵 贴 上海 强生 
伊可新 维生素 滴剂 山东 达因 
复方 感冒 灵颗粒 华润 三九 
内六角 止动 螺丝 
垫圈 
铰链 销 轴径 公差 选择型 
外螺纹型 高螺栓 
定位 销直 锥型 标准型 内 螺纹型 
稳健 医疗 灭菌级 接触性 创面 敷贴 
婴童 服装 
煎扒炉 
平台 抽屉 加宽 冰箱 
夹钳 推拉式 
弹簧 
前端 金属 配件 
定位 销 大头锥角型 标准型 尺寸 固定型 
柱塞 
万向 接头 固定销型 
标准型 直线电 缸 滑 台 螺杆 转造 
日规 全密式 滑 台 电缸 
球头 柱塞 一字槽型 
定位 销 大头锥角型 标准型 尺寸 尺寸 尺寸 指定型 
男装/ 
联轴器 双膜片 夹紧型 
联轴器 双膜片 顶丝型 
缓冲器 不可 调短 行程 
浮动 接头 法兰 安装 型内 螺纹 简易型 
直线 轴承座 组件 标准型 
浮动 接头 简易 连接型 内螺纹型 
鞋 
预付款 充值 
男装/ 
赣珊 瑚牌 消毒液 
棘爪 
内 圆柱头 螺丝 
定位 销 用 衬套 
女装 
找回 服务 
金蝶 凭证 封面 
记账 凭证 纸 
电磁阀 
东泰 妇乐片 
置换 滑轨 
夹钳 水平式 
肘夹 配件 
软管箍 
球 头 锁 销 
嵌入式 拉手 
联轴器 高刚性 平行线 夹 紧 系列 
销 
碟形 弹簧 
调整 螺栓 内 压 纹旋 钮型 
旋钮 
球头 柱塞 加长型 
磁铁方型 
OEM 花蒽 系列 用 纸箱 
OEM 花蒽 系列 效修 护 眼 霜 纸箱 
OEM 花蒽 系列 用 小 纸箱 
OEM 花蒽 系列 效修 护 眼 霜 小 纸箱 
OEM 花蒽 系列 致 丰盈 精华 凝露 塑料 瓶 
OEM 花蒽 系列 大米 雪颜亮 肤 精华 凝露 塑料 瓶 
OEM 花蒽 系列 凝露 共用 木纹盖 
OEM 花蒽 系列 凝露 共用 内塞 
OEM 花蒽 系列 用 纸箱 
OEM 花蒽 系列 致 丰盈 精华 凝露 彩盒 
OEM 花蒽 系列 大米 雪颜亮 肤 精华 凝露 彩盒 
OEM 花蒽 系列 凝露 纸盒 共用 内托 
OEM 花蒽 系列 用 双通 收缩 
OEM 花蒽 系列 用 双通 收缩 膜 
鞋 
罗氏 卓越 金采 血糖 试纸 葡萄糖 脱氢酶法 
三诺 智能型 血糖 试条 
安达唐 达格列 净片 
男装/ 
旺旺 
磁力 开关 
压轧 滚珠 丝杠 
五金 前 向 脚轮 
抽拉式线性 滑轨 
带 刹脚轮 
欧标 槽 系列 型材 
梯形 齿 同步轮 
通用 型材 
国标 铝合金 型材 
一字形 锁芯 
肉置 连接 
角槽 连接 
合页 左 
合页 右 
螺母 
梯形 同步 带 
聚氨酯 压 块 
树脂 碟形 铰链 
支撑侧 
间隔 固定 
短头肩型 螺栓 
矩形 弹簧 
不锈钢 碟型 铰链 
快换 接头 
深 沟 球 轴承 
面板 压 
密封条 
圆形 拉手 
门吸 
方形 拉手 
手 枘球 型 
日规半密式 滑 台 电缸 
滑轨 
喷嘴 
免键 轴套 标准型 
同步 带轮 型 宽度 指定型 
无 油 衬套 
旋转球 
合页 
圆形 拉手 普通型 
冈本 天然 胶乳 橡胶 避孕套 超 润滑 
金双歧 双歧杆菌 乳杆菌 三联 活菌片 内蒙古 双奇 
光电 传感器 系列 
数 显 压力 传感器 系列 
角 接触 球 轴承 
杰士邦 天然 胶乳 橡胶 避孕套 零感 超薄 超润 
云植 小 柴胡颗粒 
棕 品健 鱼油 软 胶囊 
菊花 枸杞子 金银 花 
腾药 乌鸡 白凤丸 
小儿 感冒 颗粒 
腾药 大山 楂丸 
云昆 参苓健 脾胃 颗粒 
薇诺娜 透明 质酸 修护 贴 敷料 
无 油 衬套 铜合金 直柱 标准型 薄壁 内径 外径 
阿西诺 阿莫西林 克拉维酸 钾片 
广州 藿胆丸 
品牌 共用 套盒 系列 合 水 光 幼龄 体验 
品牌 共用 宣传 配送 系列 无 痛水光 幼龄 微晶 体验 共用 套盒 
上料 从 动轮 
上料 主动轮 
带轮 
减速 机带轮 
推料 带轮 
原液 系列 装 特价 面膜 
原液 系列 百合花 原 液面 膜贴 
原液 系列 柔和 透净 卸妆油 
原液 系列 眼部 多效 原液 
导轨 
同步 带 轮 形 
弹簧勾 
棒材 
角铝 
伊斯佳 原液 系列 豌豆 原液 晶乳 
伊斯佳 系列 玫瑰 香花水 
伊斯佳 原液 系列 新 活霜 
伊斯佳 原液 系列 合 美 套盒 
伊斯佳 原液 系列 植物 卸妆油 
原液 系列 合 多效 护理 套 
原液 系列 四季 主题 角质 养护 基础 套装 冬 
原液 系列 轻盈 皙颜 粉底液 象牙色 
蔻伶 原液 系列 淡纹 紧致 原液 
蔻伶 原液 系列 水 嫩养 肤膜 
蔻伶 原液 系列 采眼霜 
蔻伶 原液 系列 合 多效 护理 套 
蔻伶明肌 系列 精萃液 
蔻伶明肌 系列 明 肌面 颈 水凝霜 
花凝 美眸 系列 花 凝美 眸日 夜 精 养 
原液 系列 植物 养颜液 
凝时 焕颜 系列 合 凝 时 焕颜 套装 
品牌 共用 宣传 配送 系列 无 痛超纳 微晶 用 套盒 
伊斯佳 原液 系列 合 多效 护理 套 
伊斯佳 原液 系列 苹果籽 原 液晶乳 
现代 经典 原液 系列 旱 金莲 原液 
伊斯佳 原液 系列 柔和 洁面 啫喱 
伊斯佳 原液 系列 眼部 多效 原液 
伊斯佳 平衡 系列 合 净颜 平衡 
现代 经典 面部 胜肽 系列 合 肽 沁颜 套装 
现代 经典 理肤 修护 系列 活力 养护油 
现代 经典 原液 系列 20ml 舒活 眼乳霜 
现代 经典 原液 系列 芍药 原液 
现代 经典 原液 系列 合 美 套盒 
男装/ 
丰原 来 比 林赖 氨匹 林散 
现代 经典 原液 系列 洋甘菊 原液 
现代 经典 原液 系列 金盏 菊原液 
汉娉莎 原液 系列 合 植 韵 焕彩 眼部 套盒 
汉娉莎 原液 系列 桑葚子 原液 
汉娉莎 原液 系列 茯苓 原液 
汉娉莎 原液 系列 沙棘 原液 
现代 经典 原液 系列 灵芝 原液 
汉娉莎 原液 系列 月 见 草 鲜活 水 
汉娉莎 原液 系列 桑椹子 鲜活 水 
现代 经典 面部 胜肽 系列 肽 沁颜凝霜 
汉娉莎 原液 系列 肌肤 保湿 修护油 
汉娉莎 原液 系列 水润 面膜 
汉娉 莎理肤 修护 系列 活力 养护油 
伊斯佳 原液 系列 甜 杏仁 原液 晶乳 
伊斯佳 原液 系列 葡萄籽 原 液晶乳 
伊斯佳 原液 系列 七叶树 原 液晶乳 
伊斯佳 原液 系列 扇豆 原 液晶乳 
汤臣 倍健 左旋 肉 碱茶 多 酚 荷 叶片 
原液 系列 30ml 活 养 焕颜 修护液 
现代 经典 织肤 系列 合 舒语 套装 
现代 经典 织肤 系列 合 水语 套装 
品牌 共用 套盒 系列 合 肤 体验 装 
现代 经典 原液 系列 小 黄瓜 原液 
服装/ 
压力 释放 阀 
磁性 开关 
鞋 
电磁阀 
轴滑移型 固定 组件 
直线 轴承加 长法兰型 圆法兰· 方法兰 
磁开 安装 
日规活 塞杆式 电动 缸 
泮立苏 泮托拉唑 钠 肠溶 胶囊 
包 
薇诺娜 舒敏 保湿 护霜 
仙琚 丙酸氟 替卡 松乳膏 
法兰 
滑 
法兰 接头 
惰轮 背面 张紧型 
日规半密式 滑 台 电缸 
钢管 
六角形 支柱 外螺 纹 内螺 纹型 
同步 带 带轮 
日规 全密式 滑 台 电缸 
链轮 系列 
可 丽蓝 早早孕 测试 笔人 绒毛 膜促 性腺 激素 电子 测试 笔 
通 
同步 带 轮 图纸 
同步 带 轮 形 
同步 带 轮 形 
后装短 螺帽 
链轮 系列 
联轴器 平行线 夹 紧 系列 
后装 弹簧 螺帽 
手机 全 网通 星云 渐变 
优妮卡 奢华 珍萃 系列 原液 
优妮卡 奢华 珍萃 系列 净颜 原液 
优妮卡 奢华 珍萃 系列 护颜 原液 
优妮卡 奢华 珍萃 系列 焕颜 原液 
优妮卡 奢华 珍萃 系列 恒颜 原液 
优妮卡 奢华 珍萃 系列 水润 面膜 
优妮卡 奢华 珍萃 系列 养颜 原液 
优妮卡 奢华 珍萃 系列 肌肤 保湿 修护油 
优妮卡 平衡 系列 合 1焕活 维养 套装 
蔻伶 原液 系列 肤原液 
原液 系列 女贞子 脂质 凝胶 
品牌 共用 套盒 系列 臻 致 百妍焕活 原乳 
品牌 共用 宣传 配送 系列 天然 原 水份 透析仪 
现代 经典 原液 系列 金盏菊 原 液晶乳 
现代 经典 面部 胜肽 系列 合 肽 雪颜 套装 
现代 经典 原液 系列 修护 精华液 
现代 经典 面部 胜肽 系列 合 水 光 幼龄 体验 
品牌 共用 套盒 系列 合 肽 
黛迩 思 水光 滋润 面霜 
美肌 滋养水 
现代 经典 原液 系列 积雪 草原液 
现代 经典 原液 系列 碧萝芷 原液 
现代 经典 原液 系列 仙人掌 原液 晶乳 
现代 经典 原液 系列 水玲珑 新 活水 
现代 经典 原液 系列 碧萝 芷新 原液 面膜 贴 
现代 经典 原液 系列 6pcs 橄榄叶 新 原 液面 膜贴 
现代 经典 胜肽 眼部 系列 合 肽 魅焕 套装 
现代 经典 织肤 系列 合 皙语 套装 
现代 经典 原液 系列 洋甘菊 香花水 
棘轮 
风扇 含 网罩 
钢柱 滚轮 
高扭矩 同步 带 轮 
带 肩 螺栓 
铝型材 追 加工 
型 弹性 挡 圈 轴用 
超厚型 支架 
调整 螺丝组 件 内 孔型 
原液 系列 百合 花脂质 凝胶 
原液 系列 四季 主题 润泽 亮 肤 基础 套装 秋 
脚轮 
型 弹性 挡圈 孔用 
艾迪莎 美沙 拉秦 缓释 颗粒 
不锈钢管 
不锈钢 嵌入式 拉手 
日规半密式 滑 台 电缸 
接头 
轴承 用 垫圈 
法兰 
日规半密式 滑 台 电缸 
滚轮 
旗式 蝶形 铰链 
运动 服装/ 
日规 全密式 滑 台 电缸 
十字形 联轴器 
固定 环 固定 轴承用式 止动 螺丝 紧凑型 短凸头型 长凸头型 
系列 用 厚型 支架 2列槽 用 
气压 用 歧管 横向 通孔·上孔型 
金属 垫圈 
滚珠 滑 套 标准型 
支柱 
金属 轴环 
低压 用 拧入型 异径 接头 
带 聚氨酯 止动 螺栓 
微型 滚珠 衬套 导向 轴用 衬套 标准 直柱型 
堵头 
短头 内 螺栓 
锥形 沉头 螺塞 
低头 内 螺丝 
配 管用 锥形 沉头 螺蛊 
品牌 共用 套盒 系列 合 初 时 套装 
现代 经典 织肤 系列 合 凝 优悦 初时 家居 套装 
现代 经典 平衡 系列 合 1焕活 维养 套装 
品牌 共用 宣传 配送 系列 智能 分子 导入仪 
欧规 螺杆 活塞杆式 电动 缸 
健 佳 复方 丹参 片 薄膜衣 
加强 筋通孔·沉孔 
能 气朗 辅酶 
矩形 弹簧 高压 缩量 
手提包 
女裝 运动鞋 
现代 经典 原液 系列 桑叶 原液 
现代 经典 原液 系列 小 黄瓜 原 液晶乳 
伊斯佳 原液 系列 养颜液 中干性 
伊斯佳 原液 系列 合 平衡 修 护套 
直杆型 定位 销 
档案 
记事 
签字 
汉娉莎 原液 系列 原液 凝时 眼乳霜 
汉娉莎 原液 系列 黄 芩原液 
品牌 共用 宣传 配送 系列 平板 电脑 
原液 系列 小 白菊 脂质 凝胶 
女装 
汉娉莎 原液 系列 合 水 光 幼龄 家居 套装 
汉娉莎 原液 系列 月 见 草 鲜活 水 
汉娉莎 原液 系列 水玲珑 新 活水 
汉娉莎 合 清爽 防护套 2015年 
万艾可 枸橼 酸西 
康美菊花 贡菊 特选 
希臣 铁笛片 
七丹 药业 黄芪 
向 辉 菊花 贡菊 
云杉牌 清火栀 麦片 
现代 经典 原液 系列 氨基酸 洁面 啫喱 
汉娉莎 原液 系列 新 活霜 
男装/ 
汉娉莎 原液 系列 丹参 鲜活 水 
汉娉莎 原液 系列 氨基酸 营养 洁面剂 
汉娉莎 原液 系列 丹参 原液 
女装 
吉列 锋 隐致顺 动力 刀 架 含 架 
男装/ 
现代 经典 激酶 系列 植物 精华 露 院装 
现代 经典 原液 系列 芦荟 原液 
黑 盘条 钉钢 带 
欧 亚 牧场 纯 牛奶 
包 Michael 
男装/ 路展 
日用品 
滚珠 导向轴 
圆弧 齿 同步 带轮 
带 肩 导套 
插头 
带 挡块 止动 螺栓 
恒力 弹簧 
手指 气缸 
压力 开关 传感器 
塞 打螺丝 
传动座 
锁扣 
聚氨酯·橡胶 缓冲 垫 
插头 
铰链销 肩 开口 固定型 
连接器 信号 外壳 
日规半密式 滑 台 电缸 
圆弧 齿 同步 带 
导向 轴支座 
圆柱 销 
凸型 固定 侧 
销套 
滚珠 导向轴 两端 内 螺纹 内螺 纹型 
无 油 衬套 铜合金 直柱 标准型 内径 外径 内径 外径 
螺母 
凸型 支撑侧 
无 油 衬套 干式 衬套 直柱型 肩型 
防震 橡胶座 
沉头 螺栓型 
汇流板 
双轴 气缸 
聚氨酯 垫圈 
防震 凝胶垫 
聚氨酯 压入式 滚轮 标准型 
7008角 接触 轴承 
铝合金 双膜片 夹 紧 系列 
紧定 螺钉 
直线 轴承 导向 加长法兰型 圆法兰· 方法兰 
同步轮 
过滤器 
型 挡圈 
轧制 滚珠 丝杠 标准 螺帽型 轴径 
滚珠 花键 
齿轮 
轧制 滚珠 丝杠 标准 螺帽型 轴径 
螺丝 
直线 轴承加 长法兰型 椭圆 法兰 
同步 带 轮 形 
蝶形 铰链 
门吸 
锥度 定位 套 
气管 
内 螺纹 接头 
一体式 脚轮 
塑料 把手 
免键 轴套 
压力 控制器 
加长 同步 齿形带 
止付 螺丝 
气动 开关 
弹性 销 
导杆 气缸 
活动 软 
导向 轴高 精度 标准型 
六角形 支柱 
浮动 接头 
滑轮 组件 
锥度 定位 销 
铝合金 梅花型 夹紧 系列 
球 
多 棱 定位 销 
弹簧 柱塞 小径型 标准型 
优力胶 
固定 把手 
空气 过滤器 
拉伸弹 簧 中 重载 重载 
惰轮 固定杆 
丝杆 支座 
不锈钢 蝶形 铰链 
绿色 弹簧 
平行键 
连接器 直流 
电磁阀 脚架 
排气节 流阀φ 
连接器 交流 
插销 
固定 环 
接头 
支柱 销 
强力 磁吸 
优力胶 垫片 
球头 柱塞滚轮型 
免键 同步 带 轮 
红色 弹簧 
直杆 定位 销 
转换 接头 
矩形 螺旋 弹簧 
连接器 信号 
形 导向 轴支座 
托架 
带 座 磁铁薄型 
围巾 
品牌 共用 套盒 系列 合 颜 平衡 
男装/ 
伊斯佳理 肤 修护 系列 修护 精华液 
伊斯佳理 肤 修护 系列 修护乳 
伊斯佳理 肤 修护 系列 活力 养护膜 
伊斯佳理 肤 修护 系列 活力 养护 洁面 慕斯 
专业 版 
金 蝶纸杯 
雨伞 
纸质 发票 管理 服务 
智造 力量 
移动 轻 应用 折页 
手提袋 
智慧 工厂 折页 
金蝶 协同 办公 软件 
金蝶 软件 
财税 一体 综合 收票 服务 
电子 发票 管理 服务 
应用 服务器 标准 版 
数字化 生存 管理 重构 金蝶云 样板 客户 案例 册 
数字化 生存 管理 重构 金蝶云 样板 客户 案例 册 下 
金蝶 创新 管理 平台 总体 介绍 册 新版 
金蝶云 家 软件 
2018K 总体 册 
短信 充值卡 
手 提 纸袋 
页 
金蝶 签字笔 
金蝶云 环保 袋 
金蝶云 供应链 宣传 折页 
哈乐 盐酸坦索 罗辛 缓释 胶囊 
金蝶云 移动 应用 
运营 魔方 
金蝶云 智慧 工厂 解决 方案 宣传册 
金蝶云 阿米巴 宣传册 
金蝶云 财务 云 数字化 生存 管理 构册 
智能 折页 
云 服务 产品 页 
轻 财务 共享 解决 方案 页 
业务 绩效 解决 方案 页 
与 管易 电商 解决 方案 页 
企业 联盟 解决 方案 折页 
客制化 生产 页 
金蝶 解决 方案 页 
短信 充值卡 
笔记本 
信封 总部 用 
信封 总部 用 
金蝶云 餐饮 行业 解决 方案 
快递 云 服务 
金蝶云 页 
小 塑料袋 
金蝶云 制造 元年 云 总体 册 
高级版 
金蝶 应用 服务器 软件 
标准版 升级 包 
金蝶 创新 管理 平台 软件 
船型 开关 
滚子 轴承 随动器 
外螺纹 异径 直接 
磁铁圆型 
滚针 轴承 
定位 销 
梅花型 
销钉 
滑块 弹簧 
联轴器 梅花夹 紧型 
蔻伶 原液 系列 细致 修护 原液 
蔻伶 原液 系列 平衡 袪痘 原液 
奇异 果 会员 月 
友 来 枸橼 酸氢 钾钠 颗粒 
宜润 合 健康 大礼盒 
赛天仙 牦牛 骨髓壮骨粉 
男装/ 
蔻伶 系列 沉香 沐浴露 
森粉 短 套衣 
云棉 蓝 短 圆 领套 
干式 垫片 
型圈 
三线 电源线 
滚珠 轴承 
导轨 
气缸 
法兰 
脚座 
森蓝短 蛤 
优妮卡 织肤 系列 合 水语 套装 
优妮卡 织肤 系列 合 皙语 套装 
优妮卡 织肤 系列 合 舒语 套装 
优妮卡 奢华 珍萃 系列 合 美 套盒 
金士顿 防水 抗震 
女装 
足金 爱 若 繁星 戒指 
油泵 
韩菲诗 西柚 清新 柔顺 护发素 
女装 
蔻伶 原液 系列 新 活霜 
伊斯佳 原液 系列 20ml 水玲珑 新 活 霜 体验 装 
伊斯佳 系列 水 动力 补 水面 膜贴 新 
现代 经典 面部 胜肽 系列 空心 微晶 
汉娉莎 原液 系列 合 1原液 臻采 组合 
皮具 
湘江 缬沙坦 胶囊 
伊斯佳 原液 系列 柚籽 原 液晶乳 
伊斯佳 原液 系列 莲子 原 液晶乳 
伊斯佳 原液 系列 石榴籽 原液 
伊斯佳 原液 系列 决明子 原液 
伊斯佳 主题 功能 系列 合 1莹 润水 养 套装 新 
九二牌 加 碘 盐片膜 碘 
加 碘 盐片膜 碘 
九二牌 深井 盐片 膜 碘 
海藻 碘 盐立袋 碘 
加 碘 盐片膜 碘 
加碘精制 盐片 膜 碘 
不锈钢 小径 滚珠 轴承 双盖式 
圆线 压缩 弹簧 容许 压缩量 小 负载 
型环 
螺旋藻 加 碘 盐立袋 
绿色 海藻 碘 立袋 
古生代岩 盐立袋 碘 
天山湖 盐立袋 碘 
天然 钙 盐立袋 碘 
茶卡 大青 盐立袋 碘 
臻品 腌制 盐立袋 碘 
益生 元立袋 碘 
岩盐 立袋 碘 
低 钠益生 元立袋 碘 
海藻 碘低钠盐 碘 
杜密克 乳果 糖 口服 溶液 
品牌 共用 宣传 配送 系列 
伊斯佳 系列 活氧 眼膜 
电缆 保护链 方便型 拖链 系列 
现代 经典 理肤 修护 系列 活力 养护 洁面 慕斯 
品牌 共用 宣传 配送 系列 
婴童 服装/ 
猪 精 
地道 云南 小曲 清香型 白酒 清酒 
现代 经典 原液 系列 橄榄叶 原液 
现代 经典 原液 系列 原液 
现代 经典 原液 系列 碧萝芷 原液 
现代 经典 原液 系列 洋甘菊 原液 
现代 经典 原液 系列 积雪 草原液 
现代 经典 原液 系列 灵芝 原液 
现代 经典 原液 系列 金盏 菊原液 
时代 经典 双重 隔离霜 清爽 修 护露 
现代 经典 原液 系列 仙人掌 原液 
现代 经典 原液 系列 小 黄瓜 原液 
汉娉莎 原液 系列 月 见 草原液 
伊斯佳 系列 玫瑰 香花水 特价 专用 
伊斯佳 原液 系列 木瓜籽 原液 
时代 经典 双重 隔离霜 清爽 修 护露 
现代 经典 面部 胜肽 系列 雪颜 凝露 
现代 经典 面部 胜肽 系列 雪颜凝霜 
时代 经典 双重 隔离霜 清爽 修 护露 
汉娉莎 原液 系列 原液 
现代 经典 胜肽 眼部 系列 合 胜 肽眼部 体验 
现代 经典 面部 胜肽 系列 雪颜 凝乳 
原液 系列 四季 主题 水 润氧 疗 基础 套装 夏 
奈汀格尔 面部 系列 养颜液 
加 碘 盐片膜 碘 
天鹅 加碘精制 盐片 膜 碘 
天鹅 加 碘 深井臻纯 盐片膜 
加 碘 盐片膜 碘 
品牌 共用 套盒 系列 合 平衡 
苹果 亮 黑色 公开 版 手机 
雪天 天鹅 加 碘 盐片膜 碘 
现代 经典 原液 系列 碧萝 芷原 液晶乳 
绿色 加 碘 精制片膜 碘 
雪天 天鹅 加碘精制 盐片 膜 碘 
aY 夏 枯草 胶囊 北京 聚协昌 
全效 活性 乳 
OEM 戴迩思 系列 彩妆 前 乳内托 
OEM 戴迩思 系列 彩妆 前 乳 纸盒 
OEM 戴迩思 系列 彩妆 前 乳 小 纸箱 
OEM 戴迩思 系列 彩妆 前 乳 大 纸箱 
女装 
营销 欧铭 系列 奈汀格尔 净肌 祛 痘洁面 泡沫 
营销 欧铭 系列 奈汀格尔 净肌 毛孔 调理 水 
营销 欧铭 系列 奈汀格尔 15ml 净肌祛痘 凝胶 
营销 欧铭 系列 奈汀格尔 净肌 祛 痘修 护乳 
净肌 祛 痘面膜 
代文 缬 沙坦 胶囊 北京 诺华 
伊斯佳 原液 系列 眼部 按摩液 
女装 
佰洁草 赤 丹参 祛屑 头皮 精华液 
佰洁草 矢 车菊头皮 舒缓 精华液 
美 卓乐 甲泼 尼龙片 
玄宁 马来酸 左 旋氨 氯 平片 石药 集团 
奥吉娜 阿司匹林肠 溶片 辽宁 格林 
连 山 肾 石通 颗粒 
珠宝 
汉娉莎 原液 系列 合 原 液水容 组合 
汉娉莎 原液 系列 草原液 
手护 系列 滋润 手霜 
汉娉莎 原液 系列 桑椹子 原液 
汉娉莎 原液 系列 沙棘 原液 
汉娉莎 原液 系列 氨基酸 营养 洁面剂 
磁铁 
恩威 洁尔 阴洗液 四川 恩威 
京都 念慈菴 蜜炼 川贝 枇杷膏 香港 京都 念慈菴 
络活喜 苯磺 酸氨氯 平片 大连 辉瑞 
万通 筋骨 贴 
特一 止咳 宝片 
邦迪 苯扎氯铵贴 防水型 
男装/ 
OEM 兰匠 系列 密罗木 氨基酸 无 硅护 发素 
男装/ 
包 
运动 服装/ 
钟表/ 
葵花 小儿肺热 咳喘 颗粒 
精 葡萄 糖酸 锌 口服 溶液 
肤 阴洁 复方 黄松 洗液 
健之佳 西洋参 
营销 悦花 精 系列 悦花 精套盒 合 
镇克舒尔 罗红霉素 氨溴 索 分散 片 
荣昌 制药 小儿 定 喘 口服液 
爱 凯平 愈酚 甲麻 颗粒 
男装/ 
普米克令舒 吸 入 用 布 奈德 混悬液 
顺尔宁 孟鲁司 特钠片 
希刻劳 头孢克洛 缓释片 
佰洁草 赤 丹参 头皮 祛屑 清洁露 
佰洁 草七 叶 树 控油 平衡 清洁露 
佰洁 草 海岸 松劲 爽 净 肤 沐浴 露 
佰洁草 小米 草滋养 柔顺 护发素 
云河 药业 枇杷露 
同仁堂 气管 炎丸 
妥布霉素 地塞米松 滴眼液 
包 
健儿 清解液 
广誉远 定坤丹 水蜜丸 
健 佳 银耳 
健 佳 百合 
希 舒美 阿奇霉素片 
碧凯 保妇 康栓 
苏黄 止咳 胶囊 
世福素 头 孢 克肟 颗粒 
思密达 蒙脱 石散 
草晶华 红景天 破壁 饮片 
aLY 健 佳 复方 南板 蓝根片 云南 通大 
匯群堂 薏苡仁 广东 汇群 
艾暖 热敷贴 青岛 沃普 
康美 药业 菊花 贡菊 成都 康美 
健 佳 藿香 清胃片 
娜兰朵 橄榄水 养修 护洗 发露 
营销 逸氏 系列 合 美雕 护理 体验 套 
营销 逸氏 系列 合 美雕 护理 组合 
婴童 服装/ 
包 
账 无 忧 智能 财税 
家具
退换 无 忧 服务 
汽油 
络泰 血塞 通软 胶囊 
奇正 消痛 贴膏 
寿比山 吲达 帕胺片 
乐喜林 尼麦角林片 
白云山 清 开灵 颗粒 
云丰 益脉康 分散 片 
金花 金天格 胶囊 
海氏 海诺 酒精 医用 消毒 棉球 
常药 氢 氯 噻 嗪片 
欣 可 来胞 磷 胆碱 钠片 
同仁堂 跌打丸 
达吉 复方 消化 酶 胶囊 
向 辉 大 枣 
曹清华 薏辛 除 湿止 痛 胶囊 
珍视明 珍层 冰硼滴 眼液 
品健 钙片 儿童型 
修正 格平 厄 贝沙 坦片 通化 修正 
复方 氯米松 樟脑 乳膏 曾用名 无极膏 上海 延安 
柏美星 百蕊 胶囊 
品 健益 興 瑞辅 酶 软 胶囊 
农夫 山泉 茶 π 玫瑰 荔枝 红茶 
左通 硝呋太尔 胶囊 
广粤堂 鸡眼 贴 医用 冷 敷 足贴 
同仁堂利咽 灵片 
护佑 奇信 甲钴胺 胶囊 
腾药 金匮 肾气丸 
力 开 喉剑 喷雾剂 
美 山牌 羚羊清 肺 颗粒 
白银 工艺品 
奥克特 珐玛 人血白 蛋白 
斯利安 叶酸片 
神奇 珊瑚 癣净 
云昆 舒 肝 颗粒 
昊福 脑血康 胶囊 
永孜堂 天麻 醒脑 胶囊 
葡萄 糖酸 锌 口服 溶液 
双海 氯化 钾缓 释片 
海王 维生素 片 
维生素 片 
维生素 滴剂 胶囊型 青岛 鲸 
钙尔奇 千林氨糖 软骨素 加 钙片 广东 仙乐 
七丹 莲子 
优思明 屈螺酮 炔 雌 醇片 德国 拜耳 
赣珊 瑚牌 消毒液 江西 草珊瑚 
妈咪 爱 枯草 杆菌 二联 活菌 颗粒 北京 韩 美 
保济丸 广州 
乳酶 生片 桂林 制药 
丁桂儿 脐贴 贴 亚宝 药业 
合生 元益生菌 冲剂 儿童型 广州 合生元 
复方 丁香罗勒口服 混 悬液 西安 迪赛 
圣博康 至灵 胶囊 浙江 圣博康 
永孜堂 舒筋定 痛片 云南 永孜堂 
同仁堂 跌打丸 北京 同仁堂 
大山 云南 山泉 饮用 天然 泉水 
笨精灵 柔 抽 方巾 
孚诺 复方 多 粘菌素 软膏 浙江 日升昌 
恒健 鱼 石脂 软膏 广东 恒健 
芬必得 布洛芬 缓释 胶囊 天津 史克 
金品健 海王牌蛋 白粉 杭州 海王 
雅客 维生素 夹心糖 集锦装 福建 雅客 
老拨云堂 拨云锭 楚雄 老拨云堂 
云植 红霉素 软膏 原 振华 红霉素 软膏 云南 植物 
西施兰 夏露 乌洛托品 溶液 南阳 西施兰 
健 佳 蒲公英 颗粒 上海 宝龙 
妍婷 双唑 泰栓 原 研婷 双唑泰栓 湖北 东信 
中鑫 复方 尿维氨 滴 眼液 日本 
迪维 维 酸乳膏 重庆 华邦 
可口可乐 
云烟 细支 珍品 
热卖 中 游 日记 
热卖 中 纪连 海 评点 三国志 套装 
秋田 硒鼓 
秋田 碳粉 
惠普 喷墨 打印机 
惠普 兼容 墨盒 
柬 自然 柬埔寨 茉莉 香米 
云烟 特制 珍品 包 
玉溪 全 包装 
洪康 金银 花露 湖北 济安堂 
香雪 夏 桑菊颗粒化州 中药 
健 佳 菊花 胎菊 成都 康美 
京都 念慈菴 枇杷糖 
乐家 老铺 安宫 牛黄丸 
白云 山 脑络通 胶囊 
订制品 
冈本 天然 胶乳 橡胶 避孕套 超 润滑 
科苏 厄贝沙 坦片 
天麻 素片 
腾药 小 活络丸 
垃圾 
步長 脑心通 胶囊 
恒健 克霉唑 乳膏 
云南 白药 创可贴 轻巧 护翼型 
健 佳 罗汉果 
醋酸 地塞米松片 
白云山 小 柴胡颗粒 
神奇 倍爽 复方 氯 定 地塞米松膜 
腾药 加味 霍香 正气丸 
预收 物业 管理费 
昆 中药 蒲公英 颗粒 
黄 飞鸿 医用 冷 敷 贴 肩颈型 
健 佳 复方 氨酚烷胺 胶囊 
专用 
激光 定位 半自动 装订机 
弥可保甲 钴胺 片卫才 中国 药业 
aY 白云山 敬修堂化 痔栓 广州 白云山 
思考 林 胞 磷 胆 碱钠 胶囊 
欧洁 棉签 原 欧洁医 用 棉签 浙江 欧洁 
小儿 止咳 糖浆 华润三九 
专项 服务 
克雷斯 恒古 骨伤 愈合剂 
乐克 琥珀 酸美 托洛尔 缓释片 江苏 阿斯利康 
汤臣 倍健蛋 白粉 
品健 螺旋 藻片 精选 礼盒 
健之佳 大号 购物 袋 
云昆 牛黄解 毒片 
巴达 古 树 礼盒 
棕 品健 大豆 磷脂 软 胶囊 
妆颜 广告 
女装 
昆 中药 肥儿 疳积 颗粒 
惠普 喷墨 一体机 
餐饮 娱乐 针式 打印机 口 
惠普 合 激光 一体机 
男裝 休闲鞋 
健 佳 陈香露 白露片 
留普安 硫酸 氨基 葡萄 糖钾 胶囊 
华纳 大 泮托拉唑 钠肠 溶片 
上 药牌 麝香 保心丸 
鱼腥 草素 钠片 
睿和堂 清凉油 广东 恒健 
斯达舒 维 颠茄 铝 胶囊 吉林 修正 
云昆 感冒 疏风丸 昆明 中药 
同仁堂 麦味 黄丸 北京 同仁堂 
腾药 橘红丸 水蜜丸 
脑白金 年轻 态 健康品 胶囊 口服液 
凯思立 碳酸钙 咀嚼片 上海 通用 电气 
达克宁 盐酸特比 萘芬 喷雾剂 山东 京卫 
健 佳 枸杞子 云南 向辉 
向 辉 枸杞子 精选 云南 向辉 
同贝 小儿豉翘 清热颗粒 
克 复方 氨酚烷胺 胶囊 
比比 高 小儿 金翘 颗粒 
云河 香果 健消片 
康缘 金振口 服液 
云昆 舒 肝 颗粒 昆明 中药 
华葆 小 柴胡颗粒 无糖型 苏州 华葆 
向辉 莲子 云南 向辉 
健 佳 龙眼肉 都江堰 春盛 
健 佳 藿香 正气 胶囊 云南 云龙 
三九 感冒 灵颗粒 华润 三九 
金维 多 维 元素 片 原 金维 多 维 元素 片 杭州 民生 
达喜 铝碳酸镁片 拜耳 医药 
珮氏 小 番茄 香薰 喷雾 
金 品健 尤维斯牌钙 软 胶囊 上海 互众 
益节 氨糖 钙片 原 希夫牌 氨糖钙片 美国 利洁 时 
开 瑞坦 氯雷 定片 
斯利安 叶酸片 北京 斯利安 
巨可生 赖 氨 葡 锌 颗粒 无糖 
内衣 
云丰 血塞 通 分散片 
女装 
女装 
男装/ 
瑞婷 阿 那曲 唑片 
泌特 复方 阿嗪米特肠 溶片 
男装/ 
安美 来 胶原蛋白粉 
健 佳 苯磺酸 左 旋氨 氯 平片 
健 佳 枸杞子 
杜蕾斯 天然 胶乳 橡胶 避孕套 激情 装 
玉溪 细支 清香 世家 
爱宁达 吡美莫司 乳膏 
健 佳 退热贴 婴儿 用 
解热贴 婴幼儿型 
健 佳 退热贴 儿童 成人 用 
花城 重感 灵片 
可 伊 新 复方 芦荟 胶囊 
敬宇 茶苯海 明片 
晕动 苯巴比 妥东 莨菪 碱片 
美林 布洛芬 混悬液 
百灵鸟 枇杷露 
杰士邦 天然 胶乳 橡胶 避孕套 零感 至 薄隐形 
养生堂 天然 维生素 咀嚼片 
滇草 灵芝粉 
滇草 鹿仙 草粉 
健 佳 胖大海 
草晶华 决 明子 破壁 饮片 
纳 催离 吲达帕胺 缓释片 
男装/ 
腾药 清肺 抑火片 
汤臣 倍健 鱼油 牛磺酸 软 胶囊 
德良方 消炎 止咳 胶囊 
女装 
运动 服装/ 
太极 复合 维生素 片 
腾药 桂 附理 中 丸 
体育 用品 
亿灵 辛伐 汀片 
伲福达 硝苯 平缓 释片 
云春 婴儿素 
陶瓷 厨具 双立人 
金属 厨具 双立人 
日用 刀具 双立人 
体育 用品 
健 佳 血糖仪 
健 佳 型 血糖 试条 
麦金利牌 益生 菌粉 
腾药 感冒 清热颗粒 含 糖型 
女装 
腾药 冰 硼散 
向 辉 茯苓粉 
欧菲尔迪 棉签 为 婴幼儿 设计 
男装/ 
皮具 
包 
路展 
男装/ 
眼镜 配件/ 
文教 用品 
蜀中 元胡 止痛片 
鞋 
男装/ 
男装/ 
箱包 
欧菲尔迪 口泰 含漱液 江苏 奇力康 
同贝 小儿豉翘 清 热 颗粒 泰兴济川 
严力灵 头孢丙烯片 原 瑞兴达 湖南 方盛 
希刻劳 头孢克洛干 混悬剂 苏州 礼 来 
杜拉宝 消旋卡 颗粒 四川 百利 
世福素 头 孢 克肟 颗粒 广州 白云山 
秋泻 灵 颗粒 云南 永安 
运动 服装/ 
灵方 破立妥 皮肤 消毒 喷雾剂 
云昆 肥儿 疳积 颗粒 昆明 中药 
高锰酸钾 外用 片 济南 康福生 
芙美松 糠酸莫米松 乳膏 浙江 仙琚 
川石 克霉唑 乳膏 河南 大新 
男装/ 
紫鑫 四妙丸 
男装/ 
男装/ 
雪兰 酸奶 工坊 发酵乳 原味 
衣帽 饰品 
衣帽 饰品 
东禾硒 鼓 
白云山 补脾益 肠丸 
江 中 健胃 消食片 无 糖 
鞋 
新 亚富舒 盐酸贝那 普利片 
向 辉 葛根粉 
鞋 鞋 
男装/ 
运动 服装/ 
虎镖 芦荟 抑菌 凝胶 
男装/ 
滴露 消毒液 实惠装 
汽油 
女装 
男装/ 
皮具 
干酵 母片 
包 
万特力 吲哚 美 辛贴片 
绿萝 
肩包 
包 
鞋 
体育 用品 
葵花 胃 康灵 颗粒 
腾药 香砂 养胃丸 水丸 
润洁 萘敏 维滴 眼液 
男装/ 
力弗 罗红霉素 胶囊 
正 追风 舒 经 活血片 
代文 缬沙 坦氢 氯噻 嗪片 
男 外套 
言诺欣 利巴 韦林 颗粒 
男装/ 
鞋 
三九 胃泰 温 胃 舒 颗粒 
欧姆龙 血糖 试纸 
达 克宁 硝酸咪康 唑散 
葆列止 非那雄 胺片 
女装 
杜蕾斯 天然 胶乳 橡胶 避孕套 倍滑 超薄装 
丹媚 左炔诺孕酮 肠溶片 
男装/ 
小快克 小儿氨酚黄 颗粒 
男装/ 
男装/ 
男装/ 
女装 
皮具 
男装/ 
女装 
珠宝 
女装 
岡本 天然 胶乳 橡胶 避孕套 超 润滑 
日子 医用 护理 垫 看护垫 
日子 医用 护理 垫 看护垫 组合装 
仙琚 醋酸 泼尼 松片 
香丹 清 珂妍 胶囊 
全自动 臂式 电子 血压计 原 迈克 大夫 自动型 数字 显示 电子 血压计 深圳 华略 
男装/ 
必奇 蒙脱 石散 
适怡 酪 酸梭菌 肠球菌 三联 活菌片 日本 
克银迪 盐酸伊曲 康唑 胶囊 
向 辉 百合 
向 辉 枸 杞子 
乐敦清 复方 氯化钠 滴眼液 
冰王 芦荟 抑菌 凝胶 
健力 多 氨糖 软骨素 钙片 
海王 复方 甘草片 
瑞健 马 来 酸曲 美布汀 胶囊 
云鹏 复方 罗布 麻片 
腾药 杞菊地 黄丸 
运动 服装/ 
女装 
衣帽 饰品 
倍林达 替 格瑞洛片 
安多明 羟苯磺 酸钙 胶囊 
同仁堂 调经 促孕丸 
九味 双解 口服液 
泰诺林 对 乙酰 氨基酚 混 悬滴剂 
衣帽 饰品 
颜巍牌 肤乐霜 
思金 依巴斯汀片 
贝雪 枸地 氯雷 定片 
杜蕾斯 天然 胶乳 橡胶 避孕套 挚爱装 
包 
百灵鸟 小儿 柴桂 退热 颗粒 
女装 
学会 提问 原 书 版 
金字塔 思维 
语言 力量 
客户化 开发费 
杜蕾斯 天然 胶乳 橡胶 避孕套 超薄装 
鞋 
女装 
男装/ 
林 阿莫西林 颗粒 
使用 无菌 注射器 带针 
三九 感冒灵 胶囊 
男装/ 
女装 
女装 
包 
舒 胶囊 
鞋 
向 辉 天 麻粉 
女装 
aQ7KY 诺和锐 特充 门冬 胰岛素 注射 液诺 诺德 
长秀霖 笔芯 重组 甘精 胰岛素 注射液 原 重组 甘精 胰岛素 注射液 北京 甘李 
a 博路 定恩 替卡 韦片 上海 施贵宝 
汤臣 倍健 牛 乳加钙 咀嚼片 双瓶 优惠装 原 超值 优惠装 广东 汤臣 倍健 
康 恩贝 肠炎 宁片 江西 康恩贝 
旅行包 
诺和锐 特充 门冬 胰岛素 注射液 
长秀霖 笔芯 重组 甘精 胰岛素 注射液 
广育堂 栀子 金花 丸 
山雄 万通筋 骨片 
向 辉 黄芪 
希爱力 达拉非片 
男装/ 
白加黑 氢溴 酸右美 沙芬糖浆 
亿儿利康 氨酚麻 美干 混悬剂 
达 芙文 阿达帕林 凝胶 
津奉 麝香 止痛 贴膏 
立卫克 奥美拉唑 肠溶 胶囊 
沃丽汀 卵磷 脂络合 碘片 
可乐 妥 左氧氟 沙星 滴眼液 
圣博康 至灵 胶囊 
三公仔 小儿七星茶 颗粒 
葫芦娃 小儿 止咳 糖浆 
诺 锐笔芯 门冬 胰岛素 注射液 
精蛋白锌 重组 赖脯 胰岛素 混合 注射液 优泌乐 
奈迪亚 氯沙坦 钾氢 氯 噻 嗪片 
茵栀 黄 口服液 
衣帽 饰品 
丁桂 丁桂儿 脐贴 
宝宝 贴 灵 丁桂儿 脐贴 
舒泰得 雷贝拉唑钠 肠溶片 
创盈 金斯利 安多维片 
白云山 丹鳖 胶囊 
天士力 养 血清 脑丸 
白云 山 敬修堂 养 血 生发 胶囊 
女装 
活 布拉氏 酵母 菌散 
杨济生 复方 鲜 竹沥液 
地奥 脂 妥片 
氟 轻松维 乳膏 
向 辉 蜂蜜 
服装/ 路展 
感冒 清热颗粒 
鞋 
森源 洋甘菊 女性 私密 抑菌液 免洗 泡沫型 
久 印特 泮托拉唑 钠肠 溶片 
云丰 复方 南板 蓝根片 
旺仔 复原乳 牛奶 
牛奶 味 棒棒 饼干 
达利园派 蛋 黄味 注心 蛋 类 芯饼 
淘 吉 椰果 芒果 味 布丁 
鞋 
莎尔福 美沙拉 秦肠 溶片 
群杰 使用 阴道 冲洗器 大号 
彼瑞康 氟康唑 胶囊 
百灵鸟 维 银翘片 
科大 讯 飞机器人 阿尔法超 能 蛋 智能 机器人 儿童 教育 陪伴 益智 玩具 白色 
帽子 
鞋 
女装 
男装/ 男装店 
女装 
前列康 普乐安片 薄膜 衣片 
葡萄 糖酸 锌 口服液 
好 娃娃 小儿氨酚烷胺 颗粒 
派 瑞松 曲安奈德益康 唑乳膏 
男装/ 
草晶华 罗汉果 破壁 饮片 
草晶华 陈皮 破壁 饮片 
汤臣 倍健 胶原蛋白 维生素 维生素 粉 
向 辉 珍珠粉 
发 泡 
男装/ 
米雅 酪 酸梭菌 活菌片 
乒乓球 
男装/ 
健 佳 多 潘立酮 片 
包 
显示屏 
主机 
平欣 缬沙坦 分散片 
海 舒严 瑞 舒伐 汀 钙片 
佳 便利 饮用 天然 矿泉水 
皮具 
金健 一级 大豆油 
就餐费
红塔山 经典 翻盖 
芬必得 布洛芬 咀嚼片 
旺旺旺仔 牛奶 礼 盒装 原味 苹果 味 4罐 
旺旺旺仔 牛奶 儿童 牛奶 早餐 奶 铁罐 装礼盒 原味 
银鹭桂 圆八宝粥 礼盒 无 桂圆 甘甜 方便 速食 粥 
银鹭桂 圆八宝粥 礼盒 桂圆 甘甜 方便 速食 粥 
李锦记 锦珍生 抽非 转基因 无 酿造 酱油 调味 调料 
李锦记 锦珍生 抽非 转基因 酿造 酱油 调味 调料 
蓝 月亮 抑菌 洗手液 芦荟） 瓶 清爽 洗手液 野菊花 
三洋 无 全自动 波轮 洗衣机 大 容量 洗涤 全 模糊 智能 控制 预约 
三洋 全自动 波轮 洗衣机 大 容量 洗涤 全 模糊 智能 控制 预约 
六神 清莹 水润 沐浴露 滋润 洁肤 沐浴乳 
敬本 扁粮 红花 组合 不无 用 提前 泡 谷 杂粮片 燕麦片 花豇 豆片 鹰 嘴 豆片 小 袋装 
敬本 扁粮 红花 组合 用 提前 泡 谷 杂粮片 燕麦片 花豇 豆片 鹰 嘴 豆片 小 袋装 
悦谷百味 精选 荞麦 米 无 无 添加 谷 杂粮 荞麦仁 三角 麦 东北 粗粮 大米 伴侣 
悦谷百味 精选 荞麦米 无 添加 谷 杂粮 荞麦仁 三角 麦 东北 粗粮 大米 伴侣 
清扬 去 屑洗 无 发 水 套装 樱花 沁爽型 送 樱花 沁爽 新 老 包装 发 
清扬 去 屑洗 发 水 套装 樱花 沁爽型 送 樱花 沁爽 新 老 包装 发 
雪碧 柠檬味 汽水 无 饮料 碳酸 饮料 整箱 装 可口可乐 出品 新 老 包装 发
雪碧 柠檬味 汽水 饮料 碳酸 饮料 整箱 装 可口可乐 出品 新 老 包装 发
荣耀 无 金色 网通 手机 卡 待 
荣耀 金色 网通 手机 卡 待 
林徽因 不慌不忙 坚强 2018 修订 典藏版 
毛 主席 用兵 如 神 
穷查理宝典 查理*芒格 智慧 箴言 录 
张居正 经典 珍藏版 
圣经 故事 新版 
速写本 
汤小团 漫游 中国 历史 隋唐 风云 卷 套装 
向 辉 薏苡仁 
匯群堂 山药片 
健 佳 黄芪 
路展 
婴童 服装/ 
金蝶 服务 
草晶华 西洋参 破 壁饮片 
草晶华 黄芪 破 壁饮片 
手机 骑士黑 
九阳 开水 煲 
九阳 电 水壶 
惠普 硒鼓 
金刚 藤软 胶囊 
金蝶 
金蝶 
泰昌 足浴盆 
九阳 豆浆机 
朗逸 鱼腥 草滴 眼液 
佳能 三合一 喷墨 一体机 
秋田 墨盒 
云健酚氨 咖敏 颗粒 
健 佳 天麻 超 细粉 
女装 
下山虎 伤湿 止痛膏 
汽油 
鞋 
服务 
舒利迭 沙美特罗 替卡 松粉 吸 入 剂 
女装 
服务费 
信谊 甲氨 蝶 呤片 
信谊 柳 氮磺 吡啶肠 溶片 
旺仔 糖_ 可乐 
旺仔 糖_ 青 苹果 
香芒味 威化 饼干 
亲亲 散装 果肉 果冻 桔子 味 
亲亲 吸 吸果 冻 草莓味 
可比 可 豪卡 布奇诺 咖啡 配 巧克力 味粉 
可比 可 豪享 摩卡 咖啡 配 巧克力 味粉 
亲亲 果肉 果冻 苹果味 
亲亲 吸 吸 果汁 冻 
盼盼 软华夫 蛋糕 奶香味 
盼盼 软华夫 蛋糕 原味 
梅尼耶干 蛋糕 奶香味 
巧克力 
柠檬 挞味 注心 饼干 
桃仁 巧克力 
双层 巧克力 
牛奶 
巧克力 
牛奶 芒果 
浓郁 抹茶 
星 水果 
抹茶 慕斯 
甜薄 脆 饼干 
巧 心柔. 抹茶 
草莓 
梅尼耶干 蛋糕 柠檬味 
小 馒头_ 经典 原味 
旺仔 小 馒头_ 牛奶 
旺仔 小 馒头_ 经典 原味 
皇冠 丹麦 曲奇 饼干 
皇冠 丹麦 巧克力 腰果 曲奇饼干 
皇冠 丹麦 巧克力 腰果 曲奇饼干 
爱 时 乐芝 士味 威化 卷心酥 
爱 时 乐 香草 牛奶 味 威化 卷心酥 
椰味 威化 饼干 
爱时乐 巧克力 味 威化 卷心酥 
旺旺 雪饼_ 
旺仔 小 馒头_ 牛奶 
旺旺 挑豆_ _豌豆 
旺旺厚 烧海 苔 
椰树牌 椰汁植物 蛋白 饮料 
伊利 添 活性 乳酸菌 饮料 活菌 原味 
伊利 添 活性 乳酸菌 饮品 百香果味 
欧 亚 大理 牧场 原味 酸 牛奶 
生理期 用 暖 宝宝 使用 取暖片 可 贴迷 
润洁 复方 硫酸 软骨素 滴 眼液 
男装/ 
白云山 小 柴胡颗粒 广州 白云山 
仁和 可立克 复方 氨酚烷胺 胶囊 江西 铜鼓 
a 胃 铋镁 颗粒 吉林 弘美 
健 佳 普洛必达 布洛伪 麻软 胶囊 石家庄 石药 
葵花 婴儿 健脾散 微粉细粒型 葵花 药业 
同仁堂 金匮 肾气丸 
佳汇 泰牌 红景天 胶囊 四川 佳汇 泰 
格拉丹 东牌 红景天 西洋参 沙棘 胶囊 青海 鑫池源 
复方 甘草片 昆药 集团 
阿莫西林 胶囊 昆明 贝克诺顿 
双海 氯化 钾缓 释片 上海 黄海 
信龙 开 塞露 上海 运佳 黄浦 
双鲸 维生素 软 胶囊 青岛 鲸 
博泰维康 维生素 片 上海 全宇 
云杉牌 清火栀 麦片 云南 云河 
亚宝 珍菊 降 压片 山西 亚宝 
江 中 健胃 消食 片江 中药业 
太平 风油精 福建 太平洋 
修正 复方 金银 花 颗粒 修正 药业 
云昆 柏子 养心丸 昆明 中药 
江 中 乳酸菌 素片 江西 江 中 
鲸 维生素 软 胶囊 
星鲨牌 维生素 软 胶囊 
丰原 阿莫西林 克拉维酸 钾干 混悬剂 
屋顶 盒 纯奶 
原味 塑杯 酸奶 
雪兰 草莓 味酸 牛奶 
房屋 租赁费 
高级 支持 服务 
预付卡 消费 
包 
维仙优 复方 维生素 片 日本 
太平 阿昔洛韦 乳膏 福建 太平洋 
杜蕾斯 天然 胶乳 橡胶 避孕套 超薄装 青岛 伦敦 杜蕾斯 
aGPPLJ 云南 白药膏 云南 白药 无锡 
金蝶云 家 软件 
龙虎 风油精 上海 中华 
健 佳 速协 安血塞 通 分散片 云南 植物 
爱乐维 复合 维生素 片 拜耳 医药 
葫芦娃 肠 炎宁 颗粒 海南 葫芦娃 
张裕金 印象 大 产区 干红 
福瑞 散装 味精 
修正 复方 金银 花 颗粒 
健 佳 清肺 抑火片 
佛慈 知柏地 黄丸 浓缩丸 
元 通便灵 胶囊 
百灵鸟 维 银翘片 双层片 
泰诺 对 乙酰 氨基酚 缓释片 
斯达舒 维 颠茄 铝 分散 片 
健 佳 布洛芬 缓释 胶囊 
安乃 近片 
江 中 复方 草 珊瑚 含片 
复方 氯米松 樟脑 乳膏 曾用名 无极膏 
曼秀 雷敦 复方 薄荷脑 软膏 
万托林 硫酸沙丁胺醇 吸 入 气雾剂 
蜀中 多 酶 片 
腾药 藿香 正气水 云南 腾药 
仙河 制药 肠胃宁 胶囊 原 仙河 肠胃宁 胶囊 山东 仙河 
斑布 系列 卫生 抽纸 
手动 铆装 
太极 硫酸庆 大霉素片 
女装 
男装/ 
鞋 
云昆 清肺化 痰丸 昆明 中药厂 
德芙 什锦装 丝滑 牛奶 榛仁 葡萄干 香浓黑 巧克力 
鞋 
鞋 
鞋 
男装/ 
农夫 山泉 天然 矿泉水 
健 佳 清火片 云南 龙发 
垫片 
加密卡 服务 
软件 培训 服务 
安博维 厄 贝沙 坦片 杭州 赛诺菲 
久印特 泮托拉唑 钠肠 溶片 湖北 济安堂 
aPPLY 健 佳 盐酸曲美 嗪片 江苏 吴中 
阿斯德 铝 镁 匹林片 山东 中健 
帅信 硫酸氢 氯吡格雷片 河南 乐普 
皮具 
孚松 卤米松 乳膏 
弘明远 苯磺酸 左 旋氨 氯 平片 
钓鱼 扑克 
贝洋 扁桃体 炎帖 磁疗贴 儿童 装 
贝诺克 头孢克洛干 混悬剂 
汤臣 倍健 钙 铁锌 咀嚼片 广东 汤臣 倍健 
稳健 医疗 棉球 医用 脱脂棉 稳健 医疗 
华森 甘桔 冰梅片 糖衣片 
软件 技术 服务费 
昆 中药 通 宣理 肺 颗粒 
兰维舒 兰索拉唑 肠溶片 
小林 冰宝贴 医用 退热贴 婴儿 
云健 酚氨 咖敏 颗粒 拆 
福必安 复方福尔 可 定 糖浆 
高锰酸钾 外用 片 
珮 夫人 氯雷 定 糖浆 
羚锐 舒腹 贴膏 
百灵鸟 复方 岩白菜 素片 
哈 药 益萨林 阿莫西林 胶囊 
龙城 氨咖 黄敏 胶囊 
唯达宁 硝酸益康唑 喷雾剂 
健 甘灵 拉米夫 定片 薄膜 衣片 
洁 康雅 复方 苦 参洗剂 带 冲洗器 
金 维 多 维 元素 片 
龙潭山 蛤蚧 定喘丸 水蜜丸 
金龙 痰 咳 净片 
恬倩 布洛芬 混悬液 
花红 消肿 止痛酊 
女装 
鞋 
男装/ 
内衣 
女装 
散列通 复方 对 乙酰 氨基酚片 
甲硝 唑片 
皮具 
服装/ 
日用 杂品/ 
健之佳 阿奇霉素 干 混悬剂 
女装 JZ 
安斯菲 雷贝拉唑钠 肠溶片 成都 迪康 
美大康 心达 康片 四川 美大康 
亿活 布拉氏 酵母菌 散 法国 百科达 
美大康 心达 康片 
精 黄连 口服液 哈药 集团 
云昆 止咳 丸 昆明 中药 
aGPPLY 健 佳 头孢克肟 胶囊 石药 集团 欧意 
三九 感冒灵 胶囊 华润三九 
aN01PPLY 健 佳 复方 氨酚烷胺 胶囊 海南 葫芦娃 
白加黑 氨酚 伪麻 美芬片Ⅱ 氨麻 苯美片 拜耳 医药 
扬子江 蓝 芩 口服液 扬子江 药业 
软件 标准 支持 服务费 
包 
洁 珍珠 明目 眼液 
优力平 阿托伐 汀 钙片 浙江 新东港 
草晶华 丹参 破壁 饮片 中山 中 智 
草晶华 山楂 破 壁饮片 中山 中 智 
习 近平 关于 总体 国家 安全观 论述 摘编 大字 
太极 独圣 舒 筋 活 血片 糖衣片 
充值 交易 
君乐宝 遇见 奶牛 纯牛奶 原味 
运动 服装/ 
服务费 专项 服务 
力 开 喉剑 喷雾剂 儿童型 
软件 技术 服务 
同仁堂 养心 安神丸 
腾药 调经 止痛片 
福森 黄连 口服液 
鱼跃 医用 电子体 温计 
醋 酸氟 轻松 乳膏 
帅泰 硫酸氢 氯吡格雷片 
瑞舒 米格列 醇片 
娱乐 服务 
散装 艾比利薯片 田园 番茄味 
散装 瑞士 卷 草莓 味 
散装 瑞士 卷 香 橙味 
海氏 海诺 创口 贴 透明 防水型 
健 佳 益 母草 颗粒 
冈本 天然 胶乳 橡胶 避孕套 至尊 三合一 
衣帽 饰品 
罚款 
服装/ 
内衣 
腾药 肤痒 颗粒 
金蝶 软件 
山地 泥除 
捷安特 护目镜 头盔 
车 灯 
气筒 
捷安特 钢链 锁月 牙 钥匙 
品健 天然 维生素 软 胶囊 江苏 艾兰 
力度 伸 维生素 泡腾片 橙味 
康美 药业 菊花 贡菊 
金维 多 维 元素 片 
罗 盐酸阿莫罗芬搽剂 
葵花 康宝 小儿氨酚烷胺 颗粒 
信 可 保 布地奈德福莫特罗粉 吸入剂 
海捷亚 氯沙坦 钾氢 氯 噻 嗪片 
实施 
斯利安 钙片 孕妇型 
金丐 醋酸 钙 颗粒 
亮 萘替芬酮康 唑乳膏 
金蝶云 服务 租赁费 
护肤 用品 
螺纱薄 大 睡袋 
红色 字母 长 蛤 
缤梭 短袖 衬衣 
红蘑 针长 外套 
初针 布鞋 
汤臣 倍健 蜂胶 软 胶囊 巴西 绿蜂胶 
罗氏 血糖仪 活力型 套包 
草决明枕 
云棉 长 拆裤 装 
红彩 套衣 
缤针 打底裤 
英针 短袖 裙 
彩棉 短 拆裤 
彩棉 短 套衣 
红色 字母 长 襟蛤 
森梭 圆帽 
童趣 记忆 绵床垫 
森粉 开衫 
凝蓝 袍 
竹长 蛤 
迪针 领 背心 
伞车 红 辣椒 
森粉 裆衣 
萝圆 领套 
婴短 套衣 
缤梭 短裤 
塑料 加工 辅助 机械 装置 
雪兰 鲜牛奶 
塑料 注射 成型机 
订制品 
友商 在线 进 销 存 标准版 站点 
红楼梦 上下 经典 名著 名作 
老人 海 精 
简·爱(精)/名 著名 译 丛书 
冠星 红提 短袖 套衣 
大 链条 锁 
软件 专项 服务费 
优惠券 秒杀 
三思智能 彩色 球泡 灯 白色 
美梭 短裤 
女装 
女装 
鱼跃 血糖 试纸 
九阳 面条机 
路 雪 大 牛奶 牛奶 口味 雪糕 
氯化钠 注射 液国 药容生 
爱 乐 吸 入 用 异丙托溴 铵溶液 上海 勃林格殷 
普米克令舒 吸 入 用 布 奈德 混悬液 澳大利亚 
aGRY 咽立 爽口 含 滴丸 贵州 黄果树 
江 中 健胃 消食片 江西 江 中 
标准 支持 服务费 
aLRY 健 佳 玄麦 甘桔 颗粒 四川 禾邦 阳光 
云昆 丹栀 逍遥 丸 昆明 中药 
同仁堂 养心 安神丸 北京 同仁堂 
西 比灵 盐酸 氟 桂利 嗪 胶囊 西安 杨森 
云健阿司匹林肠 溶片 云南 白药 集团 
软件 实施 服务 
索乳膏 
太平咪 索乳膏 
怡立方 弹力 鼻贴 
碧生源 润茶 
提红 开裤 
钟表 
惠普 合 一体机 
福掌柜 食用 调和 油 
衣帽 饰品 
雷公 关节 止痛膏 
福临门 东北 大米 金粳稻 
佳 便利 长粒香 
福临门 玉米油 转基因 
太太乐 鸡精 调味料 
太太乐 蔬 鲜 调味料 
海天味 鲜 特级 酱油 
具茨山 氧氟 沙星 滴耳液 
腾药 金匮 肾气丸 水蜜丸 
好 医生 康复 新液 
女装 
白云山 消渴丸 浓缩 水丸 
健 佳 咽炎片 薄膜 衣片 
漢森 磨 汤 口服液 
地奥 地 榆升 白片 
洛赛克 奥美拉唑镁 肠溶片 
瑞优达 头孢克肟 胶囊 
喇叭牌 露丸 
同 济堂 仙灵 骨葆片 
嘉倍康 炉甘 石洗剂 
碑林 金嗓开 音丸 
华为 手机 全 网通 金 
邦 创面 消毒 喷雾剂 南京 白敬宇 
凯妮汀 克霉唑 阴道片 
阳光 老人 参乌健 脑 胶囊 
科田 华佗膏 
奇星 华佗 再造 丸 
思密达 蒙脱 石散 草莓 口味 天津 博福 
思连康 双歧杆菌 联 活 菌片 杭州 远大 
丁桂 丁桂儿 脐贴 亚宝 药业 
小儿氨酚黄 颗粒 华润 三九 
健 佳 强力 枇杷露 炼蜜 苏州 华葆 
珮 夫人 盐酸氨溴 索 口服 溶液 江苏 汉晨 
皮具 Michael 
拜 唐苹 阿卡波 糖片 北京 拜耳 
思考 林 胞 磷 胆 碱钠 胶囊 齐鲁 制药 
天士力 复方 丹参 滴丸 天士力 医药 
神农虎 麝香 壮骨膏 湖北 黄石 
步長 稳心颗粒 无蔗糖 原 步長 稳心颗粒 无糖型 山东 步长 
aGPPLJ 健 佳 复方 丹参 片 薄膜衣 云南 白药 
达克宁 硝酸咪 康唑 乳膏 西安 杨森 
RY 昆 中药 止咳丸 浓缩丸 原 昆 中 止咳丸 浓缩丸 昆明 中药 
氧氟 沙星 滴耳液 安徽 环球 
龙发 陈香露 白露片 云南 龙发 
腾药 香砂 平胃 颗粒 云南 腾药 
车队 版 短指 手套 
侧开式 水壶 架 
硫酸庆 大霉素 碳酸铋 胶囊 
雪兰 利 乐枕 纯奶 
胃 苏 颗粒 
信龙炉 甘石 洗剂 上海 运佳 黄浦 
珮 夫人 氯雷 定 糖浆 江苏 汉晨 
开 瑞坦 氯雷 定片 拜耳 医药 
运动 服装/ 
围巾 
女装 
男装/ 
包 
服装/ 
维肯 三合一 多 功能 尼龙 数据 线 香槟金 
服务费 标准 支持 服务 
邦民 制药 头孢拉 定 胶囊 
恒健 头 孢 克肟 颗粒 
尼群 平片 
新乐敦 复方 门冬维甘滴 眼液 
薇薇蕾萨 天然 胶乳 橡胶 避孕 超薄 
龙 牡 壮 骨 颗粒 
云丰 丹溪玉 屏风 颗粒 
女装 
御 花 乙醇 消毒液 
谷维素片 
好迪 使用 无菌 注射器 带针 
益民 糠甾 醇片 
殨克 复方 黄柏液 涂剂 
葵花 健儿 消食 口服液 
普罗新希 马 来 酸氨氯 平片 
邦迪 卡通 防水 创可贴 冰雪 奇缘 
信龙氧氟 沙星 滴耳液 
葵花 小儿 复方 鸡 内 金散 
潘高寿 蛇 胆 川贝液 
雲昆 橘红丸 
云昆 苦胆 草片 
昆 中药 糊药 
云植 马来酸 氯苯 敏片 
邦迪 苯扎氯铵贴 
同仁堂 舒肝 胃丸 
象山牌 含 氯 消毒粉 优氯净 
毓婷 左炔诺孕酮片 
健 佳 感冒 灵颗粒 
霸灵 羧甲司 坦片 
天 骨通 贴膏 
鼎康 荷叶 
雅风宁 齿 痛消 炎灵 颗粒 
腾药 保和丸 
服装/ 
康毅 对 乙酰 氨基酚栓 
鞋 
皮具 
三仁堂 杜仲平 压片 
塔克司 克莫司 滴眼液 
李宁 男子 跑步 鞋 2018 新品 耐磨 防 滑 减震 运动鞋 
婴双层 薄 抱 被 
西竹长 蛤 
夏普 超 高清 网络 智能 液晶 平板 电视机 
玉品堂 老视镜 
商铺 租金 
魅族 魅蓝 32GB 移动 联通 电信 手机 全网 通双卡 双待 月光银 
泰 毕全 达 比加群 酯 胶囊 
女装 
毕诺 曲安奈德 鼻 喷雾剂 昆明 源瑞 
匯群堂 莲子 
蜀中 元胡 止痛片 四川 依科 
雲植 盐酸 小檗 碱片 云南 植物 
预付卡 销售 
善存 银片 江苏 惠氏 
联邦 安必仙 氨苄 西林 胶囊 珠海 联邦 
意可贴 醋酸 地塞米松口 腔 贴片 深圳 太太 
江 中 健胃 消食片 无糖 江 中药业 
天安 安多 可 盐酸二甲双胍肠 溶片 贵州 天安 
女装 
妥抒 来 氟米特片 
纷乐 硫酸羟 氯喹片 
辅仁 葡萄糖 酸钙片 
家居 用品 
美林 布洛芬 混 悬滴剂 
欧普智 清 读 写 台灯 白色 
帽子 
尤佳 阿托伐 汀 钙 胶囊 
麝香 壮骨膏 
南瓜 
绿 天然 螺旋藻 精片 
女装 
健 佳 丹参 粉 
服务费 
婴童 服装/ 
工程 塑料 轴承 
平皮带 
高扭矩 同步 齿形带 
卡环 
鞋 
男装/ 
支撑 固定 夹 
脚杯 连接板 
万向 把手 
金蝶 软件 
红豆 
冰水 
自然 冰 
沙宣 金属 袋装 软垫 发梳 粉红色 
手机 幻色粉 
富 可 视 高清 液晶 电视 
银河奇 异果 会员 月 
女装 
星形定型枕 
李宁 男子 跑步 鞋 2018 新品 耐磨 防 滑 减震 运动鞋 
湘江 蒙脱 石散 
模组 
矿泉水 
南孚 电池 
棉签
电蚊 
体育 用品 
模组 物联网 专网 
模组 现网 
魅族 魅蓝 32GB 移动 联通 电信 手机 全网 通双卡 双待 月光银 
开发板 
模组 
维肯 移动 电源 20000mAh 白色 
雪佛龙 特劲 浓缩 汽油 添加剂 燃油宝 汽车 除 积碳节 油宝 清洁剂 
净化器 
阿华田 餐饮 罐装 
芙蓉 王 硬 
黄鹤楼 软蓝 
京标 汽油 
盐酸氨基 葡萄 糖片 
杜蕾斯 天然 胶乳 橡胶 避孕套 凸点 螺纹装 
同仁堂 板蓝根 颗粒 
滇生化 氨咖 黄敏 胶囊 
模组 物联网 专网 
模组 现网 
模组 现网 
模组 现网 
模组 物联网 专网 
丁桂儿 脐贴 贴 
雅客 维生素 夹心糖 草莓 蓝莓味 
男装/ 
金诃 解毒 胶囊 
健 佳 
金 狗 时运 转运 珠 
美年 达 西瓜 味 汽水 
泸州 老窖 古酒 珍藏 
金蝶 金 管家 软件 
智慧 舍得 版 
服务类 技术 服务 
减压阀 
压力 释放 阀 
压力表 
扭簧 
电缸 
真空 吸盘 
调压 过滤器 
玄宁 马来酸 左 旋氨 氯 平片 
运动 服装/ 
迪公主 纱襟 拆套 
锥齿轮 
高频 淬火 直齿轮 
丝 杠方 支架 
轴承座 组件 
金属 轴环 尺寸 定制型 
导向 轴支座 开口 长 导向型 
线性 导轨 
微型 带导杆 气缸 
精密 减压 阀 
托架组 
气爪 
真空 发生器 
开关 固定码 
感冒 清片 
德众 鼻炎 康片 
冰爽 柠檬味 汽水 
零度 可口可乐 汽水 无糖 
澳特兰 屋顶 盒 纯奶 
苏菲 超熟 睡 安心 裤 
七度 空间 少女 系列 纯棉 表层 日用 
芬达 橙味 汽水 
佳 便利 打火机 
可爱 多 甜筒 巧克力 口味 冰淇淋 
双汇金 双汇 特级 火腿肠 
阿麦斯 什锦 软糖 手提包 罐 
江 中猴姑 酥性 饼干 
统一 阿萨姆 煎茶 奶 绿 奶茶 饮料 
统一 阿萨姆 岩盐 芝士 奶茶 饮料 
女装 
伊利 安慕希 希腊 风味 酸奶 原味 
易孚 重组 人 表皮 生长 因子 凝胶 酵母 
云昆 通宣理 肺片 薄膜 衣片 
潘妥 洛克 泮托拉唑 钠肠 溶片 
小儿 咳 喘 灵 口服液 
泰康 丁细 牙痛 胶囊 深圳 泰康 
冰王 痘克 修痕 抑菌 组合 
苏 中 清宣 止咳 颗粒 
施图伦 七叶洋 黄双苷 滴眼液 
捷安特 入门款 镜片 眼镜 
大宁堂 小儿葫芦散 
金世力德 匹多莫德 颗粒 
金鸡 复方 双花藤 止痒 搽剂 
康妇特 水青 硝呋太尔制霉素 阴道 软 胶囊 
艾洛松 糠酸莫米松 乳膏 
今辰 枇杷露 
包 
滴 派对 水果 点心 
真心 无衣片 桔橘子 罐头 
真心 黄桃 罐头 
佳 便利 野坝子 蜂蜜 
南方 黑芝麻糊 
雀巢优麦 复合麦片 原味 
摩尔 农庄 核桃 乳植物 蛋白 饮料 
欧 亚 大理 风情 玫瑰味 酸奶 
紫鑫 败毒 胶囊 
日用 杂品/ 
舒夫坦 瑞 舒伐 汀 钙片 
博 美欣 阿莫西林 克拉维酸钾 分散 片 
男装/ 
婴童 服装/ 路展 
正露 康 腹止 泻片 
云植 灯盏 花素片 
顺 复方熊胆滴 眼液 
日抒 尿素维 乳膏 
草晶华 肉苁蓉 破壁 饮片 
腾药 五子衍 宗丸 
云南 白药 创可贴 
女装 
男装/ 
模组 物联网 专网 
川石 复方 醋酸 地塞米松 乳膏 
鞋 
盐酸金霉素 眼膏 
耐信 埃索美拉唑镁 肠溶片 
新编 制作 应用 大全 实战 精华版 Office 办公 无 忧 
广告 创意 心理学 
广告 策划 通 广告 策划 经理 岗位 培训 手册 
品牌 重塑 精 
中华人民共和国 商标法 注解 配套 版 
知识 产权法 版 普通 高等教育 法学 规划 教材 
中华人民共和国 著作权法 注解 配套 版 
切诺 桉柠 蒎肠 溶软 胶囊 
实施费 
杯子 
盘子 
赣珊瑚牌 来 苏尔 消毒液 
立坦 氯沙 坦钾 胶囊 
旋转 缸 
高级 支持 服务费 
减速器 
高扭矩 同步 带 轮 形 
白云山 舒筋健 腰丸 
品健 维 咀嚼片 
轴用 型 扣环 
白雪 保温杯 
图像 采集卡 
导向 轴高 精度 标准型 两端 内 螺纹 带 扳手槽型 
高扭矩 同步 带 轮 形 
悬臂 销 嵌 入 外 螺纹 安装 带 卡簧槽型 标准型 
垫片 环 
分厘卡 
拉伸弹 簧 
弹簧卡 
压缩 弹簧 外径 基准型 尺寸 指定型 
轴用 弹性 挡圈 
高扭矩 同步 带 轮 形 
接地 铜排 
高扭矩 同步 带 轮 形 
无尘纸 
免键 高 扭矩 同步 带 轮 
小径 滚珠 轴承 橡胶 密封圈型 接触式 非接触式 
弹性 联轴器 
无 油 衬套 青铜 直柱 内径 外径 内径 外径 
带 法兰 深 沟 滚 珠 轴承 双盖式 
直线 轴套 
连接轴 
被子 
顶蓬 围罩 蓝 
单机 版纸电 一体 开票 服务 
广告 制作 
高扭矩 同步 带 轮 形 
滚珠 轴承组 铸 铁轴台型 底座 安装型 
缓冲器 不可 调中 行程 
标准 滚子 链条 系列 
日规 同步 带 半密式 滑 台缸 系列 
龙潭山 附子 理中丸 
冯了性 保济丸 
包 
羚锐 冰樟 桉氟 轻松 贴膏 
依叶 马 来 酸依 酸片 
艾得辛 艾拉莫德片 
痛畀贴 颈椎病 痛型 
达利园 法式 软 面包 香奶味 
精益珍 无蔗糖 沙琪玛 
精益珍 鸡蛋 味 沙琪玛 
精益珍 芝麻味 沙琪玛 
裕潮兴 烤小腿 香辣 卤烤 
裕潮兴 烤小腿 黑鸭味 
男装/ 
蒙王 清咽 散 
补 肺 活血 胶囊 
红枣 塑杯 酸奶 
绿箭 口香糖 
雪兰 小时 鲜牛乳 
小 西牛 原生 牛奶 
佳 便利 装 高级 一次性 纸杯 
抽取式 维达 纸 面巾 维达 纸业 
奥力 欧叉车 专用 柴机油 
欧姆龙 电子 血压计 手腕式 大连 欧姆龙 
欧姆龙 电子 血压计 上臂式 原 智能 电子 血压计 上臂式 大连 欧姆龙 
布洛芬片 
欧姆龙 电子 血压计 手腕式 
欧姆龙 电子 血压计 上臂式 
住宿费 
金蝶 软件 
云 租赁 服务 
软件 
健 佳 天然 矿泉水 
葵花 胃 康灵 胶囊 
沙宣 卷发器 
雪糕 纱小 被 
象手脚 套 
草手脚 套 
福施福 胶囊 营养素 补充剂 
退改 费用 
阿斯顿马丁 限量版 车架 
女装 
阿斯顿马丁 睡 蓝 
阿斯顿马丁 至尊 座椅 
南孚 酷博 插座 
金蝶云 实施 
阿斯顿马丁 至尊 羊绒毯 羊毛垫 
电信 服务 
女装 
绿力 番石榴汁 饮料 
活润 奇趣 料理 益生菌 风味 发酵乳 海盐 青柠 椰果 
清谷 田园 复合 乳酸菌 芒果 味 果汁 饮料 
裕潮 兴 劲辣 烤脖 
裕潮兴 烤小腿 蜂蜜味 
裕潮兴 鸭小腿 蜂蜜 卤烤 
法丽兹 抹茶 慕斯 巧克力 味曲奇 
伊利 畅轻 风味 发酵乳 有机 燕麦 黄桃 
新 希望 雪兰 活润 果粒 风味 发酵乳 燕麦 黄桃 
爱 一心 药 艾条 
健 佳 黑芝麻 
老拨云堂宁 心宝 胶囊 
健 佳 茯苓粉 
凯思立 碳酸钙 咀嚼片 
南国 马来酸 氯苯 敏片 
盐酸赛庚 啶片 
金蝶 服务 
车用 乙醇 汽油 Ⅴ 
爱普生 墨水 
兄弟 粉仓 
皮具 
马苏里拉 干酪 
服务费 云 服务 
辅舒 良丙 酸氟 替卡 松鼻 喷雾剂 喷 预防 治疗 季节性 过敏性 鼻炎 常年性 过敏性 
微型 滚珠线性 滑轨 非互换 轻预压 普通级 系列 
杞菊地 黄丸 
感冒 清热颗粒 
桑菊 感冒片 
银翘解 毒片 
清肺抑 火片 
曾国藩 家书 中华 经典 藏书 
旧 格局 与 新 周期 全球 金融 周期 下 中国 经济 
中国 历史 教训 精 
学习 关键词 
历史 经验 
论语 注译 珍藏版 古代 文史 名著 选译 丛书 
产品 注册 服务 
培训 服务费 
铰链轴 
轴承座 组件 带 挡 圈 轴 承嵌 入型 尺寸 指定型 
小 款径 棒材 
六味 黄丸 
八珍益 母丸 
六合定 中丸 
大 活络丸 
乌梅丸 
柏子 养心丸 
安宫 牛黄丸 
腾药 杞菊地 黄丸 
小 活络丸 
人参 再造 丸 
藿香 正气水 
大山 楂丸 
金匮 肾气丸 
天王 补心 丸 
附子 理中丸 
痧气丸 
冰硼散 
天草 丹参 保心 茶 黑龙江 北奇神 
参茸 酒 
明目 黄丸 
补 中 益气丸 
橘红丸 
香砂 养胃丸 
五子衍 宗丸 
洁柔 古龙水 香味 抽 抽取式 纸 面巾 
洁柔 纸 面巾 软抽 
康辰 碳酸钙 胶囊 辽宁 康辰 
联轴器 蓝色 十字形 夹 紧型 
气缸 接头 
爪兴 联轴器 
支柱 
防 松动 轴承 螺帽 四角型 
调整 螺栓 滚 花旋 钮型 
轴承 用 调整 环内圈型 
蝶形 螺帽 
万苏平 格列美 脲片 江苏 万邦 
欧菲尔迪 棉签 原 欧菲尔迪 医用 棉签 纸轴 徐州 永利 
群祥泰邦 创口 贴 透明 防水型 江苏 南方 
白云山 消炎利 胆片 薄膜衣 
诺捷康 盐酸 左氧氟 沙星片 
绿箭 口香糖 分享包 
玉溪 初心 
农夫 山泉 茶 π 西柚 茉莉花茶 
玉溪 细支 阿诗玛 
模组 现网 
模组 
无线 数据 终端 物联网 专网 
开发板 
开发板 
模组 
模组 
云丰 益脉 康片 云南 白药 
香砂 平胃 颗粒 
枇杷 止咳 颗粒 
知 柏地 黄丸 
肤痒 颗粒 
感冒 疏风片 
五味子 糖浆 
人参 健 脾丸 
消栓 通络片 
调经 止痛片 
牛黄解 毒片 
龙胆泻 肝片 
小儿 惊风七厘散 
乌鸡 白凤丸 
妇舒丸 
归脾丸 
保和丸 
加味 藿香 正气丸 
参苓 白术 颗粒 
女装 
金日牌 盈博顿 克拉霉素 分散 片 
新络纳 枸橼 酸莫沙必利 分散 片 
虎镖 维达克 抑菌膏 
汤臣 倍健 维生素 矿 物质片 男士型 
金蝶 标准版 软件 
邦迪 卡通 防水 创可贴 米奇 
海俪恩 水膜力 隐形 眼镜 多 功能 护理液 保湿型 
金蝶 软件 
纸质 发票 管理 
夏普 泰国 进口 十字 对 开门 冰箱 移 转 
夏普 净离子 大 冰箱 移 转 
云南 白药 气雾剂 
夏普 进口 冰箱 深邃红 移 转 
夏普 电冰箱 智润 系列 
屈臣氏 苏打 汽水 
慕曼蘭 泰国 茉莉 香米 
鑫稻田 油粘 米 
鑫稻田 惠家 稻 超级 稻米 
运动 服装/ 
夜间 护肤 精华 喷 雾 
鲜 培坊 蒸 蛋糕 奶香味 蛋糕 
盐津 铺子 盐津 长 葡萄 
盐津 铺子 盐津桃肉 
伯力爵 椰 蓉味 烘烤 糕点 
慕曼蘭 泰国 茉莉 香米 
欧菲尔迪 棉签 
女装 
鞋 
兰迪 苯磺 酸氨氯 平片 
修正 肺宁 颗粒 
欧姆龙 电子 血压计 上臂式 
健 佳 医用 护理 垫 妇科垫巾 
