2018年 3月份 水费 
2018年 3月份 电费 
2018年 4月份 室内 车位 费
2018年 4月 租金 
2018年 4月 20日 至 2018年 5月 19日 物业 管理费 
2018年 4月 20日 至 5月 19日 租金 
2018年 4月份 保安 服务 
管理费 
装修 服务 
电费 
联网 报警 系统 服务 
怡宝 饮用 
2018年 3月 25日 月 24日 保安 服务 
2018年 4月份 保安 服务 
台牌 广告 制作 
2018年 4月 19日 月 18日 保安 服务 
品胜 标准充 充电器 套装 标准 充电器 充电 电池 镍氢 电池 
飞利浦 电动 剃须刀 便携式 刮胡刀 
车位 服务费 2018年 4月 2日 月1日 粤 
车位 服务费 2018年 4月 2日 月1日 粤 
维达 抽纸 超韧 抽 软 抽 中 规格 整箱 销售 
2018年 3月 押运 
法律 咨询 服务 
洁柔 抽纸粉 柔韧 抽 面巾纸 无 香 纸巾 销售 面子 系列 可 湿 水
魅族 全 网通 公开 版 香槟金 移动 联通 电信 手机 卡 待 
天章 新 绿天章 复印纸 
得 宝盒 
电费 
职员 对 
单人员 工位 
活动 
主管 
主管 
移动 硬盘转 接线
锂 电池 
话机 
电池 充电器 
联网 报警 服务 
2月 管理费 
得力 思达 圆珠笔 蓝 
得力 中性笔 黑 
得力 中性笔 蓝 
授权 单机 版 
授权 单机 版 
软件 
人流 智能 传感器 
安装 
英制 
会议 场 租费 
饮水 
联网 报警 服务 
活动 组织 策划费 
松下 充电池 
电装 工程 
2018年 报警器 维护 
鉴定 
周大福 禹州 广场 展位 设计 
品胜 ' 标准 充' 充电器 套装 标准 充电器 充电 电池 镍氢 电池 可 充
装修 管理费 
清洁 服务 
利 背心式 手 提 垃圾袋 加厚 黑色 
北极 绒袜 子女 船袜 女士 隐形袜 短袜 可爱 卡通 猫咪 薄款 透气 吸汗 运动 防脱 棉袜 码
北极绒 袜子 男士 短袜 男 船袜 潮流 男 星星 款 舒适 吸 湿 透气 休闲 棉袜 运动 袜 码
北极绒 棉质 男士 内裤 男 平角 裤 装 舒适 透气 内裤 组合 
报警器 工程 
会员 套餐 
检测 
检测仪 模具 费
建筑 安装 
中置柜 小车 
变压器 风机 
笔记 
18K 白 金
申请费 
精选 礼盒 
金 镶嵌 首饰＿ 
玻璃体 温计 腋下 用 
保济 
医药 辛笛 医用 棉签 单头 灭菌级 
乌梅糖
柠檬草 薄荷 
绝缘 雨鞋 
二氧化碳 灭火器 
维达 湿巾 儿童 专用 卫生 湿巾 装 量贩装 
充装 灭火器 
配 灭火器 
消防 水带 含 接 扣 
消防 
剪线 
卡拉斯 餐具 多 色 
卡拉斯 碟 多色 
利乐宝 基础型 玩具 火车 多 色 
制作 
维达 卷纸 蓝色 经典 卫生纸 整箱 销售 
手机 
斯佳蒙脚凳 诺瓦拉深 灰色 
斯佳蒙脚凳 尤 帕 深 绿色 
斯佳蒙 脚 凳斯科特 伯黄色 
斯佳蒙 脚 凳斯科特伯浅 青绿 色 
进口 香蕉 
新 奇士 
台湾 青枣
红 香梨
君子兰 
金龙鱼 香花 生油 
美 
百利 冷柜 
周大福林 教授 小册子
狗年 金币 
美 风扇
消防 工具 
18K 白 金
软件 使用 
手机 
办公 
促销 服务 
黄金 工艺品 
足金 工艺品 摆件 加工 
智能 奉客 盘 电池 
智能 展示 盘充 电器 
智能 展示 盘 电池 
分 控 键盘 安装 
布防 指示 
报警 多 芯 电缆 
镀 锌 线 管 
施耐德 断路 
空调 
格力 空调 
文化 服务 
足金 饰品 维修 
中 方形 盒 黑色 内芯 单镯 
中 方形 包装盒 玉镯 
中 方形 包装盒 小 套装 
手链 
黄金 饰品 样品 
客单 杂 萌 狗 宝罐 
黑莓 手机 
超 线 
单口面 
非屏蔽 网络 模块
面板 
网络 摄像机 
伸缩 监控 
接口 镜头 
网络 水晶 
安装 调试 
水费 2月份 
管理费 3月份 
成型 
伸缩 支 
斜角 面板 带 活动 遮板 
银镶嵌 饰品 
代发 工资 
钻石 筛选 
招聘 服务 
钻石 筛选 
美丽 雅轻巧型 组合 扫 把 
黑色 长尾夹 
得力 透明 封箱 胶带 
维达 蓝色 经典 卷纸 
维达 超韧 抽取式 纸 面巾 纤巧 装
得力 文件 袋 萌宠 家族 
科目 分类 文件 
北极熊 双面 棉纸 胶带 
得力 姓名 贴 
轻畅 姓名 贴 
彩色 垃圾袋 
雅文 特级 复印 
易扎式 垃圾袋 
轮椅 
服务 
广告费 
足金 工艺品 加工 
铂金 饰品 
产品 拍摄 
业务 促销 
飞利浦 空气 净化器 高端款 家用 除 雾霾 除 甲醛 除 过敏 
业务 促销 
高配版 全 网通 宝石 蓝 
餐费 
冠星 蓝 提 背心 
冠星 蓝 提 短袖 套衣 
冠星 蓝 提 短裤 
王幻织 背心 
英梭 圆帽 
蓝棉 字母 开裤 
男 四季袜 
襁褓 粉蓝 
华为 手机 畅 享 全 网通 黑 
标准版 全 网通 宝石 蓝 
保时捷 设计 全 网通 瑞 红双卡 
大米 
大酱 考世茂 
爱燃特炉
白大衣 
有机 大米箱 
高配版 全 网通 樱粉金 
华为 快充 手机 充电器 带 线 白色 
技术 内幕 存储 引擎 版 
华为 手机 全 网通 银钻灰 
全 网通 宝石 蓝 
高配版 全 网通 宝石 蓝 
华为 手机 全 网通 因 蓝 
泰福高 不锈钢 保温 饭盒 白色 
泰福高 不锈钢 保温 饭盒 紫色 
蓝 沙 浴巾 
森蓝 手套 
真彩 009中性笔 黑色 
华为 手机 
全 网通 宝石 蓝 
全 网通 樱粉金 
膝关节 固定 
可 充电车 灯 
变现 社群 价值 
经济学 世纪 高职 高专 院校 财经类 教材 
华为 手机 全 网通 樱语粉 
捷安特 迷你款 双气压 模式 超 小型 气筒 
华为 平板 电脑 版 香槟金 
华为 手机 全 网通 黑 
华为 手机 畅 享 全 网通 金 
螺纹 
华为 手机 全 网通 樱语粉 
妈咪 爱 枯草 杆菌 二联 活菌 颗粒 
腾药 黄丸 腾冲 制药 
华为 平板 电脑 版 香槟金 
欧普悦 活 香薰 灯 白色 
智能 视窗 保护套 黑色 
餐费 
葡萄 糖酸钙 锌 口服 溶液 
葫芦娃 肠 炎宁 颗粒 
润滑 
美德乐 瑞士 进口 丝韵翼 侧 电动 吸乳器 吸奶器 双边 电动 待产包 便携 舒适 
新品 五粮液 
苹果 
国花 瓷西 凤酒 
苹果 
苹果 
苹果 
苹果 
平板 电脑 青春 版 金
平板 电脑 青春 版 白
电脑 配件 
全 网通 128GB 亮 黑色 
九阳 原汁机 
九阳 面条机 
九阳 果汁机 
九阳 豆浆机 
九阳 电炖锅 
苏 菲 世界 苏菲 世界 系列 
华为 手机 全 网通 银钻灰 
明朝 事儿 增补 版 
捷安特 五组 一体式 镜片 专业款 眼镜 
羊绒
华为 笔记本 电脑 深空灰 
金蝶 软件 
金蝶 软件 
海尔 冰箱 
活动 服务 
补 差价 专用 
广告费 
甲基丙烯酸 缩水 甘油 
水泥 
夏普 日本 原装 液晶 面板 超 高清 智能 液晶 电视
夏普 日本 原装 液晶 面板 超 高清 智能 液晶 电视
乐歌 免费 安装 电视 架 电视 挂架 电视机 支架 旋转 伸缩 特殊 墙体 安装 
罗技 无线 鼠标 黑色 
小米 手环 
小米 运动 蓝牙耳机 
小米 运动 蓝牙耳机 白色 
小米 米 家 电动 滑板车 白色 
小米 平板 官 翻机 香槟金 
米家 扫地 机器人 
小米 米 家 电动 滑板车 黑色 
小米 体脂 秤 白色 
小米圈铁 耳机 
米家 多 功能 网关 白色 
小米 蓝牙 音箱 金色 
小米 盒子 
小米方 盒子 蓝牙 音箱 
小米 圈 铁耳机 金色 
小米 运动 蓝牙耳机 黑 
小米 运动 蓝牙耳机 白 白色
小米 体脂 秤 白色 通用 
米家 灯 增强 版 蓝色 
米家 灯 增强 版 白色 
米家 扫地 机器人 主刷 
防 雾霾 口罩 浅灰色 浅 
米家 智能 插座 版 白色
小米 空气 净化器 白色 
智米 除菌 加湿器 白色 
小米 
小米 车载 充电器 黑色 银色 外观 
小米 蓝牙 音箱 星空 
小米 网络 音响 白色 
小米 自拍 杆 线控版 黑色
小米 蓝牙 音箱 金属 
小米方 盒子 蓝牙 音箱 象牙 白
小米 蓝牙手 柄 
小米 空气 净化器 滤芯 经济 版 蓝色 
普拉多
戴纳肯 越野车 
陆地 巡洋舰 霸道 越野车 
嘉恒览 
戴纳 肯览胜 越野车 
陆地 巡洋舰 
联合 星 
英 路 览胜 
商用 空调 
空气 能 
钠 进口 
进口 
美 空调 
尤妮佳 婴儿 纸尿裤 
富 可 视 超 高清 液晶 电视 
华为 手机 全 网通 浅 艾蓝 
金 蝶 智慧 记 服务卡 季度 
云 租赁 服务 
咖啡 用品 
星 享 卡
诺和龙 瑞格列奈片 
施慧达 苯磺酸 左 旋氨 氯 平片 
立 普妥 阿托伐 汀 钙片 
万爽力 盐酸曲美 嗪片 
笔记本 
空调 
空调 加氨费
空调 安装 
清洗 消毒 
孟鲁司特钠 顺尔宁 颗粒 颗粒剂 
氯沙坦 钾/氢 氯噻嗪 海捷亚 片/片 
磷酸西 格列汀 捷诺维)片 片剂 
依托 考昔 安康信 片/片 
阿瑞匹 坦(意美 胶囊 胶囊剂 
米氮平 瑞美隆 片/片 
采集器 PT630 带 联通 模块 硬件 
华为 运动 蓝牙耳机 黑色 
冻鸡 
电解 
冻鸡 中 
桑拿 招待费 
迪米 奇大 睡袋 
伞车 型格英伦 
助剂 
菲普利 蛋白 琥珀 酸铁 口服 溶液 
装订机 尼龙管 铆管 通用 
Liv 丽以芙 变色 紫色 眼镜 
西罗莫司片 雷帕鸣 
年糕 龙井 
福临门 花生油 
土 鸡蛋 
锅巴 天香 
牛百叶
鲜蕨 
东古一品 鲜 
淀粉 韩国 
加 碘 精盐 雪天 
蚝油 海天 
羊尾 
羊后腿 
筋皮 进口 
牛肋排 加拿大 
全 网通 64GB 亮 黑色 
迪针 圆领 背心 
小 双面 蓝 套衣 
王针衣 裤套 
华为 智能 手环 运动 版韵 律黑 
产品 
专业 版 办公 软件 
软件 
活动 
明档 一次性 手套 艾玛斯 
韩国 
小便池 过滤网
塑料 绳弹 簧绳 瓶 起子绳 
复写 打印纸 三联 椿鸣 
打价器 
尼龙丝白 
带 盖 锡 纸盒 肯麦多 
清洁 布
洗手液 東浪 
玻璃 清洁剂 惠浪 
橙净 艺康 
脱普66 艺康 
省力波 艺康 
强力 除油剂 艺康 
厨房 洗手液 艺康 
桌面 垃圾 
大串机 导热管 金攀 
大串机 轴承 金攀 
大串机 温控 开关 金攀 
大串机 齿轮轴 金攀 
射灯 
大串机 漏电 保护 
大串机 小 风扇
大串机 大风 
大串机 变压器 
胶水 续力 
应付 账款 明细 
针式 打印机 色带 德生 
白钢 鸭 嘴 
冷面 
镜面 清洁 
艺康 消毒 
白钢 钎子 桶 
袋装 牙 签
味素 味元 
猪 
泰福高 玻璃 保鲜盒 
山羊 毛
山羊 
优途 汽油 
保时捷 设计 全 网通 黑双卡 
中介 服务 
菠竹 短裆衣 
航短 襟蛤 
筋皮 皓月 
牛肋排 阿根廷 
牛肉
金龙 鱼 大豆 
朝鲜族 
富硒 
锦珍 生抽 李锦记 
鸽子 料 半成品 
羊后腿 蜀海 
汽油 
面包 员工 餐 
一次性 
吉祥物
对联 
一次性 眼镜 布
棉指 
台 号 牌
空气 炸锅 飞利浦 
测氯 试纸 
装 手机 自封 
小 喷壶 艺康 
塑料 口罩 
三九 感冒 灵颗粒 
新博林 利巴 韦林 颗粒 四川 百利 
华南牌 利巴 韦林 胶囊 
健之佳 阿莫西林 胶囊 
提蓝 短裤 
提红 短裤 
华为 智能 手环 运动 手环 版 黑 
金士顿 车载 盘 
移动 硬盘盒 串口 笔记本 硬盘 外置 盒子 固态 硬盘 
平板 电脑
电脑 
小米 平板 官翻机 樱花 
小米 手机 电信版 首发 纪念版 黑色 
小米 顶 配全网 通官 翻版 香槟金 
红米 手机 电信 定制 高 配版 官 翻版 经典 银白 
小米 电信 定制 版 -16G 银色 银色 
小米 网通 版官 翻机 粉色 
小米 手机 移动 版官 翻机 雅黑色 
小米 电信 定制机 白色 
红米 手机 全 网通 电信 定制 版 官 翻版 时尚 银白 
红米 手机 移动 4G- 增强 双卡版 官 翻机 深灰 
小米 网通 版官 翻机 蓝色 
小米 手机 普通 版 黑色 
小米 手机 电信 版官 翻机 白色 
小米 网通 版官 翻机 蓝色 
红米 手机 联通 定制 高 配版 官 翻版 经典 银白 
红米 手机 全 网通 高 配版 官 翻版 经典 金色 
小米 手机 联通 版官 翻机 白色 
小米 网通 版官 翻机 黄色 
红米 手机 全 网通 高 配版 官 翻版 经典 银白 
小米 网通 版官 翻机 白色 
红米 手机 移动 增强 版官 翻机 灰色 
小米 全 网通 官 翻版 金色 
小米 手机 联通 版官 翻机 亮 白色 
小米 手机 移动 版官 翻机 雅黑色 
小米 手机 移动 特别 版官 翻机 黑色 
小米 手机 移动 特别 版官 翻机 亮 白色 
小米 手机 电信 版 2GB 内存官 翻机 黑色 
小米 手机 移动 特别 版官 翻机 亮 白色 
小米 高 配全网 通版 内存 金色 
小米 手机 标准 版 
小米 手机 联通 版 2GB 内存官 翻机 白色 
手机 摩托罗拉 
红米 手机 移动 版 8GB 亮 白色 
红米 手机 移动 版 糖果 
红米 手机 联通版 柠檬 黄
红米 手机 联通 版 糖果 
红米 手机 移动 版 8GB 柠檬 黄
红米 手机 移动 版 8GB 糖果 
小米 手机 网通 尊享版 内存 哑光 银白 
红米 手机 电信 版 纯 白色 
红米 手机 电信 双卡 增强 版 深灰 官 翻灰色 
红米 手机 电信 增强 版官 翻机 灰色 
红米 手机 高配 移动 双卡版 绿色 
红 米 全 网通 高 配版 官 翻版 高光 灰色 
红米 手机 电信 增强 版 灰色 
红米 手机 移动 增强 版 白色 
红米 手机 联通版 纯 白色 
红米 手机 移动 增强 版 官 翻版 深灰 
红米 手机 移动 版 4GB 金属 
红米 手机 移动 版 4GB 象牙 白
红米 手机 电信 版官 翻机 粉色 
红米 手机 电信 双卡版 官 翻机 
红米 双网通 官 翻机 金色 
红米 手机 电信 增强 版 白色 
红米 手机 联通 双卡 增强 版官 翻机 浅绿 
红米 双网通 增强 版 官 翻机 灰色 
红米 移动 特别 版 
红米 手机 移动 双卡版 黄色 
红米 双网通 增强 版官 翻机 灰色 
红米 手机 高配 移动 双卡版 灰色 
红米 手机 联通 双卡版 官翻机 白色 
红米 手机 联通版 金属 
红米 手机 高配 移动 双卡版官 翻机 绿色 
红米 手机 联通版 4GB 金属 
红米 手机 电信 版官 翻机 绿色 
红米 手机 电信 版 淡 粉色 
红米 手机 移动 版官 翻机 灰色 
红米 手机 电信 版 浅绿色 
红米 手机 移动 版 淡 粉色 
红米 手机 移动 版 明黄 
红米 手机 移动 版 浅绿色 
红米 手机 移动 版官 翻机 粉色 
红米 手机 电信 版 明黄 
红米 手机 移动 高配版 官 翻机 白色 
红米 手机 电信 版 双卡 增强 版官 翻版 浅绿 
红米 手机 联通 双卡 增强 版官 翻机 
红米 手机 移动 版 8GB 金属 
红米 手机 移动 双卡版官 翻机 深灰 
红米 手机 联通 双卡 增强 版官 翻机 深灰 
红米 手机 移动 双卡版 白色 
红米 手机 移动 合约 版 灰色 
红米 手机 电信 版 8GB 金属 
红米 手机 联通 版官 翻机 黄色 
红米 手机 联通 版官 翻机 绿色 
红米 手机 移动 版官 翻机 绿色 
红米 手机 移动 双卡版官 翻机 黄色 
红米 双网通 增强 版官 翻机 金色 
红米 手机 移动 双卡版官 翻机 绿色 
红米 手机 联通 增强 版 白色 
红米 手机 移动 双卡版官 翻机 深灰 
红米 手机 移动 双卡版 绿色 
红米 移动 4G 增强 版 
红米 移动 增强 版官 翻机 白色 
红米 手机 电信 版官 翻机 灰色 
红米 手机 电信 版 深灰 
红米 手机 移动 高配版 官 翻机 灰色 
红米 手机 联通 版官 翻机 粉色 
红米 手机 移动 版 白色 
红米 手机 移动 版 深灰 
红米 手机 移动 版官 翻机 黄色 
红米 手机 移动 4G- 增强 双卡版 版 官翻版 浅绿 
红 米 全 网通 高 配版 官 翻版 高光 金色 
红米 双网通 官 翻机 银色 
红米 手机 移动 双卡 增强 版官 翻机 
红米 手机 联通 双卡 增强 版 亮 白 官 翻 亮 白 
红米 手机 高配 移动 双卡版官 翻机 绿色 
红米 手机 移动 高配版 官 翻机 白色 
红米手2 机 电信 版 白色 
红米 手机 移动 双卡版 粉色 
红米 手机 移动 双卡 增强 版官 翻机 明黄 
红米 手机 高配 移动 双卡版官 翻机 粉色 
红米 手机 移动 双卡 增强 版官 翻机 浅绿 
红米 手机 移动 双卡版官 翻机 粉色 
红米2 联通 增强 版官 翻机 白色 
红米2 电信 增强 版官 翻机 粉色 
红米 手机 高配 移动 双卡版官 翻机 黄色 
红米 手机 移动 高 配官 翻机 深灰 
红米 手机 联通 版 深灰 
红 米 全 网通 标准版 官 翻版 金色 
红 米 全 网通 标准 版 银色 官 翻版 银色 
红米 手机 高配 移动 双卡版官 翻机 粉色 
红米 手机 联通 版官 翻机 灰色 
红米 手机 移动 4G- 增强 双卡版 版 官 翻版 亮 白 
红米 联通 增强 版 
红米 手机 联通 增强 版 粉色 
红米 手机 高配 移动 双卡版 白色 
红米 手机 联通 版官 翻机 白色 
红米 手机 电信 增强 版官 翻机 白色 
红米 手机 移动 4G- 增强 双卡版 版 官 翻版 
红 米 全 网通 高 配版 高光 银色 官 翻版 高光 银色 
红米 手机 移动 版官 翻机 白色 
红 米 全 网通版 官 翻机 灰色 
红米 手机 移动 版 灰色 
红米 手机 移动 双卡版官 翻机 灰色 
红 米 全 网通 高 配版 官 翻版 灰色 
红米 手机 联通 增强 版 灰色 
红米 手机 移动 4G- 增强 双卡版 版官 翻机 深灰 
红米 手机 移动 双卡版官 翻机 白色 
红米 双网通 增强 版官 翻机 银色 
红 米 全 网通 高 配版 官 翻版 金色 
红米 手机 移动 双卡版 白色 
全 网通 标准 官 翻版 白色 
红米 手机 移动 版 8GB 金属 
红 米 全 网通 版官 翻机 金色 
红米 移动 版 
红米 手机 移动 4G- 增强 双卡版 版 官 翻版 深灰 
红米 移动 版 
红米 移动 双卡 增强 版官 翻机 白色 
红 米 全 网通 高 配版 官 翻版 银色 
红米 手机 移动 合约 版 白色 
红 米 全 网通 增强 版 官 翻机 银色 
红 米 全 网通版 官 翻机 银色 
红 米 全 网通 增强 版 官 翻机 灰色 
红 米 全网 通版 银色 
小米 全 网通版 浅灰 
联通 定制 双卡版 白色 
小米 手机 标配 全 网通版 内存 
红 米 高 配全网 通版 
移动 双卡版 官翻机 白色 
红米 手机 全 网通 高 配版 官 翻机 经典 金色 
小米 手机 电信 定制 版官 翻机 白色 
小米 手机 标配 全 网通版 内 存哑 光 金色 
小米 全网 通版 银色 
红米 手机 全 网通版 官 翻机 经典 金色 
小米 全 网通版 金色 
红米 高 配全网 通版 内存 高光 灰色 
小米 红米 全 网通版 
红米 手机 全 网通版 官 翻机 经典 银白 
手机 电 充 品牌 
锂离子 可 充电池 品牌 
手机 成套 散件 带 电池 带 充电器 品牌 
小米 手机 移动 版官 翻机 金属 原色 框 
小米 手机 联通 版官 翻机 亮 白色 
小米 网通 版官 翻机 黄色 
红米 手机 全 网通 高 配版 官 翻机 经典 银白 
小米 全 网通版 联通 定制 版官 翻机 白色 
红米 手机 全 网通版 内存 经典 金色 
红米 手机 全 网通 官 翻机 时尚 深灰 
红米 网通版 金色 
红米 手机 全 网通 高 配版 官 翻机 
红米 高 配全网 通版 内存 高光 银色 
红米 高 配全网 通版 内存 高光 金色 
小米 手机 网通 尊享版 4GB 内 存哑 光 金色 
红米 手机 全 网通版 官 翻机 经典 深灰 
红米 手机 全 网通 高 配版 官 翻机 经典 金色 
红米 手机 全 网通 高 配版 官 翻机 经典 银白 
小米 高 配全网 通版 内存 
小米 手机 网通 尊享版 金色 
红米 双网通 官 翻机 灰色 
华为 全网 通版 流光金 手机 
青春 版 网通 魅 海蓝 手机 
华为 网通版 流光金 手机 
华为 全 网通 高配 香槟金 手机 黑 
华为 公开 全 网 通版 香槟金 手机 
华为 公开 全 网 通版 流光金 手机 
青春 版 全 网通 铂 光金 手机 
青春 版 网通 樱语粉 手机 
华为 网通版 极光 蓝 手机 
华为 网通版 玫瑰金 手机 
华为 全网 通版 极光 蓝 手机 
华为 全网 通版 玫瑰金 手机 
华为 网通版 草木 绿 手机 
华为 公开 全 网 通版 蓝色 手机 
华为 公开 全 网 通版 香槟金 手机 
华为 全 网通 高配 玫瑰金 手机 
华为 公开 全 网 通版 黑色 手机 
华为 全 网通 高配 香槟金 手机 白 
华为 公开 全 网 通版 香槟金 手机 
华为 全网 通版 草木 绿 手机 
华为 公开 全 网 通版 黑色 手机 
红米 联通 增强 版官 翻机 
红米 手机 移动 双卡 增强 版 黄色 
红米 手机 移动 4G- 增强 双卡版 版 官 翻版 明黄 
红米 手机 移动 版 4GB 纯 白色 
红米 手机 移动 双卡 增强 版 灰色 
红米 手机 联通版 
小米 手机 网通 尊享版 内存 哑光 深灰 
红米 尊 享全网 通版 内存 
联想 键盘 
联想 电池 
金蝶 应用 服务器 软件 
企业 影像 信息 管理 软件 
金蝶 企业 服务 总线 
门禁 设备 维修 
现场 服务 
软件 开发 服务 
工控 
金格 中间 软件 
金格 电子 签章 系统 
软件 维护 服务 
笔记 
转换 
软件 开发 服务 
技术 开发 
酒店 款 
联合 光伏 项目 外包 上 线款 
优联 条码 管理 系统 软件 租赁费 
软件 服务 
培训 
住宿费 
安达发 软件 服务 
手板 
包 维修 服务 
显示器 
中标 服务 
工作站 立式 基本型 
强弱 电 技术 服务 
金蝶 客户 案例 南昌 泰豪
保 
齐心 易 擦 白板 笔 
齐心 办公 必备 系列 指示 标签 配
齐心 醒目 荧光 笔 
齐心 易 穿透 订 书钉 
齐心 精准 刻度 直尺 透明 
齐心 醒目 荧光 笔 
齐心 舒适 便携 订书机 配
国产 透明 文具胶 小芯 
齐心 办公 必备 系列 易 事贴 
齐心 超 省钱 资料 蓝
南孚 碱性 电池 装 按 
齐心 醒目 荧光笔 黄
齐心 易 穿透 订 书钉 
齐心 通用 密封 拉链袋 
富强 格 资料 架 蓝色 
齐心 高级 橡皮擦 小 白
真 彩铂金 中性 笔芯 
齐心 固体胶 
齐心 舒适 防 滑 订 书机 配
齐心 健康 胶水 海绵头 透明 
齐心 防锈 回 形针 纸 盒装 
南孚 碱性 电池 装 按 
日 高 双面胶 筒装 条
齐心 易 擦 白板 笔 
齐心 易 擦 白板 笔 
国产 海绵 双面胶 
世博皮 纹纸 
南孚 纽扣 电池 
齐心 美工 剪刀 178MM 中号 配
齐心 超 实惠 网格袋 
国产 牛皮纸 档案袋 中 厚 
皇冠 橡皮筋 
富强 强力 磁粒 直径 卡
国产 牛皮纸 档案盒 
齐心 办公 必备 硬皮 名片册 黑
立信 三联 单栏 收据 
齐心 超 省钱 轻便夹 单强力 
得力 白板 
手牌 小 削 笔 
齐心 办公 必备 透明 按 扣袋 
南孚 碱性 电池 销售 
国产 白 底 蓝 框手 写 标签 纸 
金 蝶致 良知 音乐会 视频 拍摄 
软件 开发 服务 
蓝 海讯通 应用 性能 监控 系统 简称 
软件 开发费
住房 费
哈曼 产品 金蝶 有 礼 
卫衣 金蝶 有 礼 
桌架 轮子 
激光 雷达
围巾 金蝶 有 礼 
手 账本 金蝶 有 礼 
晴雨伞 金蝶 有 礼 
公仔 金蝶 有 礼 
钢笔 金蝶 有 礼 
开发 技术 服务 
联想 笔记本 
软件 实施费 恒颐 
联想 
信息化 技术 服务 
项目 合作费 服务费 技术 开发 
现场 电影 放映 服务
软件 实施 费
茶具 套装 金蝶 有 礼 
笔记本 金蝶 有 礼 
金蝶 有 礼 
金蝶 有 礼 
双肩包 金蝶 有 礼 
书籍 金蝶 有 礼 
平板 电脑
焙烤 松脆 食品 
金蝶 行李牌 金蝶 有 礼 
速干衣 金蝶 有 礼 
单肩包 金蝶 有 礼 
毛巾 金蝶 有 礼 
小风扇 金蝶 有 礼 
衫 金蝶 有 礼 
帆布袋 金蝶 有 礼 
企业 管理 咨询 服务 
星纳 医药 管理 系统 
实施 服务 
佳能 数码 照相机 
金蝶 外包 服务 
金蝶 软件 服务 
技术 开发 服务 
可口可乐 雪碧 芬 达 
波力 海苔 点心 面 
马卡龙 纯色 浇水壶 粉色 蓝色 黄色 
甘源牌 蟹黄味 蚕豆 
甘源 肉 松味 兰花豆 
金 富士脆 美 司棒饼 烧烤 
宝路 薄 荷味 糖 
麦德龙 石头 纸 环保 购物 
太平 梳 打 香葱 口味 
太平 梳 打 奶盐 口味 
金富士 三角饼 海苔 
甘源牌 原味 青豌豆 
金蝶 软件 技术 服务 
住宿 
锐欧 项目 实施 
快客 项目 实施 
安 得 利 项目 实施 
招聘 服务 
项目 实施 
停车 
售 电
金蝶云 家 企业 移动 工作 
云 家 服务费 
服务 
热力 膨胀 
管道 吹污 维修费 运输费 
展览 
服务器 
图腾机 
黑色 国标 电源 排 
固定 
软件 运行 维护 服务 
云 服务 
笔记本 
发票 云 2018 宣传 
维修费 
松下 投影 
劳务 派遣 
信纸 总部 用 
信息 技术 服务 软件 服务 
按摩 
软件 服务费 中金 岭南 
软件 实施费 博士 眼镜 
软件 实施费 
软件 开发费 国资委 
软件 实施费 康铨 
软件 开发费 瀚翔 
软件 实施费 克莱鹏 
软件 实施费 南山 图书馆 
软件 开发费 泉州 嘉华 
代理 服务 
网络 技术 
台式 机
绿联转 接器 
标准 成本
运行 维护 
中标 服务 
软件 服务 
短信 费
设备 租赁费 
康美 开发 上 线款 
保洁 服务 
软件 开发费
玻璃 幕墙 维修 
学习 管理 平台 
会议 展览 服务 设备 服务 
速记 服务费 
191301_特约 物业 服务 
金蝶云 餐饮 行业 解决 方案 
金蝶云 财务 云 数字化 生存 管理 
登 峰 行动 集团 企业 数字化 转型 实践 
数字化 生存 管理 重构 金蝶云 样板 客户 案例 册 下 
金蝶云 阿米巴 宣传 
数字化 生存 管理 重构 金蝶云 样板 客户 案例 册 上 
金蝶云 智慧 工厂 解决 方案 宣传 
金蝶云 供应链 宣传 
智能 折 
沟通 远程 接入 平台 软件 
网络 使用 
动态 密码 系统 服务器 软件 
动态 密码 卡
景田水
软件 服务 
财务 咨询费 
会议 服务 
档案 托管 服务 
会议 服务 
标书 制作 服务 
研发 服务 
技术 服务 
房地产 数字化 转型 产品 方案 
智慧 工厂 折页
2018K 总体 
车 商云 
我家 云 产品 折页 版 
金蝶 定义 
2017年 金蝶 财务 共享 解决 方案 
泡沫 洗手 
心相印 单层 
清风 马桶 坐 
心 印 双层 大 纸
乐佰美 清香 
工作站 塔式 
会务 费
名片 制作 服务 
金逸 邮箱 
触摸屏 高端 屏 含 模块 无机架 
金蝶云 
答 需求 款 
科加诺 商业 分析 套装 软件 
黑 立体声 入耳式 
专项 审计 
会议 服务 
信息 技术 服务 
租金 
软件 实施费 广供 
租金 
开发 
无线 
布袋
软件 实施 费
会议 费
电话 数据 会议 
会议 场地 费
租金 
华为 全 网通 摩卡金 移动 联通 电信 手机 卡 待 
美 风 冷 无 霜 电脑 控温 冰箱 中 门 调温 芙蓉金 
知识 产权 服务 
知识 产权 服务 
精密 机房 空调 维保费 
金蝶 3WISE 物料 设计 服务 
金蝶 软件 维护 服务 
计算机 外部 设备 显示器 显示器 
服务器 服务器 
计算机 配套 产品 电脑 配件 保 
电脑 配件 
电脑 配件 套件 
计算机 外部 设备 电脑 配件 热插拔 硬盘 
服务器 
台式机 微塔式 机箱 
专业 技术 服务 
餐饮 软件 服务 
会务 服务 
翻译 服务 
虹光 财务 集中 版 扫描 
霍尼韦尔 扫描 
国信 财务 共享 资料 管理 系统 软件 
车辆 维修
技术 开发 
显示器 
2018 伙伴 大会 手提袋 
金蝶 新售楼 产品 整体 解决 方案 
租 车 
服务费 
费
金蝶 服务费 
课题 费
工作 
制作 费用 
装订机 配件 
商标 注册 申请 费用 
服务 客户 案例 
新春 套盒 金蝶 有 礼 
车用 汽油 
车用 汽油 
车用 汽油 
延宁 椅子 白色 
影像 平台 系统 
电脑 配件 
服务器 服务器 
显示器 
软件 实施 服务 
台历 金蝶 有 礼 
利 是 封 金蝶 有 礼 
新春 套盒 金蝶 有 礼 
健身包 金蝶 有 礼 
保温杯 金蝶 有 礼 
新 世界 地产 项目 外包 蓝图 款 
塑封 
签字 
计算器 
南孚 电池 
南孚 电池 
口取 
渡边 
益 高 订 书器 
拉链 
拉 杆 
订书 
长尾夹 
按 
蓝期舰 
公牛 插 
公牛 
长尾夹 
签字 
资料 
一次性 纸杯 
文件 
长尾 夹彩 
宽 胶带
公牛 插 
齐心美工 刀
长尾 夹 
曲别 
国信 双面 
白板 
原装色 带 
墨 
墨 
笔记 
资料 
高 
得 实色 
代理费 
大数 金融 项目 外包 蓝图 款 
公牛 插座 
长尾 夹彩 
双面 
渡边 
竖板 
塑料 档案 
唤醒词 定制 
租 车 
低压 交流 伺服 驱动器 
低压 交流 伺服 电机 
实施 费
开发 
金蝶 软件 维护 
齐心 标准 办公 剪刀 中号 配
永益 三联 书架 蓝色 
齐心 办公 必备 系列 易 事贴 
齐心 黑色 强力 长尾 票夹 盒装 黑
飞燕 光电 鼠标 原装 
多 林 彩色 复印纸 
齐心 健康 胶水 中号 透明 
真 彩铂金 中性 笔芯 
齐心 美 工刀 耐用 精钢 美工 刀 小号 
公牛 总控 联 电源 插座 白
多 林 彩色 复印纸 
齐心 超 省钱 计算器 
齐心 超 省钱 报告 夹 抽杆式 白
万能 通 计算器 
齐心 办公 必备 硬皮 名片册 
国产 普通 白板擦 带 磁粒 
齐心 黑色 强力长 尾票 夹 盒装 黑
齐心 易 分类 大 容量 商务 名片 
恒通 白板 挂纸 
小 王子 鲜米饼 香脆 仙贝饼 干膨化 零食 大礼包 休闲 小吃 
徐福记 米格玛 夹心 果卷 混合 包 零食 小吃 饼干 休闲 食品 
咪咪 休闲 零食 正宗 马来西亚 风味 虾条 
港荣 蒸 蛋糕 饼干 蛋糕 奶 香蒸 蛋糕 早餐 面包 零食 小吃 送礼 臻品 糕点 礼盒 
祖名 休闲 零食 即食 酱香味 鸡蛋干 
卫龙卫 来 休闲 零食 香辣素 毛肚 魔芋爽 
电子 计算机 台式机 微塔式 机箱 显示器 
卫龙 休闲 零食 亲嘴 豆腐干 分享装 
劲仔 小 鱼 鱼 干 鱼仔 零食 混合 口味 
更换 空调 主机 启动 
投影 
条码 打印机 
条码 固定资产 管理 软件 
摩托罗拉 采集 
商标 代理费 
信息 系统 增值 服务 
金 蝶妙 想 人力 资源 管理 软件 
人脸 指纹 考勤机 金蝶 
软件 实施 服务 
海带宝 项目 开发 
写字楼 物业 服务 
科密 有线 扫描枪 扫码 枪 扫描仪 快递 条码 枪 收银 微信 支付 开票 
易尚 项目 实施 
易尚 项目 开发 
海王 项目 实施 
实施 
技术 支持 
海带宝 项目 实施 
信息 服务 域名 注册 
销售 货物 捆绑 销售 
谷 
山茶 
发明 专利 申请 代理费 
专利 费代理费 
租 车 服务 
越南 进口 中原 三合一 速溶 咖啡 
金 富士量 贩装 草莓 味夹 心饼干 早餐 代餐 休闲 零食 点心 
趣园 奶盐 咸味梳 打 饼干 整箱 早餐饼 办公室 零食 礼盒 装 
忆 江南 茶叶 绿茶 龙井 茶碧 螺春 普洱茶 茗茶 组合 
立顿 茶叶 黄牌 精选 红茶 纸 茶包 独立 袋 泡茶 茶包 酒店 餐厅 
松鼠饼 干 蛋糕 手撕 香 整箱 装酵母 面包 早餐 软 面包 礼盒 
扫地 机器人 金蝶 有 礼 
软件 开发费 立白 
纸袋 金蝶 有 礼 
2018年 02月 电费 
电商 管控 服务 
心 印 抽纸 经典 系列 抽 面巾纸 小 规格 新 老 包装 发货 
专线 费
邀请函 
3M 绝缘 
服务费 
徐福记 小丸 煎饼 混合 包 零食 小吃 饼干 休闲 食品 
公仔 面迷 碗 仔面 方便面 桶 装 促销装 海鲜味 牛肉味 风味 排骨 味 滑 蛋 鸡肉 
索劲 草莓 味跳 跳糖 爆炸糖 
银鹭 好 粥 道 黑米 八宝粥 礼盒 甘润 清香 粥汁 滑润 年货 送礼 方便 速食 粥 
绿箭 口香糖 原味 薄 荷味 单袋 
企业 信息 管理 咨询 服务 
金 富士量 贩装 葡萄味 夹心 饼干 早餐 代餐 休闲 零食 点心 
立顿 茶叶 茉莉花茶 保鲜 铝箔装 独立 袋 泡茶 茶包 酒店 餐厅 
统一 方便面 汤 达人日式 豚骨拉面 整箱 
统一 方便面 汤 达人 酸酸辣 辣豚 骨面 整箱 
统一 汤达人 韩式辣 牛肉 汤面 方便面 整箱 
服务器 
印刷 台 卡
屏风 卡位
交易 服务费 
金蝶 集团 介绍片 修正 
印刷 邀请 
软件 咨询 服务 
金蝶 软件 服务 
会务 费
律师 代理费 
数字 证书 认证 系统 简称 
发明 专利 代理费 
场地 租金 
设备 租金 
场地 租金 广告 位 
房屋 租赁 
外购 软件 
版权 代理 服务费 软件 
软件 
金蝶 门户 平台 软件 
软件 开发
洋河 蓝色 经典 海 蓝 整箱 装 白酒 内 含 礼袋 口 
石库门 上海 老酒 黑色 醇香 黑标特型 干 黄酒 
法国 进口红酒拉菲 传奇 波尔多 干红 葡萄酒 
苹果 配件 
金蝶 基础 信息 资源 管理 软件 
公建 取暖费
软件 开发 款 
照明 灯具 
软件 服务 
雀巢 咖啡 原 味 速溶 咖啡 饮品 新 老 包装 发
立顿 茶叶 茉莉花茶 泡茶 茶包 办公室 休闲 下午 
港荣 蒸 蛋糕 饼干 蛋糕 奶 香蒸 蛋糕 早餐 面包 零食 小吃 送礼 臻品 糕点 礼盒 
特种 兵 椰子汁生 榨果 肉 椰汁 植物 蛋白 饮料 箱礼 盒装 新 老 包装 发货 
华南 理工 项目 需求 款 
信息 技术 服务 
中央 空调 维保
票务费 
国资 报告 订刊 费
物业 费
行星 减速 
解码 中国 管理 模式 ⑩ 数字化 生存 管理 
华为 手机 
文件 费
瑞友 天翼 应用 虚拟化 系统 
软件 产品 测试 
软件 开发费 星艺 
电梯 维保费 
招聘 
公 对 公音 频线 双莲花 对 双莲 花头 音频 连接线 红白音箱线 音响线 
评审费 
金蝶 软件园 栋 局部 安装 消防 楼梯 消防 通道 质保 金款
软件 实施 外包 服务 
打印费 
服务费 
洁面 
电 美容 
促普 发电 信息 系统 软件 
绒绒 拉毛 保暖 地板 
开合 创意 马桶 
包装 网易 严选 云感 日用 卫生 
女式 竹纤维 内衣 套装 
咖啡 碳热感 连裤 
冻干银 耳汤 
男式 超轻 便携 羽绒 
促普 企业 管理 信息 系统 软件 
速溶 咖啡 
杏仁 松塔 
蝴蝶酥 
翻盖式 收纳 鞋 
缝隙 抽屉式 收纳 
芒果 干 
儿童 日式 卡通 储蓄 
台湾 眷村 
冰糖银 耳莲子羹 
促普 实时 数据 系统 软件 
奶油 鸡蛋 卷 
包装 网易 严选 云感 护 
姜汁 薄 
坚果 集合 
巧克力 排块
绿豆糕 入 
秋月 鎏光 星座 黑 巧克力 
纯 牛奶 提 
黄山 烧饼 入 
深层 净澈 成人 衣物 洗衣 
暖意 男/女式 冬日 保暖 礼盒 袜子 护膝 
控量 油刷
耳机 金蝶 有 礼 
手 卷 真空 压缩 
植萃 呵护 贴身 衣物 洗衣 
严选 颐和园 联名 款御 赐金福 新年 
严选 宠物 尿 
魅族 魅蓝 蓝牙运动 耳机 入耳式 手机 耳机 无线 运动 耳麦红 
软件 实施 服务 
3wise 服务 
行车 记录 
变频器 
恤衫 
栏杆 
伸缩器 
显标 
广告 服务 
海天白米 醋 饺子 醋 白醋 酿造 醋 香醋 陈醋 调料 调味料 
古松 调味料 容媚子 小 茴香 
古松 干 辣椒丝 
古松 纯碱 食用 碱面 
古松 食用 小 苏打 
美滋 麻辣 复合 调味料 烧烤 腌料 烤肉 调料 
古松 食用 小麦 淀粉 
富昌 烧烤料 厨房 调料 调味料 香辛料 火锅 
厨 大哥 煮 茶蛋 调料 卤菜 炖 菜 调料
美 滋烤 羊腿 复合 调味料 烤羊肉 腌料 烧烤 调料 
龙虾 调料 麻辣 小龙虾 调料 秘制 炒料 香辣 香龙虾 调料 
美滋 新 奥尔良 浓香 复合 调味料 奥尔良 烤翅 腌料 烧烤 调料 
富昌 肉蔻 厨房 调料 调味料 香辛料 火锅 炖 
开发 服务 
公关 服务 
楼 大堂 
中央 空调 维护 保养 服务 
实施 外包 服务 
碧丽珠 皮革 护理剂 真皮 保养 皮衣 真皮 包包 清洗剂 清洁 去 污 皮具 保 养
立白 内衣 专用 除菌皂 家庭 特惠装 
金 蝶彩 金蝶 有 礼 
服务 
纽曼 录音笔 时尚 无损 录音 学习 会议 采访 取证 利器 收音机 
开发 服务 
咨询费 
拼接 
维修 
版权 使用 
代 订 住宿费 
技术 开发 
智能 手表 款 深空 灰色 铝金属 表壳 黑色 运动型 表带 
职员 
招标 服务 
技术 开发 
劲牌 中国 劲酒 
美 汁源 果粒橙 橙汁 果汁 饮料 单瓶装 年货 
可口可乐 汽水 饮料 碳酸 饮料 单瓶装 年货 
洽洽 年货 坚果 炒货 五香味 香 瓜子 
软件 维护 服务 
金蝶云 技术 服务 
凭证盒 新疆 专供 
平板 电脑
小米 笔记本 
小米 平板 64GB 浅 绿色 
小米 平板 纯 白色 
小米 平板 64GB 纯 白色 
小米 平板 拧 
小米 笔记本 
捉 双面 红长 套衣 
佳佰 京东 旗 下 品牌 毛巾 装 全 棉加厚 吸 水速 干 远航 面巾 灰/咖/蓝 米色 
雪糕竹 蛤 
雪糕竹 扣套 
云棉长 蛤 
联想 笔记 本
惠普 笔记 
包装 木材 
在线 软件 服务 
设备 维修 
激光 定位 半自动 装订机 
运费 
金 蝶妙 想 万能 票据 软件 旗舰 
冻猪腩 
普拉多 越野 乘用 
冻猪 
致 良知 原文 
致 良知 译文 
文化 信息 民族 复兴 
日本 泰福 高 不锈钢 真空 保温壶 蓝色 
露 安适 婴儿 护臀 软膏 
露 安适 婴儿 植物 热痱粉 
露 安适 婴儿 手口 湿巾 翻盖 装 
露安适 甜睡 新生 低泡 洗发 沐浴 露 
露安 适衣物 纤维 爽身 洗衣液 
露安适 妈咪 湿质 隐形 亮泽 面膜 
露安适 亲子 小麦 胚芽 油 
露 安适 婴儿 手口 湿巾 装 
露 安适 婴儿 玉米 爽身粉 
露安适 活力 倍健 低泡 洗发精 
露安 适衣物 纤维 爽身 洗衣液 
露 安适 婴儿 薄护 适动 学走裤 码 
露 安适 婴儿 薄护 适动 纸尿裤 码 
露 安适 婴儿 薄护 适动 纸尿裤 码 
露 安适 婴儿 薄护 适动 纸尿裤 码 
露 安适 婴儿 薄护 适动 纸尿裤 码 
露 安适 婴儿 乐享 甜睡 纸尿裤 码 
露 安适 婴儿 乐享 甜睡 纸尿裤 码 
露 安适 婴儿 乐享 甜睡 纸尿裤 码 
露 安适 婴儿 乐享 甜睡 纸尿裤 码 
露 安适 婴儿 乐享 甜睡 纸尿裤 码 
露 安适 婴儿 薄护 适动 学走裤 码 
服务费 
商品 肥猪 
华为 手机 全 网通 浅 艾蓝 
预售 意志力 心理学 成为 自 控 专注 人 
预售 笑 答 
蓝 纱布 内衣 礼盒 
水准 
应务 
应务 
应务 
猪 
猪 
鸭血 海悦 
吧台 打印 
一次性 酱料杯 
厨房 菜单 夹 
格伟台式 直流 循环 扇 
华为 白色 
惠普 笔记 
联想 笔记本 小新
汽油 
汽油 
普拉多 越野车 
汽油 
英 路 览胜 
饲料 
力士 靓肤 
油箱 
喷油 
柴油滤 芯器 
变 矩 
档位 
总泵 
汽缸 
侧移 缸 总成
进 排气 
气门 座 圈 
气门 
气门 
转向器 总成
倾斜 
凸轮 
喷油器 
调速 
制动 
钢球 
曲轴
连杆瓦
连杆
活塞 
全 车 
皮带
机油 滤芯器 
离合器 总成
离 
变速箱 纸 
摩擦 
电瓶 
齿箱盖 
阻水 
缸 套 
闪光器 
双面 灯
双档 开关
大 灯
回 
缸油 
制动 钢绳 
油底 
制动器 修理 
手 制动器 总成
水箱 
水箱 补漏剂 
空滤 
喇叭
制动 蹄片 
供 油泵 
制动 
风扇 叶
起动 
点火 
机油 盖
气门 弹簧 上 
气门 弹簧 下 
电瓶 
机脚 
曲轴齿
机油 
分 
电子 调节 
好奇 铂 金装 婴儿 纸尿裤 电商 箱 
帮宝适 超薄 干 爽 婴儿 纸尿裤 
相思鸟 架子 鼓电鼓 儿童 架子 鼓爵 士鼓点 子鼓 打击 乐器 鼓架 
软件 开发 服务 
骨 水泥 
肩关节 假体 肱骨柄 美国 
肩关节 假体 肱骨头 美国 
妈咪 宝贝 瞬吸 干 爽 婴儿 纸尿裤 电商 箱 
信息 发布 
海绵 床 垫套 
咖啡金 适中 
好 孩子 婴儿 推车 
巧儿 宜 婴儿 推车 
树脂 
树脂 
阻聚 
餐饮 服务 餐饮 费
台山市 骏景湾 豪庭 
齐心 易 擦 白板笔 
齐心 固体胶 绿
齐心 通用 密封 拉链袋 
齐心 易 擦 白板笔 
齐心 防 锈 回 形针 纸 盒装 
齐心 易 擦 白板笔 红
齐心 标准 办公 剪刀 中号 
齐心 易 穿透 订 书钉 
齐心 办公 必备 透明 按 扣袋 
绿奥树 复印纸 
齐心 易 穿透 订 书钉 
中华 散装 皮头 铅笔 
齐心 醒目 荧光笔 
齐心 醒目 荧光笔 黄
齐心 醒目 荧光笔 
开 排 插 
齐心 本色 国产 混浆 档案盒 牛皮 
国产 牛皮纸 档案袋 中 厚 
开 双排 插座 
笔记 
转换 
云 数据 处理 \ 存储 服务 
装备 制造 宣传 
金蝶 定义 
金蝶 员工 保密 协议 白金 投资 专用 
金蝶 劳动 合同 白金 投资 专用 
手 提 纸袋
入 职 文件 袋 蓝 
入 职 文件 袋 红 
金蝶 员工 保密 协议 子公司 用 
金蝶 员工 保密 协议 湖南 金蝶 专用 
金蝶 员工 保密 协议 
金蝶 劳动 合同 总部 用 
金蝶 劳动 合同 子公司 用 
金蝶 劳动 合同 湖南 金蝶 专用 
商标 注册 代理费 
2016智能 制造 咨询 服务 
信封 总部 用 
信封 总部 用 
工作站 7920塔式 
数据 
转换 
工业 版 沙盘 
Iphone 手机 
瑞微 税控 接口 软件 
企业 虚拟 仿真 系统 
灯光 音响 设备 服务 
短信 费
商务 合作 
精密 机房 空调 维保费 季度 
打印机 
瑞友 天翼 应用 虚拟化 系统 
展架 画面 
楼梯 口号 车 
包胶
金蝶 共享 中心 解决 方案 宣传 
智能 多 通道 互感 驾驶 仿真 综合 实训 系统 增补
奥睿科 移动 硬盘盒 底座 双盘位 脱机 拷贝 外置 盒子 串口 固态 机械 
精明鼠 精明鼠 寻线器 加强 版寻线 仪/精 明鼠 网络 查线器 测线 
绿联 转 转换器 扩展 适配器 转 接头 数据线 苹果 华为 接 投影仪 显示 
绿联 转 转接线 连接线 转 接头 圆头 接口 接 键盘 鼠标 扫描枪 免驱 黑色 
至 转接器 
爱普生 针式 打印机 平推式 
三星 震撼曲率 微边框 高 分曲面 显示 
绿联 公 对 公 连接线 高清 苹果 雷电 接口 迷你 视频 
索尼 相机 充电 电池 适用 索尼 
无线 鼠标 
锐玛 摄影 补光 灯人 像 主播 补光 拍照 器材 静物 道具 摄影 棚柔 光箱 
优越者 转 转换器 转 接头 苹果 电脑 电视 投影仪 视频 接口 连接线 转接器 
项目 管理 系统 
金蝶 官网 2017年 1月 至 3月 设计 制作费 
2017年 五四金 蝶云 发布 网络 专题 设计 开发 
金蝶 官网 2016年 10月 至 12月 设计 制作费 
2017年 客户 大会 网络 专题 设计 开发 
金蝶 官网 2017年 4月 至 6月 设计 制作费 
诉讼 代理费 
服务器 
金蝶 官网 2017年 7月 至 9月 设计 制作费 
易训通 教学 软件 
线路 
金蝶 标准版 软件 
金蝶 记账 王 软件 
金蝶 迷你版 软件 
金蝶 易 记账 软件 
车用 汽油 
车用 汽油 
车用 汽油 
企业 影像 信息 管理 软件 
云 数据 处理 \ 存储 服务 
宏景 动力 外贸 进出口 管理 系统 
影像 平台 系统 
金蝶云 家 企业 移动 工作 
191301_特约 物业 服务 
工作站 立式 基本型 
优越者 分线器 扩展 7口 集线器 笔记本 电脑 多 接口 转换 器带 电源 全 铝银 
景田水
会议 
邮件 系统 2018年 季度 服务 
邮件 系统 2017年 季度 服务 
影频 制作 
印刷 周历 
金 蝶致 良知 视频 
金蝶 2017 致 良知 宣传 视频 
云 家 会议 
活动 录像 
优利德 大屏 数字 用 
驻 场 运维 服务 
南孚 碱性 电池 装 按 
飞燕 光电 鼠标 原装 
齐心 固体胶 绿
日 高 双面胶 筒装 条
齐心 标准 办公 剪刀 中号 
立信 三联 单栏 收据 
齐心 醒目 荧光笔 
齐心 通用 密封 拉链袋 
齐心 快 干原子 印油 
齐心 精准 刻度 直尺 透明 
齐心 易 穿透 订 书钉 
万能 通 计算器 
齐心 高级 橡皮擦 小 
齐心 易 擦 白板笔 
国产 透明 文具胶 小芯 
世博皮 纹纸 深蓝色 
真 彩铂金 中性 笔芯 
齐心 美 工刀 耐用 精钢 美工 刀 小号 
真 彩铂金 中性 笔芯 
中华 散装 皮头 铅笔 
国产 牛皮纸 档案袋 中 厚 
齐心 办公 必备 报告 夹 抽杆式 
华奇 高级 白板 挂纸 带孔 卷
富强 格 资料 架 蓝色 
绿奥树 复印纸 
皇冠 橡皮筋 
齐心 办公 必备 系列 指示 标签 配
齐心 强 力图 钉 纸盒 
齐心 防 锈 回 形针 纸 盒装 
齐心 超 省钱 资料 
齐心 办公 必备 透明 按 扣袋 
飞燕 键盘 原装 
齐心 易 穿透 订 书钉 
齐心 办公 必备 系列 易 事贴 
工字牌 铁盒 干 印 泥 红色 
齐心 精致 耐用 起钉器 
齐心 醒目 荧光笔 黄
手牌 小 削 笔 
齐心 易 擦 白板笔 
齐心 超 省钱 轻便夹 单强 力夹 
齐心 易 擦 白板笔 红
齐心 健康 胶水 海绵头 透明 
齐心 干 印台 大 圆 红
齐心 醒目 荧光笔 
齐心 舒适 防 滑 订 书机 
齐心 舒适 便携 订书机 
齐心 办公 必备 硬皮 名片册 
国产 海绵 双面胶 
南孚 碱性 电池 装 按 
永图 彩色 复印纸 
齐心 橡皮擦 
恒通 白板 挂纸 
公牛 单控 四联 电源 插 
万能 通 计算器 
柯达 扫描仪 
二氧化碳 检测 
五金 
软件 产品 
笔记 
渠道 推广 
投影机 
版权 代理 服务费 软件 
投影 
员工 劳动 合同 专用 档案 
业务 绩效 解决 方案 
金蝶 电商 实训 教学 整体 解决 方案 
参考 消息 
笔记本 
人力 资源 咨询 服务 
包 胶 
信纸 总部 用 
金蝶 服务 产品 
金蝶 新 财务 解决 方案 
住宿费 
科加诺 商业 分析 套装 软件 
动态 密码 系统 服务器 软件 
动态 密码 卡
虹光 财务 集中 版 扫描 
采集器 原 厂 标配 硬件 
律师 费
服务费 
精锐 软保 安全 系统 
包车
维修 
彩电 
计算机 指静脉 认证 登录 系统 
超 
密封 垫片 
发动机 清洗 
刹车 保养 套装 
机油 格
节气门 零件 清洗剂 
燃油 进气 系统 清洗剂 
速弘 合成 
转换 
双口 面板 
高清 车牌 识别 一体 
脉冲 探测器 
合金 
打印 装订 
计算机 服务 
毛巾 金蝶 有 礼 
深圳 金蝶 软件园 安防 监控 系统 改造 维护 项目 服务 
招标 代理 服务 
开发 板 配件 
新闻稿 发布 服务 
电话 数据 会议 
广告 物料 制作 费用 
泡沫 洗手 
招标 代理费 
浙江 商用 简易 
清风 马桶 坐 
心 印 双层 大 纸
信息 系统 服务 
网络 推广 
软件 开发费 华大 基因 
造价 咨询费 
计算机 信息 技术 咨询 服务 
金蝶 外包 服务 
软件 开发费 煌上煌 
设计 制作费 
软件 维护 
会议 服务 
技术 开发 
项目 合作 
标准 支持 服务 
金蝶 云公仔 金蝶 有 礼 
新华书店 项目 
保费 平安 短期 意外 伤害 保险
保费 人身 意外 
自来水 地下 管道 漏水 探测 定位费 
口径 
自来水 地下 管道 维修费 小于 口径 
笔记本 金蝶 有 礼 
年度 监督 
软件 实施费 汇景 
技术 服务 
刀具
软件 实施费 东方 富海 
软件 实施费 旭程 
软件 开发费 宇宏 
软件 开发费 特区 建设 
软件 开发费 招商局 集团 
软件 开发费 招商局 蛇口 工业区 
租金 
软件 实施费 绿景 正兴隆 
信息 技术 服务 软件 服务 
金蝶 应用 服务器 软件 
工控 
金蝶 客户 大会 暖场 
金蝶 企业 服务 总线 软件 
金蝶 标准版 软件 
金蝶 迷你版 软件 
汇联 项目 外包 上 线 验收款 
金蝶 应用 服务器 软件 
项目 实施 
软件 实施费 聚源 
信用 评价 
学习 管理 平台 系统 
条码 固定资产 管理 条码 基础 资料 信息 条码 标签 打印 固定资产 查看 固定资产 调拨 固定 资
越秀 地产 项目 实施 
学习 管理 平台 实施 费
越秀 地产 项目 蓝图 款 
越秀 地产 项目 需求 款 
影视 制作 
优联 条码 管理 系统 软件 
域名 服务 
显标 
越秀 地产 开发 项目 
金逸 合同 管理 项目 
防火 
图腾 控制 
软件 服务 软件 开发 费用 
租金 
电话 数据 会议 
租金 
软件 开发费 盛世长城 
中央 空调 系统 维保费 
电梯 维保费 
维保费 
建筑 服务 
空调 维修 
得力 长 时间 高端 办公 碎纸机 大 容量 可 碎 纸/卡 光盘 
金 蝶彩 金蝶 有 礼 
电梯 
机动车 商业 
中海 地产云 家 上线 
投影机 附件 
升级 
协同 商务 软件 
梦燕 
智能 视窗 保护套 黑色 
国产 干 胶账 本 贴纸 张红/蓝 绿
超霸 电池 
绿树 复印纸 
齐心 快 干印台 大 圆 
齐心 快 干原子 印油 
齐心 精致 耐用 起钉器 配
飞燕 键盘 原装 
液体 胶水 海棉头 
工字牌 铁盒 干 印 泥 红色 
齐心 通用 中性 笔 
手 拉 
外包 实施 费用 
华为 香槟金 移动 联通 电信 手机 卡 待 
罗技 无线 鼠标 黑色 
飞利浦 智能 会议 电子 白板 会议 平板 触摸 一体机 价 
希捷 睿品 移动 硬盘 金属 陨石黑 
戴尔 超 高清 微边 框 旋转 升降 屏 爱 眼滤 蓝 光99% 
华硕 高清 纤薄 窄 边框 便携 显示器 低 蓝光 闪屏 
魅族 魅蓝 全 网通 公开 版珠 移动 联通 电信 手机 卡 待 
汇桔网 上 线款 
羊城 食品 实施 上 线款 
宏景 动力 外贸 进出口 管理 系统 
广告 服务 
清风 卷纸 原木 纯品 卫生纸 整箱 销售 
阿迪达斯 男士 按摩 舒爽 香波 沐 浴露 洗发 沐浴 露 洗沐 合 活力 运动 持久 留 
舒客 专业 洁齿 牙线 棒 竹炭深洁 
佳洁士 钻亮 炫 白牙膏 慕斯净白 116克 美国 进口 原名 水溶 净白 
纳美 小 苏打 牙膏 家庭 装 护龈 儿童 甜橙 
奈森克林 高拉力 牙线 棒 盒装 加 赠 随身 盒 
透明 屏包 边 定制 
字母长 蛤 
肥猪 
联想 
华硕
惠普
会议 费
混合 
展板 制作 
冻猪 背 排边
冻猪 
冻猪 前 腿 
汽油 
平板 电脑 青春 版 金
草 蛤 
华为 手机 全 网通 曜 石黑 
华为 数据线 白色 
人性 弱点 精 
车位 管理费 地库 
波浪枕 
混米色 多 功能 护颈枕 
五粮液 陈 水晶 
培训费 
翡马·慕朗 酒 庄红 葡萄酒 2006年 
翡马 经典 干红 葡萄酒 2015年 
龙工 工作 
龙工 变速 操纵 
转向 油缸 左 
转向 油缸 右 
龙工 
摇臂 中 
龙工 摇臂 中 销 
拉杆轴 
龙工 铲斗 下 销 
龙工 液压 
风扇 皮带
电瓶 
龙工 变矩 冷却器 
大泵 联轴器 
龙工 操纵 
涡轮 增压器 总成
龙工 专用 刹车 
大泵 联轴器 弹性 
龙工 拉杆
空压 
刹车 铁管
龙工 水箱 
龙工 制动 钳活 
龙工 起 动机 
龙工 机油 压力表 
柴油管 
龙工 柴油 管
仪表 总成
龙工 变速泵 
龙工 变速箱 油 底壳 
后牙包 输入 轴油 
龙工夹 臂 
龙工 动臂 密封 
装载机 
龙工 驾驶室 缓冲 胶垫 
龙工 驾驶室 座椅 总成
变速箱 后 输出 轴油 封 
龙工 变速箱 后 输出 
发动机 风圈
潍柴机 
装载机 
龙工 传动轴 螺栓 
龙工铰 接
水 堵 
进 排气 
气门 
气门 
气门 座 圈 
大修 
气缸 
阻水 
水分 离 
龙工脚 制动 
龙工 副 车架 
龙工 后 车 架销 
龙工 后 车 架销 
龙工 中 后 传动 
龙工 柴油 管
大修 
气缸 
曲轴瓦
配套 
龙工 翘板 
龙工 真空 大 灯
大泵 联轴器 弹性 
电 
常林 喷油泵 总成
龙工 水箱 
发电机 
龙工 变速 操纵 
龙工 操纵 阀垫 
变矩器 压力 
后桥 螺栓 
牙 包 纸 
龙工 液压 
液压管 接头
水温 感应 
空压机 冷却 水管 
龙工 机油 压力表 
龙工 变矩器 油压 
潍柴 动力 心组 
型 密封 
大小 瓦
止推片 
油嘴 回 油管 螺栓 
增压机 
正 时 齿轮箱 
飞轮 
龙工 前 加力器 
油 底壳 
机油 喷油 
曲轴 前后 
喷油 
疝气 射 灯 
仪表盘 插 
螺纹 紧固 
潍柴机 
装载机 
龙工 专用 刹车 
龙工机 油滤 清器 
龙工 车载 空压 
龙工 空压机 
龙工 空气 
柴油管 
连杆 螺栓 
回油 空心 螺栓 
弹性板 螺栓 
机油泵 桥齿 轴承
曲轴止 推 
气缸 
涡轮 增压器 总成
进 排气门 
机油 冷却器 
飞轮齿圈 启动 齿圈 
凸轮 轴止 推片 
龙工 操纵 
龙工 制动 钳活 
龙工 制动 钳 修理 
曲轴 前 油封 
传动油 冷却 输入 
龙工 储气罐 安全 
差速器 
柴油 油箱 油位 观察 孔
曲轴 前 
龙工 发动机 水 堵塞 
发动机 消声器 尾管 
行星 
龙 工行 星轮 
行星 
定位 
轮边 
aQ7K 精蛋白锌 重组 赖脯 胰岛素 混合 注射液 优泌乐 苏州 礼来 
银角楼 外箱 提升 版 
银角楼 礼盒 提升 版 
传承 金鑫 外箱 
银角楼 星耀 礼盒 
半驯 马 
老卫队 探戈 
美 电饭煲
美 电磁炉 
美 树脂 字
美 淘米器 
美 
渠道 五金 中岛
破壁机 展示 
食色 
美 研磨杯 
美 电 压力 
美 电炖锅
迷失 城 黄金 城 谜团 与 亚马逊 世纪 探险 悬案 
地心 游记 
刀锋 
美 电 水壶 
美 
美 
美 破壁 
电磁炉 
苏子 叶
黏 玉米 
丰茂胸 
钢 鸭 嘴 
防水 围裙 粉色 
黄 把 
电 炖 
电 压力 
电脑式 电饭煲
电 水壶 
机械式 电饭煲
研磨杯 
专业 技术 服务 专业 技术 服务 
维修 整改 
东方 投资 项目 外包 上 线款 
苹果 电脑
伏特加 洋酒 伏特加 酒 
可口可乐 饮料 可乐 果粒橙 新 老 包装 发送 
水星 家 纺床 上 纯棉 床品 套件 全棉 被 套 床单 被 罩 海洋生活 加大 双人 
苏泊尔 多 用途 锅 多 功能 家用电 火锅 鸳鸯 
法国 进口 红酒 波尔多 级 大 皇宫 干红 葡萄酒 酒具 礼盒 
绿联 线 版 数字 高清线 机 顶盒 投影仪 数据线 工程 
绿联 转 线 转 转 接头 高清 转 笔记本 电脑 电视 显示器 
系统 实施 费
操作 系统 
新 安怡 玻璃 奶瓶 
宣传 
新 安怡 婴儿 柔润 湿巾 
新 安怡 婴儿 柔润 湿巾 
好 孩子 婴儿 海洋 湿 
会议费 
联想 
华硕
惠普
竹笼 
黑 瓶 椴 树 
前踏式 垃圾桶 
锦纶 
棉纱
树脂
电磁六眼 定制 
电磁六 眼石 
单头无尾 电磁 小 炒炉
单眼电 磁矮 汤炉
电磁四眼 定制 
手表 
利息 
枕骨钛 
椎弓根 螺钉 
横连器 
颈椎 后路 侧块 
颈椎 后 路椎 弓根 
颈椎螺 
颈椎 前 路 动态 加压 
颈椎 前 路 辅助 锁定 
胸腰 椎 多 轴螺 
胸腰 椎 固定 
胸腰 椎 固定 螺栓 
胸腰 椎 普通 螺钉
胸 腰椎椎间 融合 
枕颈 融合 
枕颈 融合 
椎体 成形 系统 
颈椎 前 路 固定 系统 
椎间 融合 
脊柱 后路 内 固定 系统 
脊柱 前 路 固定 系统 
脊柱 微创 椎间 融合 
枕颈胸 脊柱 固定 系统 
椎间 融合 系统 
美发 
泰福高 分隔 耐热 玻璃 保鲜盒 褐色 
泰福高 分隔 耐热 玻璃 保鲜盒 
泰福 高 爱福 食品 密封 耐热 玻璃罐 
云棉 肚兜 装 
果短 裆衣 
专针 短袖 套衣 
空梭 背裙 
唯针 中 裤 
华为 智能 手表 钛 银灰 
展位费 
华为 路由器 家庭 网关 黑色 
刀鱼
糯米
奥尔良 
萝卜 
陈醋海 带
鲜牛 
鲜猪 
鲜筋 皮
精品 
精品 干 
精品 
鲜牛 
金钱 骨 味千 
福临门 大豆 
一次性 饭盒 春泰 
吸 油纸 鸽子 纸垫 
保鲜膜 添添鲜 
锡纸 雅兰 
小 黑袋
划单 菜谱 丰茂 
精品 去 皮 
鲜板 
鸡翅 味千 
鸡爪 味千 
羊酱
灭 蝇 
酱 牛肉 
羊筋
一次性 塑料 果汁 杯 
秋前厅 男 服务员 服
秋前厅 女 服务员 服
点钞 手指 
圆头 
土 鸡蛋 
华为 入耳式 耳机 白色 
华为 移动 电源 充版 银色 
标准版 全 网通 64GB 亮 黑色 
华为 智能 体脂秤 黑色 
在线 软件 服务费 
后谷 咖啡 云南 小 粒 咖啡 特浓 
大豆 
旅店业 住宿费 
金枕榴 莲肉 
甲基丙烯酸羟 
有机 圆帽 
猫咪 情商 法则 从 猫 身上 学 到 超有用 人类 情商 
红蘑 针长蛤 
上衣 绒胆 
全 网通 香槟金 
餐饮 服务 
缤针 裆蛤 
婴裆衣 
林间 短蛤 
益节 氨糖 钙片 
品健 来 益牌 叶黄素 咀嚼片 
华为 手机 全 网通 银钻灰 
百合 
自行车 库
华为 手机 全 网通 樱粉金 
华为 手机 全 网通 黑 
静享灭 蚊灯 绿 
牛浪汉 卤汁 牛肉 五香味 
有 友 泡凤爪 山椒味 辐照 食品 
农夫 山泉 饮用 天然 水 
云南 红老 树 全汁红 葡萄酒 
黄连 上 清丸 
同仁堂 通便灵 胶囊 
猪 排
牛骨头
小 柿子
灭 虫 
一次性 碗 金亿 
金菜花 纯 香菜籽油 
香辣 
精品 羊肉
星期 
鱿鱼 味千 
一次性 
皮筋
陈醋 喜福隆 
衣物 防水袋 
百事贴 得力 
一次性 帽子 
宜 可 净洗 洁精 艺康 
邦迪 海氏 海诺 
透明 胶带 大 
竹纤 定型枕 
英 针薄袜 
厨房 洗 碗 
口取纸 小 
厨房 手 消毒液 艺康 
一次性 厨师 
订 书钉 得力 
订 书器 得力 
海绵 
华为 手机 全 网通 黑色 
泰福高 玻璃 保鲜盒 
邦迪 卡通 防水 创可贴 冰雪 奇缘 上海 强生 
源安堂 肠胃 散 外用 贴剂 
三九 胃泰 养 胃 舒 颗粒 
复方 黄连 素片 云南 明镜 
健 佳 诺氟 沙星 胶囊 
小 葵花 金银花露 
华为 手机 全 网通 银钻灰 
捷安特 硅胶 弧度 手 握 基本款 城市 车 把 套 
提象 蓝 大 床笠 
迪米奇 枕套 
兔背 睡袋 
森蓝 短 襟蛤 
柴油
科诺利 毛绒 玩具 猪 粉红色 
云棉长 裆衣 
云棉 中 拆裤 装 
华为 手机 网通 摩卡金 
笔记本 
华为 手机 全 网通 银钻灰 
密封 
窗 把 
水肌 美 男士 经典 护肤 
华为 手机 全 网通 因 蓝 
华为 手机 全 网通 宝石 蓝 
迪年 口肩 
雪糕 竹 短 襟蛤 
珮 夫人 盐酸氨溴 索 口服 溶液 
码 抽 
缤针 短 外套 
餐饮 服务 
防风 保暖 套头 款 车衣 
基本 款 黑色 抓 绒 车裤 
小 西牛 慕拉·酸奶 
彩虹 蚊香 檀香型 线香 桂花 檀香 
展板
手机 全 网通 星空紫 
舍 道 
智慧 舍得 
舍 道 品鉴装 
品味 舍得 品鉴 专用品 
舍得 30年 生态 陈酿 
品味 舍得 
舍 道 
生态·沱牌 天曲 小箱 
生态·沱牌 天曲 
生态·沱牌 天曲 品鉴装 
沱牌 特曲 品鉴装 
生态·沱牌 优曲 
生态·沱牌 天曲 
生态·沱牌 特曲 
窖藏 特曲 红色 
老沱牌 装彩箱 
庆典 装·沱牌 特曲 小箱 
品味 舍得 小箱 
品味 舍得 品鉴 专用品 
品味 舍得 团购版 
品味 舍得 品鉴装 
舍得 酒 舍得 智慧 讲堂 限量版 纪念 酒 
品味 舍得 版 
品味 舍得 版 
品味 舍得 
柔和·沱牌 
柔和·沱牌 特曲 
生态·沱牌 天曲42% 
柔和·沱牌 特曲 
柔和·沱牌 优曲 
柔和·沱牌 特曲 
柔和·沱牌 优曲 
舍得 酒 舍得 智慧 讲堂 限量版 纪念 酒 
沱牌 枸杞酒 简装圆瓶 
品味 舍得 餐饮版 
品味 舍得 简装 
天曲 曲酒 
品鉴装 
智慧 舍得 团购版 
沱小九品 鉴装箱 
舍 道 集盒 盖 换 美酒 活动箱 
沱小九 促销 装 瓶盖 
沱小九 促销 装箱 
品 舍得 酒·尊享 舍得 智慧 讲堂 大礼 活动箱 
品 舍得 酒·尊享 舍得 智慧 讲堂 大礼 活动 
灯布 条幅 干 
金刚 支架 树脂款 深空灰 
华为 多口 充电器 白色 
华为 主动 降 噪 耳机 
华为 合 数据线 白色 
华为 小天鹅 音箱 薄荷绿 
华为 小天鹅 音箱 白色 
华为 小天鹅 音箱 洛洛可粉 
手机 网通 雪盈白 
咖啡金 
金立 手机 暗 夜 黑 网通 手机 
棉牌 清凉 喉片 
百灵鸟 黄连 上 清片 
健 佳 复方 金银 花 颗粒 
餐饮费 
餐???费 
餐饮费 
住哲 酒店 管理 系统 简称 
电脑 
科技 
餐费 
学习 
生态·沱牌 优曲 
九阳 电饭煲 
九阳 电饭煲 
九阳电 压力 煲 
九阳 破壁 调理机 
九阳 料理机 
九阳 豆浆机 
沙宣 瓦特强 风电 吹风 
捷安特 长袖 抓 绒 车衣 
书香 心意 瓶装 纯 手工 无 添加 包邮 
书香 心意 瓶装 火腿 肉松 75g 纯 手工 无 添加 零食 包邮 
书香 心意 瓶装 太湖 白虾 干 纯 手工 无 添加 包邮 
书画 
商场 管理费 
财产 责任 
显示屏 租赁 
有偿 服务费 服务费 
联网 服务 
电蚊 拍
住宿 服务费 住宿费 
2018年 月 维护 
手提式 干粉 灭火器 
清洗 空调 服务 
2018年 3月 电费 
2018年 3月 广告 位 电费 
2018年 4月 物业 管理费 
出租 住房 2018年 5月份 租金 
车辆 商业 保险
2018年 3月 水 费
出租 住房 2018年 4月份 租金 
2018年 3月 
出租 住房 2018年 6月份 租金 
租赁费 
邮费 
宣传物 料 费
雪天 加 碘 精制盐 
手续费 7月份 
吊机 
铁 管子
铁钩
抛光 
小 毛扫
进口 
进口 
微镶 
红 油管
透明 胶手指 
台 
灯泡 
白砂纸 
白砂纸 
进口钛网 
吸珠 
吸珠 
吸珠 
吸珠 
吸珠 
吸珠 
吸珠 
吸珠 
吸珠 
波针 
波针 
波针 
波针 
波针 
波针 
波针 
波针 
波针 
住宿 
银类 镶嵌 首饰 
0字粒牌 黑色 
金章 胶盒 
背 板画 大 小 
字粒牌 黑色 
300型 封口 
腰码镜 红色 
台牌 
台牌 配件 
字 粒牌 黑色 
字粒牌 黑色 
字 粒牌 黑色 
钻石 款 台牌 紫色 
藏青色 手绳 含 扣 
藏青色 手绳 含 扣 
陈列什 项类 
粉红色 手绳 含 扣 
粉红色 手绳 含 扣 
咖啡色 手绳 含 扣 
亮 黑色 手绳 含 扣 
亮 黑色 手绳 含 扣 
墨绿色 手绳 含 扣 
墨绿色 手绳 含 扣 
男士 手绳 黑色 19cm 含 扣 
男士 手绳 棕色 19cm 含 扣 
浅 紫色 手绳 含 扣 
浅 紫色 手绳 含 扣 
深 红色 手绳 含 扣 
深 红色 手绳 含 扣 
天蓝色 手绳 含 扣 
天蓝色 手绳 含 扣 
星辰波 比 杯 
背板 画 
背板 画 组合 大 配 小 
灯管 
灯管 
灯 变压器 用于 灯板 大小板 
灯 变压器 用于 灯板 中板 
灯 灯板 大板 
灯 灯板 小板 
灯 灯板 中板 
背板 画 大 小 
双孔灯 
双孔灯 电源 
台 
保证单 单打 
保证 单（连打 
铂金 系列 柜层 
橙色 仿皮 条纹 首饰盒 单层 
橙色 封箱 胶纸 华南区 生产 管理 中心 专用 
橱窗 水杯 透明 玻璃 
纯翠 背板 画 组合 大 配 小 
开 发票 印章 
大 气体 火枪 日本 19.5cm 
德卡 
灯具 维修 费用 什项 
灯具 杂 
地 柜灯 变压器 
点号 卡 包 
订货单 电脑版 
天花灯 单灯 白框 黄光 
放大镜 中国 44mm 
翡翠 柜 走道 专用 地毯 品牌 
分店 店章 原子印 
分店 证书 专用章 原子印 
福星 宝宝 背板 画 大 小 
福星宝宝 柜层 台 星球 
高龄 货品 字 标识 贴纸 
工具 
沽货单 旧金 回收 单 扎﹑ 
广告 立牌 散件 透明 亚克力 
国博 首饰 类 足金 挂坠 证书 
过渡 壁柜灯 变压器 用于 小射灯 
过渡 壁柜 小射灯 
海信 
横版 皮卡 套 
红色 仿皮 条纹 首饰 单层 
花月 佳期 柜层 台 
华贵 豪雅店 男冬 西裤 
黄金 回购 服务 结算 
婚嫁 维度 情约 主题 特色 柜层 
婚嫁 维度 爱 主题 特色 柜层 
婚嫁 维度 爱 主题 特色 底板 
婚嫁 西式 小展 柜层 台 
婚嫁 中式 狮头 柜层 台 小 
货品 服务卡 本 扎 箱 
货品 资料 记录 单 周大福 与 年青 专区 共享 19X21MM 
尖咀钳 中国 
交收 通知单 箱 总部 分店 用 
汽油 自助 
经典 黑腰包 单个 
汽油 
经典 黑腰包 整套 
汽油 Ⅳ 
绝色 倾心 背板 画 组合 大 配 小 
绝泽 背板 画 组合 大 配 小 
鹿牌 细圆 咀钳 中国 
罗技 摄像头 
名贵 豪雅 毛 领带 
名片包 
摩托罗拉 条码 
抹金布 美国 佳士杰 
抹银布 美国 佳士杰 
抹银布 小块 
纳米 毛巾 紫色 
男蓝色 领带 职员 店员 
男夏 西裤 特殊 尺寸 
男夏 西裤 全体 员工 
男夏 西裤 全体 员工 
男夏 西裤 全体 员工 
男夏 西裤 全体 员工 
男夏 西装 职员 店员 主任 助理 店长 
男夏 西装 职员 店员 主任 助理 店长 
男夏 西装 职员 店员 主任 助理 店长 
男夏 西装 职员 店员 主任 助理 店长 
镊子 平嘴 
女冬 西装 码 店长 主任 助理 
女夏 西裤 职员 店员 主任 助理 年青 专区 店员 年青 专区 店长 
女夏 西裤 职员 店员 主任 助理 年青 专区 店员 年青 专区 店长 
女夏 西裤 职员 店员 主任 助理 年青 专区 店员 年青 专区 店长 
女夏 西裤 职员 店员 主任 助理 年青 专区 店员 年青 专区 店长 
女夏 西裤 职员 店员 主任 助理 年青 专区 店员 年青 专区 店长 
女夏 西裤 职员 店员 主任 助理 年青 专区 店员 年青 专区 店长 
女夏 西裤 职员 店员 主任 助理 年青 专区 店员 年青 专区 店长 
女夏 西裤 职员 店员 主任 助理 年青 专区 店员 年青 专区 店长 
女夏 西裤 职员 店员 主任 助理 年青 专区 店员 年青 专区 店长 
女夏 西裙 店长 主管 
女夏 西裙 店长 主管 
女夏 西裙 27码 店长 主管 
女夏 西裙 店长 主管 
女 杂务 衬衣 夏季 
怦然 系列 地柜 背板 画 大 小 
清新 时尚 包装 纸 
情 背板 画 组合 大 配 小 
脚 切工镜 高 用于 看 钻石 切工 
闪悦 背板 画 组合 大 配 小 
升级版 黑色 工卡绳 职员 店员 专用 
升级版 灰色 工卡绳 主管 店长 专用 
时尚 地柜 通用 展示座 小 内 
时尚 店橱 窗／展 柜层 板支架 中 
时尚 店橱 窗／展柜 耳环座 
时尚 店橱 窗／展 柜链 坠座 
时尚 店橱 窗／展 柜层 板支架 低 
时尚 店橱 窗／展 柜层 板支架 高 
时尚店 橱窗 展柜 大人 头座 
时尚店 橱窗 展柜 戒指座 
时尚店 橱窗 展柜 手镯座 
时尚店 橱窗 展柜 小人 头座 
时尚店 橱窗 方柱 低 
时尚店 橱窗 方柱 中 
时尚 店 手链 桥 
时尚店 数字 粒 小 白 
时尚 店 展柜 橱窗 柜用 数字 粒 大 白 
时尚 店 展柜 橱窗 柜用 数字 粒 分位符 大 白 
时尚 店 展柜 橱窗 柜用 数字 粒 连体 大 白 
时尚 店 展柜 方柱 低 
时尚 店 展柜 方柱 中 
时尚店 耳环座 
时尚店 链坠座 大 
时尚店 地柜 怦然心动 散座 
时尚店 戒指座 
时尚店 地柜 手镯座 底座 
时尚店 柜 手链盘 20mm 
时尚店 耳环座 
时尚店 地柜 吊坠座 
时尚店 地柜 戒指座 
时尚店 地柜 链坠座 20mm 
时尚店 装 手镯 
时尚店 柜层 板 33mm 
时尚店 柜层板 
时尚店 柜单 对 耳钉座 小 
时尚店 吊坠座 大 
时尚店 吊坠座 小 
时尚店 柜单 戒指座 大 
时尚店 柜单 戒指座 小 
时尚店 柜单 链坠 座 小 
时尚店 手镯片 
时尚店 柜单 手镯 竖版 大 
时尚店 柜单 手镯 竖版 小 
时尚店 柜 吊坠 后备盘 装 
时尚店 地柜 托盘 
时尚店 柜方型 内芯 边框 正反 共享 
时尚店 地柜 横版 手镯座 
时尚店 柜散 座 用 大 牌 仔扣 显示 带 胶套牌 仔用 
时尚店 柜散 座 用 小 牌 仔扣 显示 数字 粒用 
百兆 交换机 
时尚店 柜 手镯 后备盘 装 
时尚店 柜 套装座 小 
时尚店 柜 项链 后备盘 装 
时尚店 柜 项链盘 男装 
时尚店 柜 项链盘 女装 
时尚店 地柜 小底板 
时尚店 柜装 托盘 装 
时尚店 地柜 大底板 
时尚 店 黄金 类 地柜 款 手绳盘 
时尚 店 黄金 类 柜层 台 款 
时尚 店 黄金 类 柜层 台 款 
时尚店 女款 修身衫 短袖 码 店员 职员 
时尚店 女款 修身衫 短袖 码 店长 主管 
时尚店 女款 修身衫 短袖 码 店员 职员 
时尚店 女款 修身衫 短袖 码 店长 主管 
时尚店 女款 修身衫 短袖 码 店员 职员 
时尚店 女款 修身衫 短袖 码 店长 主管 
时尚店 女款 修身衫 短袖 码 店员 职员 
时尚店 女款 修身衫 短袖 码 店长 主管 
时尚店 女款 修身衫 短袖 码 店长 主管 
时尚店 女夏 西装 码 全体 员工 
时尚店 女夏 西装 码 全体 员工 
时尚店 女夏 西装 码 全体 员工 
时尚店 女夏 西装 码 全体 员工 
时尚店 女夏 西装 码 全体 员工 
时尚店 数字 粒 小 白 
时尚店 数字 小 白 
时尚店 数字 粒 小 白 
时尚店 数字 粒 小 白 
时尚店 数字 粒 小 白 
时尚店 数字 粒 小 白 
时尚店 数字 粒 小 白 
时尚店 数字 粒 小 白 
时尚店 数字 粒 小 白 
时尚店 数字 粒 小*白 
时尚店 数字 粒 小 白 
时尚店 数字 粒 分位符 小 白 
时尚店 数字 粒工费 小 白 
时尚店 数字 粒克 重 小 白 
时尚店 数字 粒 千分位符 小 白 
时尚店 数字 粒 小数点 小 白 
时尚 店 展柜 狮头柜 壁柜 人头座 小 
时尚 店 展柜 狮头柜 壁柜 人头座 中 
时尚 店 展柜 橱窗 柜用 数字 粒0 大 白 
时尚 店 展柜 橱窗 柜用 数字 粒 大 白 
时尚 店 展柜 橱窗 柜用 数字 粒 大 白 
时尚 店 展柜 橱窗 柜用 数字 粒 大 白 
时尚 店 展柜 橱窗 柜用 数字 粒 大 白 
时尚 店 展柜 橱窗 柜用 数字 粒 大 白 
时尚 店 展柜 橱窗 柜用 数字 粒 大 白 
时尚 店 展柜 橱窗 柜用 数字 粒 大 白 
时尚 店 展柜 橱窗 柜用 数字 粒 大 白 
时尚 店 展柜 橱窗 柜用 数字 粒工费 大 白 
时尚 店 展柜 橱窗 柜用 数字 粒克 重 大 白 
时尚 店 展柜 橱窗 柜用 数字 粒 千分位符 大 白 
时尚 店 展柜 橱窗 柜用 数字 粒 小数点 大 白 
时尚 店 展柜 橱窗 柜用 数字 粒 分体 大 白 
时尚 店 展柜 橱窗 柜用 数字 粒 大 白 
首饰盒 单层 
双孔灯 黑框 
水中 花 背板 画 组合 大 配 小 
四维 时尚 手册 
素白 首饰盒 双层 
天花灯 黑框 
天花灯 香槟 金框 
天花灯 环境 灯 白框 
投资 金条 广告 立牌 
投资 金条 广告 立牌 散件 透明 亚克 力板 有 口袋 
投资 金条 广告 立牌 散件 亚克力 数字 牌 
爱 背板 画 组合 大 配 小 
文具 杂件 
夏 孕妇 裙 
夏 孕妇 裙 
夏 孕妇 裙 
现代 
消毒 湿巾 补充 装 ／箱 
消毒 湿 纸巾 筒装 ／箱 
小 黄人 背板 画 大 小 
小数点 字粒牌 黑色 
心意卡 信封 外页 内页 
新版 飞机 纸盒 含 卡槽 
新款 米 白色 牌仔 胶套 19mm 
修理单 新版 
羊皮 钻石布 
怡宝 饮用 纯净水 
逸彩 系列 地柜 背板 画 大 小 
展柜 橱 窗柜 金条 饰座 
证书 胶套 
职员 卡 飞利浦 
职员牌 
职员 请假表 总部 分店 用 
智能 展示 盘 
周大福 防撞贴 灰色 单字款 
周大福 奉 客盘 黑色 
周大福 灰色 地毯 
周大福 婚嫁 旗袍 披 肩 均码 
周大福 精巧 钻石 工具盒 
周大福 客镜 黑色 
周大福 名贵 豪雅 男夏 灰色 西裤 
周大福 名贵 豪雅 男夏 灰色 西裤 
周大福 名贵 豪雅 男夏 灰色 西装 
周大福 名贵 豪雅 男夏 灰色 西装 
周大福 时尚 店 男 夏 短袖 衬衣 
周大福 时尚 店 男 夏 短袖 衬衣 
周大福 时尚 店 男 夏 短袖 衬衣 
周大福 手套 小 
周大福 司机 男 夏 短袖 衬衣 
周大福 司机 男 夏 短袖 衬衣 
周大福 司机 男 夏 短袖 衬衣 
周大福 司机 男 夏 短袖 衬衣 
周大福 司机 男 夏 短袖 衬衣 
周大福 司机 男 夏 短袖 衬衣 
周大福 银色 丝带 高 
珠宝 美容 套装 纳米 毛巾 紫色 
联想 广告 
联想 电脑 
派送 服务 
人事 委托 
2017年 8月 保安 服务 
吉丽 计算机 
齐心文件 
物料费 
纸 纸制 容器 
智能 盘点器 维修 
会议 展览 服务 会议 服务 
代收 水电费 
场地 管理费 
联网 服务 
7月 国内 邮件 收派 服务 
笔
光盘 
销售 小票
色 带 
发票 
相片 
笔筒
介刀
电插 
连接线 
涂改 
写 
过 
封箱 
空调 维修 
2017年 8月份 保安 服务 
2017.7 电费 
物业 管理费 管理费 
商场 管理费 
电 公共 分摊 电费 
不动产 经营 租赁 
培训 服务 
变压器 
仪器 校准 
桶 装 水
167462017年 07月 水费 
密实 
白板 
电话 
笔 
票据 
工字 
6月份 邮资 费
2017年 月物 管 
2017年 6月 水 费
电话 
人力 资源 管理费 
一般 维修 
维修 电器 
广告 设计 制作费 
物业 管理 服务 
人事 代理 服务 
维修 卷 闸门 
风幕 
联网 报警 系统 管理费 
保管 
技术 指导 
手续费 6月份 
7月 物业 管理费 
6月 商铺 租金 
6月 广告 位 电费 
6月 电费 
空调 工程 费用 
海康 威视半球 摄像机 
数据 集 
联嘉祥 电源 
联嘉祥 出门 按 
希捷 存储 
2017年 7月 保安 服务 
物业 费
6月 管理费 
收回 收取 服务 
文件 箱 材料费
6月 邮费 
2017年 7月 19日 月 18日 保安 服务 
住宿费 
物料款 
拼接 
设备 
保费 平安 家庭 财产 保险
国内 快递 收入 
报警器 材料 费
保费 雇主 责任 
报警器 维护 
8月 国内 邮件 收派 服务 
物料 制作 
8月 邮费 
2017年 9月 押运 
美 遥控 落地扇 
物业 服务 
生活 垃圾 处理 
希捷 监控 
房租 2017.10-2017.12 
2017年 9月份 保安 服务 
保养费
摩托罗拉 条码 
梅花 挂锁 防水 防锈 仓库 车厢 大门 挂锁 家用 学校 商铺 门锁 防盗 防撬锁 
广州 番禺 大东路 珠宝店 室内 装修 工程 
海康 威视 红外半球 彩色 摄像机 
监控机 
联嘉祥网 
视频 传输 
8月 电费 
8月 广告 位 电费 
9月 物业 管理费 
电脑 
2017年 9月 保安 服务 
8月 管理费 
拓展 培训 服务 
防盗 报警 系统 联网 维护 
京东 超市 清风 抽纸 原木 纯品 金装 系列 抽 纸巾 
京东 超市 顺 清柔 卫生纸 纯净版 有 芯卷纸 整箱 销售 
2017年 9月 租金 
扣 
大头 
软质 玻璃 
联网 报警 系统 移装 工程
2017年 8月 25日 月 24日 保安 服务 
喷壶 
天章 新 绿天章 复印纸 
室内 除 甲醛 治理 服务 
车位 服务费 粤 2017年 月 
广告 场地 租赁 
钥匙 扣
7月 商铺 租金 
文印类 用品 
2017年 7月 25日 月 24日 保安 服务 
7月 电费 
7月 广告 位 电费 
8月 物业 管理费 
7月 管理费 
海康 威视 红外 彩色 摄像机 
分类 
维护 费
快捞夹 
快捞夹 
得力 抽杆 
甲醛 清除 服务 
容声 Ronshen 单门 冰箱 家用 节能 门封 保护 
帅力 电脑桌 钢木 带 书架 笔记 简约 台式 学习 办公 桌子 橡木色 
5月 管理费 
2017年 8月份 室内 车位 费
2017年 7月份 水费 
2017年 7月份 电费 
2017年 8月 20日 至 9月 19日 物业 管理费 
2017年 8月 19日 月 18日 保安 服务 
晨光 水性 
晨光 水性 笔 
圆珠笔 
记号 
打火机 
2017年 8月 租金 
2017年 8月 20日 至 9月 19日 租金 
垃圾桶 
珠宝 
电力 电容器 零件 
产品 检测 
金立 手机 全 网通 手机 枫叶 红 6G 
9月 国内 邮件 收派 服务 
会议 无线话 
人声 效果 处理器 
管理费 
2017年 10月 物业 管理费 
2017年 9月 电费 
2017年 9月 广告 位 电费 
电费 
联网 防盗 报警 系统 安装 费
有形 动产 经营 租赁 服务 
报警 系统 费
2017年 10月份 保安 服务 
2017年 9月 25日 月 24日 保安 服务 
2017年 10月 19日 月 18日 保安 服务 
计量 仪器 校准 
特种 作业 人员 后续 教育 资料费 
管理费 
手续费 8月份 
2017年 8月 商铺 租金 
2017年 8月 
出门 按 
安装 材料 施工 
安装 上门 服务 
网络 宽 动态半球 彩色 摄像机 
网络 红外半球 彩色 摄像机 
视频 传输线 线材 配件 
监控 主机 广告机 
电装 工程 
沐浴 
洗发 
牙 签
杀 虫 
垃圾 
洗衣 
咖啡 
廉江 永福 御景城 珠宝店 室内 装修 工程 
电费 
室内 空气 净化 服务 
手 写 
笔记 
转换 
展位 布置 
销售额 报告 
2017年 9月 19日 月 18日 保安 服务 
喷绘 制作 
手机 石榴红 
手机 骑士黑 
九阳 开水 煲 
5月 邮费 
2017年 8月份 电费 
2017年 8月份 水费 
2017年 9月 20日 至 10月 19日 物业 管理费 
宣传物 料 费
2017年 9月 20日 至 10月 19日 租金 
2017年 9月份 室内 车位 费
广播 设备 
服务费 培训费 
拓展 培训 
紫色 胶袋 
夹镊 
色带 分店 专用 
保证 单 3联 打印 扎 
数字 
数字 粒 
数字 粒 
数字 粒 
数字 粒 
数字 粒 
数字 粒 
数字 粒 
数字 粒 
数字 粒 
数字 粒 逗号 
数字 粒 分位 符号 
数字 粒 人民币 符号 
数字 粒 
小 方形 盒 小链 坠耳 环胸 针手链 
布套
多 功能 测钻 
沽货牌仔 
职员 名牌 
白矾杯 香港 9.5cm 
蛋镯木 中国 31cm 
戒指铁 香港 
保险柜 内 出边木 盆 
新品 拉丝 铭牌 
匾咀钳 中国 
超声波 清洗机 中国 
出 边 木盆 盖子 
橱窗 水杯 透明 玻璃 
传承 黑色 成品 挂 坠绳 
传承 黑色 弹力 绳 
传承 黑色 挂 坠绳 粗 
传承 黑色 挂 坠绳 细 
传承 系列 柜层 台 20mm 
打印机 
大剪钳 
单边 耳环座 标识 贴 金色 
单边 耳环座 标识 贴 银色 
灯具 维修 费用 什项 
冬 孕妇 裙 
读卡器 德卡 
耳麦 现代 
翡翠 毛毯 黑色 
风球 
顾客 资料 信息 反馈 登记表 封套 
顾客 资料 信息 反馈 登记表 内 页 
广告 立牌 配套 护角 套 
焊瓦 上海 
豪雅 小 方巾 凤冠 天下 橙色 
华贵 豪雅店 男冬 西裤 
华贵 豪雅店 男冬 西裤 
华贵 豪雅店 女 冬西裤 
婚嫁 维度 爱 主题 特色 戒指座 
婚嫁 维度 爱 主题 特色 柜层 台 戒指座 内 芯框 20mm 
婚嫁 维度 爱 主题 特色 柜层 台链 坠座 
婚嫁 中式 小展 柜层 台 
混合胶 中国 
金龙座 中 
经典 维度 骄人 主题 特色 柜层 
咳钳 
蓝柄钳 英国 
领带 夹 银色 
绿色 仿皮 条纹 首饰盒 单层 
玛瑙棒 中国 24cm 
名贵 小 方巾 筑 梦 马 蓝色 
男冬 毛衣 
男冬 毛衣 
男冬 西裤 全体 员工 
男冬 西裤 全体 员工 
男冬 西裤 全体 员工 
男冬 西裤 全体 员工 
男冬 西装 职员 店员 店长 主任 助理 
男冬 西装 职员 店员 店长 主任 助理 
男冬 西装 职员 店员 店长 主任 助理 
男冬 西装 职员 店员 店长 主任 助理 
男冬 西装 职员 店员 店长 主任 助理 
男冬 西装 职员 店员 店长 主任 助理 
男灰色 领带 店长 主任 助理 主管 
男夏 西裤 全体 员工 
男夏 西装 职员 店员 主任 助理 店长 
2017年 10月 
男夏 西装 职员 店员 主任 助理 店长 
男夏 西装 职员 店员 主任 助理 店长 
女冬 西裤 全体 员工 
女冬 西裤 全体 员工 
女冬 西裤 全体 员工 
女冬 西裤 全体 员工 
女冬 西裤 全体 员工 
女冬 西裤 全体 员工 
女冬 西裤 全体 员工 
女冬 西裤 全体 员工 
女冬 西裤 全体 员工 
女冬 西裤 全体 员工 
女秋 冬 长袖 修身衫 
女秋 冬 长袖 修身衫 
女秋 冬 长袖 修身衫 
女秋 冬 长袖 修身衫 
女 圆领 毛衣 
女 圆领 毛衣 
女 圆领 毛衣 
女 圆领 毛衣 
抛光粉 中国 
平板锉 小 瑞士 时价 
平板锉 中 瑞士 时价 
清洁 毛刷 大 新 形象 层 台 散座 物料 使用 
清洗机 胶杯 
摄像头 罗技 
时尚 店 展柜 底板 直角 
时尚 店橱 窗底板 
时尚店 大壁柜 套 
时尚 店 插戒 后备盘 新款 
时尚店 地柜 插戒 后备盘 装 
时尚店 柜单 对 耳环座 大 
时尚店 柜翡 翠单 手镯座 大 
时尚店 柜翡 
时尚店 柜金 条盘 
时尚店 地柜 人头座 190mm 
时尚店 柜托盘 装 
时尚店 女冬 西装 码 全体 员工 
时尚店 女冬 西装 码 全体 员工 
时尚店 女冬 西装 码 全体 员工 
时尚店 女冬 西装 码 全体 员工 
时尚店 女冬 西装 码 全体 员工 
时尚店 女冬 西装 码 全体 员工 
时尚店 女冬 西装 码 全体 员工 
时尚店 女夏 西装 码 全体 员工 
时尚店 女夏 西装 码 全体 员工 
时尚 店手 绳饰 
时尚 店 双层 壁柜 套 
时尚 店 双层 壁柜 套 
手链 自 戴 神器 公仔款 
天花灯 白框 
天花灯 变压器 
条码枪 摩托罗拉 
西德胶锤 
职员 外勤 公干 预报 外出 登记表 总部 分店 用 
智能 展示 盘充 电器 
智能 展示 盘 电池 
周大福 经典 款 女 大衣 
周大福 经典 款 女 大衣 
周大福 名贵 豪雅 女冬 灰色 西裤 
周大福 名贵 豪雅 女 夏灰色 西装 
周大福 男冬 长袖 白色 衬衣 37码 全体 员工 
周大福 男冬 长袖 白色 衬衣 全体 员工 
周大福 男冬 长袖 白色 衬衣 全体 员工 
周大福 男冬 长袖 白色 衬衣 全体 员工 
周大福 男冬 长袖 白色 衬衣 全体 员工 
周大福 男冬 长袖 白色 衬衣 全体 员工 
周大福 男冬 长袖 白色 衬衣 特殊码 全体 员工 
周大福 时尚 店 男 夏 短袖 衬衣 
周大福 时尚 店 男 夏 短袖 衬衣 
周大福 手套 大 
珠宝 美容 护理液 洗金水 
珠宝 美容 护理液 洗银水 
10月 国内 邮件 收派 服务 
10月份 邮资 费
2017年 11月份 保安 服务 
2017年 10月 25日 月 24日 保安 服务 
物料 设计 
9月 邮费 
维修 
宣传 广告 费
联网 服务 
电讯 会议 服务费 月份 
电讯 会议 服务费 月份 
电讯 会议 服务费 月份 
台式 机
显示器 
无线 控制 
无线 
安全 销毁 服务 
9月份 邮资 费
手续费 9月份 
联网 报警 系统 服务 
联网 报警 系统工程 
联网 报警 系统 
九阳 豆浆机 
线材 
无线 演示器 
电梯 维护 
经营 用 水 2017年 09月份 水费 
海康 威视 硬盘 录像机 
2017年 9月 水费 
咪
罗技键 鼠 
联想 商用 
精致 机柜 
2017年 9月 
网络 交换机 
金典 装订 
无线 套装
移动 
多 功能 螺丝 
剪卡器 
罗技鼠 
光盘 
9月 管理费 
防盗器 维护 
2017年 9月份 水费 
2017年 9月份 电费 
2017年 10月份 室内 车位 费
逾期 违约 
活动 布置 
2017年 10月 20日 至 11月 19日 物业 管理费 
2017年 10月 20日 至 11月 19日 租金 
2017年 10月 租金 
修缮 服务 
转售 水 费
有机棉 内衣 礼盒 
手机 星尘银 
华为 智能 手环 青春 版 黑色 
雪天 加 碘 精制盐 
雪天 绿色 精制 低 钠盐 
雪天 绿色 加 碘 精制盐 
雪天 加 碘 精制盐 编织袋 
手机 樱桃红 
佳 便利 大号 购物 袋 
手机 香槟色 
手机 深 海蓝 
雪天 工业 盐 
友商 在线 在线 会计 进销 存 标准 版 站点 
海绵 床垫 
捷安特 秋冬季 骑行袜 
针式 金额 记帐 凭证 
柑橘 
美 悦达 空气 循环扇 白色 
童装 
电视机 
工作 
雪天 饲料 添加剂 氯化钠 编织袋 
乐家庄 土猪 上 
增城 
湾仔 码头 彩珠 香糯 汤圆
湾仔 码头 鲜 手工 水饺 
金龙鱼 纯正 花生油 
玉蕾 香菇 橄榄菜 虾仁 
雀巢鹰 唛炼奶 
陈克明 鸡蛋 挂面 
福润 居麦 香细 圆 挂面 
乐事 黄瓜味 
迈 大 钙芝 奶酪 味 高 钙 
八仙 果
蒙牛优益 乳酸菌 饮品 
塑料 环保型 购物 袋 
云 吞皮
海天 黄豆酱 
迪米妮 浴袍 
人血白 
餐饮 
撒 隆巴斯 复方 水杨酸甲 酯薄荷醇 贴剂 
华为 三脚架 自拍 杆 无线版 黑色 
江 中 健胃 消食片 
思连康 双歧杆菌 联 活菌片 
泰福高 不锈钢 保温 咖啡壶 不锈钢 本色 
华为 手机 网通 亮 黑色 
雪天 海藻 碘低钠盐 
雪天 天然 钙盐 纸箱 
雪天 绿色 加 碘 精制盐 
雪天 海藻 碘盐 
雪天 加 碘 臻品 海晶盐 纸箱 
加 碘 海湖 精制盐 编织袋 
固升牌 美纳 通软 胶囊 
雪牌 无 碘 活水盐 纸箱 
阀座 
限制 
底盒 
填料 
隔盒 
垫板
压 紧 螺母 
垫环
气阀 螺栓 
连杆 螺栓 
连杆 螺母 
拉杆
螺栓 
管 
稳健 医疗 医用 棉签 灭菌级 
呼吸床垫 
货物 名称 
捷安特 车尾灯 
捷安特 自行车 前灯 
捷安特 复刻版 短裤 
捷安特 复刻 版 车衣 
宣传 
手机 星空 紫礼盒 
雪天 青海湖 加 碘 盐 纸箱 
九阳 榨汁机 
泰昌 敲敲 乐 
蓝棉 小 浴巾 
红棉 小 浴巾 
萝三角裤 装 
晶彩 保护壳 黑色 
博联 智能 定时器 开关 插座 白色 
餐饮 服务 餐饮 
平板 电脑皮 套 键盘 
佳 便利 中号 购物 袋 
阿尔卑斯 饮用 天然 矿泉水 
洽洽 原 香 瓜子 壳薄仁香 
茶 对 论 柚子 味 绿茶 饮料 
账 无 忧 云 管理 服务 
短信 服务费 
软皮 笔记本 
定制 笔 
雪天 绿色 加 碘 精制盐 
雪牌 低 钠 活水 盐 纸箱 
餐费 
深圳市 联鑫 建筑 工程 有限公司 
华为 手机 全 网通 宝石 蓝 
华为 手机 麦芒6 高配版 全 网通 光蓝 
粉洗 加 碘 海湖 精制盐 编织袋 
雪天 加 碘 精制盐 
华为 入耳式 耳机 白色 
Liv 丽以芙 抓绒 冬季 头巾 
手套 
捷安特 春秋 冬 长 指 运动款 手套 
华为 智能 儿童 手表 奇幻蓝 
网络 摄像机 含 云 存储 月 
臻 纯 精制碘盐 
臻 纯 精制碘盐 
加 碘 深井臻纯盐 
白料
甲基 多苯基 
航空 
指示 
中心 连接 
中心 连接 
过 线 
缠绕 
导轨 卡子
冷压 
接线 
线号 
屏蔽 
塑 铜线 
矩形 插座 
意机 大 睡袋 
兔 抱 被 
雪糕 纱 抱 被 
雪天 腌制盐 彩编 
雪天 绿色 加 碘 精制盐 
住宿 
妆颜 宣传物 
霍尼韦尔 扫描枪 白 
友商 在线 进 销 存 标准版 站点 
横幅 
汽油 
兔短裤 
雪天 贡晶盐 纸箱 
雪天 益生元 盐 纸箱 
雪天 益生 元低钠 盐 纸箱 
汽油 
雪天 澳洲 天然 海盐 纸箱 
雪天 青海湖 盐 纸箱 
雪天 天山湖 盐 纸箱 
雪天 肠衣盐 
霍尼韦尔 扫描枪 黑色 
信息 服务费 
智能 视窗 保护 套 黑色 
会员 升级 套餐 
复印 一体 
小米 路由器 天线 无线路 由 智能 稳定 穿 墙 高速 家用 
无 免驱版 外置 天线 无线 网卡 智能 安装 随身 接收 
免驱版 外置 天线 无线 网卡 智能 安装 随身 接收 
能 承受 生命 轻 精 
退票 
服务 
三星 夕 雾 紫 移动 联通 电信 手机 卡 待 
联通 赠费 版 美图 暗 夜紫 自拍 美颜 全 网通 移动 联通 电信 手机 
松下 进口 纽扣 电池 适用 于 汽车 钥匙 遥控器 电脑 主板 电子秤 小米 遥控器 装 
雪糕 纱背 睡袋 
薄提 背心 装 
天鹅 工业 盐 
天鹅 元 明 
天鹅 工业 
天鹅 元 明 
天鹅 工业 
饲料 添加剂 氯化钠 
饲料 添加剂 硫酸钠 
雪天 绿色 加 碘 精制 
臻 纯 精制 碘 
金蝶 软件 
租金 
雪糕 竹 短襟 拆 套 
雪糕 拆套 
云棉 短 套衣 
沙宣 电子 石负离子 风筒 
华为 手机 全 网通 樱粉金 
九阳 破壁 调理机 
九阳 电烤箱 
广告 宣传品 制作费 
展板
吊旗 
金蝶 企业 管理 软件 
服务费 
宣传 
金蝶 中间 软件 
扫描仪 
手机 
小米 手环2 腕 带 绿色 
华为 智能 手环 商务 版摩 卡棕 
天鹅 加 碘 精制盐 
亚都 除 湿机 
亚都 除 湿机 
亚都 净化器 
美 悦达 空气 循环扇 灰色 
散盐 
天鹅 工业 盐 
蓝针 外套 
促 摇帽 蛤 
移动 通信 设备 手机 
复印 设备 配套 装置 零件 
金蝶 系统 软件 
天鹅 明粉 
冰水 
红豆 
金蝶 创新 管理 平台 软件 
自然 水 
云 租赁 服务 
考勤机 
海包 食盐 
食用盐 
雪天 绿色 加 碘 精制盐 
饲料 添加剂 氯化钠 
臻 纯 海藻 碘盐 
汽油 
纯长 袖裆衣 
经典 针 短 蛤 
碳结 
普元
旺旺 
旺旺 大礼包_ 新 
旺旺 大礼包 
旺旺 雪饼_ 
旺旺 大米 
旺喜旺 礼包 
旺仔 小 馒头_ 经典 原 味
旺仔 小 馒头_ 牛奶 
小 馒头_ 经典 原 味
旺仔 小 馒头_ 牛奶 
芝麻 味 香 
抹茶 味香 薄趣
巧克力 味 香 
果乐果 香凤梨味 果酱 夹心饼 
果乐 果香 草莓 味果 酱 夹心饼 
果乐果 香 蓝莓味 果酱 夹心饼 
果乐果 香青 柠果酱 夹心饼 
果乐果 香香橙 果酱 夹心饼 
果乐果 香青 柠果酱 夹心饼 
果乐果 香香橙 果酱 夹心饼 
果乐果 香凤梨味 果酱 夹心饼 
果乐果 香 蓝莓味 果酱 夹心饼 
果乐 果香 草莓 果酱 夹心饼 
红枣味 甜香 脆 
巧克力 味 威化 
麦麸 早餐 
红枣 早餐 
原味 早餐 
巧克力 味 薄脆饼 
小 布蕾 咸 香芝 士味 曲奇饼 
小 布蕾 苹果 味曲 奇饼 
小 布蕾 经典 黄油味 曲奇饼 
小 布蕾 浓醇 巧克力 风味 曲奇饼 
巧 心柔. 芝士 蛋糕 
巧 
巧 心柔. 抹 茶
巧 心柔. 巧克力 
抹茶 
星 水果 
星 牛奶 
星 巧克力 
双层 奶油 香草 
海苔 
双层 草莓 牛奶 
双层 奶 
双层 蓝莓 
双层 抹茶 
超 细 奇 草莓 味饼 
超 细 奇 牛奶 味 
超 细百奇 巧克力 味 
蓝莓 树莓 
桃仁 巧克力 
牛奶 芒果 
浓郁 抹 茶
牛奶 
巧克力 
牛奶 香蕉 
牛奶 
牛奶 草莓 
双重 巧克力 
草莓 
牛奶 
巧克力 
柠檬 挞味 注心 
巧克力 
草莓 
芝士 蛋糕 
红酒 巧克力 
抹茶 
牛奶 
巧克力 
菜园 小饼.番 
椰子 酥 
鸡蛋 薄 饼干
原味 桃酥 王饼 
红枣味 桃酥 王饼 
果乐果 香凤梨味 果酱 夹心饼 
果乐 果香 草莓 味果 酱 夹心饼 
果乐 果香 蓝莓味 果酱 夹心饼 
葱香味 梳 打 
奶 盐味 梳 打 
牛奶 味 早餐 
红枣味 早餐 
原味 早餐 
红枣 早餐 
咸薄 脆饼 
甜薄 脆饼 
木糖醇 早餐 饼干 瓜蔬 
猴菇 蛋旦 
猴菇 薄脆饼 
猴菇 酥性 
奶 盐味 梳 打 
芝麻味 梳 打 
葱香味 梳 打 
奶 盐味 梳 打 
芝麻味 梳 打 
葱香 梳 打 
牛奶 早餐 
草莓 
牛奶 
士多啤梨味 名 草莓味 威化 
巧克力 味 威化 
椰味 威化 
香芒味 威化 
牛奶 早餐 
原味 早餐 
果乐果 香 蓝莓饼 
果乐果 香 凤梨饼 
果乐 果香 草莓 
果乐 果香 草莓 味果 酱 夹心饼 
蛋黄派 蛋 黄味
蛋黄派 草莓 
软 面包 香 
软 面包 奶香 
软 面包 香 
软 面包 奶香 
软 面包 香蕉 
软 面包 香 
软 面包 奶香 
瑞士 卷 香蕉 
瑞士 卷 香 
瑞士 卷 巧克力 
瑞士 卷 草莓 
小 面包 奶香 
小 面包 奶香 
小 面包 奶香 
盼盼 软华夫 蛋糕 原 味
盼盼 软华夫 蛋糕 奶 香味 
手撕 面包 奶香 
包梅尼耶干 蛋糕 奶 香味 
梅尼耶干 蛋糕 草莓 
梅尼耶干 蛋糕 柠檬 
梅尼耶干 蛋糕 奶 香味 
包梅尼耶干 蛋糕 草莓 
包梅尼耶干 蛋糕 柠檬 
包梅尼耶干 蛋糕 奶 香味 
麦 香鸡 味 麦 香鸡 
旺旺 挑豆 包 _脆皮 
蔬菜 
旺旺 雪饼_ 
艾比利薯片 田园 番茄 
麦 香鸡 味 番茄 鸡味 
芥末 虾味 
豆香 锅 巴 烧烤
旺旺 挑豆 包 
旺旺厚 海苔 
麦 香鸡 味 块 墨西哥 
旺旺 挑豆_ 
旺旺 挑豆 回味 蚕豆_ 
麦 香鸡 味块 葱香 
麦 香鸡 味块 香蕉 
旺旺 大雪 
旺旺 煎豆 
冰淇淋 味 圈 冰淇淋 
麦 香鸡 味 烧烤 牛排 
麦 香鸡 味块 香辣 鸡味 
豆香 锅 巴 
旺旺 挑豆 包 花生
烧烤味 
艾比利薯片 风情 烧烤 
水 煮 鱼
麦 香鸡 味 紫菜 
巧克力 味圈 巧克力 
蔬菜 
艾比利薯片 真情 原 味
旺旺 挑豆 包 回味 
豆香 锅 巴 
海苔味 
玉米 味酥 玉米 
辣嘴 藤椒味 
浪味 仙粟 
旺旺 雪饼 五角包 
坚果 锅 巴 
坚果 锅巴 
旺旺 黑米 雪饼_ 
番茄 比 萨味 注心 
曲奇 草莓 奶香 
曲奇 巧克力 香蕉 
曲奇 牛奶 巧克力 
连 
旺仔 小 馒头_ 牛奶 
旺仔 小 馒头_ 经典 原 味
芝麻味 通心 曲奇饼 
椰味 威化 
香芒味 威化 
三文治 蛋 
旺仔 牛奶 糖_ 
旺仔 糖_ 
旺仔 糖_ 青 苹果 
旺仔 糖_ 
旺仔 糖_ 
旺仔 糖_ 
旺仔 糖_ 
旺仔 糖_ 草莓 
旺仔 糖_ 
果冻 
果冻 _什锦果 
旺旺 茶味 
亲亲 果肉 果冻 桔子 味 
亲亲 果肉 
亲亲 果肉 果冻 桔子 味 
亲亲 果肉 果冻 雪梨味 
亲亲 果肉 果冻 什锦味 
亲亲 果肉 果冻 葡萄 
亲亲 果肉 果冻 苹果味 
亲亲 果肉 果冻 蜜桃 黄桃 
果冻 _热带 水果 
果冻 
果冻 菠萝椰 
果冻 
果冻 
果冻 
亲亲 心形 手提袋 水果 
亲亲 背包 
亲亲 异型 可 吸果 
亲亲 水果 
亲亲 钙乳 酸果 
亲亲 吸 吸 果汁 
亲亲 可 吸果 冻 香橙味 
亲亲 吸 吸 果冻 香橙味 
亲亲 吸 吸果 冻 葡萄味 
亲亲 吸 吸果 冻 芒果味 
亲亲 吸 吸 果冻 荔枝味 
亲亲 吸 吸果 冻 草莓 味 
亲亲 吸 吸果 冻 菠萝味 
爽口 
散装 小 面包 奶香 
散装 瑞士 卷 草莓 
散装 手 撕 面包 红箱 奶 香味 
散装 软 面包 奶香 
原味 
亲亲 果肉 果冻 桔子 味 
亲亲 果肉 果冻 桔子 味 
旺旺 雪饼 经济 包_ 
旺旺 大米 
旺旺 仙贝 经济 包_ 
猪 副产品 
代 订 机票 产品 
华为 手机 网通 香槟金 
足 白襟蛤 
足 红襟蛤 
长柄 
草襟蛤 
迪汽车 纱襟 拆套 
阳针 圆领 背心 
迪针 短蛤 
螺纱 对襟 
蓝 字母 大 睡袋 
散装 软 面包 奶香味 
亲亲 散装 果肉 果冻 桔子 味 
服装 
广东 低 钠 小 包盐 
广东 加 碘 小 包盐 
广东 加 碘 小 包盐 
空冷器 
雪天 绿色 加 碘 精制盐 
贵州 加 碘 小 包盐 
纸箱 装 
亲亲 吸 吸果 冻 菠萝味 
亲亲 果肉 果冻 蜜桃 黄桃 
亲亲 果肉 果冻 什锦味 
亲亲 果肉 果冻 葡萄 
亲亲 果肉 果冻 桔子 味 
亲亲 心形 手提袋 水果 冻 
软 面包 奶香味 
软 面包 奶香味 
软 面包 香 橙味 
果乐果 香凤梨味 果酱 夹心饼干 
包梅尼耶干 蛋糕 奶香味 
木糖醇 早餐 饼干 瓜蔬 
原味 早餐 饼干 
原味 桃酥 王饼干 
艾比利薯片 田园 番茄味 
烧烤味 
麦 香鸡 味块 香辣 鸡味 
麦 香鸡 味块 香蕉 味 
麦 香鸡 味 烧 烤牛 排味 
麦 香鸡 味 块 墨西哥 鸡味 
麦 香鸡 味 麦 香鸡 
麦 香鸡 味 番茄 鸡味 
鸡蛋 薄 饼干 
软 面包 奶香味 
小 面包 奶香味 
软 面包 香 橙味 
小 面包 奶香味 
软 面包 香 橙味 
抹茶 味香 薄趣 
红枣 早餐 饼干 
牛奶 早餐 饼干 
纸箱 装 
彩膜 
白膜 
纸箱 装 
4月 服务 
可 比 可 摩卡 咖啡 
32g 可比 可 豪享 拿铁 咖啡 配 焦糖 糖浆 调味包 
可比 可 豪享 卡布奇诺 咖啡 配 巧克力 味粉 
32g 可比 可 豪享 拿铁 咖啡 配 焦糖 糖浆 调味包 
亲亲 果肉 果冻 雪梨味 
小 面包 奶香味 
瑞士 卷 香 橙味 
瑞士 卷 巧克力 味 
瑞士 卷 香蕉 味 
瑞士 卷 草莓 味 
巧克力 
比萨 
果乐 果香 草莓 味果 酱 夹心饼干 
巧克力 味 香 薄趣 
咸薄 脆 饼干 
芝麻 味 香 薄趣 
星 巧克力 
红枣味 早餐 饼干 
麦纤味 早餐 饼干 
牛奶 味 早餐 饼干 
原味 早餐 饼干 
皇冠 丹麦 曲奇 饼干 
皇冠 丹麦 葡萄 干曲 奇饼干 
爱 时 乐椰 香威化 卷心酥 
钙芝 奶酪 味 注心 威化棒 
爱 时 乐 绿 茶味 威化 卷心酥 
红枣味 桃酥 王饼干 
巧 心柔. 芝士 蛋糕 
巧 心柔. 巧克力 
巧 心柔. 红酒 
纸箱 装 
纸箱 装 
纸箱 装 
纸箱 装 
纸箱 装 
纸箱 装 
纸箱 装 
纸箱 装 
纸箱 装 
霍尼韦尔 扫描 枪 优解 黑 
毛盐 
打印费 
防爆挠性 连接 
防爆 接线 
防爆 穿 线 
防 爆管 
防爆 电缆 夹 紧密 封 
防爆 控制 按 
防 爆活 
服装 
礼品 卡
代 订 客房 服务 
智能 设备 华为 路 由 子母装 白色 
浙江 颂康 低 碘 竹盐 纸箱 
硬皮 笔记本 
手机 株光白 
生态·沱牌 天曲 品鉴装 
沱牌 特曲 品鉴装 
生态·沱牌 天曲 
品鉴装 
云棉 红长 裆衣 
云棉 短 裆衣 
配件 
华为 手机 全 网通 黑色 
天猫 超市 太 粮 曼哈 浓香 小 茉莉 香米 大米 进口 原粮 国内 包装 
天猫 超市 安小乙 原味 猪肉 脯 休闲 熟食 零食 小吃 肉干 靖江 特产 
天猫 超市 屈臣氏 箱装 饮用水 蒸馏制法 
天猫 超市 旺旺 小小酥 原味 小 包薯片 零食 礼物 
混米色 精品 乳胶枕 
蚕丝 被 
藏青色 懒人 舒适 沙发 
咖啡金 
混灰色 多 功能 护颈枕 
吊坠 
格伟 养生壶 多 用 壶 
九阳 压力 电饭煲 
华为 手机 全 网通 浅 艾蓝 
保针 长袖 套衣 
迪卡侬 运动 恤男 长 袖速 干衣 宽松 户外 薄款 防晒衣 透气 跑步 上衣 
服装 
安全 用 织物 制品 
钉 白盘 钢圈 黑皮 
兔 短蛤 
食品 
热卖 中 汉字 里 国学 
跑步 
针织 短 裤
草莓 香草 
红酒 巧克力 
牛奶 
巧克力 
提拉米苏 
芝士 蛋糕 
麦 香鸡 味 紫菜味 
麦 香鸡 味块 葱香味 
旺旺 大礼包_ 新 
包梅尼耶干 蛋糕 奶香味 
巧克力 味 威化 饼干 
舍 道 
舍 道 品鉴装 
窖龄 舍得 
品味 舍得 品鉴 专用品 
品味 舍得 品鉴 专用品 
品味 舍得 
品味 舍得 
纸箱 装 
纸箱 装 
纸箱 装 
纸箱 装 
纸箱 装 
纸箱 装 
纸箱 装 
纸箱 装 
纸箱 装 
纸箱 装 
纸箱 装 
童装
九阳 榨汁机 
金立 手机 暗 夜 黑 网通 手机 
华为 笔记本 电脑 
四季 慢 回弹 记忆 棉枕 
乳胶枕 
花草 
专业 版 分 模块 单 站点 
笔记本 
单口全千兆 收发器 
监控 电源
电源 
线材 
流 媒体 服务器 
储存 
高清 枪机 
液晶 监视 
服务器 
服务器 电源
交换机 
停车费 
生态·沱牌 天曲 
生态·沱牌 特曲 
生态·沱牌 
生态·沱牌 天曲42% 品鉴装 
沱牌 特曲 品鉴装 
汽车 保养
机动车 商业 保险 服务 
机动车 交通 事故 责任 强制 保险 服务 
新 红国 
金 国色
银国色
迪汽车纱 蛤 
对讲机 电池 
蓝 飞机 纱 蛤 
胶管 成 
金蝶 迷你版 软件 
金蝶 标准版 软件 
金蝶 云 专业版 软件 
金蝶 旗舰版 软件 
软件 服务费 
捷安特 进阶 款式 镜片 
时间 价值 
活 余华 作品 
贝纱 蛤 
板长袖 套衣 
提蓝 短 对襟 
静享灭 蚊灯 紫红色 
袖套 夏季 薄款 
腿 套 夏季 薄款 
海针 背蛤 
森针 衣裤套 
植物 精华 洗衣液 瓶装 
植物 精华 洗衣液 补充 装 
迪针 薄袜 
英布 凉鞋 
2016 车裤 
品味 舍得 
九阳 豆浆机 
泰昌 养生机 
香 满 楼 纯 牛奶 无 新 老 包装 发货 
租 车 
精品 窖藏九 陶醉 酒 
晶品 舍得 
品味 舍得 团购版 
乡土 中国 
沈 从 口述 
叛徒 隐士 周作人 
从 文自传 
西玛 开 收据 单栏 包 带 撕裂 线 无 碳复写 单据 
生态·沱牌 小箱 
生态·沱牌 特曲 小箱 
天猫 超市 洽洽 皇葵山 核桃 味 坚果 炒 货 瓜子 葵花籽 
天猫 超市 松鼠 卤 香铁 蛋蛋 休闲 零食 特产 卤蛋 鹌鹑蛋 小吃
天猫 超市 松鼠 奶香 花生 休闲 零食 坚果 炒货 带 壳 奶香 
天猫 超市 松鼠蟹 黄 味 瓜子仁 零食 炒货 葵花籽仁蟹 黄味
天猫 超市 松鼠 坚果 开口 松子 特产 炒货 东北 
天猫 超市 松鼠 兰花豆 休闲 零食 特产 炒货 豆制品 
天猫 超市 松鼠 坚果 手 剥巴旦木 零食 炒货 
天猫 超市 松鼠 坚果 开心 果 休闲 零食 特产 炒货
天猫 超市 松鼠 坚果 碧根果 零食 特产山 核桃 长寿 
天猫 超市 松鼠 纸 皮 核桃 坚果 炒货 特产 薄皮 核桃 原 味
天猫 超市 松鼠 甘栗仁 休闲 零食 坚果 特产 板栗 栗子 
天猫 超市 乐事 薯片 得克萨斯 烧烤味 美味 
天猫 超市 乐事 薯片 黄瓜味 休闲 膨化 零食 出游 
天猫 超市 乐事 薯片 无限 黑椒牛 扒味 零食 休闲 办公 
天猫 超市 乐事 薯片 无限 嗞嗞 烤肉 味 零食 办公 休闲 
天猫 超市 乐事 薯片 鲜 浓番 茄味 罐 办公 
天猫 超市 乐事 薯片 忠于 原味 经典 休闲 
天猫 超市 金龙鱼 软香稻 正宗 苏北 大米 射阳 
天猫 超市 妙洁 一次性 杯子 纸杯 增 厚 渗漏 中号 
天猫 超市 白猫蓝 洁灵 洁厕液 洁厕剂 清洁 剂瓶 装
天猫 超市 枪 天然环保 竹牙 签餐 用 牙签 罐装 竹牙 签 
天猫 超市 阿姿玛果蔬 篮沥水 圆大号 加厚 漏筛 水 菜篮子 收纳
传奇 
天猫 超市 飞科 电动 剃须刀 全身 水 洗 智能 充电式 男士 刮胡刀 
天猫 超市 良品 铺子 欢乐 美 分享 组合 芒果 干猪肉 脯 碧根 
天猫 超市 良品 铺子 海盐 开心 果 坚果 零食 干果 炒货 干果 
天猫 超市 公仔 面迷 面 装 碗仔 面点 心面 方便面 
保暖 被 
凉感 慢 回弹 记忆 棉枕 
舒雅灰 床 针织 条纹 
友商 在线 进 销 存 标准版 站点 
商务 净水 
步进式 开水器 
按摩 
招标 代理费 
终端 显示 
激打 金额 记帐 凭 
系列 专用 尼龙管 
二代证 
采集器 
金 蝶妙 想 条码 管理 软件 
租金 
宣传 服务 
绿联 转 线 转换 器带 音频口 高清 视频 转 接头 适配器 电脑 盒子 连接 投影仪 
空调 维修
健身包 金蝶 有 礼 
恤衫 金蝶 有 礼 
口袋 金蝶 有 礼 
文人 套装 金蝶 有 礼 
领带 金蝶 有 礼 
丝巾 金蝶 有 礼 
有机 产品 套装 金蝶 有 礼 
裙（金蝶 有 礼 
定制 书架 
充电宝 金蝶 有 礼 
台灯 金蝶 有 礼 
文件 费
康美 项目 实施 验收 
现代 服务 服务 
培训 
优联 条码 管理 系统 软件 
审计费 财产 损失 
活动 布展
隆腾 速 飞条 形码 管理 软件 
教育 服务 培训 
招标 代理 服务 
黑檀莲 花团线 香盒 
会议 费
律师 费
安全 服务 
泡沫 洗手 
浙江 商用 擦 
土豆 泥薄饼 
品 富 普洱 
塑料 购物 
妙 洁 一次性 纸杯 
米 奇雪 米饼
逗客 手 磨豆 干 
香约 麦香味 奶茶 
香约 香芋 味 奶 茶
马 大姐 
豌豆酥 
多 味 锅 巴 
雀巢 咖啡 
达利园 蛋糕 
米 奇 散装 
青豌豆 
幕墙 开 
深圳 金蝶 软件园 星光 大道 改造 工程 
电话 数据 会议 
金蝶 软件 服务 
履约 服务 
旅游费 
设备 改造 费用 
九阳 家用 净水器 净水机 超滤 饮 无 废水 
信息 系统 服务 
投影机 
投影机 附件 
投影机 维护费 线材 维护 
维保 服务 
代理费 
货运 代理 服务 
2018 智能 折 
金蝶 标准版 软件 
金蝶 记账 王 软件 
金蝶 迷你版 软件 
金蝶 易 记账 软件 
金蝶 旗舰版 软件 
金蝶 云 专业版 软件 
黑色 键盘 套装 微软 Microsoft 新 合 平板 电脑 
拍摄 制作 
华为 香槟金 移动 联通 电信 手机 卡 待 
金蝶 汽车 管理 软件 
云 家 会议 
延宁 椅子 黄色 
金蝶 新 财务 解决 方案 
战略 驱动 全员 互联—金蝶 人力 资源 管理 解决 方案 
修 产品 包 折页 快修云 
金蝶云 管理 实验室 解决 方案 
链路 负载 均衡 
音箱 喷五金 漆加 
音箱丝 
华博 风险 管理 系统 简称 华风 
专业 技术 服务 
场地 费
科沃斯 窗宝 全 自动 智能 家用 擦窗 擦 玻璃 清洁 机器人 
绿联 线 数字 高清线 视频线 笔记本 电脑 连接 电视 显示器 
绿联 高清 切换器 进 出 进 电脑 盒子 视频线 显示器 共享 
金蝶 应用 服务器 软件 
金蝶 主 数据 管理 软件 
金蝶 应用 服务器 软件 
金蝶 企业 服务 总线 软件 
金蝶 云公仔 金蝶 有 礼 
松鼠 坚果 炒 货 零食 坚果 手 剥 开口 松子 
松鼠 坚果 炒货 坚果 碧根果 
松鼠 坚果 炒 货 零食 坚果 开心 果 
松鼠 坚果 炒 货 零食 坚果 手 剥巴旦木 
松鼠 坚果 炒 货 零食 奶油味 夏威夷果 
幕墙 维修 
金蝶 企业 云盘 
苹果 手机 
帕比斯 附盖 储物盒 褐色 
托尔卡干 花束 柳木 旋 拧 白色 
萨黛 灯 串 透明 电池 操作 室内 
适马 全 画幅 超广角 变 焦 镜头 星空 风光 尼康 单反 卡
代 订 房 费
山图 干红 葡萄酒 
山图 干红 葡萄酒 
干红 装横版 空礼 
瓶装 无纺布提 
电梯 
苏泊尔 火红点 系列 无油烟 粘 锅具 套装 组合 
妈咪 宝贝 小内裤 增量 装 加大 号 尿 湿 女 
网络 推广 费用 
住宿费 
信息 技术 服务 
商场 包装 服务 
家具 组装 
家具 家居 用品 
代诺 拉 大 杯 蓝灰色 白色 
艾隆里卡 被 套 枕套 米黄色 褐色 
布罗奈瓦 床 垫罩 米黄色 
歌斯布 被子 白色 冬 被 
租金 
金蝶 圣诞 歌唱 比赛 晚会 现场 视频 
晚宴 鲜花 
招标 代理 服务 
轻薄 笔记本 电脑 
2017年 新 米 上市 十月稻田 五常 香米 稻花 香米 东北 大米 大米 
云腾 精品 便携 三脚架 云台 套装 微单 数码 单反 相机 摄像机 旅行 用 优质 
2017年 新 米 上市 十月稻田 五常 香米 稻花 香米 东北 大米 大米 
虎牌 保温 杯轻量型 男女 水杯 深 灰色 
招标 服务 
沙发 组装 
卡斯塔 人 沙发 套 基尼 萨淡 灰色 
卡斯塔 人 沙发 衬里布 
拉克 茶几 仿桦木 
多姆巴 衣柜 白色 
斯科瓦床 中 电镀 
特里索 床架 白色 淡 灰色 
马尔姆 屉柜 白色 橡木 贴面 
哈玛维 弹簧 床垫 硬型 深 米色 
斯朗塔 编织袋 大 浅 粉色 
埃斯汀 衣架 黑色 
芬尼斯 垃圾桶 白色 
约洛克 枕头 高枕 
科诺利 毛绒 玩具 猪 粉红色 
沃格逊 毛巾 深蓝色 
沃格逊 毛巾 深 灰色 
上海 金蝶 软件园 篮球场 混凝土 基础 工程
楼 409室 楼 楼 渗 水 维修 
复印 
楼 西侧 更换 玻璃 
外包 实施 费
鲁 瑞床 板架 
雨棚 更换 夹胶 钢化 玻璃 
电子 发票 平台 使用 
招标 代理费 
电子 发票 平台 使用 
人身 意外 
人身 责任 
健康 险
家财险
摩托罗拉 采集 
代理 运输 服务 
齐心 可 充电 便携式 翻页笔/ 翻页笔 激光 翻页笔 无线 演示器 红 光 
华为 华为 手环 蓝牙耳机 与 智能 手环 结合 金属 机身 触控 屏幕 真 皮腕 带 商务版 摩卡 
设备 租赁 
麦克维尔机组 配件 更换 工程款 
门 禁 系统 现场 服务 
印制 周历
京东 自营 免息 智云 磨砂 黑智云 稳定器 手 持 轴 
数字 生产线 
数字 生产线 
金蝶云 家 企业 移动 工作 
健身 
培训 费用 
物流 管理 模拟 沙盘 实训 课程 软件 
德尔玛 加湿器 容量 触控 感温 家用 卧室 静音迷 办公室 香薰 加湿 金色 
互联网 
黑 
印刷 画册 旗帜 
优联 供应商 协同 系统 软件 
中标 服务 
卡 读 写 
软件 开发 
黑 全新 亚马逊 咪咕 电子书 阅读 
蓄电池 
精斗云公仔 金蝶 有 礼 
凌美 钢笔 金蝶 有 礼 
实施 费
安达发 软件 服务 
恒星 宝珠笔 金蝶 有 礼 
保 
开发 外包 服务 
安达发 安普赛 精益 制造 管理 系统 
苏泊尔 多 用途 锅 多 功能 家用电 蒸锅 可 
数据 采集 
星纳 医药 管理 系统 
双飞燕 有线 鼠标 办公 鼠标 鼠标 笔记本 鼠标 黑色 
雷柏 有 线 鼠标 办公 鼠标 鼠标 笔记本 鼠标 黑色 
安全 服务 
长袖 
隆腾 速 飞条 形码 管理 软件 
门票 
开发 
服务 
实施 
外包 服务 
营养 
原浆·沱牌 
生态·沱牌 特曲 
菜梭 短蛤 
阅针 长蛤 
尊针 长蛤 
沱牌 大曲 新 简装 圆瓶 
精斗云 软件 服务费 
生态·沱牌 
亚都 加湿器 
静享灭 蚊灯 铁蓝色 
乳胶 床垫 咖啡金 
保 贴帽 
森蓝 小 抱 被 
足 蓝 圆帽 
棉糖 纱 小 方巾 装 
蓝彩 手脚 套 
药品 
霍尼韦尔 扫描枪 黑 
支架 适用 于 
习毛 短 外套 
棉糖纱 大方巾 
派针 圆帽 
红 绒长 蛤 
梦 大 床包 
草白 袍 
经典 柔棉 袍 
草和袍 
羊 袍 
轻羽 长帽 外套 
金蝶 软件 
日常 用品 
水果 
天润 酸奶 
远 山绿 人 布艺 沙发 
远 山 绿 双人 布艺 沙发 
水果 
波浪枕 礼品 装 
家具 家居 用品 
智能 视窗 保护套 深蓝色 
华为 智能 手表 碳晶黑 黑色 运动表 带 
硬件 
菜针 短袖 套衣 
专属 服务 
专项 服务 
优联 供应商 管理 平台 标准 报价表 普及 版 
金蝶 
金蝶云 财务 云 数学化 生存 管理 
二维码 解决 方案 
金蝶 解决 方案 
2017 金 蝶 汽车 经销 集团 信息化 管理 解决 
金蝶 投票 专用 
手提袋 
与 管易 电商 解决 方案 
移动 轻 应 折页
战略 驱动 画册 
集团 企业 数字化 转型 实践 
云 服务 产品 
轻 财务 共享 解决 方案 
2018 总体 
房地产 数字化 转型 实践 
圆柱 
环形 音箱 
扫描 
凌美 宝珠笔 金蝶 有 礼 
安健达 坐 厕 
金蝶 官网 2017年 10月 至 12月 设计 制作费 
车用 汽油 
车用 汽油 
爱普生 色带 架 黑色 
培训 服务 
修理 修配 
机动车 备件 零配件 
展厅 开园 现场 拍摄 视频 
发明 专利 申请 代理费 
金蝶 展厅 透明 频特效 视频 制作 
金蝶 圣诞节 打 雪仗 特效 短 视频 
视频 剪辑费
记号 
证书 
标签 
美工 
计算机 
变频器 
认证 
金格 中间 软件 
金格 电子 签章 系统 
减速器 总成
冷却 塔风扇 总成
套装 
套装 
电机 
场地 活动 费
版权 代理 服务费 软件 
飞利浦 格栅灯 
配件 
沟通 高级版 接入 平台 软件 
打印 装订 
软件 维护 服务 年费 尾款 
财产 保险 服务 
印字 
数据 开发 工具 
摩托罗拉 采集 
红 酒 
租金 
租金 
多媒体 设计 
包 维修 服务 
采集器 原 厂 标配 硬件 
条码 打印机 斑马 有效 打印 纸宽 为 
电脑 配件 
续保 服务 月 延保 维护 服务 小时 上门 服务 
金蝶 软件 服务 费用 
服务 
设备 维护 
中标 服务 
电子 邮件 应用 开发 服务 
售 电
摄影 摄像 后期 
工业 版 沙盘 
信息化 技术 服务 
服务 费用 
企业 信息 管理 咨询 服务 
软件 实施费 安康健 
丝 瓷茶 套装 
丝瓷 套装 
采 实施 上 线款 
采 开发 上 线款 
信息 技术 服务 软件 服务 
标书费 
软件 实施费 康铨 
软件 维护 服务 
深圳市 康必达 控制 技术 有限公司 开发 项目 
实施 费用 
现代 服务 会议 费
软件 开发费 明源 
音响 配件 
软件 开发费 华讯方舟 
软件 开发费 东方 富海 
技术 服务费 万翼 网络 
技术 服务费 深 福保
技术 服务费 创新 
技术 服务费 
人力 外包 服务 
中央 空调 维护 保养 服务 
金蝶 应用 服务器 软件 
金蝶 服务费 
软件 实施费 广供 
软件 实施费 双翼 
整体 布展 设计 
水池 清洗 检测 服务 
乐扣 乐扣 保温 
外包 服务 
招标 文件 
软件 服务费 软件 服务 
速记 
活动 
卷门 
卡桌
人力 资源 服务 会议 费
学习 管理 平台 系统 实施 费
场地 租赁 
学习 管理 平台 实施 费
招标 文件 费
招标 服务 
金蝶云 
金蝶云 制造 元年 云 总体 
金蝶云 真 平台 征 变 
集团 介绍 册 简装 版 
车 商悦 伙伴 政策 宣传 
包 胶 
纸箱 套装 
纸箱 套装 
纸箱 套装 
纸箱 套装 
演出 
小米 小米 音箱 白色 小 爱 智能 音箱 听 音乐 语音 遥控 家电 人工智能 音箱 
2018年 01月 电费 
壁挂 广告 
五金 
信息 安全 等级 保护 测评 服务 
机器人 
山泽 工程级 网络 水晶头 网络 水晶头 电脑 网线 接头 
琪月 石智能 音箱 无线 蓝牙迷 音响 哑枪 
京东 人工智能 音箱 新旗 舰迷 音响海量 应用 内容 语音 操控 
绿联 转 转换器 扩展 坞适 配器 转 接头 数据线 苹果 华为 
新 年货 小米 红米 全 网通版 樱花 粉移动 联通 电信 手机 卡 待 
金士顿 低 电压 版 笔记本 
浙江 商用 简易 
话机 
软件 
招聘 服务 
团队 活动 
注册 服务费 
模拟 半球 摄像机 
室外 高速 智能 监控 
多 林 彩色 复印纸 
齐心 半包胶 劳夹 
朱肉 印台 Φ 红色 
齐心 黑色 强力 长尾 票夹 盒装 黑
齐心 美术 用 橡皮擦 大 棕
消防维 保费 
软件 服务 
金蝶 软件 宣传 资料 
实施 服务 开发 
东方 投资 项目 外包 蓝图 款 
华泰 期货 项目 外包 蓝图 款 
包 维修 服务 
金逸 项目 需求 蓝图 款 
软化 开发 服务 
麦德龙 石塑 环保 购物 袋 大号 
雀巢 咖啡 原味 溶 咖啡 饮品 
庆芳 蕾菊 
项目 合作 
工卡 套台 卡
彩色 
培训 
划船 
活动 策划 服务 
透明 触摸 
赛格 集团 项目 验收 
任达 项目 实施 
超多维 项目 实施 
依偎 项目 开发 
标书 款 
软件 实施费 电力 设计院 
米家 小米 米家 对讲机 背夹 黑色 轻巧 便携 边角 保护 稳固 贴 合 色 适配
金 砖 国 
腾达 交换机 家用 宿舍 交换器 监控 网络 网线 分线器 
无线路 由 器智 能 路 由 光纤 宽带 大户 穿 
网络 推广 费用 
软件 维护 
2017年 10月 电费 
减速器 
印刷费 
数字 证书 认证 系统 简称 
电费 加价费
物业 
软件 服务 技术 服务 
证书 内 
交易 服务 
三星 碳 
爱普生色 带 
迭代 交接 图 智能 桌子 
精明鼠 最新 版 无 杂音 无 干扰 寻线器 网线 测试仪 寻线 
2017年 12月 电费 
2017年 11月 电费 
富士通 平推式 针式 打印机 快递 单税 控 票据 出库单 打
佳能 无线 黑白 激光 打印机 
影视 制作 服务 
荣耀 畅 玩 全 网通 全面 屏 手机 标配 版 幻夜 
车用 汽油 
云 家 接口 功能 开发 
爱普生 针式 打印机 升级版 针式 打印机 
互联网 服务 
插头 金蝶 有 礼 
广告 印刷 制作 
计算机 配套 产品 电脑 配件 套件 8GB 
电脑 配件 客户端 特殊 包装 服务 
电脑 配件 
笔记本 
信息 技术 服务 软件 服务 软件 开发 服务 
配件 
低压 交流 伺服 电机 
线材 
租金 
人脸 指纹 考勤 
项目 实施 交付 费用 
策划 服务 
微信 认证 服务 
工程 服务 金蝶 栋 局部 结构 加层 工程 安装 
软件 实施费 泉州 嘉华 
软件 开发费 国资委 
技术 服务费 力高
服务费 
软件 开发费 特区 建设 
金属 吊牌 
软件 开发费 万翼 
软件 实施费 
条码 打印机 
软件 开发费 华大 基因 
软件 开发费 明源 
软件 开发费 华讯方舟 
软件 开发费 宇宏 
羊城 食品 开发 需求 款 
任达 项目 开发 
软件 开发 服务 
软件 实施费 康铨 
羊城 食品 实施 蓝图 款 
上海 园区 更换 玻璃 工程 
中海 上 线款 
软件 开发费 电力 设计院 
金蝶 门户 平台 软件 
金蝶 一体机 新款 
金蝶 触摸屏 15寸屏/ 
泰 一拖 打印 
热敏 打印机 
钱箱 黑色 钱 
新品 替代 
联想 
三星 固态 
人脸 指纹 考勤 
金 蝶妙 想 人力 资源 管理 软件 
合影 拍摄 后期 制作 冲印 服务 
盒 抽
五金 
依偎 项目 实施 
标书 编制 
劳务 派遣 
钢琴 租赁 
软件 服务 
2017年 09月 电费 
中外 管理 
金蝶 软件 实施 服务 
电梯 配件 
中海 验收 
云棉 短襟 蛤 
化学会 海报 制作 
缤梭 长裤 
缤针 中 裤 
阳明 先生 半身像 
金蝶 
电子秤 底 坐带 显示 按键 无 杆 
热卖 中 走 远 路 来到 面前 
金饰品 
铂金 首饰 
影像 软件 系统 
金蝶 纸质 发票 开票 产品 
金蝶 企业 管理 软件 
金蝶 企业 管理 服务 平台 软件 
中华 翻盖 
雪天 加 碘 深井精盐 
浙江 颂康 纯 精竹盐 纸箱 
浙江 颂康 美鲜富竹盐 纸箱 
粉盐 
天鹅 明粉 
杜蕾斯 避孕 套男 用 安全 计生 用品 装 装 成人 用品 
九阳电 压力 煲 
九阳 豆浆机 
舒雅灰 床 针织 条纹 
臻 纯 精制碘盐 
银 首饰 配件 加工 
配套 服务 
装修 管理费 
软 中华 
会员 注册 
搬运费 
会员 
光电 测量 仪器 适配器 12VDC 
适配器 附件 
电子 银行 业务 服务 
安装 
绿化 养护 
安保 服务 
房费 
长袖 圆领 
长袖 圆领 
桌椅 拆 
填充类 玩具 
不锈钢 饰品 起 版 加工 
2018年 5月 物业 管理费 
2018年 4月 厂房 水电费 
更换 化油池 过滤 清洁 
清理化 油池 油渣 服务 
2018年 5月 厂房 租金 
服务器 
延长 
代 订 房 费
18K 镶嵌 首饰 
白酒 
形象 
绿联转 
移动 硬盘 
监控 主机 
金镶 钻石 首饰 
抽 储物柜 
掩门 储物 
抽 储物 
分店 摄影费 
授权 金
黑色 雨伞 
窗帘 
启福 嘉年华 外派 保洁费 
团体 意外 伤害 保险
平安 附加 意外 伤害 团体 医疗 保险 
软件 
多 功能 测钻 
防 雷 检测 
水费 4月份 
管理费 5月份 
图文 展示 
设计 服务 造型 费
场地 租赁 
技术 服务 费
广告 设计 
纯 银
防伪 封箱 
威露士 衣物 消毒液 
无线网卡 
伟卓 平板 
礼盒 
传 美 小 盘纸 
白色 
台 
薄膜 
2000年 复印纸 
费时 
盘管 电机 
吊牌 
空调 设备 改造 工程 
齐心 标准 中性 
电脑纸 彩
插戒 后备盘 装 
插戒 后备盘 新款 壹方城店 地柜 后备盘 
耳环 后备盘 装 壹方城店 地柜 后备盘 
翡翠 吊坠 后备盘 装 壹方城店 地柜 后备盘 
手镯 后备盘 装 壹方城店 地柜 后备盘 
项链 后备盘 装 壹方城店 地柜 后备盘 
壹方城店 地柜 后备盘 
地柜 吊坠 后备盘 装 壹方城店 地柜 后备盘 
壹方城店 地柜 后备盘 
壹方城店 地柜 后备盘 
壹方城店 地柜 后备盘 
中式 风格 柜 故宫 红框 大 
中式 风格 柜 故宫 红框 小 
中式 风格 柜 故宫 画面 框 大 
中式 风格 柜 故宫 画面 框 四格 
中式 风格 柜 故宫 系列 名牌 
怦然心动 小 展柜 层 台 
怦然心动 小 展柜 层 台 链坠 
空调 维修
住宿 
足金 
化妆镜 绵袋 
首饰 配件 
门票 
周大福 时尚 店 女 夏 短袖 上衣 国际 蓝 
周大福 时尚 店 女 夏西裤 国际 蓝 
周大福 名贵 豪雅 女 夏灰色 西裙
2013 版 豪雅店 男冬 
周大福 时尚店 男冬 西装 国际 蓝 
代理 手续费 
新增 语音 数据点 
自动 光圈 镜头 
管
镀 锌 
宝石 
奉客 
耳环 内 玉
手链 
枕头 包
吊坠 内 玉
手链 内 玉
手链 
套装 
手动 
排水沟 盖板
尼龙 扎 带 
生料 带 
液态 控制 
水表 
门铃 开关
电缆 卷线 
滑轨 
胶手套 
礼盒 套装 保温 
节能 
油刷 
启辉 
气管 接头
尖嘴 
拉手
创可贴 弹力型 
酒具 
迪士尼米妮心型 金币车 
国博 证书 武汉 
国博 证书 深圳 
国博 证书 武汉 
国博 证书 深圳 
铂金 婚嫁 系列 首饰 
橡胶 手套 
橡胶 手套 
扫 把 
排 
洗衣 
标识牌 制作 
包装盒 大 
包装 
包装 
茶陵 香氛
小款 心型 戒指盒 桃红色 
小款 心型 戒指盒 粉红色 
目标 程序 开发 服务 
充电 电池 
电池 充电器 
希捷 新 睿翼 1TB 移动 
泡沫 出 液器 
印刷 类 什项 
版 时尚 店橱 窗／展 柜层 板木杯 低 
时尚 店橱 窗／展 柜层 板木杯 中 
版 时尚 店 橱窗 展柜 层板 支架 插件 适用 
2017 豪雅 戒指座 大 
2017 豪雅 柜单 横版 手镯座 
2017 豪雅 柜方型 链坠座 
2017 豪雅 柜 黄金 手镯座 
2017 豪雅 柜 黄金 项链盘 
雅地柜 三角形 对 耳钉座 
陈列什 项类 
花月 佳期 系列 地柜 背板 画 大 小 
绝泽 背板 画 组合 大 配 小 
版 时尚 店橱 窗／展 柜层 板支架 低 
版 时尚 店橱 窗／展 柜层 板支架 高 
时尚 店橱 窗／展 柜层 板支架 中 
电源 
监控 电源 
时尚店 大 展柜 层台 橱窗 用 
黑莓 软件 
陈列什 项 北京 金源 开 店 陈列物 
陈列什 -SOINLOVE 济南 银座 开 店 陈列物 
综合 服务 
陈列什 武汉 世贸 开 店 陈列物 
陈列什 项 杭州 武林 银泰 开 店 陈列物 
授权 使用 
陈列什 项 深圳 来 福士 开 店 陈列物 
陈列什 项 杭州 西湖 银泰 开 店 陈列物 
时尚 维度 大 展柜 层 
中 方形 包装盒 大链坠 耳环/胸针 小 套装 
特 小 方形 包装盒 戒指 
电力 
卡
渡边 笔记本 
指纹 
软轴 
放大 
线 扣枪 配件 
镜子 灯 
镜子 
拍卖会 展柜 
拍卖会 柜 
天花 灯 
洽谈 
拨片 
和田 玉
现代 服务 广告 费
氦气罐 含 彩带 
组合 
证书 证书 
国博 证书 武汉 
国博 证书 深圳 
证书 皮壳
扫描器 
配件 
读 写 
黄金 饰品 加工 
爱心 
活动 服务 
小米
金龙鱼 多 用途 麦芯 
加力 苹果 
奇异 
霸王花 河源 米粉
网络 服务 
小 方形 包装盒 戒指 
渡边 活页 
拆 装 重组 
中 方形 包装盒 玉镯 大链坠 大手链 
尘毒 呼吸 防护 
艾利 热敏 
精选 食品 礼盒 
管卡
底盒 
杯 
水管 
电表 
方钢
透气 
筒 
自攻 
锯片 
人 字 
镀 锌 线 
铁丝
管箍
组合_零食 大礼包 碧根果 版 
常规 礼包 零食 大礼 包含 开心 果 
常规 礼包_ 松鼠锦 礼什锦 零食盒 
组合_零食 大礼 包含 松子 版 
视频 制作 费用 
时控 
热熔 
置物 
漏电 
型 
卷 
蓄电池 
扫描 
平板 电脑 
钢板 
不锈钢 围 
不锈钢 
柜门 
升级 版 成像 系统 部件 
物 生物 保温杯 
有机 玻璃 
玻璃 
不锈钢 锁 
拖车 
织带 
地 垫
周大福 名贵 豪雅 女 夏灰色 西装
周大福 时尚 店 女 冬西裤 国际 蓝 
周大福 名贵 豪雅 女 夏灰色 短袖 
周大福 时尚店 男冬 西裤 国际 蓝 
周大福 时尚店 女冬 西装 国际 蓝 
视频线 电源线 线材 配件 
升级版 音乐 蜗牛 电脑 小音箱 音响 音响 供电 低音炮 音响 
倍斯特 移动 电源 充电宝 智能 轻 小巧 输出 带电量 显示 苹果 安
升级版 音乐 蜗牛 电脑 小音箱 音响 音响 供电 低音炮 音响 白色 
周大福 时尚 店 女 夏西裙 国际 蓝 
版 女夏 孕妇 
相机 
显示器 
证件 卡套
代理 入库 
服务 
用 
电话 转 
苹果 笔记 
打印 一体 
洁丽雅·兰 毛巾 浴巾 毛巾 家纺 泰迪熊 简尚 面巾 装 灰 
运动 
飞利浦 电动 牙刷 充电式 成人 声波 震动 
视频 
多 
触摸 控制 
惠普台式 电脑
包装 
包装 
125450juvil 擦拭 布封 
手 挽 袋 
125439HELLO 收藏 
特 小 方形 包装盒 小链坠 耳环 胸针 
家具 标准 弧形 台面 
家具 三角管 边 脚 形 左 暖白色 
家具 三角管 边 脚 形 右 暖 白色 
家具 三角管 边 脚 封口 590W60D684HMM 
家具 台底 走 线 屏风 带 金属 磨砂玻 配置 
飞科 全身 水洗 刮 胡刀 智能 电动 剃须 
迪士尼 狗 金币车 
骄人 背板 画 组合 大 配 小 
情 背板 画 大 配 小 
米奇 背板 画 组合 大 配 小 
焕美 背板 画 组合 大 配 小 
小熊维尼 金币 相框 婴儿 
国博 证书 深圳 
国博 证书 深圳 
新 国博 证书 本子 深圳 
国博 证书 深圳 
国博 证书 深圳 
国博 证书 深圳 
新 国博 证书 本子 深圳 
国博 证书 深圳 
国博 证书 深圳 
国博 证书 深圳 
国博 证书 深圳 
国博 证书 武汉 
国博 证书 武汉 
新 国博 证书 本子 武汉 
国博 证书 武汉 
新 国博 证书 本子 武汉 
国博 证书 武汉 
国博 证书 武汉 
国博 证书 武汉 
国博 证书 武汉 
国博 证书 武汉 
国博 证书 武汉 
许可 使用 
护理 
一体 
笔记本 电脑
惠普 显示器 
罗技 无线键 鼠 
银类 饰品 
大福 黑色 手套 小 
柜台 加工 
陈列什 成都 王府井 开 店 陈列物 
铂金 系列 柜层 台 小款 
金币 
金币 
商用 液晶 黑色 低 辐射 
面板 
中 方形 包装盒 玉镯 
大 方形 包装盒 大 套装 特大 项链 
小 方形 包装盒 戒指/小链坠 耳环 胸针 
镜子 
方块 地毯 
家具 单边 台面 有 铝条 单组 
家具 封口方 边 脚 暖 白 
家具 单边 走线槽 尾端 盖 暖白色 
家具 3H 有 框桌 上 带 多 功能 挂架 屏风 
家具 3H 桌上 屏风 尾柱 
家具 挡板 暖白色 
家具 活动桶 抽 
莫森 尤克里里乌克丽丽 全 桃花 芯 小 吉他 
软件 
软件 
实木楼 
修理 费用 
摄像头 
新 会员 计划 手册
制作 服务 
不锈钢 消防 疏散 图 
防酸 
罗马仕 加量版 移动 电源 充电宝 大 容量 白色 输出 适用 于 
纸质 证书 
制作 
电磁 参数 测量 仪器 仪表 
智能 手表 
格兰仕 家用电 烤箱 旋转 烤叉 防 爆炉 灯 
九阳 料理机 家用 可 榨汁 干磨 搅拌 档 
罗技 无线 鼠标 套装 
服务器 配件 
维修费 
软件 服务费 
软件 服务费 
小熊维尼 成长 
能 验 
能力 验证 
霍尼韦尔 扫描枪 无线 黑 
卫衣 金蝶 有 礼 
沱牌 柳浪春 精制 荷叶香 
雪天 臻品 海晶盐 纸箱 
至尊 舍得 青瓷 
定制 背包 
软皮 笔记本 
奥肯 能 复方 氨酚 溴敏 胶囊 
达喜 铝碳酸镁片 
复方 氢氧化 铝片 
天鹅 加 碘 干燥 精制盐 
绿联 转 线 转换 无器 高清 视频 转 接头 适配器 笔记本 电脑 盒子 连接 电视 显示器 投影 
希刻劳 头孢克洛干 混悬剂 
阿莫西林 干 混悬剂 
济仁 小儿清热 止咳 颗粒 
健 佳 小儿 咽扁 颗粒 
今维 多 维生素 咀嚼片 香橙味 
江 中 健儿 消食 口服液 
华为 数据线 白色 
华为 
捷安特 入门版/ 短指 手套 
雪天 天鹅 加 碘 精制盐 
华为 自拍杆 静谧 蓝 
雪天 天鹅 加 碘 精制盐 
华为 移动 电源 快充版 黑色 
生态·沱牌 特曲 小箱 
窖藏 陶醉 酒 红瓷 
雪天天鹅 远 古雪晶盐 
寿岳 一品 加 碘 深井盐 
寿岳 一品 加 碘 深井臻品 盐 
寿岳 一品 加 碘 臻品 精盐 
寿岳 一品 远古 雪晶盐 
沱牌 枸杞酒 新 一代 
湘 盐牌 海盐 冰爽 牙膏 支装 
海梭 圆领 背心 
洁柔 卷纸黑 无 加厚 卫生纸 整箱 销售 面子 系列 一格 够 
洁柔 卷纸黑 加厚 卫生纸 整箱 销售 面子 系列 一格 够 
面包 
柔和·沱牌 优曲 
柔和·沱牌 
柔和·沱牌 特曲 
柔和·沱牌 特曲 
康美金银花 特选 
云健 阿司匹林肠 溶片 
臻 纯 海藻 碘盐 
天鹅 臻 纯 低 钠盐 
天鹅 臻 纯 海藻 碘盐 
中国 红精巧 碘 
天鹅 深井臻纯盐 
深井 加 碘 精制盐 
柱头 
路灯 配件 
无线路 由 
软件 实施费 电力 设计院 
人脸 识别 摄像机 
网站 服务 
智能 投影 
未来 互连 养殖 管理 软件 
电子 招投标 服务 
场地 服务 
圆领 
纸箱 装 
白膜 
原味 早餐 饼干 
果乐 果香 草莓 果酱 夹心饼干 
士多啤味 名 草莓味 威化 饼干 
牛奶 早餐 饼干 
椰味 威化 饼干 
椰味 威化 饼干 
红枣 早餐 饼干 
京式 烤香肠 
双汇 润口 烤香肠 香娕 风味 
水塔 饺子 醋 
水塔 米醋 
水塔 壶装 陈醋 
水塔 陈醋 
软 面包 香蕉 味 
基础 开口 说 英语 
从 开始 学 英语 附 光盘 英语 入门 5堂 必修课 
铸就 高情商 路 
无敌 系列 茶叶 礼盒 
周末 画报 
布朗熊 隔热 杯 
可妮兔 隔热 杯 
莎莉 隔 热 杯 
丘 可 隔热 杯 
毛绒 公仔 抱枕 版 
毛绒 手机 
毛绒 手机 
毛绒 手机 
休闲 毯_ 丘可_粉色 大 
休闲 毯_布朗熊_ 蓝色 大 
监控 安装 工程 
