食品 
办公 用品 
家用电器 
服装 
文具
礼品 
话费 
餐饮 
活动 
发票 名称 
开票 名称 
金蝶 记账王 财务 软件 正版 使用 会计 电算化 小 企业 记账
金蝶 正版 财务 软件 使用 小 企业 财务 管理 软件 迷你版 会计 
正版 财务 软件 使用 小 企业 财务 管理 软件 迷你版 批次 保质期 
食品 类
付款 申请单 
激打 金额 记账 凭证 
热铆 凭证 封 套 
凭证盒 单边 
手动 铆装 
订制品 
针打 金额 记账 凭证 
激光 空白 记账 
费用 报销 单 
原始 单据 粘贴单 
费用 报销 单 
原始 单据 粘贴单 
交通费 
订制品 
支出 凭单 
金 蝶 智慧 记 店铺版 站点 
付款 申请单 
借款 审批单 
标准 版 单 站点 
借款 审批单 
针打 金额 记帐 凭证 
激光 金额 记帐 凭证 
业务 单据 联单 
热铆 凭证 封 套 
热铆 凭证 封 套 
迷你包 激光 
热铆 凭证 封 套 
针式 金额 记帐 凭证 
综合 档案 封套 
费用 报销 单 
专用 
手动 铆装 
激光 空白 凭证 迷你包 
借款 审批单 
收据 式 三联 单栏 
激打 金额 记账 凭证 
收据 式 联 单栏 
收据 式 三联 多 栏 
热铆 凭证 封 套 
费用 报销 单 
原始 单据 粘贴单 
金 蝶 智慧 记 食品 医药 
差旅费 报销 单 
差旅费 报销 单 
付款 申请单 
热铆 凭证 封 套 
差旅费 报销 单 
激打 金额 记帐 凭证 
热铆 凭证 封 套 
激光 金额 记帐 凭证 
激打 明细帐 
激光 空白 凭证 迷你包 
包角 
热铆 凭证 封 套 
金蝶易 记账 站点 
综合 档案 封套 
激光 空白 记账 凭证 
记账 王
专用 
付款 申请单 
凭证盒 带 盖 
标准 版 站点 
业务 单据 联单 
餐饮 娱乐 针式 打印机 串口 款 可 替换 
运费 
出库 单（一式 三联 
入库 单（一式 三联 
支票 领用 审批单 
热铆 账簿 封 套 
激打 数量 外币 记帐 凭证 
凭证盒 单边 
原始 单据 粘贴单 
凭证盒 两边 
激光 空白 凭证 迷你包 
业务 单据 联单 
差旅费 报销 单 
借款 审批单 
支票 领用 审批单 
热铆 凭证 封 套 
激打 金额 记账 凭证 
激打 金额 记账 凭证 
热铆 凭证 封 套 
激光 金额 记帐 凭证 
激打 明细帐 
装订机 配件 
友商 在线 进 销 存 基础 版 站点 
热铆 账簿 封 套 
激光 空白 凭证 迷你包 
支出 凭单 
凭证盒 单边 
凭证盒 两边 
友商 在线 进 销 存 标准版 站点 
热铆 账簿 封 
业务 单据 联单 一等份 
金 蝶 智慧 记 软件 会员 服务卡 
凭证盒 两边 
热铆 凭证 封 套 
笔墨
激光 金额 记账 
送货单（一式 三联 小 
增值税 专用 发票 抵扣 联 封面 
友商 在线 进 销 存 标准版 站点 
凭证盒 单边 
凭证盒 两边 
金 蝶 智慧 记 数码 电器 
激打 分类 帐 
业务 单据 联单 三等份 
针式 金额 记帐 凭证 
针打 金额 记账 凭证 
业务 单据 联单 
金蝶 店铺 标准版 站点 
针式 空白 记账 
激打 数量 外币 记账 凭证 
机器 维护 
系列 专用 尼龙管 
系列 专用 钻刀 
专用 钻刀 进口 适用 于 机器 
友商 在线 在线 会计 进销 存 标准 版 站点 
适用 于 机器 
专用 钻刀 进口 
热铆 凭证 封 套 
激打 金额 记账 凭证 
金蝶 记账王 带 安全 锁 
支票 领用 审批单 
案 短袖 衫
激打 金额 记账 凭证 
泰 一拖 打印卡 口 
妙 想 万能 票据 软件 旗舰 
电子 打算 测试 
友商 在线 进 销 存 标准版 站点 
妙 想 万能 票据 软件 网络版 
手动 铆装 
激光 定位 半自动 装订机 
针式 金额 记帐 凭证 
业务 单据 联单 一等份 
业务 单据 联单 三等份 
热 铆帐 薄 封套 
折扣 行数 
天猫 超市 乐宜 美棉 被 衣物 真空 整理 袋收 套装 送 
天猫 超市 好吃 香脆 腰果 饼干 大礼盒 盒 礼盒 送礼 佳品 
天猫 超市 西班牙 进口 牛奶 艾多 脱脂 纯 牛奶 早餐 配饼 
金 蝶 智慧 记 服装 鞋帽 版 
专业版 总帐 包 单 站点 
针打 数量 外币 记账 凭证 
专用 
行政 事业 版 站点 
激打 数量 明细表 
订制品 
专用 钻刀 进口 
全自动 专用 
业务 单据 联单 一等份 
激打 金额 记帐 凭证 
生 婴儿 抱 被 抱毯 纯棉 宝宝 包 被 春 夏 薄款 婴儿 包 被 春秋 新生儿 用品 
战神 炫彩 游戏 
费用 报销 单 
激打 日记 帐 
吸油烟机 
战神 炫彩 游戏 鼠标 
电脑 
街 餐饮 管理 深圳 有限公司 
激打 外币 日记 帐 
餐饮 
餐饮 
激光 定位 半自动 装订机 
激打 金额 记帐 凭 证__ 深圳版 
金蝶 记账王 财务 软件 正版 使用 会计 电算化 小 企业 记账 
远程 打印 控制器 型 
妙 想 万能 票据 软件 升级 
半自动 铆装 
针打 日记 帐 
针打明 细帐 
针 打 总 分类 帐 
针打 数量 明细表 
针 打 多 栏 明细帐 主 
优博讯 采集器 替代 硬件 原 厂 标配.
商贸 高级 版 站点 
专用 
全自动 系列 专用 
食神 硬件 服务费 餐饮 硬件 维修 收费 专用 料号 
全自动 铆 装机 
泰 一拖 打印卡 口 聪明型 口卡
热熔 凭证 封 套 
金蝶 食神 餐饮 管理 系统 基础 版 软件 
餐饮 软件 加站 加 
手动 铆装 
找回 服务 
南瓜
冬瓜
餐费 
餐费 
食品 
餐费 
足疗 
凭证 封面 
采集器 硬件 
妙 想 条码 仓储 管理 应用 软件 商贸版 
友商 在线 进 销 存 基础版 站点 
测 
餐饮 费
餐票 
友商 在线 会计 企业版 站点 
激打 数量 外币 记账 凭证 
友商 在线 会计 代账 个人版 站点 
西餐费 
房费 
中餐费 
金蝶 装订机 铆管 通用 环保 材质 抗 高温 
业务 单据 联单 一等份 
金额 记账 凭证 
激光 金额 记账 凭证 
会计 凭证 包角 
条码 打印机 斑马 有效 打印 纸宽 为 
无 成本 配件 
会员 营销 测试 商品 
打印机 配件 
服务 
生 婴儿 抱 被 抱毯 纯棉 宝宝 包 被 春 夏 薄款 婴儿 包 被 春秋 新生儿 用品 
战神 
住宿费 
战神 
专业 版 分 模块 单 站点 
战神 
战神 
战神 
战神 
战神 
战神 
战神 
战神 
战神 
战神 
优雅 
战神 
战神 
战神 
战神 
优雅 
战神 
战神 双肩 背包 
战神 
战神 
战神 
战神 
战神 
战神 
战神 
战神 炫彩 游戏 鼠标 
优雅 
战神 
战神 
战神 
优雅 
战神 
战神 
战神 
战神 
战神 
战神 
战神 
战神 
战神 
优雅 
战神 
战神 
战神 
战神 
战神 
战神 
新款 神舟 双肩 背包 
战神 
业务 单据 联单 一等份 
友商 在线 在线 会计 进销 存 标准 版 站点 
餐饮 服务 
战神 
战神 
战神 
战神 
战神 
战神 键鼠 套装 
付款 申请单 
签 
优雅 
战神 
战神 
战神 
原始 单据 粘贴单 
激光 定位 半自动 装订 
金 蝶 智慧 记 店铺 版 服务卡 
金友 热铆 凭证 封 套 
凭证 包角 
多 栏 明细账 辅 
档案盒 
金蝶 记账王 带 安全 锁 
餐饮 消费 
足疗 
战神 
战神 
战神 
战神 
战神 
战神 
战神 
战神 
战神 
订制品 
增值税 发票 系统 金税盘 
金蝶 记账王 安全 锁 管理 软件 财务 软件 正版 记账 软件 
金蝶 记账 王 服务 包 
优雅 
金蝶 激光 金额 记账 凭证 金蝶 凭证纸 金蝶 配套 特价 促销 
金蝶 标准 版 站点 
金蝶 系列 钻刀 长 孔径 
战神 
战神 
友商 在线 加 站 加 
针 打 工资 单 无表格 
凭证盒 新疆 供 
分类 账 明细账 
针式 金额 记帐 凭证 
日记 账 
日记 账 明细账 
友商 在线 在线 会计 进销 存 标准 版 站点 
神舟 鼠标 
神舟 笔记本 包 
住宿 服务 
餐饮 服务 
战神 鼠标垫 
电阻 Ω 
垫角 小 
用餐 
金 蝶 智慧 记 服务卡 
云 服务 产品 
采集器 原 厂 标配. 硬件 
加站 加 
友商 在线 会计 版 站点 
保健 浴
战神 
战神 
战神 
超链 接 红 光 黑色 
热铆 凭证 封 套 
热铆 凭证 封 套 
金 镶嵌 饰品 
差旅费 报销 单 
费用 报销 单 
付款 申请单 
借款 审批单 
费用 报销 单 
付款 申请单 
费用 报销 单 
费用 报销 单 
激光 金额 记帐 凭证 
热铆 凭证 封 套 
收据 式 联 单栏 
激光 空白 凭证 迷你包 
入库 单（一式 三联 
收据 式 三联 单栏 
原始 单据 粘贴单 
付款 申请单 
热铆 凭证 封 套 
针打 金额 记帐 凭证 
专用 钻刀 
原始 单据 粘贴单 
原始 单据 粘贴单 
热铆 凭证 封 套 
原始 单据 粘贴单 
激光 空白 凭证 迷你包 
凭证 封面 
激光 金额 记帐 凭证 
原始 单据 粘贴单 
收据 式 三联 多 栏 
差旅费 报销 单 
支出 凭单 
借款 审批单 
增值税 专用 发票 抵扣 联 封面 
激打 金额 记账 凭证 
借款 审批单 
热铆 账簿 封 套 
激光 空白 凭证 迷你包 
业务 单据 联单 
业务 单据 联单 
付款 申请单 
激打 金额 记帐 凭证 
热铆 凭证 封 套 
凭证盒 单边 
热铆 凭证 封 套 
专用 钻刀 
支出 凭单 
金 蝶 智慧 记 店铺版 站点 
业务 单据 联单 三等份 
热铆 凭证 封 套 
出库 单（一式 三联 
凭证盒 单边 
针式 金额 记帐 凭证 
针打 金额 记账 凭证 
热铆 凭证 封 套 
业务 单据 联单 一等份 
迷你包 激光 
付款 申请单 
热铆 凭证 封 套 
专用 钻刀 进口 
凭证盒 两边 
激光 空白 凭证 迷你包 
业务 单据 联单 一等份 
金 蝶 智慧 记 店铺 版 服务卡 
费用 报销 单 
业务 单据 联单 一等份 
激打 金额 记账 凭证 
包角 边 
差旅费 报销 单 
热 铆帐 薄 封套 
专用 尼龙管 
适用 于 机器 
差旅费 报销 单 
热铆 凭证 封 套 
友商 在线 进 销 存 标准版 站点 
业务 单据 联单 一等份 
凭证盒 单边 
凭证盒 两边 
综合 档案 封套 
金蝶 记账王 带 安全 锁 
友商 在线 加 站 加模 
借款 审批单 
业务 单据 联单 
业务 单据 联单 一等份 
针式 空白 记账 凭证 
按摩 服务 
针式 金额 记帐 凭证 
激打 明细帐 
激打 分类 帐 
支票 领用 审批单 
热铆 账簿 封 套 
激光 空白 记账 凭证 
系列 专用 尼龙管 
手动 铆装机 
手动 铆装机 
激光 空白 记账 凭证 
运费 
激打 数量 外币 记帐 凭证 
半自动 铆 装机 
专用 钻刀 
金额 记账 凭证 
商贸 标准 版 站点 
商贸 标准 版 单 站点 
条码 打印机 斑马 有效 打印 纸宽 为 
装订机 配件 
业务 单据 联单 
热铆 凭证 封 套 
针 打 总 分类 帐 
针打明 细帐 
送货单（一式 三联 小 
综合 档案 封套 
云 
云 
云服务 租售 
云 租赁 服务 
云 租赁 服务 
战神 
战神 
激打 金额 记账 凭证 
优雅 
支票 领用 审批单 
凭证盒 两边 
优雅 
凭证盒 带 盖 
激打 数量 外币 记账 凭证 
针打 金额 记账 凭证 
战神 
信息费 
租金 
租金 
應稅 勞務 
微軟 
應稅 
鹦鹉 老
鹦鹉 老 
激打 数量 外币 记账 凭证 
战神 
开关 
凭证 包角 
订制品 
激打 多 栏 明细帐 主 
激打 多 栏 明细帐 辅 
专业 版 分 模块 单 站点 
凭证盒 两边 
战神 鼠标垫 
办公 用品 
金蝶 正版 财务 软件 
金蝶 软件 店铺 标准版 专用 针式 打印机 爱普生 针式 打印机 包邮 
金蝶 协同 升级 服务 适用 于 原 厂 服务期 内 客户 软件 服务 特价 
餐饮 服务 
社会 心理学 版 
习惯 力量 工作 
签纸 
专用 钻刀 进口 
易 记账 带 安全 锁 
战神 
餐费 
交通费 
战神 
新瑞 
新瑞 
凭证盒 单边 
材料 成本 
战神 
参饮 服务 
激打 日记 帐 
凭证盒 单边 
系列 专用 钻刀 
针打 数量 外币 记帐 凭证 
餐饮 服务 
卡拉 
手动 铆装机 
交通费 
交通费 
交通 报销 
交通 报销 
信息 服务 
电脑 
凭证盒 单边 
交通 服务 
维修费 
餐饮 
订制品 
金友 热铆 凭证 封 套 
激光 金额 记帐 凭证 
垫角 小 
凭证盒 新疆 专供 
金 蝶妙 想 万能 票据 软件 标准 版 
软件 服务费 
专业版 总帐 包 单 站点 
商贸 标准 版 站点 
数字 
幸福 下午茶 雪 顶榴 
芒果 沙滩 蛋糕 
榴芒 拼 
榴芒 拼 
全心全意 蛋糕 
专业 版 分 模块 单 站点 
芒果 沙滩 蛋糕 
友商 在线 进 销 存 基础版 站点 
心语 心愿 蛋糕 
榴莲 香雪 
彩虹 
服务 协议 
柴油机 整机 
55KW 柴油机 选择 配置 
轴承 
柴油机 整机 
保持 
外圈 
法兰
戒指 
蛋糕 
天猫 超市 跳跳龙 纯真 恋人 夹心 牛奶 巧克力 威化 饼干 早餐 
天猫 超市 松鼠 休闲 零食 小吃 特产 糯米 锅 巴
天猫 超市 海天金 标生 抽 草菇 老抽 酱油 调料 实惠 
天猫 超市 山西 水塔 陈醋 调味 烹饪 粮食 酿造 山西 特产 
天猫 超市 可 柔 可 顺衣物 柔顺 护理 剂棉 籽柔白 赠品 非卖品 
天猫 超市 箭牌 绿 箭 口香糖 混合味 瓶装 新 包装 
天猫 超市 
天猫 超市 金沙河 鸡蛋 面 方便 新 老 包装 发
耳饰 
挂 坠 
凭证 封 套 
维修费 爱普生 打印机 维修 返费 专用 
男士 领 保暖 秋衣 套装 
桑蚕丝 商务 领带 
针织束 脚口 运动裤 
纯 棉珠 短袖 
混纺 抗皱 休闲 衬衫 
长短 免烫 商务 衬衫 
男士 莫代尔 平角 
净色 免烫 商务 短袖 衬衫 
薄款 精梳棉 微弹 休闲裤 
春款 天丝 混纺 轻薄 休闲 裤 
男士 无痕 平角 内 
净色 微弹 工装款 短裤 
女士 无 痕 内 装 
撞色 设计 领 短 恤 
吸 湿 排 汗 纤维 休闲裤 
白 小 格纹 商务 衬衫 
手链 
凭证盒 一侧 带 盖 
餐饮 娱乐 针式 打印机 串口 款 可 替换 
行政 事业 版 财务 包 
迷你版 
净色 微弹 休闲 短裤 
进口 面料 彩格 纯棉 休闲 衬衫 
彩色棉 锦弹 休闲 衬衫 
纯棉 免烫 商务 衬衫 
暗 门襟 纯棉 免烫 衬衫 
长短 免烫 小 格纹 衬衫 
管理费 
纯棉 商务 提花 衬衫 
牛津 纺 时尚 免烫 衬衫 
男士 纯棉 微弹 休闲 长裤 
纯 棉珠 净色 
白 小 格纹 商务 短袖 衬衫 
长短 免烫 商务 条纹 衬衫 
防 免烫 功能 牛津 纺 衬衫 色 
成衣 洗水 易 烫 商务 衬衫 
烫压 工艺 黑白 圆 领 短 
长短 免烫 小 格纹 衬衫 
色 装 蕾丝 无痕 内裤 
新月 圆领 家居服 套装 
有偿 维修费 
表 预收 
会员 营 
战神 
战神 
战神 
新瑞 
战神 
新瑞 
新瑞 
战神 
撞色 拼接 领尖 扣 休闲款 衬衫 
纯棉 微弹 袖 女 衬衫 
凭证盒 单边 
战神 
数码 配件 
纯棉 免烫 商务 衬衫 
蛋糕 
蛋糕 
友商 在线 在线 会计 进销 存 标准 版 站点 
凭证盒 单边 
老唐 
静享灭 蚊灯 蓝 
静享灭 蚊灯 白 
静享灭 蚊灯 黑 
金 蝶 智慧 店铺 版 软件 
静享 商用 灭 蚊灯 
电视剧 
静享灭 蚊灯 玫瑰金 
静享 吸入式 灭蚊器 深灰 
静享 吸入式 灭蚊器 白 
金 蝶 智慧 记 服务卡 
项链 
战神 
战神 
静享灭 蚊灯 绿 
静享 吸入式 灭蚊器 蓝 
白静享 电网 灭 蚊灯 
黑静享 电网 灭 蚊灯 
静享 吸入式 灭蚊器 粉 
静享 吸入式 灭蚊器 绿 
万途 增强 版 
激光 定位 半自动 装订机 
档案盒 
专用 钻刀 进口 适用 于 机器 
迷你版 
金蝶 记账王 财务 软件 正版 使用 会计 电算化 小 企业 记账 
金蝶 服务 特价 店铺 标准 版版 升级 包 热线 服务 软件 
金蝶 店铺 标准版 远程 服务 年卡 金蝶 服务 热线 服务 软件 服务 
化妆品 
加湿器 金色 遥控版 
净享 洞察 落地 加湿器 蓝色 遥控 
静享灭 蚊灯 绿 
万途 标准 版 
纯 棉珠 短袖 女 
莫代尔平角 内裤 色 装 
双面 莫代尔 背心 装 
唐朝 
加湿器 金色 机械版 
黑白 圆 领短 女款 装 
纯棉 格纹 短袖 衬衫 
净享 洞察 落地 加湿器 金色 遥控 
亚都 净化器 
静享灭 蚊灯 白 
粉静 享 电网 灭 蚊灯 
亚都 加湿器 兰 
净享 洞察 落地 加湿器 银色 遥控 
进口 面料 时尚 款 女 衬衫 
香薰机 绿色 
亚都 加湿器 白灰 
亚都 空气 净化器 滤芯 组件 
亚都 加湿器 
花 灰纱圆 领短 女款 装 
亚都 加湿器 白 
净享 洞察 落地 加湿器 粉色 遥控 
静享灭 蚊灯 黑 
万途 金色 电脑 版 
宽松 轻盈 衬衫 裙 
友商 在线 会计 版 站点 
火山 加湿器 灰色 
蓝加白 万途 灯塔 灭 蚊灯 
激光 金额 记账 凭证 
凭证盒 单边 
战神 
净色 免烫 商务 短袖 衬衫 
防 免烫 功能 牛津 纺 衬衫 色 
新瑞 
战神 
新瑞 
战神 
新瑞 
新瑞 
亚都 装修 卫士 滤芯组 件/亚都 净化器 滤芯 滤芯 
滤芯 组件 
万途 玫瑰金 电脑 
露 安适 婴儿 乐享 甜睡 纸尿裤 码 
露 安适 婴儿 薄护 适动 纸尿裤 码 
露 安适 婴儿 薄护 适动 学走裤 码 
露 安适 婴儿 薄护 适动 学走裤 码 
露 安适 婴儿 薄护 适动 学走裤 码 
露 安适 婴儿 薄护 适动 纸尿裤 试用 装 码 
露 安适 婴儿 薄护 适动 纸尿裤 试用 装 码 
露 安适 婴儿 乐享 甜睡 纸尿裤 试用 装 码 
露 安适 婴儿 乐享 甜睡 纸尿裤 试用 装 码 
管易云膳 魔师 保温 办公杯 
亚都 加湿器 
净色棉 麻 衬衫 色 可 选 
净色棉 麻混纺 短 衬衫 
手动阀 
配件 
加站 加 模块 
激光 定位 半自动 装订机 
机器 维护费 
亚都 加湿器 
配件 
亚都 加湿器 
万途 银色 电脑 版 
服装 
全自动 专用 钻刀 
全自动 系列 专用 尼龙管 
滤芯 组件 
亚都 加湿器 
维修费 
笔记本 
火山 加湿器 白色 
米亚
航空 汽油 
亚都 加湿器 
标准 财务 测试 
亚都 加湿器 绿 
空气 净化器 滤芯 组件 初网 过滤层 催化 活性 碳 
战神 
新瑞 
亚都 加湿器 
白加灰 万途 灯塔 灭 蚊灯 
甘草 水果 
收银纸 排 
亚都 加湿器 
住宿 服务 
配件 
战神 
会议 服务 
友商 在线 进 销 存 标准版 站点 
收银纸 排 
蓝加黑 万途 灯塔 灭 蚊灯 
嗳呵 妈咪 保湿霜 
亚都 净化器 
黑 加 绿 万途 灯塔 灭 蚊灯 
订制品 
白色 
餐饮费 
服务费 
针式 金额 记帐 凭证 
金蝶易 记账 站点 
差旅费 报销 单 
原始 单据 粘贴单 
费用 报销 单 
借款 审批单 
系列 专用 尼龙管 
是 在 销售 发票 上 点击 金税 发票 作废 可以 直接 在 销售 发票 上 反 审核 是 在 
是 在 销售 发票 上 点击 金税 发票 作废 可以 直接 在 销售 发票 上 反 审核
ajkdfj 测试 
东岸 泱油 碟嗯 恩典顺 
笔记本 电脑 
笔记本 
白色 
笔记本 电脑0000000000000000000109050901 
笔记本 电脑 
歺饮 服务费 
产品 注册 适合 购买 金蝶 软件 客户 
贝览得 定妆粉 扑 美妆 蛋 干 湿 两用 海绵 粉扑 买 送 葫芦 肤 
产品 注册 适合 购买 金蝶 软件 客户 
战神 
战神 
汽油 
深圳市 远东 鸿图 商贸 有限公司 
战神 
友商 在线 进 销 存 标准版 站点 
激打 明细帐 
激打 分类 帐 
申请人 现 单位 集体 户口簿 复印件 复印件 上 注明 申请人 与 单位 人事 关系 同意 迁入 意见 盖章 
苹果 
柴油 
凯枫 融资 租赁 杭州 有限公司 
安德阿镆 贸易 上海 有限公司 
中国 工商 银行 股份 有限公司 深圳市 分行 
深圳市 蔚蓝 时代 商业 管理 有限公司 
华润 深圳 有限公司 
深圳市 享乐 日用品 商行
深圳 中 智 经济 技术 合作 有限公司 
深圳市 杰尼思 科技 有限公司 
深圳市 科尔 贸易 有限公司 
深圳 市慧 星 计算机 有限公司 
战神 
餐费 服务 
上海 彤熠 建筑 装饰 工程 有限公司 
深圳市 龙华 新区 启明星 社工 服务 中心 
激光 定位 半自动 装订机 
培训 
广告 发布 
服务 
餐饮 费
标准 支持 服务 
收派 服务 
金蝶 系统 软件 
金蝶 协同 办公 软件 
鼠标垫 
激打 金额 记帐 凭证 
深圳市 精锋 超声波 设备 有限公司 
客运 服务 
餐饮 服务 
服务费 
亚都 加湿器 
台式 电脑 
鼠标 
渣打 银行 中国 有限公司 深圳 分行
华润 燃气 投资 中国 有限公司 
专项 服务 
电脑 主机 
显示器 
主机 盒子 
深圳市 鸿丰源 实业 有限公司 
上海 生医 信息 科技 有限公司 
珠海 华润 银行 股份 有限公司 深圳 分行
东莞市 悦华 高分子 材料 科技 有限公司 
上海 汉得 信息 技术 股份 有限公司 
上海 微乐 服饰 有限公司 
小 花 互联网 金融 服务 深圳 有限公司 
网信 证券 有限 责任 公司 
深圳市 好 马 奇 科技 有限公司 
深圳 澳 中 伊 芙琳 贸易 有限公司 
中国 移动 通信 集团 广东 有限公司 深圳 分公司 
中国银行 股份 有限公司 深圳市 分行 
深圳市 新 里程 资产 管理 有限公司 
华为 技术 有限公司 
深圳市 公安局 
抚顺 天麒 房地产 开发 有限公司 
腾邦 旅游 集团 有限公司 深圳 分公司 
深圳 东部 华侨 城 物业 管理 有限公司 
深圳市 大疆 创新 科技 有限公司 
广东 华路 纳米 材料 科技 有限公司 
香港 中文 大学 深圳 
广东 海派 律师 事务所 
华测 检测 认证 集团 股份 有限公司 
中国 建设 银行 股份 有限公司 深圳市 分行 
美柏 玩狊 咨询 服务 深圳 有限公司 
招商 银行 股份 有限公司 深圳 分行
深圳市 易能 激光 设备 有限公司 
碧雅 诗 化妆品 有限公司 深圳 分公司 
南京 海震 智能 科技 有限公司 
中国 农业 银行 股份 有限公司 深圳市 分行 
中国 宝安 集团 股份 有限公司 
深圳市 安科 安全 科技 文化 股份 有限公司 
深圳市 南番顺 饮食 有限公司 
天梭 手表 库图 系列 石英 女表 
技术 服务 
深圳市 北美 经典 科技 股份 有限公司 
创能 电子 深圳 有限公司 
红瑞 床品 家纺 双人 精品 碳化 双面 竹凉 席子 清雅 古韵 床 含 枕席 
柴油 
深圳市 鹏海辰 投资 发展 有限公司 
半门式 刮板 取料 
招商 银行 手机 端 用 可以 用 扫码 拍照 微信 卡包 金蝶 发票 夹导 入 发票 招商 银 
服务费 
软件 
插 文件 存在 购买 激活 体验 体验 完成 插 文件 存在 购买 激活
深圳市 星本 科技 有限公司 
東莞萬 好 食品 有限公司 
赣州润 建设 管理 有限公司 
邱伟 强
深圳 罗湖 蓝海 村镇 银行 股份 有限公司 
宣传费 
材料 成本 
认证 服务 
北京 中软 融鑫 计算机 系统工程 有限公司 
上海 敏硕 机械 配件 有限公司 
深圳市 奇勤达 科技 发展 有限公司 
化版 软件 简称 
应税 劳务 @!~} ' 
应税 劳务 应 税 劳务 @!~} ' 
应税 劳务 应 税 劳务 @!~} ' 
战神 
食品 
通信 业务 服务 
住宿 服务 
水泥 
商品 混凝土 
铝型 
蒸压 加气 混凝土 砌 块 
皮革 加工费 
住宿费 
荣耀 铂 光金 移动 联通 手机 卡 待 
应税 劳务 @！ 
餐饮 服务费 
战神 
笔记本 电脑
租金 
京东 超市 雅培 亲体 金装 喜康力 儿童 配方 奶粉 以上 
零星 工程 维修 
蜗牛 有 爱情 典藏版 
竹盐 清新 源牙膏 清韵 茶香 新 老 包装 发送 
技术 服务费 威新 软件 
技术 服务费 农产品 
小米 联通 合约 白色 移动 联通 手机 卡 待 
高 
油门 手柄 总成
进口 火花 
梯架 
空滤器 总成
打 
配 比 
油箱 
停车 服务 
电器 
石材 
司法 鉴定 费用 
手动 铆装机 
充值 
金蝶 打印纸 
通讯 费
战神 战斗 版0000000000000000000109050901 
针打 数量 外币 记账 凭证 
飞利浦 
信息 服务 
深圳市 福田区 鑫天易番茨粥 餐厅 
电影 票款 
空调 
夏凉 被 
杀虫剂 
配送 
澳柯玛 五叶 扇叶 机械 电风扇 落地 
京东 超市 招 户外 骑行 成人 电动 电瓶 摩托车 雨衣 男女式 单人 雨披 加大 加厚 蓝 
办公 用品 
资料 
斐讯 双核 双频全 高端 无线 路由器 智慧 家庭 路 由 
激打 金额 记帐 凭证 
存 包柜 配件 
收纳 
扭蛋 
扭蛋 玩具 
天猫 超市 汰渍 洗衣 粉亮 白 去 污 专用 洁净 薰香 
天猫 超市 日清 炒面 大王 黑椒 牛 柳 方便面 碗 风味 速食 拌 
西部 数据 新 元素 系列 移动 硬盘 
施耐德 绎尚 系列 薄暮 金色 联 开 双控 开关 86型 电源 开关 插座 面板 墙壁 
乐歌 电视 挂架 旋转 伸缩 电视机 支架 乐视 小米 暴风 海信 康佳 长虹 夏普 索尼
通信 服务 
折扣 折 让 
清洗 厨房 油烟 服务 
鼠标垫 
像 
房屋 租金 
餐饮 住宿 
通信 
京东 超市 雀巢 休闲 零食 夹心饼 脆鲨 花生味 威化 
做 优秀 生产 经理 
标准 支持 服务 
加湿器 银色 遥控版 
电信 服务 
组金 
金士顿 骇客 神条 系列 笔记本 内存 
黑色 移动 联通 电信 手机 
专利 申请 
增值税 发票 系统 金税 
激光 定位 半自动 装订机 
九阳 料理机 多 功能 家用 榨汁机 搅拌机 可 干磨 制作 婴儿 辅食 奶昔 
战神 
双盾 温显型 电热水器 
螺纹 
伙食 费
娱乐 服务 
平板 电脑 
会议 费
餐饮 服务 
餐饮 服务 
服装 
安装 监控 网络 
公牛 插座 
花岗 岩石 
餐饮 服务 
空白 凭 证纸 
维修费 
金 蝶云
电脑 包 
服务费 
电子 发票 系统 
电子 元器件 
增值税 发票 系统 金税盘 
增值税 税控 系统 技术 维护费 
金蝶 凭证 装订机 财务 装订机 手动 装订机 
美 电炖锅 多 功能 电炖盅 智能 预约 煲 汤锅 南都 陶釜 
迷你版 安全 锁 许可 
设计 
酒店 住宿 
软件 服务 
激光 金额 记账 凭证 财务 凭证金 蝶 记账 凭证 配套 打印纸 
电子 发票 测试 
保健 
管易云膳 魔师 保温 办公杯 
管易云膳 魔师 保温 办公杯 
激光 金额 记账 凭 证纸 财务 凭证金 蝶 记账 凭证 凭证 打印纸 
装修 工程 
劳务费
系列 专用 钻刀 
苹果 电脑 
餐饮 
不锈钢 边 
巡 机
巡 点 
金蝶 软件 配套 金蝶 会计 凭证 封面 凭证 封 套 包角 配套 服务 
感应 龙头 
深圳市 南山区 虎门 特色 风味 聚 川 美食 
电热水壶 
电烤箱 
加湿器 银色 机械版 
金蝶 装订机 尼龙管 铆管 通用 
金蝶 装订机 热铆 装订机 财务 装订机 激光 定位 自动 装订机 特价 
网络 服务 
金蝶 软件 金蝶 凭证 包角 金蝶 配套 财务 进销 存 特价 热销 
金蝶 尺寸 凭证盒 两侧 带盖 
深圳市 古稻 林汇 城 餐饮 管理 有限公司 
天猫 超市 含 乳饮料 娃哈哈 钙奶 24瓶/箱 儿童 含乳 饮料 
京东 超市 梵地亚 万向轮 拉 杆 箱 旅行箱 男女 行李箱 登机箱 
罗马仕 加量版 超智能 移动 电源 充电宝 白色 输出 适用 于 苹果 安卓
金蝶 原始 单据 粘贴单 手写 单据 账务 单据 金蝶 账册 审批单 
金蝶 费用 报销 单 手写 单据 账务 单据 金蝶 账册 审批单 
金蝶 软件 明细账 金 蝶账 册金 蝶账 簿金 蝶 配套 特价 
金蝶 软件 分类 账 金 蝶账 册金 蝶账 簿金 蝶 配套 特价 
管道 燃气 设施 安装 
产品 注册 服务 
标准 
激光 分类 账 
收银纸 
搬运 服务 
金蝶 会计 凭证 封面 凭证 封皮 
金蝶 进 销 存 软件 网络版 销售 网店 库存 仓库 进 销存 管理 软件 接网店 
金蝶 网络版 在线 会计 企业 版 代账 会计 电算化 会计 财务 友商 网 
金 蝶 智慧 店铺 版 进 销 存 软件 网店 管理 软件 使用 
体育 服务 
京东 超市 雀巢 能 恩幼儿 配方 奶粉 月 婴儿 适用 联 
奥克斯 变频 冷暖 微联 智能 除 甲醛 空调 挂机 
氟 
小 鼠
电 水壶 
创见 固态 
金蝶云 会计 账 财务 软件 网络版 
会计 凭证 包角 
得力 档案 
日天 干 
得力 档案 
餐费 
手机 
娱乐 服务 
金蝶 借款 审批单 手写 单据 账务 单据 金蝶 账册 财务 审批单 
金蝶 软件 金蝶 凭证盒 凭 证装 订盒 凭证 档案盒 金蝶 配套 
金蝶 凭证 封面 财务 凭证 封面 凭证 封 套 财务 软件 特价 
金蝶 差旅 费用 报销 单 
手 持式 屏幕 扫描枪 支持 二维码 
服饰 
食品 
日用品 
商品 
商品
服饰 
金蝶 凭证 包角 凭证 封面 封 底 带 包角 财务 记账 凭证 包角 
劳务代理费 
水果 
企业 名录 费用 
智慧 记 短信 包 
金蝶 装订机 钻刀 系列 钻头 金蝶 装订机 通用 
驯龙 高手 骑龙 比赛 巧手 创意 拼插 王
彩虹 太空杯 
打印机 
复印件 
打印 
增值 电信 服务 
日用品 
电饭煲 
安全 检测费 尾气 检测费 照相 网络 服务费 小车 
租 车 
云 租赁 服务 
专项 服务 
3Cloud 零售 
金蝶 协同 办公 软件 
娱乐 
保费 机动车 交通 事故 责任 强制 保险 
沃仕达 监控 摄像头 支架 监控 支架 摄像头 支架 监控 摄像机 支架
保费 车辆 商业 保险
金色 移动 联通 电信 手机 
亲密 关系 版 
小米 小米 电视 智能 电视
工具 
三角 
雪糕 
金 蝶 智慧 记 软件 
收银纸 
金蝶 原始 单据 粘贴单 
金蝶 软件 配套 金蝶 凭证盒 凭 证装 订盒 凭证 档案盒 特价 
迷你 打印纸 
财务 产品 服务 包 
产品 注册 适合 购买 金蝶 软件 客户 
汽车 美容 
收派 服务 
支票 领用 审批单 
机械 租赁 
烘焙 用品 
烘焙 用品 
烘焙 用品 
停车 服务费 
烘焙 用品 
猛斯克 男士 夏季 休闲 拼色 时尚 简约 短袖 恤男 韩版 修身 短袖 圆领 恤潮 蓝色 
京东 超市 美赞臣 安儿宝 荷兰版 幼儿 配方 奶粉 月龄 幼儿 适用 罐装 原装 原罐 荷兰 
京东 超市 维达 超韧 卫生纸 整箱 销售 
京东 超市 亨氏 蔬菜 磨牙棒 月 适用 
京东 超市 金龙鱼 长 粒 香 东北 大米 
京东 超市 蓝 月亮 强力型 厨房 油污 净油 烟机 清洁剂 花香） 瓶 
京东 超市 十月 稻田 东北 大米 大米 
京东 超市 优彼 智能 启蒙 故事 机优 享款 蓝色 优比 宝贝 家 亲子熊 早教机 儿童 玩具 
优加华 为 钢化膜 覆盖 全 屏钢 化膜 高清 玻璃 保护 贴 膜 白色 
榴莲 披萨 半成品 榴莲 
汽油 
汽油 超 高压 吸 
消防 带 
油侵式 潜水泵 
白 水管 
潜水泵 
电缆 
增强 
塑料 
清华 同方 转 三插座 转换 插头 电源 转换 
激打 金额 记账 凭证 
迷你 收银纸 排 
魅族 全 网通 公开 版 星空 灰移动 联通 电信 手机 卡 待 
康佳 遥控 电风扇 落地扇 叶 遥控 落地扇 
魅族 魅蓝 全 网通 公开 版 香槟金 移动 联通 电信 手机 卡 待 
伊珞 巨爵 座 震动 棒 充电 加温 防水 仿真 阳具 女 用 自慰器成 人性 用品 情趣 用品 振动 
金蝶 专业版 软件 
金蝶 针式 数量 外币 记账 凭证 金 蝶套 打纸 
住宿费 
住宿 
归属 为 广东 广东 联通 日租卡 充值 送 省内 流量 任性 用 月租 用 花钱 
六月 碎屏 换 新 荣耀 畅 玩 网通 手机 高 配版 铂光 金
凤凰 自行车 
金蝶 凭证 包角 凭证 封面 封 底 带 包角 财务 记账 凭证 包角 
亚都 净化器 
电脑 配件 
金蝶针式 金额 记账 凭证 凭证 纸 
金蝶 软件 金蝶 凭证 档案盒 一侧 带 盖 特价 金蝶 配套 凭证 
手镯 
钻刀 适用 于 机器 
清管 
迷你 空白 凭 证纸 
装卸费 
横幅 制作 
咨询 服务 
金蝶 原始 单据 粘贴单 手写 单据 账务 单据 财务 审批单 
在线 
天猫 超市 得力 优逸 白板 笔 黑顺 滑 留痕 耐磨 
天猫 超市 农夫 山泉 饮用 天然 水 箱 弱碱性 瓶 装 水
租赁 服务 
详见 销货 清单 
2017年 06月 铁路 运输 服务 
2017年 06月 道路 运输 服务 
运费 瓶胚 
运费 润滑油 
天利 2018 全国 卷Ⅰ 高考 模拟 试题 汇编 英语 
金蝶 软件 金蝶 凭证 包角 财务 凭证 封面 凭证 封 套金 蝶 配套 
租赁 服务 
美 落地扇 
标准版 迷你版 使用 教程 
增值税 专票 抵扣 联 封面 
办公 用品 
信息 服务 
运费 饮料 
运费 广告品 
运费 冷饮 设备 
运费 回空 
代理 
互联网 广告 发布 服务 
养生壶 
电磁炉 
服务 协议 
金蝶 软件金 蝶装 订机 钻刀 系列 金蝶装 订机 钻头 金 蝶 配套 
2017年 6月 道路 运输 服务 
2017年 7月 道路 运输 服务 
2017年 07月 道路 运输 服务 
仓储 物流 支持 
2017年 7月份 道路 运输 服务 
餐费 
交通费 
餐饮 服务 
开发 服务 
手机 
餐饮服 
打印纸 
装卸费 
2017年 6月 国内 道路 货物 运输 服务 
楼款
定金
按 揭款 
服务费 
交通费 
金蝶 激光 数量 外币 记账 凭证 金 蝶套 打纸 财务 凭证 
云 进 销 存 基础 版 
云 会计 
在线 会计 
激光 金额 记账 凭证 
在线 会计 进销 存 
在线 进 销 存 
苹果 
软件 技术 服务 
金蝶 软件 配套 垫脚 装订机 垫脚 装订机 胶垫 装订机 配套 特价 
金蝶 软件 金蝶 凭证盒 凭 证装 订盒 凭证 档案盒 金蝶 配套 特价 
作废 
纸 
手套 
收费 定时 大风 
软件 服务 
实施 服务 
蛋糕 
硬件 打印机 
衣服 
彩虹 蚊香片 组合 
海飞丝 去 屑洗 发露 丝质 柔滑型 
茶花杯 子
在线 会计 
在线 进 销 存 
在线 进 销 存 
金蝶 费用 报销 单 
在线 进 销 存 
维修 服务 
数字机 
标准 三型 系列 枪机 公共 电源板 
系列 经济型 网络 球 板 
快装 球 电源板 
户外型 动环 监控 设备 
挂 坠0000000000000000000106050901 
在线 会计 进销 存 
会计 多 账套 
耳饰0000000000000000000106050901 
代办 会议 费
金蝶 易 记账 安全 锁 加密 
金蝶 记账王 带 安全 锁 
电源
在线 会计 
云 会计 多 账 套版 
云 会计 
在线 会计 进 销 存 
垫套 窄 
代 订 机票 产品 
农业 产品 
麻辣 火锅
停车费 
停车 
停车 服务 
金蝶 财务 用品 金蝶 正版 付款 收款单 
牙 博士 
唇动 蛋糕 
吸黑焕采 合 一面 膜 套盒 薛氏灰 姑娘 定制 
故事 装 净透 水润 面膜 组合 供礼包 
故事 法兰琳卡 美白 面贴 
故事 芦荟 黄瓜 补 水面 贴 
水杯 
狂欢价 黑人 牙膏 超 白茶 健 套装 大 规格 清新 口气 亮 白 牙齿 去 
威露士 花露氏 沐浴露 水果 清香 保湿 补水 清爽 舒适 易 冲洗 家庭 装
威露士 香皂 
香神 腐 
香辣 香菇 
牛肉 香菇 
原味 香菇 
儿童 大列巴 
流星纹 黑色 款 
记账王 
2017年 07月 铁路 运输 服务 
冷水 
票款 
苹果 配件 
装饰品 
报警器 
多 功能 一体 
服务 协议 
亚都 净化器 
法律 服务 
体检 
亚都 净化器 2016CW 过滤芯 组件 
金蝶 激光 数量 外币 记账 凭证 会计 凭证 纸 
友盾 服务 
柴油机 
家电 
服务 协议 
金蝶 激光 金额 记账 凭证 横版 凭证 纸 
精斗云卫衣 黑色 
精斗云卫衣 黑色 
2017年 8月 道路 运输 服务 
仓储 服务 
进口 红提
特级 水晶 富士
蔬菜 
教育 服务 
金蝶 标准 版 站点 
苹果 
2017年 6月 国内 道路 运输 服务 
2017年 08月 道路 运输 服务 
小米 移动 电源 充电宝 充 银色 适用 于 安卓 苹果 手机 平板 
注射 用 青霉素 
注射 用 头孢哌酮 钠 舒巴 
葡萄糖 注射 
盐酸 左氧氟 沙星 氯化钠 注射 
氯化钠 注射 
氯化钠 注射 
索乳 
替 硝唑 葡萄糖 注射 
双氯芬酸钠 缓释 
氟 康唑 氯化钠 注射 
注射 用 头孢曲松钠 凯塞欣 
注射 用 头孢曲松 
氟康 唑片 
维生素 注射 
注射 用 炎琥 
维生素 注射 
维生素 
口服 补液 
阿昔洛韦 
注射 用 阿昔洛 
注射 用 头孢唑林 
注射 用 头孢唑林钠 
葡萄糖 注射 
葡萄糖 注射 
注射 用 磷霉素 
甲芬 酸胶 囊/甲 灭酸 
新 生化 
盐酸二甲 胍缓 释片 
转移 因子 口服 
甘露醇 注射 
诺氟 沙星 胶囊/氟 哌酸 
诺氟 沙星 胶囊 氟哌酸 
罗红霉素 
罗红霉素 分散 
复方 烯 酸锌 曲安奈德 
氨咖 黄敏 胶囊 速效 伤风 胶囊 
复方 氨基酸 注射液 
醋 酸氯 定栓 洗必泰栓
注射 用 阿奇霉素 
胶体果 胶铋 
注射 用 美洛西林 
注射 用 奥美拉唑钠 简装 
奥美拉唑 肠溶胶 
当 归 
硝苯 平片 
注射 用 硫酸链 霉素 
阿莫西林 
黄苦 洗 
克霉唑 
硫酸庆 大霉素 注射 
酒石 酸美 托洛尔片 乐克 
盐酸氨溴 索 葡萄糖 注射 
呋喃妥 因 肠 溶片 
注射 用 克林霉素 
克林霉素 磷 酸脂 注射 
麻仁 软胶 
乙酰螺旋霉 素片 
开塞 
马应龙 麝香 痔疮 
甲钴胺 
复方 丹参 
氯化钾 注射 
阿司匹林肠 溶片 
阿司匹林 肠溶片 拜 阿司匹灵 
地奥 心血康 
黄芪 注射 
氯霉素 滴 
复方 利血 平氨苯蝶啶片 降压0 号 
炎可 宁片 
注射 用 头孢哌酮 
肤痒 
翘败 毒片 
氯化钾 缓释片 补达 秀片 
复方 氨基酸 注射液 
藿香 正气 
复方 氯米松 樟脑 乳膏 抚极 
克拉霉素 
酚酞片 果导片 
盐酸 左氧氟 沙星 
血塞通 分散 
复方 氨酚烷 
注射 用 门冬 氨酸阿奇霉素 
硝酸异 山梨 酯片 消心痛 
清热散 结片 
小儿 咳 喘灵 
复方 氨林 巴比妥 注射液 安痛定 
硝酸咪 康唑 
伤科 跌打片 薄膜衣 
抗 病毒 
哈西奈 德溶液 乐肤 液
前列 舒乐 
复合 维生素 
奥 硝唑 氯化钠 注射 
头孢氨苄 甲氧 苄啶 
注射 用 氨曲 
小 清凉油 白猫牌 
舒筋 活 血片 
银杏 叶片 
注射 用 辅酶 
复方 酮康 唑软膏 皮康王 
红霉素 
复方 甘草 酸铵 注射液 强力 解毒 
注射 用 胸腺 
丹皮酚 
氧氟 沙星 滴 
盐酸 左氧氟 沙星 滴 
盐酸环丙 沙星 
龙胆泻 
维生素 
六味 
黄连 上 
复方 巴唑 氢氯噻嗪 降压 
复方 巴唑 氢氯 噻嗪 胶囊 降压 
吲达 帕胺 
格列美 脲片 
依达拉奉 注射 
维生素 
戊酸 雌 醇片 补佳乐 
消炎 止咳 
冬凌 
化痰 平喘片 
盐酸 小 檗碱片 盐酸黄连 素片 
阿奇霉素 
甲钴胺片 薄膜 衣片 
清火 栀 麦片
痔速 宁片 
维生素 滴 剂/伊可新 以上 
千柏 鼻炎 
利福平 
安乃近 注射 
复合 维生素 注射 
硫酸庆 大霉素 碳酸铋 胶囊/肠炎 
罗红霉素 
清喉 利咽 颗粒 慢 严 舒柠 
奋 乃 静片 
利巴 韦林 
雷公藤 多 苷 
头 孢 克肟 颗粒 达力芬 
喉 舒宁 
鲜竹 
灰黄霉素 
硫酸庆 大霉素 
西咪 替 
康复 新 液
盐酸利多卡因 注射 
双氯芬酸钠 缓释片 迪根
咽炎 
利巴 韦林 喷雾剂 
复方 醋酸 地塞米松 软膏 皮炎 平
消肿 止痛 
红花 
阿昔洛 韦片 
盐酸特比 萘芬 
马来酸 氯苯 敏片 扑尔敏片 
多 潘立酮 片 吗丁啉 
颠茄磺苄 啶片 泻痢 停
阿卡波糖片 拜唐 苹 
婴儿 健脾 
西瓜 霜喷剂 
金嗓子 喉片 
丹参 注射 
克霉唑 
盐酸苯海拉明 
乌鸡 白凤丸
藿香 正气 
复方 丹参 片 薄膜 衣片 
黄连 口服 
溴米 普鲁卡因 注射液 爱茂尔 
曲克芦丁 
二维葡 磷钙 咀嚼片 奶味 钙片 
硫酸庆 大霉素 颗粒 小儿利宝 
盐酸林可霉素 注射 
葡萄糖 酸钙 注射 
曲克芦丁 注射 
尼美 舒利 颗粒 瑞芝 
维生素 
环 素片 
盐酸 甲氧 氯普胺 注射液 胃 复安 
氯霉素 
氨茶碱 注射 
鱼 石脂 
伤湿 止痛 
吡哌 酸片 
关节 止痛 
碳酸氢 
碳酸钙 片 钙尔奇 片 
维 银翘片 
西瓜 霜润 喉片 
脉络宁 注射 
枸橼酸 喷托 维林片 咳 清
柴胡 注射 
乳酸 左氧氟 沙星 氯化钠 注射 
盐酸苯海拉明 注射 
复方 醋酸钠 注射液 平衡盐 
维生素 注射 
尼 可 刹米 注射 
消旋山 莨菪 碱片 
枸橼酸 喷托 维林片 咳必清片 
黄氏 响声 
布洛芬 缓释 
京都 念慈庵 密炼 川贝 枇杷 
蜜炼 川贝 枇杷膏 念慈庵 
连花 清瘟 
蒲地蓝 消炎 
复方 草 珊瑚 含片 
西地 碘 含片 华素片 
利巴 韦林 含片 
清 开灵 
复方 青黛 
氢氧化 铝片 胃 舒平 
伤 药片 
天王 补心 
速效 救心 
谷维素 
安神补 脑 
氯雷 定片 
马来酸依 普利片 依苏 
仙灵 骨葆胶 
复方 醋酸 地塞米松 乳膏 
湿润 烧伤膏 美宝 烧伤膏 
氧氟 沙星 滴 
红霉素 
云南 白药膏 打孔 透气型 
复方 氯米松 樟脑 乳膏 无 极 
复方 氨酚烷 胺片 感康 
云南 白药 气雾剂 
尿素 
麝香 壮骨膏 麝香 止痛 
糠酸莫米松 乳膏 艾洛松
珍珠 明目 滴 
冰硼 
补 中 
维生素 注射 
克拉霉素 分散 
吲哚 美 辛肠 溶片 消炎痛 
沙丁胺 醇气 雾剂 
复方 铝 酸铋片 胃 治 
山楂 
维生素 滴剂 伊 可 新 
服务费 
便宜 干脆面 臭 鼬味 
焙芝友 蛋糕 预拌粉 原味 
小婴 读 儿歌 
宝宝 好 习惯 养成 系列 套装 
幼儿 生活 情景 游戏 绘本 和 玩 套装 
折扣 
烟晶灰 
条码 打印
娱乐 服务 
迷你 收银纸 排 
项目 代理 
金蝶 费用 报销 单 手写 单据 账务 单据 金蝶 账册 审批单 
迷你 卷 干 胶 码纸 
租赁 
货运 代理 服务 
摄像头 
电源 
金 项链 
捷安特 夏季 头巾 
捷安特 铝合金 型 锁带 指南针 
车队 版 手套 
莫曼顿 马蹄 锁 
捷安特 清洁剂 除锈 去 污 
捷安特 速 常规 修补 链条 
有 线码表 
侧开式 水壶 架 
捷安特 润滑油 润滑剂 
捷安特 冬季 抓绒 头巾 
捷安特 带 锁夹 钢丝 车 锁 
头盔 
捷安特 长袖 抓 绒 车衣 
Liv 丽以芙 运动 骑行 头盔 
远 红外线 弹性 保暖衣 
Liv 丽以芙 运动 版 长腕 手套 
捷安特 落地 打气筒 
捷安特 入门款 镜片 眼镜 
儿童 头盔 护具 
捷安特 附气 压表 带 固定座 便携式 气筒 
捷安特 可调 停车架 
头盔 
捷安特 常规 拔式 糖果色 清脆 机械 自行车 车铃 
自行车 头灯 充电 
捷安特 新款 系 专用 停车架 
捷安特 自行车 灯 套装 
捷安特 钢 缆锁 
大 链条 锁 
开式 水壶 架 
捷安特 自行车 尾灯 
房费 
2017年 04月 道路 运输 服务 
云 进 销 存 电商 专用 在线 仓库 管理 软件 
焗 鸡蛋 
果仁 世家 什锦豆 
乐事 大 波浪 薯片 香脆 烤 鸡翅 味 
劲仔 豆干 酱香味 
芝麻官 怪味 胡豆 
洽洽 焦糖 瓜子 
抓 鱼 猫 香辣鱼 
乐事 薯片 经典 原味 
米 老头 多 谷果子 蛋 黄味 
洽洽 喀吱脆薯 浪 香辣 牛肉 味 薯片 
盐津 铺子 冰糖 杨梅 
盐津 铺子 盐津 长 葡萄 
盐津 铺子 盐津 桃肉 
派 蜜汁 味 猪肉 脯 
δ 派 蜜汁 味 牛肉脯 
洽洽 喀吱脆薯 浪 黑 椒牛 柳味 薯片 
半球 奶盐 苏打饼 干奶 盐味 
徐福记 松软 蛋 黄味 沙琪玛 
欧莱雅 奇焕 润发 精油 针对 干枯 发质 
香辣 鸡味 脆 脆 
牛奶 巧克力 制品 
百吉福 高 钙 芝士片 
高丽 农庄 贡菜 
@金龙鱼 芝麻油 
上 好 佳 田园 薯片 青柠海 盐味 
抓 鱼 猫 酱汁鱼 
熟客 脆笋 
天优甘栗仁 促销装 
火焰山 烤 鸡蛋 原味 
北海道 鱿鱼丝 
熟客 金菇 幼笋 
爱 卤风 干 鸭 锁骨 香辣味 
爱 卤风 干 鸭脖 香辣 香味 
盐津 铺子 甘甜 话梅 
集美 食品 香脆 花生 
抓 鱼 猫 酱椒鱼 
2017年 8月 国内 道路 货物 运输 服务 
通行 
2017年 8月份 铁路 运输 服务 
城市 风暴 
捷安特 铝缸 美 法 通用 迷你型 打气筒 
型 锁 
捷安特 常规式 自行车 专用 车铃 
小 链条 锁 
万宝座 钟扇
极 
美 管线 
车队 版 袜子 
捷安特 密码 钢 缆锁 
捷安特 数码 印花 防滑 耐用 四季 长指 手套 
捷安特 公路 车 自行车 内胎 
车队 版 短指 手套 
长指 手套 
捷安特 专业 公路 版 骑行 头盔 
2017 
车 灯 
车 灯 
捷安特 型 锁 
陆路 货物 运输 服务 
2017年 05月 道路 运输 服务 
3月份 租金 
凭证盒 两边 
滤芯 组件 
迷你版 安全 锁 许可 
凭证盒 两边 
2011 
功能 工具组 
铝合金 挂钩 尼龙材 质松 带 
捷安特储 气筒 
捷安特 糖果 色梭 织布 大 容量 环保 美观 折叠 车篮 
激打 余额 汇总表 
包子 暖手宝 蓝色 
捷安特 面料 贴莱卡 背负 系统 卷口 背包 
夜明 
工资 系统 
捷安特 五组 一体式 镜片 专业款 眼镜 
捷安特 迷你款 双气压 模式 超 小型 气筒 
Liv 丽以芙 车灯 
专业 版 头盔 
主题 束管带 
捷安特 复刻版 短裤 
捷安特转印 运动 款长 指防滑 骑行 手套 
莫曼顿 基本款 轻便钢 缆锁 
捷安特 亚洲 版 车队 版 头盔 
袖套 夏季 薄款 
捷安特 双通 基本 款 山地 把 套 
变 焦锂 电池 可 充电 警用灯 
金蝶 装订机 特价 金蝶热 铆装 订机 手动 热铆 装订 机迷你型 
足 金绞丝链 锁 骨链 
投资 金条 
金蝶 店铺 标准版 站点 
金蝶 迷你版 标准版 安全 锁 
农副食品 
软件 服务 
云 进 销存 
云 进 销 存 基础 版 
在线 会计 企业 版 
在线 进 销存 标准版 
在线 进 销存 标准版 
捷安特 长袖 内衣 
捷安特 台湾 水壶 
捷安特 自行车 前灯 
汽车 美容 
捷安特 车 系 专用 附转 接件 自行车 货架 
2017年 8月份 道路 运输 服务 
在线 进 销存 基础 版 
金蝶 凭证 装订机 手动 打孔 财务 装订机 会计 凭证 装订机 
在线 进 销存 基础 版 
凭证盒 两边 
在线 会计 进 销存 
在线 会计 进 销存 
在线 会计 企业 版 
在线 进 销存 标准版 
在线 会计 代账 公司 版 用户 
会计 多 账 版 
在线 进 销存 标准版 
会计 多 账 版 
在线 进 销存 基础 版 
在线 会计 代账 个人版 用户 
会计 多 账 版 
在线 会计 代账 个人版 用户 账 
在线 会计 企业 版 
在线 进 销存 标准版 
玫瑰 金色 移动 联通 电信 手机 
金蝶 账簿 封面 账簿 封面 财务 账簿 封面 账簿 封 套 
蚕蛾公 补 
读 可 写 刷 卡器 刷卡器 阅读器 接口 
餐饮 娱乐 热敏纸 
零售 分体机 包括 部件 主机 液晶 显示器 键 专用 键盘 
商贸 零售 平台式 扫描器 桌面 影像 扫描 平台 接口 二维 
福多牌 提拉米 苏味 蛋糕 
健达 奇趣蛋 男孩 版 
麦维 消化 饼纤 滋棒 原味 酥性 饼干 
呐嘟娜 威化饼 草莓 口味 
恩芝 卫生巾 纯棉 日用 
猫 小 菲 无 纤薄 超长夜 用 卫生巾 
卡士 鲜酪 乳发酵 乳原味 
湾仔 码头 韭菜 猪肉 水饺 
湾仔 码头 荠菜 猪肉 云吞 
湾仔 码头 品 奶黄包 
全 儿童 胡萝卜 馒头 
微力 达 海绵百洁擦 五片 超值 装 
塑料 背心袋 新款 
雅诚德 杰克杯 
雪花 银耳 
清风 原木 金装 抽 中 规格 抽取式 面纸 
维达 超韧纸 手帕 
舒忻 女士 蕾丝 隐形 袜 装 
黑布 李 
进口 火龙果 
进口 柠檬 
红肉 火龙果 
金针菇 
奥利奥 巧克力 味 小 饼干 
奥利奥 夹心 饼干 草莓 味 
￥奥利奥 夹心饼干 原味 
奈丝 公主 纯棉 亲肤 系列 日用 超薄 卫生巾 
高洁丝 经典 系列 夜 安裤 裤型 卫生巾 
@汰渍全效 洁雅 百合香型 洗衣液 
@雕牌全渍净 洗衣液 深层 去 渍 
洁柔金 尊 抽 抽取式 面巾纸 
维达 超韧 抽取式 纸 面巾 
乌江 清淡 榨菜 
乌江 榨菜 微辣 
乌江 榨菜 红油 
禾然 儿童 有机 酱油 
好 丽友薯 愿 薯片 原味 
好 丽友 鱼 马铃薯 膨化 食品 
脆升 升烧 烤味 薯条 
乐事 薯片 清爽 青 柠味 
富锦实 在 香草饼 袋装 
彩虹 糖 大 瓶装 
滨崎 果汁 糖 水蜜桃味 
口力 午餐 袋 橡皮糖 水果 味 凝胶 糖果 
公仔 迷你碗面 风味 排骨 味 油炸 方便面 
双汇 润口 香甜王 
汇 泡面 拍档 香肠 
双汇台式 烤香肠 
双汇 泡面 搭档 香肠 葱香 风味 
汇 新 王中王 
康师傅 珍料 多 杯面 五香酱 牛肉 
云南 白药 牙膏 留兰香型 
舒客 专业 护 牙刷 
@片仔癀 牙火 清牙膏 箐萃 药香 
立 白椰油 精华 洗衣皂 
超能 内衣 专用皂 
合 味道 迷你杯面 牛肉 风味 
合 味道 香辣 牛肉 风味 杯面 
莱家 椰子 味粒 粒装 威化 饼干 
爱 时 乐 香草 牛奶 味 威化 卷心酥 
安麦 高曲奇 饼干 
红甲 绿茶 橄榄油 海苔 
红甲 传统 原味 海苔 
香草味 夹心 蛋糕 
便携 旅行装 软毛 按摩 牙刷 
万威 客口 口香脆皮肠 蜜糖味 
万威 客口 口香脆皮肠 芝士味 
万威客 早餐 三明治 火腿 切片 
卡士果 粒 鲜酪 乳（椰果 三联杯 
金锣 玉米 热狗 香肠 网兜 
万威客 芝心肠 
八角 
樱桃 小丸子 果冻 
龙泉驿 水蜜桃 
促销 蔬菜 
精选 大葱 
精选 刺 青瓜 
精选 金银 甜 玉米 
高原 熟 西红柿 
精选 瓜叶 
精选 菜心 
优选 胡萝卜 
嘉顿 朱古力雪芳 蛋糕 
雀巢 鹰唛 巧克力 炼奶 
乌江 红油 榨菜 下 饭菜 
椴树 原蜜 
王老匠 香辣素 牛筋 
品客 浓香 奶酪 味 薯片 
品客 酸乳酪 洋葱味 薯片 
品客 香辣 味 薯片 
天优 甘栗仁 
卫龙 大 面筋 香辣 味 调味 面制品 
品客 黄 油焦 糖味 薯片 
口力 汉堡 橡皮糖 水果 味 凝胶 糖果 
好时 吻 曲奇 奶 香白 巧克力 
益达 无 糖 口香糖 清新 西柚 味 瓶装 
农心 辛拉面 香菇 牛肉 
公仔 上 汤 海鲜味 桶面 
南孚 酷博 新 国标 插座 
金榕 冰模 
$菲尔芙 保鲜袋 
贡菊 
曼牌 机油 滤清器 2x 君威/昂科拉/英朗 景程 爱 欧/科鲁兹 迈锐宝 雅特 
Liv 丽以芙 抓绒 冬季 头巾 
Liv 丽以芙 剪裁 排 汗 吸 湿 黑色 百搭 运动 紧身 骑行裤 
用 货架组 
软件 测试 
上肉 
排骨 
猪 脚 
凤中 皇乌凤鸡 
黄金帅 苹果 
进口金 枕榴莲 正 
澳州 蜜柑 
进口橙 
铁坡 黄桃 
乐 进口金 菠萝 
进口车 厘子 
优选 小 台 农芒 
高原 熟粉 茄 
精选 胡萝卜 
精选 豌豆 
精选 土豆 
精选 莲蓬 
切割 南瓜 
精选 锥栗 
优选 老姜 
车 厘子 牛油 排包 
车 厘子 香橙 小 蛋糕 
太 港 红糖 
海天 特级 一品 鲜 酱油 
桂圆 干 
@金龙鱼 芝麻油 
食用 盐 
富锦盐 焗巴旦木 
甘源牌 袋装 蒜香味 青豌豆 
洽洽 喀吱 脆薯 脆葱 香烤 翅味 
百草味 碧根果 奶油味 
飘零 大叔 兰花豆 牛排味 
益达 木糖 醇香 浓 蜜瓜 味 口香糖 瓶装 
徐福记 雀巢 咖啡乐 糖果 拿铁 
黑人 双重 薄荷 牙膏 配 赠品 
神丹油 黄熟咸 鸭蛋 
韩福 海苔 原味 
金乡 大蒜 
千层饼 
云 进 销 存 基础 版 
晨光 
莱特 三联 
莱特 费用 报销 
晨光 中性 
泡沫 印 
晨光 中性 
晨光 中性 
宝石 花帐 
亚信 通用 原子 
银行 存款 日记 帐帐 
现金 
齐心 订书 
新 
永结 同心 金条 
项链 
凭证盒 两边 
清淋 
巨峰 葡萄 
精选 杭茄 
迷你 杏鲍菇 
精选 西瓜 红番薯 
精选 湖南 椒 
天口味 生姜 
天口味 白皮 蒜头 
精选 毛豆 
东北 老 黄瓜 
嘉顿 切皮 方包 
广合 腐乳 微辣 
富运 香辣王 
味聚特黄花什锦 
吉 香居 下 饭菜 
老恒 料酒 
怡宝 饮用 纯净水 
雪 碧柠 檬味 汽水 
公仔面 猪骨味 油炸 方便面 包装 
立围 日用 超 薄 棉柔 排湿 表层 卫生巾 
维达 薇尔 贴芯 超薄 甜 睡夜 用 棉柔 卫生巾 
日用 纤薄网感 棉柔 表层 卫生巾 含 澳洲 茶树 精华 连 包 
飞日 用 特长 夜用 迷你立 围丝 薄 棉柔 卫生巾 
飞 纯棉 裤型 卫生巾 码 
亮 净 洁厕 精 强效 
维达 手口 可 用 湿巾 
西柚 薄荷 湿巾 买 送 
天源 竹 纤维 方巾 
永亮 舒雅 面巾 
公仔 面虾肉 云 吞味 油炸 方便面 
哇米诺 豆奶 饮料 原味 
全 状元 玉米 蔬菜 猪肉 水饺 
路雪 可爱 多 香芋 牛奶 味 冰淇淋 
思 高瞬洁 吸 水 抹布 
思高 合宜 系列 金属 钢丝球 装 
金 霸王 电池 碱性 电池 
菲尔芙竹 纤维 擦试布 
$菲尔芙 超细 纤维 擦试布 
壹点 帮点 海绵百洁布 
$菲尔芙 加厚 塑胶杯 装 
有机 菜心 
黄金 苗黄 小米 
康达尔 黑猪 五花肉 
香梨 
鹰 嘴 芒 
甘美 西瓜 
小 肥 羊 火锅 底料 清汤 
亨氏 番茄 沙司 
澳洲湖 盐雪晶盐 
启初 婴儿 洁肤 湿巾 家庭 装 
金锣加钙 金锣王 
菲尔芙 细滑线 牙线棒 
纳美 小 苏打 臻白 牙膏 冰清薄荷 
扇牌 内衣 裤 专用皂 
洁霸 瞬清 亮彩 洗衣液 补充 装 
雷达 杀蟑 气雾剂 水基 薰衣草 香 
清风 漫威 卡通 纸手帕 
菲尔芙 装 男士 用 便利 纯棉 内裤 
伊泽 酱 牛肉 
伊泽酱猪肘 
德亚酸 牛奶 
双汇 马可方 三明治 
双汇 蒜蓉 烤肠 
万威客 美味 香 牛肉 
万威客 加拿大 风味 烟肉卷 
高丽 农庄 笋尖 
佳能 保鲜纸 
瓷丽 皿釉 中 彩蓝 牡丹 日式 饭碗 
美益 五花肉 
美益 梅花肉 
汤骨 
冰 鲜 黄花鱼 
天口味 独头 蒜 
曼可顿 十谷吐司 面包 
清 至 无 糖 口香糖 薄 荷味 
狮王 劲 爽白 牙膏 珍萃 薄荷 
沙宣 炫亮 彩护 洗发露 
上海 硫磺皂 
滴露 健康 植物 呵护 香皂 
神驱 蚊花露水 冰莲香型 
罗曼诺 男士 清爽 香皂 
罗曼诺 男士 清爽 香皂 活力 
罗曼诺 至 清爽 香皂 
吉 列 锋速 敏锐 刀片 
欧莱雅 男士 水 能 润泽 净爽 洁面 啫喱 
曼秀 雷敦 控油 冰爽 洁面 泡沫 
妮维雅 深层 洁净 洗 颜泥 
好 爸爸 天然 亲肤 洗衣皂 
佳丽 空气 清新 喷雾 沁心茉莉 
皇宇 液体 鞋油 
菲尔芙芳 香晶球 柠檬香型 
菲尔芙芳 香晶球 薰衣草香型 
枪派 男 船袜 装 
井 竹苎 麻棉 商务 男袜 
井竹莫代尔 苎麻棉 结构 商务 男袜 
井竹莫代尔 苎麻 结构 商务 男袜 
欧尼杰 男士 平脚裤 紫印花 
菲尔芙 素色 竹棉 方巾 
菲尔芙 精梳棉 素色 缎档 面巾 浅灰 
洗颜 专科 柔澈 泡沫 洁面乳 资生堂 授权 正品 
瀛欣 精典 折叠凳 
美孚 美孚 合成 机油 级 
不锈钢 防风 晾晒 
伤 手 家务 手套 灵巧型 双装 
枕头 通风 晾晒 
烘焙 蛋糕 纸杯 装 小号 
防螨 防潮 内衣 整理 盒 杜邦 面料 
防螨 防潮 多 用 收纳袋 杜邦 面料 
密封式 床底 收纳箱 盖子
密封式 床底 收纳箱 箱 
鞋袜 除菌 
多 用途 杂物 收纳箱 盖子 
多 用途 杂物 收纳箱 箱体 
Liv 丽以芙 运动 版长 指手套 
捷安特 小帽 
捷安特 骑行 水壶 架 
金蝶 标准 版 站点 
针式 金额 记帐 凭证 
风扇 
即 食 方便 食品 
在线 进 销存 基础 版 
软件 技术 服务 
金蝶 财务 软件 网络版 财务 在线 会计 记账 代账 专用 报税 会计 电算化 
友商 在线 会计 代账 个人版 站点 
电动 
捷安特 链条 锁 
捷安特 警示灯 
捷安特 按式 机械 金属 自行车 车铃 
三星 全网通 谜夜 黑 爱 施德集采 
联名 锁 
龙凤呈祥 金条 
路 路 通 
硬金 吊坠 
中性 
笔记 
订 书 机
订 书 
计算器
长尾 夹
夏 被 
硬金 爱神 羽 吊坠 
投资 金条 
字 链锁 骨链 
福锁 宝宝 黄金 吊坠 
一生 硬金 
槐角 
沉香化 
车 灯 
气筒 
捷安特 带 附件 色 可 替 台湾 进口 无线码表 
捷安特 车队 版 短指 手套 
捷安特 落地 打气筒 
腿 套 夏季 薄款 
捷安特 骑 行帽 
捷安特 免 水 洗手液 
气筒 
法律 咨询 服务 
硬金战 狼子弹 
变色 蓝绿 貔貅 
精品 耳钉 
皇冠 手链 
明珠生 畔 黄金 耳钉 
貔貅 翼 硬金 
汽油 
金蝶 记账王 云盘 升级 安全 锁 
公证费 
公证书 译文 费
代译费 
成都 
天津 
金蝶 空白 凭证 纸 
气筒 
入门 版 车衣 素色 拼布 短袖 车衣 
大展宏图 金条 
天使 翼 手镯 
2012 爱喜 
星光亮 片 手链 
足金 吊坠 
在线 会计 企业 版 
在线 会计 进 销存 
复合果 蔬酵 素粉 
捷安特夹片 近视 眼镜 翻镜 
捷安特 公路 头盔 
捷安特 时尚 畅销 款 眼镜 
车队 版 头盔 
有偿 服务费 
金蝶 差旅 费用 报销 单 手写 单据 账务 单据 金蝶 账册 审批单 
捷安特夹片 近视 眼镜 上 翻镜 
健身 服务 
金蝶易 记账 软件 
智慧 记 软件 服务费 
咨询 服务 
黑藤 巨峰 
精品 红 洋葱 
精选 珠葱 
阳光 粉茄 
雪健 多 用途 麦芯粉 
若 水 尚谷 春雨 清谷 稻花 香米 
丘 比 原味 沙拉酱 
古优级 黄冰糖 
雀巢鹰 唛炼奶 
味聚特 学生 榨菜 
公仔面 包装 海鲜味 
奇迹 奢护 精华霜 乳液 修护 
迪士尼 米 奇童 拖鞋 
神丹油 黄生 咸鸭蛋 
椰嘉 浓 椰浆 
调味酱 原 味 牛排 调味酱 
皇族 牌 风绿 茶味 夹心 糯米饼 
晨光 原味 酸奶 
界界乐 乳酸菌 饮品 芒果味 
伊利 畅 轻 燕麦 芒果 风味 发酵乳 
全 状元 荠菜 猪肉 水饺 
全 状元 白菜 猪肉 水饺 
尊乐 百搭车 达肠 
尊乐牌 烤肠 
菲尔芙 时尚 整理 箱 
飞扬 方形 大号 易 扣罐 
西米 
茉莉 花 
金蝶 装订机 通用 钻刀 钻头 
激打 金额 记帐 凭 证__ 深圳版 
外购 
导线 
弹簧 
车 花心 形硬金 吊坠 
硬金 幸运 玫瑰 黄金 吊坠 
硬金 甜蜜 心 黄金 项链 
心形 耳线 
大展宏图 金条 
滤芯 
捷安特 银铝 气缸 便携式 落地 打气筒 
捷安特 护目镜 头盔 
捷安特 面料 贴莱卡 背负 系统 卷口 背包 
捷安特 圆领衫 
2017 
菱光 恋足金 黄金 手链 
金蝶针式 金额 记账 凭证 财务 凭证 纸 凭证 打印纸 财务 软件 
魅蓝 蓝牙运动 耳机 入耳式 手机 耳机 无线 运动 耳麦红 
经典 用 停车架 黑色 
捷安特 带 防尘 盖 水壶 
尾灯 
捷安特 复刻 版 车衣 
铝合金 水壶 架 
车 灯 尾灯 组合 套装 
捷安特 硅胶 阀门 壶嘴 带 防尘盖 单色 印刷 水壶 
捷安特 硅胶 阀门 壶嘴 带 防尘 盖 水壶 
捷安特 进阶 款式 镜片 
捷安特 连体裤 
捷安特 车队 版 头盔 
转矩 扭力 扳手组 附3 5MM 内 嘴 
捷安特 气筒 
双头 锁环式 进 阶级 山地 把 套 
Liv 丽以芙 轻薄防 风雨 马甲 
捷安特 畅销版 短指 手套 
捷安特 硅胶 阀门 壶嘴 带 防尘盖 单色 印刷 水壶 
会计 多 账 版 
9圆形 无线码表 
儿童 头盔 甲壳虫 版 含 护具 零食包 
2016 车裤 
捷安特 精准 防 破坏 扭力 扳 手工具 组 
竞赛版 品牌 英国 进口 小羊皮 短指 手套 
捷安特 硅胶 弧度 手 握 基本款 城市 车 把 套 
可 充电 尾灯 
脚踏 
捷安特 适用 公路 款 泥除 
捷安特 运动 版 长指 手套 
装修 押金 
水费 
联想 笔记本 电脑 独显 
心串心 戒指 
白色 享 双核 加湿器 
餐票 
玫瑰 金色 移动 联通 电信 手机 
保费 机动车 商业 保险 产品 
斯维尔 清单 计价 软件 
在线 进 销存 标准版 
防伪 税控 技术 维护 
大 萌 猴 硬金 吊坠 
一帆风顺 投资 金条 
在线 会计 代账 个人 版 
佳能 镜头 
食品 预付 
海南 树上 熟 木瓜 以上 
泰国 龙眼 
新 奇士 美国 以上 
南非 葡萄柚 以上 
越南 红心 火龙果 大果 
墨西哥 牛油果 
联营 阿榴哥 泰国 金枕头 冷冻 榴莲 果肉 
佳沛 新西兰 阳光 金奇异 
云 零售 用户 
嗳呵 妈咪 保湿霜 
台灯 
晨曦 遇 晓足金 黄金 手链 
梯形 投资 金条 
在线 会计 进 销存 
特殊 垫圈 
定制 电脑
退票 
云 报销 
金蝶 蓝牙 热敏 打印机 便携式 
云 会计 接口 
茶叶 
柴油机 整机 
柴油机 整机 
柴油机 整机 
在线 会计 进 销存 
香薰机 橙色 
手机 数据 同步 
硒维康 口嚼片 
铁 缘片 
番茄 红素 软 胶囊 
葡萄籽维 软 胶囊 
锌 硒宝片 
钙 缘片 
铁 缘片 8板 
硒 麦芽 五味子片 
育 缘 片 
磨砂金 珠 黄金 耳钉 
桃花 黄金 吊坠 
雪花 图案 转运 珠 黄金 足金 吊坠 
车 花心 耳钉 
心语 心愿 吊坠 
精品 活口 戒指 
在线 会计 代账 个人 版 
粉色 包子 暖手宝 
拉丝心 硬金 吊坠 
镂空心 耳钩 
足金 小 树叶 戒指 
光圈 戒指 
日用 杂品 
在线 进 销 存 
针叶 樱桃 压片 糖果 
破 壁灵 芝孢子粉 
桌灯 
咨询 服务 
蜂胶 胶囊 
热铆 账簿 封 
服装 
收银纸 
包子 暖手宝 白色 
在线 会计 企业 版 
云 零售 账 套 用户 
在线 会计 代账 公司 版 用户 
在线 会计 企业 版 
捷安特 尼龙布防 滑钢 链锁 
春秋 冬 长 指 摇粒 绒款 
爱冕 车花 皇冠 黄金 戒指 
硬金宫铃 手镯 
日用 杂品 
车 种 专用 停车架 
昆山 
捷安特 常规 补休 链条 
工程 服务 
尾灯 
硅胶 把 套 
长兴牌 血红素 铁补 铁片 4板 
捷安特 越野车 鞋 
骑行服 蓝 黑 
捷安特 防 雨夹克 
座垫 
Liv 丽以芙 长裤 
专业 骑 行 短裤 黑色 
捷安特尼龙座 垫包 
城市 飚速 
在线 会计 进 销存 
计算机 
在线 会计 企业 版 
劳务 费用 
Liv 丽以芙 吸 湿 排汗 女士 自行车 公路 车 短袖 骑行 服 车衣 
儿童 短指 系列 手套 
国际 货物 运输 代理 服务 
玛咖 压片 糖果 
包子 暖手宝 紫色 
正餐 服务 
业务 申请 
在线 进 销存 标准版 
在线 进 销存 标准版 
银饰
爱普生 墨仓 打印机 多 功能 一体机 
得力 打印 
文件 
现金 日记 
档案 
回形 
笔芯
大头 
订书 
电脑 打印 
切割器 
双面 刀片 
印 
胶 篮球 
利 是 
台 
捷安特 运动版 长腕 短指 手套 
捷安特 运动版 反光短指 手套 
在线 会计 企业 版 
在线 进 销存 标准版 
红米 色 
工程 劳务 费用 
金蝶 服务 特价 金蝶 店铺 标准版 远程 服务 次卡 热线 服务 软件 服务 
金蝶 行政 事业 版 软件 
金蝶 旗舰版 软件 
致 良知 是 伟大 力量 
金蝶 标准版 软件 
金蝶 商贸版 软件 
在线 会计 进 销存 
2017年 09月 道路 运输 服务 
食品 日用品 办公 用品 
2017年 9月份 铁路 运输 服务 
华为 青春 版 白色 移动 联通 电信 手机 卡 待 
金 黄金 珠宝 金福 财袋 黄金 吊坠 硬 金足金 吊坠 
女王 项链 
口袋 
顶级 镜片 
锌 硒宝片 8板 
电器 数码 
袜子 
丽以芙 专业 骑行 头盔 
金日 氨基酸 口服 
安慕希 高端 畅饮型 希腊 风味 酸奶 
康富 来 洋参 口服液 
短指 带 护腕 手套 
房租 
希望 手链 
足金 七彩 手镯 
蝴蝶 小 清新 吊坠 
光 沙 手链 
满天星 戒指 
金牌 会员 
在线 会计 进 销存 
柴油机 
柴油机 整机 
自行车 
柴油机 整机 
自行车 
旗舰 版 数据 处理 
联想 电脑 
蓝莓 叶黄素酯 压片 糖果 
史密斯 金圭 内 胆速 热 节能型 电热水器 
2017年 9月 国内 道路 货物 运输 服务 
海尔 洗衣机 
帕比斯 附盖 储物盒 褐色 
斯诺比 餐垫 多 色 
马里特 长桌布 自然色 
耶利安 休闲毯 白色 
巴舍尔 餐具 滤 干架硅 树脂 绿色 
利斯 德 餐巾盘 白色 
芬福迪拉 可 弯曲式 砧板 深灰色 深 青绿色 
萨姆拉 盒盖 透明 
萨姆拉 盒子 5l 透明 
席特锅垫 
塞恩 平织 地毯 多 色 
泰克拉 厨房 用巾 白色 红色 
斯度拉塔餐 巾纸 白色 
奥比特 盘子 架竹 
原价 合计
折扣额 合计
欧乐 电动 牙刷 双支 成人 充电式 声波 旋转 清洁 软毛 德国 
电脑 显示器 高 清 超薄 显示屏 游戏 
小 锁 吊坠 
基本 款 黑色 抓 绒 车裤 
车队 版 短指 高档 小 羊皮 
四叶草 耳线 
足金 小 清新 戒指 
增值 电信 服务 
车载 迷你 净化器 红色 
云 进 销存 
水电费 
水单 
港口 设施 保安费 
在线 会计 进 销存 
标准版 站点 升级 
2017年 9月 道路 运输 服务 
在线 会计 代账 公司 版 用户 
金蝶 标准 版 站点 
小帅 家用 投影机 投影仪 锂 电 手机 微型 便携 投影 小帅 影院 
直接 收费 金融 服务 
128G 亮 黑色 移动 联通 电信 手机 
效果图 设计 制作费 
投资金 元宝 
投资 福字金 元宝 
乳酸 钙 颗粒 24袋 
工程 进度 款 
标签 
餐饮 服务 
2017年 7月 国内 道路 货物 运输 服务 
停车场 车辆 
软件 开发 服务 
硬金生肖 狗 
风扇 电机 
云 会计 
停车 
住宿费 
打印机 配件 
通讯费 
会计 多 账 版 
激光 雕刻包 
机械 电子 套件 蓝色 
硅 橡胶 
包装 食品 
云 
买 返 斐讯 智能 双频 无线 路由器 穿 墙 
赠送 消费 
陶瓷 招财 
硬金光面 貔貅 
南极 人 枕头 星级 酒店 羽丝绒 枕芯 可 水洗 护 颈枕 饱满 舒适 单只 
食品 
金蝶 空白 单据 4联单 出入库 单 送货单 
审计费 
云电商 
云 
金蝶 短信 充值卡 面值 适用 金蝶 办公 协同 
在线 会计 企业 版 
复印纸 
维达 公用 卫生 纸
圆形 铁票夹 
得力 
快干 清洁 印 泥油 
晨光 白板 
晨光 中 
联单栏 
得力 美工 
得力 固体 
得力 订 书钉
剪刀 
订书机 
抄本 
费用 报销 单 
张维达 商用 擦 
得力 削 笔机 
透明 档案袋 
凭证 封面 
得力 手工 白胶
2017年 9月份 道路 运输 服务 
强力 枇杷 
银黄 颗粒 
在线 会计 代账 公司 版 用户 账 套 
幸运星 暖手宝 绿色 
幸运星 暖手宝 蓝色 
幸运星 暖手宝 粉色 
固定资产 
鸳鸯 硬金 转运 珠 
个人 版 服务 包 账 套 
金蝶 标准 版 站点 
专业 版 头盔 
训练器 
捷安特 头盔 
捷安特 双面 华夫 格 素色 拼布 短袖 车衣 
落地款 打气筒 
咨询 服务 
代 运营 服务 
预付卡 销售 充值 
制作 
奥马 大 冷藏 小 冷冻 双门 迷你 冰箱 经济 实用 家用 宿舍 
捷安特 通用 小 副 把 带 黑色 标 
激光 数 外 金额 记账 凭证 
金蝶 点菜宝 新款 
京标 汽油 
工程 
车载 净化器 
专用 钻刀 
静享 暖手宝 粉色 
静享 暖手宝 蓝色 
人力 资源 服务 
宣传画 制作 
国内 道路 货物 运输 服务 
金蝶 式 三联 单栏 收据 写纸 
捷安特 附 压力 表迷 落地 气筒 
捷安特 运动 版 长 指手套 
金童 硬金 吊坠 
工作 
网络 使用 
经纪 代理 服务 
联营 联豪 嫩肩 牛排 
原膳 南美 白虾仁 小 
联营 涝河桥 羔羊肉片 
金锣 精选 冻肋 排块 
玉女 硬金 吊坠 
广告 制作 
专业 版 使用 教程 
凭 证盒 
云 进 销存 
莫曼顿 棕色 经典 把 套 
呼叫 Ⅷ 
熊掌 暖手宝 白色 
硬金 音符 套链 
圆珠耳钉 小号 
西门子 洗衣机 
补 差价 
跳 跳袋
为 爱 加 冕足金 吊坠 
山地 泥除 
捷安特 钢链 锁月 牙 钥匙 
甘源 原味 青豆 
购物袋 大号 
陈克明 老妈 厨房 劲道 挂面 
星球杯 系列 散装 
舒肤佳 纯白 沐浴 露 
大宝 美容 洗面奶 
王守义 白 胡椒 
王守义 孜然粉 
土猪 瘦肉 
农亨岩 烧 原味 海苔 
鑫杰 甘草 梅条 
徐福记 散装 金致 
折扣 
宿费 
恒都 澳洲 牛腱子 
联营 伊赛 西门塔尔 牛 肋条 
空间 租用 
金蝶 95一式 三联 出 库单 无 碳复 写纸 
金蝶 95一式 三联 出 库单 无 碳复 写纸 
餐饮 服务 
醒来 
逍遥 
足金 镂空心 吊坠 
金 黄金 珠宝 黄金 耳钉 足金 繁花似锦 耳环耳 饰约 
伊丽莎白 时尚 足金 吊坠 
害羞 猴 硬金 吊坠 
绿联 白色 带 电源 配 
微动 
激光 雕刻机 国内 版 
会计 多 账 版 
消防 工程 
钱箱 白色 钱箱 
开发 服务 
2017年 10月 国内 道路 运输 服务 
2017年 月 道路 运输 服务 
饮水 
港口 作业 包干费 
停泊费 
先锋 取暖器 电热油汀 电暖器 电 暖气 家用 静音 节能 
平板 电脑 配件 
堆存 保管费 
预付 卡
环法 纪念款 专业 手套 
店堂 标配 内 套组 
捷安特 骑行 渐进 偏光镜片 
捷安特 圆 
捷安特 骑行 眼镜 
莫曼顿 前 杠包 
捷安特 入门版/ 短指 手套 
捷安特 圆领衫 
捷安特 常规 补 修 链条 
摄像 服务 
捷安特 时尚 畅销 款 眼镜 
丽以芙 夏季 运动 款 头巾 
捷安特 补胎液 
内 短裤 
大嘴猴 保温杯 男 女士 商务 办公 时尚 水杯 茶杯 车载 直身杯 黑色 
个人 版 服务 包 账 
动感 单车 
违约 金
磨砂珠 肖邦 手链 
足 金绞丝链 
捷安特 台湾 进口 落地 打气筒 
金羽 明珠 足 金 黄金 手链 
生活 家 
摆放式 置物架 
嘴唇 手链 
心心相印 套链 
汽油 国 Ⅴ 
汽油 国 Ⅴ 
机动车 商业 保险 条款 版 
捷安特 秋 冬 御寒 保暖 长袖 抓 绒骑 行服 
Liv 丽以芙 束腿 
捷安特 色 材质 缠绕 方式 舒适 自行车 骑行 把 带 
无 铅 电气 电工 绝缘 胶带 汽修家 装耐磨 防潮 耐 酸碱 蓝色 单个 
京东 超市 永 滋养 系列 乐养 核桃 豆浆粉 
京东 超市 高露洁 纤柔备长 炭牙刷 送 赠品 星座杯 黄鸭罐 赠送 
京东 超市 美素佳儿 金装 适用 于 幼儿 配方 奶粉 京东 超市 共享 
京东 超市 帮宝适 超薄 干 爽 婴儿 拉拉裤 大号 
仙美 苹果 烟台 红富士 装约 总 重 2.15kg 新鲜 水果 
无 铅 电气 电工 绝缘 胶带 汽修家 装耐磨 防潮 耐 酸碱 黑色 单个 
京东 超市 美素佳儿 金装 幼儿 配方 奶粉 幼儿 适用 荷兰 原装 进口 
泉盛隆 陕西 白水 红富士 苹果 装约 总 重 2.15kg 新鲜 水果 
京东 超市 洁柔 卫生纸 布艺 倍柔 系列 
京东 超市 滴露 健康 抑菌 香皂 薄荷 冰爽 买 赠 惠装 沐浴皂 男女 通用 
京东 超市 美素佳儿 金装 大 婴儿 配方 奶粉 月 婴幼儿 适用 荷兰 原装 进口 
超霸 碳性 电池 适用 于 燃气灶 燃气 热水器 手电筒 
京东 超市 金盈 谷 米 伴侣 \ 杂粮 中 粮 出品 
上 加 水 桌面 加 湿器 触控版 
高清广 视角 窄 边框 纤薄 机身 金属 底座 显示 
用 停车架 
帮宝适 超薄 干 爽 婴儿 拉拉裤 大号 裤型 纸尿裤 尿 湿 
华润 五丰 苏北 大米 
足金 皇冠 手链 
车用 汽油 Ⅴ 
车用 汽油 Ⅴ 
金蝶 借款 审批单 手写 单据 账务 单据 金蝶 账册 财务 审批单 
单号 
致 良知 原文版 
致 良知 译文版 
工资 单型号 
在线 会计 进 销存 
按摩 
按摩 
奇异 果 会员 月 
富 可 视 高清 液晶 电视 
玫瑰 金色 移动 联通 电信 手机 
贝雪枸 氯雷 定片
胜傲 令 
维尔固盐 酸氨基 葡萄 糖 
奇正 消痛 
雷诺考特布 奈德 鼻 喷雾剂 
宝树堂 麝香 
金蝶万 能 票据 标准 版 票据 打印 软件 金蝶 财务 软件 记账 软件 
亚都 净化器 
板 制作 
2017年 10月 道路 运输 服务 
披萨盘 
麦克风
长袖 抓绒 恤 
公路 版 专业 骑行 头盔 
头盔 
莫曼顿 钢 缆锁 
亚都 加湿器 
白色 双核 加湿器 
法国 绒灰 暖身垫 
城市 飚速金 版 
2011 
捷安特 车灯 
休闲 快干裤 
袜子 
版 抓绒 长袖 车衣 
金蝶 
原膳 南美 白虾仁 中 
在线 进 销存 标准版 
折叠 锁 
型号 装订机 钻刀 
花花 戒指 
金蝶 凭证 包角 凭证 封面 封 底 带 包角 财务 记账 凭证 包角 
捷安特 车 灯 
2018 
手 写 业务 单据 付款 申请单 
电热锅 
彩盒 
补运费 
红色 标签纸 
蓝色 标签纸 
冰翅根
安井 散装 火锅料 
小麦 
广氏 菠萝 饮料 
心 印 有 芯 厨房 纸巾 
西红柿 
白萝卜
青瓜
马铃薯 
白菜
青梗 花 
铁棍 
月 
水晶 
蒜头 
西芹
麦子 工坊 椰子 小 球
晨光 原味 酸 牛奶 
奥利奥 草莓 味夹 心饼干 
雕牌 全 渍 健康 除菌 洗衣液 
夏阳 白
红 辣椒
白金 
七度 空间棉 超薄日 卫生巾 
贡梨
盼盼 法式 小 面包 
散装 娃娃 
冬瓜
伊利 红枣 风味 发酵乳 
荔浦 
番石榴
双汇 爆 炒肠 
恒都 
湖南 
水豆 
毛芋 
甜 玉米 
乌头
云南 小瓜
雪碧清 爽柠 檬味 汽水 
板栗 
小 肥 羊 火锅 汤料 辣汤 
东北 米
超洁 清新 洗衣粉 
冰翅 中 
冬枣
黄骨鱼
时尚 混搭 符号 茜茜 公主 戒指 
打印纸 
机器 专用 钻刀 
迷你 打印纸 
时尚 混搭 符号 茜茜 公主 
经典 娃娃 戛纳 
彩虹 四叶草 
金蝶 尺寸 金 蝶凭证盒 凭证 盒子 
车用 汽油 
车用 汽油 
金蝶 软件 网络版 在线 财务 加 进 销 存 财务 存在 线友商 
会计 多 账套 
电 压力锅 
台式机 微塔式 机箱 
沟通 远程 接入 平台 软件 
发票 
卡通 防水 创 可 贴米妮 卡通 防水 创可贴 
卡通 防水 创 可贴 公主 卡通 防水 创可贴 
卡通 防水 创 可 贴 冰雪 奇缘 卡通 防水 创可贴 
邦廸 透气 创可贴 透气 创可贴 
亚都 加湿器 
方便 主要 
葫芦 
2017年 10月份 道路 运输 服务 
菠萝蜜 黄金 吊坠 
富 可 视 超 高清 液晶 电视 
时尚 混搭 娃娃 珍爱 手链 
中介 服务 
电脑 
10月 服务 
白 大夫 
高压 管
精品 手链 
保费 华夏 游 境内 旅行 保险
汽油 
人身 保险 服务 
亚都 加湿器 黄 
液化 石油气 
液化气 
云蕾 家用 橡胶 手套 加长 加厚 
蓝 带 
飞天 茅台 
森咖 袍 
美 商海 盗船 系列 机械 游戏 键盘 红色 背光 黑色 红轴
时尚 混搭 符号 茜茜 公主 戒指 
外 墙 抗 碱底 漆 透明 
环保 耐候 
经典 娃娃 亲亲抱抱 
日用 杂品
全棉 斜纹 面料 棒球帽 
青少年 一体 头盔 
经典 娃娃 爱情 家族 耳饰 
万途 上 加 水 桌面 加 湿器 电脑 版 
金蝶 借款 审批单 
汽车 座椅 黑色 
代账费 
信息 咨询 服务 
软件 服务费 
会展 服务 
金蝶 软件 服务 
晴雨伞 金蝶 有 礼 
智慧 记 
印刷 名片 
印刷 广告 
印刷 聘 
单页
商标 注册 
咨询 服务 
激光 金额 记帐 凭证 
费用 报销 单 
原始 单据 粘贴单 
热铆 凭证 封 套 
激光 定位 全 自动 液晶 装订 
热铆 封 
会计 
手 写 单据 
餐饮 消费 
会计 多 账套 
时尚 混搭 
手套 小 
大 福手套 大 
黄金 饰品 加工 
打印机 
显示器 
金 镶嵌 饰品 
德宝 
金 镶嵌 首饰 
手机 壳 大款 
正方 收纳箱
展厅 搭 建 
水晶 奖杯 
广告 位 租金 
2013 绒布 
版 时尚 店展 柜底 
版 时尚 店橱 窗/展 柜方 
版 时尚 店橱 窗／展 柜层 
版 时尚 店 橱窗 展柜 人头 
版 时尚 店 橱窗 展柜 手镯 
版 时尚 店橱 窗／展柜 耳环 
版 时尚 店橱 窗／展 柜链 
咨询费 
防伪 卡
制作 广告画 8月 
足金 饰品 
运费 
首饰 道具 
酒店 住 
牛角 
刻度 吸管 
氯化 
包装 物料 
工艺 木座
周大福 名贵 豪雅 女冬 灰色 
纸 
插座 
电线 
线槽 
节能 
绝缘 橡胶 
冲 水 
镇流器 
防盗 
温度 湿度 
玻璃 门 
地板 
电表 
铝合金 
行李架 
格力 空调 
灯箱 
检查 
周大福 珠宝 专营店 装修 工程 
狮头柜 
铂金 镶嵌 饰品 
镶嵌 饰品 
成品 
保费 国内 公路 货运险 分 
办公 
10月 黄金 珠宝 大厦 晚班 清洁 服务 
楼 10月份 清洁 
养殖 珍珠 
养殖 
丛梭 长帽 外套 
首饰 
版 时尚 店 橱窗 展柜 戒指 
版 时尚 店 柜托 后备 
版 时尚 店 柜手 镯 
版 时尚店 地柜 戒指 
黄金 饰品 
金饰品 
保费 平安 公众 责任 
亚克力 摆 
柜台 
诵 读本 
多 功能 测钻 笔 维修 费用 
金饰品 维修 
安装 服务 
展示 柜台 
金半 成品 
客凳 布套
黄金 
金 镶嵌 饰品 加工 
饰品 模具 加工 
海康 威视 监控 平台 软件 
黄金 制品 加工 
银饰品 
地柜 
地柜 
柜台机 
无台灯 连柜 
无台灯 连柜 6NH 
半身 展柜 
半身 展柜 
灯箱 黑底 玻璃 
灯箱 黑底 玻璃 
壁柜 黄铜 拉丝钢 
灯箱 黑底 玻璃 
灰色 木纹 胶板 色 墙面 饰 面柜 含 门 
仓内 工作台 
电视机 柜 含 黑底 玻璃 门 
灰色 木纹 胶板 色 墙纸座 单面 
亚克力 
小 方形 盒 内芯 小链坠 耳环/胸 针/小手链 
小 方形 盒 外盒 
中 方形 盒 内芯 单镯 
中 方形 盒 内芯 玉镯 大链坠 大手链 
小 方形 盒 内芯 戒指 
大链 咀盒 
高线半球 彩色 摄像机 
密码 
密码 锁 控制 
报警 联动 按 
标准 黄金
首饰 配件 
柴油
首饰 礼盒 
保费 企 
金镶 钻石 首饰 
铂金 镶嵌 饰品 加工 
周大福 司机 男 夏 短袖 
周大福 名贵 豪雅 女 夏灰色 西裙
版 女冬 西 
2013 版 豪雅 店 女 圆领 毛衣
2013 版 豪雅 店 女 高领 毛衣
周大福 名贵 豪雅 男夏 灰色 
版 女夏 孕妇 
首饰 
杆 
圆形 气球 
心形 气球 
阿尔卑斯 牛奶 混合 硬糖 散袋装 源味 草莓 甜橙 葡萄 特浓 婚庆 喜糖 企业 用 糖
阿尔卑斯 热带 水果 味 硬糖 棒棒糖 装 水果 糖 儿童 用 糖 休闲 
阿尔卑斯 香草 可乐 味 硬糖 棒棒糖 支装 牛奶 糖 休闲 零食 儿童 用 糖
阿尔卑斯 草莓 牛奶 味 硬糖 棒棒糖 装 牛奶 糖 儿童 用 糖 休闲 
阿尔卑斯 高级 牛奶 味 硬糖 棒棒糖 装 牛奶 糖 儿童 用 糖 休闲 
阿尔卑斯 荔枝 牛奶 味 硬糖 棒棒糖 装 牛奶 糖 儿童 用 糖 休闲 
阿尔卑斯 葡萄 牛奶 味 硬糖 棒棒糖 装 牛奶 糖 儿童 用 糖 休闲 
阿尔卑斯 树莓 牛奶 味 硬糖 棒棒糖 装 牛奶 糖 儿童 用 糖 休闲 
阿尔卑斯 柠檬 牛奶 味 硬糖 棒棒糖 装 牛奶 糖 儿童 用 糖 休闲 
阿尔卑斯 精选 口味 硬糖 棒棒糖 装 牛奶 糖 儿童 用 糖 休闲 
阿尔卑斯 香橙 牛奶 味 硬糖 棒棒糖 装 牛奶 糖 儿童 用 糖 休闲 
阿尔卑斯 牛奶 软糖 混合 味散 袋装 焦香源 味. 醇厚 酸奶. 葡萄 酸奶 婚庆 喜糖 企业 用 糖
迷你 打印纸 
时尚 混搭 娃娃 珍爱 挂坠 
时尚 混搭 娃娃 珍爱 耳饰 
人力 资源 
笔记本 套装 
软件 开发 服务 
住宿 服务0 
天然气 用于 自采暖 
月饼0 
餐饮 服务0 
会计 多 账套 
咨询 服务费 
复印 
腰息 痛 
银花 感冒 
标准 支持 服务 
维修费 
净享 洞察 落地 加湿器 金色 机械 
监控 电源
灭火器 充装 加 
灭火器 
喷管 
压力 表
电 
玻璃 
直接 
公牛 排 
安卓 触屏云 
热敏 小票 打印机 
电子秤 无 显示屏 无 按键 无 杆 
垫角 大 
液化 
捷安特 头盔 
心相印 卫生 湿巾 独立装 
双头 特惠 装牙 
心 印 心 柔 系列 卷筒 卫生纸 
雕牌 漂水 
维达 软 抽 抽 
空调 维修 配件 费
冬蓝 开 裤 
冬红 袍 
王爱大 抱 被 
森蓝棉 袍 
冬红 开 裤 
冬蓝 蛤01 
森蓝 袍 
星拆裤 装 
刺猬 袍 
蓝派针 套衣 装 
刺猬 拆 裤 
棉森 拆 裤 
棉森 套衣 
辰开裤 装 
蓝色 字母 长 
辰和袍 装 
草 蛤01 
红色 字母 长 
迷你 收银纸 排 
红派 针拆裤 装 
红派 针套衣 装 
梦针 睡 袋 
棉 蛤01 
森针帽 蛤 
森蓝 圆帽 
蓝派针 袍 装 
红彩 蛤01 
森蓝口 肩 
蓝彩 蛤01 
森红口 肩 
快梭帽 外套 
丛针 帽 蛤 
云 家 服务费 
针式 金额 记帐 凭证 
针式 外币 记账 凭证 
日记 账 明细账 
日记 账 
主板 
信息 服务费 
棉森 背心 
棉拆 裤 
丛 羽帽 蛤 
森针 长帽 外套 
金蝶 装订机 定位 针 
森咖 开 裤 
抱 被 
蓝彩 套衣 装 
珊针 长帽 外套 
外购 软件 
森红 背心 
森红 对 襟01 
红毛 毯盒 
蓝派 针拆裤 装 
短裤 装 
提 中 睡 袋 
内裤 装 
长袖 车衣 
卫衣 
恬大 睡 
2013 
联名 锁 
森蓝 蛤01 
红 保襟 蛤 
森蓝 背心 
拆 裤 羽 胆01 
对 襟 羽 胆01 
森咖 蛤01 
蓝 绒脚 蛤 
蓝保 蛤01 
丛针 长 蛤 
蓝派 针襟蛤 装 
竹长袖 套衣 
先行 好 时 咖啡壶 
苏泊尔 电热水瓶 
丛羽 短帽 外套 
折叠 
纸品 
饰品 
业务 促销 
项目 策划 服务 
金 镶嵌 首饰 加工 
害 消杀 服务 
05月 国内 收派 服务 
压力 玩具 
切换器 
移动 
服务器 
希捷 
首饰 配件 加工 
镶嵌 饰品 修理 
邮费 
封装 用品 
罗技 摄像头 
数字 电气 测量 显示 
智能 电能 表 软件 
磁带 
清洗 带
打印机 电源 
投影 
金士顿 台式机 
佳能 数码 相机 
三星 手机 
银镶嵌 饰品 
索尼 数码 相机 
标准 参考 标样 
小米 充电 
显示器 
扫地 机器人 
电子书 阅读 
键盘 
文化 活动 服务 
活动 服务 
在线 培训 服务 
2013 版 绒布 
工作站 
美女 与 野兽 展示 层 
电脑 软件 
柜台 维修 
服务器 
机动车 交通 事故 责任 强制 保险 服务 
样板 
襄阳 长虹 路 武 商周 大福 珠宝 装饰 工程 
液晶 液晶 显示屏 工作组 
蓝牙 音响
料理机 
足金 女王 皇冠 耳环 耳饰 
京东 超市 宇仔 休闲 零食 素食 大刀肉 辣条） 袋 新 老 包装 发货 
京东 超市 新 农哥 零食 坚果 干果 甘栗仁 甜糯 板栗仁 
京东 超市 乐事 休闲 零食 大 波浪 薯片 铁板 鱿鱼味 
京东 超市 科尔沁 肉脯 零食 牛肉干 小吃 麻辣 牛肉 
京东 超市 老 川东 小吃 零食 麻辣 牛肉干 
京东 超市 徐福记 米格玛 夹心 米 果卷 混合包 
京东 超市 科尔沁 肉脯 零食 牛肉干 小吃 川香 牛肉 
京东 超市 重庆 特产 有 友 泡椒凤爪 鸡爪 休闲 零食 小吃 山椒味 
京东 超市 潘 婷护 发素 乳液 修护 润发乳 精华素 新 老 包装 发放 新 老 包装 发送 
京东 超市 蒙牛 谷物 早餐 牛奶 饮品 黑芝麻 黑豆 黑米 黑 小麦 小米 
京东 超市 佳宝 广东 特产 蜜饯 果干 后 怀旧 零食 小吃 加应子 
京东 超市 劲仔 休闲 零食 小鱼 混合 口味 袋 新 老 包装 发货 
京东 超市 南极 人 袜子 男 短 袜防 脱 运动船 袜 男 袜子 男士 棉袜 混色 礼盒 装 隐形袜 男 款 船袜 细 
影拓 
京东 超市 金沙河 面条 珍品 麦香 挂 面清 汤面 
奖牌 
良工 立式 插座 插排 插线板 手提式 分控 排插 接线板 过载 保护 国标 组合 孔 
红保 套衣 
茶 蛤01 
蓝派针 蛤 装 
趣针 薄 中 睡 袋 
复印 打印费 
代 订 住宿费 
金饰品 修理 
版 时尚 店 柜层 
版 时尚 店 柜 套装 
版 时尚 店 柜人 
版 时尚 店 柜 项链 手链 
版 时尚 店 柜吊 坠 
硅胶 口袋 
版 时尚 店 柜 内 
版 时尚 店 柜链 
版 时尚 店 柜耳 环/钉 
摄影 服务 
旅游 服务 
车身 变更 备案 
翡翠 饰品 
社保 代理 服务 
齐心 统一 
印 台
齐心 回形 
传 美 白 电脑 
汽泡 
自来水 
文件 
乐普升 涂 改 
橡皮 
电池 
胶膜 
写字 
复印 
档案 
资料 
荧光 
小 油性 
大白板 
齐心 标准 中性 
铅笔 
电脑 纸单 层 白
视频 拍摄 
力士 洗发 
洗衣 
洁厕 
威露士 衣物 消毒液 
洗洁 
口罩
纱手 
大 纸
力士 沐浴 
地板 
双面 
封箱 
费时 
费时 
渡边 页 活页 
附页 签 
万用胶 蓝丁胶 
告示 
渡边 笔记本 
渡边 活页 
洁柔 小 卷纸
洁柔盒 
蓝 月亮 洗手液 
维达 抽取式 面巾 
纸杯 
封 口袋 
封 口袋 
封 口袋 印 
封 口袋 
封 口袋 
封 口袋 
封 口袋 
彩色 复印 
玻璃钢 
饰品 修理 
手链 手镯 
凭 证盒 
吊坠 内 玉
圆形 
吊坠 
枕头 包
戒指 
手镯 
耳环 
柜层 台 
柜层 台 
柜层 台 
柜层 台 
戒指 胸针 内 玉
戒指 内 玉
耳环 内 玉
颈链 内 玉
手镯 内 玉
包装 
三菱 签字 
秀丽 笔
漆油 
签字 
背景 墙 制作 
美纹 胶纸 20MM 
封 口袋 
封 口袋 
彩电 
齐心记号 
封 口袋 
三星 打印机 
墨盒 
收银 
惠普 硒 
湿巾 周大福 
刀片
吊坠 
奉客 
戒指 
颈链 
柜层 台 
柜层 台 
项链 
手链 内 玉
1.6M 弧形 柜层 台 
1.6M 弧形 柜层 台 
1.6M 弧形 柜层 台 
颈链 
电梯 工程 安装 
路 嵌入式 硬盘 录像机 
八路 路 嵌入式 硬盘 录像机 
存储 
切换器 
高线 红外半球 彩色 摄像机 
设计 服务 制作 
门禁 设备 
打样费
小熊维尼 金币 相框
武汉 国博 证书 
武汉 国博 证书 
武汉 国博 证书 
武汉 国博 证书 
武汉 国博 证书 
武汉 国博 证书 
武汉 国博 证书 
武汉 国博 证书 
深圳 国博 证书 
深圳 国博 证书 
深圳 国博 证书 
深圳 国博 证书 
深圳 国博 证书 
深圳 国博 证书 
深圳 国博 证书 
深圳 国博 证书 
广告 服务 制作 
拆 裤 
棉森 蛤01 
广告 服务 广告 文案 
18K 镶嵌 饰品 修理 
小 方形 盒 外盒 
艾利 热敏 纸标 签
热敏 纸标 签
小 方形 盒 黑色 内 芯 小链坠 
小 方形 盒 黑色 内 芯 戒指 
大 方形 
中 大链 坠手 链盒 
小 方形 盒 戒指 
戒指 
儿童 手镯 吊 坠 
手链 
客单 杂 
中 方形 盒 外盒 
小 方形 盒 黑色 内 芯 戒指 
戒指 
吊坠 
中 方形 盒 外盒 
客单 杂 
小 方形 
大 方形 
小 方形 
中 方形 
客单 杂 
小 方形 
中 方形 
双手 镯 
印刷品 
钻悦 珠宝 
客单 杂 
客单 杂 
美 亚 商旅 无 忧 团体 旅行 保障 计划 
中 方形 盒 黑色 内芯 单镯 
拍摄 
手机壳 大款 
手机壳 
手机 壳 7小款 
中 方形 盒 黑色 内芯 玉镯 
中 方形 盒 黑色 内 芯 小 套装 
扩展 
仿真 
至 10月 管理费 
水费 
8月 至 10月 水 费
摄影费 
翻译 服务 
植物 租赁 
植物 租赁 
策划 服务 
策划 设计 
小 手 挽 纸袋 横 
小 手 挽 纸袋 竖 
大 手 挽 纸袋 横 
弹力 膜 
定制 锤 
定制 砝码 挂钩 
定制 压 片机 清洁 工具 
软 玻璃 
烤漆 铁板 货架 用 配螺丝 
高温炉 排 烟管 小号 
高温炉 排 烟管 大号 
桌子 有机 玻璃 
定制 试验 台 卡板
定制 消防 电筒 放置 
维修 手啤 
有机 玻璃 卡槽
有机 玻璃 咖啡机 保护 
烤漆 标识 
开工 车 维修 
小推车 
不锈钢 推 
不锈钢 推车 加 平板 
空调 
清洁剂 洗金水 
清洁剂 洗银水 
无机 玻璃 
不锈钢 斜 
货车 玻璃 
玻璃 胶 
钻石 加工 
热弯 实验 提示牌 
高温炉 标识 
柜子 长 
软 玻璃 
爆炸 螺丝 挂钩 
地柜 
半身 展柜 
灯箱 
柜台机 
无台灯 连柜 
壁柜 
灯箱 
电视 
地柜 
半身 展柜 
汽车 维修 配件 费
座 灯箱 
租赁费 加 
地柜 
半身 展柜 
耳环 胸针 
活动 拍摄 
金 镶嵌 首饰_ 
权利 金
商旅 服务 
外模 拍摄 费用 
柜台 
出入库 
运保费 
租借 登记费 
交易 手续费 
广告费 
物流 辅助 服务 
维 扫描 
凝红 襟 蛤 
快毛 短 外套 
森粉 对 襟 
森粉 拆 裤 
森红 长裤 
派针 长 蛤 
视频 
数字 
酒店 锁 芯片 
牌仔 
激光 
电子 称
清洗 
牌 
珠宝 用品 
清洁 布
电费 
首饰 配件 加工 
首饰 配件 加工 
黄 焊片 
金蝶 系统 软件 
黄 焊片 
图片 制作 
地毯 
银 首饰 配件 加工 
更换 蝶阀 
首饰 配件 加工 
快递 服务 
维修 备件 费
代 垫 机票 
机动车 交通 事故 责任 强制 保险 
机动车 综合 商业 保险
不锈钢 手 绳
水费 10月份 
管理费 11月份 
基础 电信 服务 
水晶 富士 苹果 
海南 香蕉 
新 奇士 
加力 苹果 
伊利 纯 牛奶 
金 镶嵌 翡翠 饰品 
名士表 克里顿 系列 
考试 
钻石 镶嵌 首饰 加工 
金 镶嵌 首饰＿ 
森粉襟 蛤 
装饰 装修 
森蓝 小 抱 被 
森红 小 抱 被 
电脑 
探梭 短帽 外套 
森红棉 袍 
红棉 字母 开 裤 
红彩 开裤 装 
羽拆 裤 
羽套 衣01 
蓝彩 拆裤 装 
棉襟 蛤 
棉森 襟蛤 
刺猬 对 襟01 
初梭短 裙 
丛毛 长袖 套衣 
初 毛 短 外套 
星 和田 红枣 
色 葡萄 
边角 余料
云 服务 
除 湿机 
奥克斯 空调 
奥克斯 空调 
森蓝襟 蛤 
红派 针襟蛤 装 
蓝彩 对襟 装 
棉 背心 
提扣 裤 
王针 长裤 
提短 背心 
梦 拆 裤 
快 牛 短 外套 
草白 蛤01 
灯莫 蛤01 
提 蛤01 
森甲红 三角 内裤 装 
意机 睡 袋 
森红 套 衣01 
快针 长 裤 
快针 短 外套 
礼 梭衣 裤 套 
蓝派 针开裤 装 
棉森 开 裤 
刺猬 蛤01 
蓝 星空 长袖 袍 
航 开 
棉 对 襟01 
皇功能 枕01 
棉 袍 
红棉 字母 字母 背心 
红彩 襟蛤 装 
幸福 普通 款暖 桌垫 
许愿 树 普通 款暖 桌垫 
蓝 纱 汗巾 装 
森蓝 棉襟 蛤 
冬 蓝襟 蛤 
竹长 襟蛤 
竹长袖 裆衣 
丛羽 背心 
派 毛高领 套衣 
丛针 长裤 
丛羽 短 外套 
红 纱 汗巾 装 
星开裤 装 
星和袍 装 
红纱 餐巾 装 
刺猬 开 裤 
辰拆裤 装 
棉森 袍01 
棉扣 裤 
拆 裤 
男 睡 袍 
男 睡 长裤 
草白 对 襟 
经典 圆角 大 床 
森针 长 蛤 
森白襟 蛤 
红 彩襟 蛤 
云襟 蛤 
森咖 对 襟01 
蓝棉 字母 背心 
蓝保 背心 
红派针 蛤 装 
兔 中 睡 袋 
快针 长 蛤 
森蓝 中 睡 袋 
丛针 帽 外 套 
棉套 衣01 
丛羽 长裤 
探梭 长帽 外套 
森蓝 对 襟01 
梦针 抱 被 
棉森 对 襟 
探 羽帽 蛤 
丛羽 长帽 外套 
拆 裤 
森咖 套衣 
森粉 蛤01 
时尚 混搭 娃娃 珍爱 项链 
刺猬 襟 蛤 
森卡 背心 
蓝保 对 襟01 
梦针 背心 分脚 中 睡 袋 
辰襟 拆 套 
星 蛤 装 
凝红 套 衣01 
森蓝棉 蛤01 
意 机襟 蛤 
森毛 长袖 套衣 
森蓝 长裤 
蓝保 套 衣01 
长裤绒 胆01 
蓝保 拆 裤 
初针 长 蛤 
经典 柔 棉襟 蛤 
森针 圆帽 
星襟蛤 装 
森蓝 套衣 
森咖 背心 
草黄 对 襟01 
辰针 长 外套 
草黄 拆 裤 
森色 开衫 
斗针 短帽 外套 
保毛 圆帽 
蓝纱薄 睡 袋 
初 牛 短 外套 
保针 短帽 外套 
森蓝棉 拆 裤 
大棉 被 芯01 
森针 长 裤 
森黄襟 蛤 
初针 打底裤 
庄针 薄 抱 被 
森羽帽 蛤 
花针 袜子 
女 四季袜 装 
森红襟 蛤 
云开裤 
云 袍 
森粉 抱 被 
板长袖 裆衣 
保襟 蛤 
婴童 车 
安棉 居家 靴 
丛毛 长袖 裙 
炫毛 高领 套衣 
派 针 长 裤 
刺猬 套 衣01 
上衣 绒胆 
航长 蛤01 
梦 袍01 
红保 蛤01 
贝长 蛤01 
梦针 小 睡 
梦 小 抱 被 
云 蛤01 
冬红 蛤01 
梦 开 裤 
森粉 开衫 
草黄 蛤01 
梦襟 蛤 
森蓝棉 对 襟01 
红保 对 襟01 
灯莫 对 襟01 
红棉 字母 长袖 袍 
蓝 字母 抱 被 
棉开 裤 
保 开 裤 
保 片帽 
保 袍 
蓝派针 背心 装 
蓝派针 短裆衣 装 
红彩 套衣 装 
红派 针 背心 装 
红派 针短 裆衣 装 
塑造 日本 人心性 阳明学 
向东 时光 
书皮 
致 深圳 纪实 
王阳明 先生 年谱 
阳明 木板 像 黑白 画像 
亚都 净化器 
蓝 保襟 蛤 
森咖襟 蛤 
典套 拆 套 
森红 棉襟 蛤 
红保 拆 裤 
红星 空长 蛤01 
蓝星 空长 蛤01 
森粉 开 裤 
红派 针开裤 装 
红派针 袍 装 
王爱 中 睡 袋 
森粉 套衣 
梦 中 睡 袋 
王梭长 
派 针长帽 外套 
探毛 长袖 套衣 
王梭 长帽 外套 
森针 短帽 外套 
派毛 散件 套 
森牛 长裤 
长 裤 
趣针 中 睡 袋 
毛短帽 外套 
红彩 圆帽 
足红 蛤01 
奇针 袜子 
精粉 蛤01 
红彩 拆裤 装 
快梭帽 蛤 
草黄 袍 
梦针 厚 被 
森蓝 抱 被 
草白 袍 
爱梭 长裤 
爱梭 长 外套 
针薄 抱 被 
植羽 短帽 外套 
针长帽 外套 
针帽 蛤 
然针 长 蛤 
草 拆 裤 
红星 空 长袖 对 襟 
草黄 套衣 
红星 空长 拆 裤 
保 针 短 外套 
保 针长 裤 
红彩 对襟 装 
提 小 被 枕头 
薄 短袜 
航背 短 
大 床 凉席 
森粉 背心 
红纱薄 被 
蓝纱薄 被 
王针 长袖 套衣 
晚圆 套装 
快梭 短 蛤 
王梭 圆帽 
字母长 蛤01 
星语 内衣 礼盒 
竹襟 蛤 
婴儿 定型 枕01 
推 车 餐椅 凉席 
梦女 蛤 装 
梦男 蛤 装 
经典 针 短 蛤 
新 针短 蛤 
王针 短 蛤 
梦 男 裆衣 装 
蓝 彩襟 蛤 装 
蓝 彩襟 蛤 
王针 短 外套 
习梭 短 蛤 
经典 针 背 蛤 
蓝 短 薄袜 
蓝 云 纱背 睡袋 
保毛 围巾 
森梭帽 蛤 
恬厚 被 
意机 背心 
趣针 薄 抱 被 
蓝棉 字母 长 拆 裤 
蓝棉 字母 长袖 对 襟 
星空 长襟 蛤 
森蓝 枕头 
梦 尿垫 
纱 餐巾 装 
红彩 手脚 套 
保 蛤01 
白 圆帽 
王针 长 拆 裤 
提 睡 袋 
王针 长袖 对 襟 
捉针 长袖 套衣 
精尿布 装 
森粉 睡 
提襟 蛤 
探针 短帽 外套 
初针 长裤 
男 睡 圆 套装 
森针 短 外套 
星套衣 装 
足卡 长帽 外套 
海梭 长裤 
探针 长裤 
森红棉 蛤01 
悠诗诗 无糖清 咖啡 黑 咖啡 饮料 
红 套 衣01 
红 拆 裤 
森蓝 密裤 
红彩 蛤 装 
森蓝 尿垫 
意机 小 被 
森蓝 床 笠 
意机 蛤01 
蓝 蘑针 长 蛤 
成长 记忆 棉床 垫 
足卡 背心 
亲长 襟蛤 
森咖口 肩 
王踏提 圆帽 
蓝棉字 母长 蛤01 
丛针 长袖 套衣 
经典 柔棉 袍 
足 白襟 蛤 
足蓝 蛤01 
叉车 费
森针 长袖 套衣 
快针 长袖 套衣 
派针 长袖 套衣 
海针 长袖 套衣 
初针 翻领 套衣 
森蓝 抱 被 
草黄襟 蛤 
梦 背 睡 袋 
梦 女 短套 衣01 
意机 抱 被 
对 襟棉 胆01 
金蝶 激光 定位 财务 装订机 铆管 
打印纸 
干 胶 码纸 
净享 洞察 落地 加湿器 银色 机械 
蓝长 
趣针 抱 被 
庄针薄 中 睡 袋 
蓝星空 开 裤 
蓝棉 字母 开 裤 
分脚 中 睡 袋 
恬大 被 套 
蚕丝 大 被 芯 
森蓝 睡 
梦 套 衣01 
森红 拆 裤 
经典 柔棉 蛤01 
梦 蛤01 
星空 抱 被 
意机 对襟 
羊 背心 
意机 套 衣01 
意机 拆 裤 
森红 小 枕头 
致 良知 是 伟大 力量 译文版 
足 蓝 拆 裤 
捉 蓝 拆 裤 
冬红 拆 裤 
冬红 对 襟01 
彩棉长 蛤01 
红蘑莫 三角裤 装 
即 食 方便 食品 
足红 对 襟01 
足白 对 襟 
红蘑 针长 睡 袍 
幸运 石 蓝色 
海康 威视 网络 摄像机 
周大福 珠宝 集团 大厦 金库 展厅 报警 系统工程 建设 安装 
网线 
配线 
理线 
管材
隔断 
触媒 空气 净化 
蓝彩 蛤 装 
纯长 蛤01 
凝蓝 蛤01 
羊密 裤 
羊套 衣01 
奇针 裤 袜 
森毛 短 外套 
森红棉 对 襟01 
冬 红襟 蛤 
亚都 白色 
梦 外服 礼盒 
森粉 袍 
自 定义 报表 设计 服务 
贝纱 睡 袋 
项目 
森针 高 领套 衣01 
红彩 袍 装 
捉 针 长 裤 
皮鞋 
梦 小 枕头 
森蓝 小 枕头 
灯 套 衣01 
捉 红襟 蛤 
捉 蓝襟 蛤 
皇大 被 套 
特大 方形 包装盒 大 套装 特大 项链 
3M 指示 标签 
戒指木 
爱普生 相纸 
陈列什 项 
陈列什 项 
大 手 挽 纸袋 横 
封箱胶 
华杰长 尾夹 
华杰长 尾夹 
辉柏嘉 自动 铅笔
科业 开 插座 
南孚 电池 
南孚 电池 
女王 驾 到 吊坠 包装盒 永生 花盒 
齐心 回 形针 
泰奕 透明 胶纸 
透明 胶 
小 手 挽 纸袋 横 
拉 杆 文件 
中华 
周大福 黑色 皮料 奉 客盘 
珠石 手电筒 分店 专用 
珠石 手电筒 专用 电池 
森红棉 拆 裤 
针 男 平角裤 装 
森甲蓝 三角 内裤 装 
蓝 字母 被 套 
红蘑 莫 平角裤 装 
红星 抱 被 
星空 长大 抱 被 
蓝 星空 抱 被 
红蘑 针长 外套 
弗毛低领 套衣 
蓝彩 开裤 装 
足蓝 袍 
足 蓝裆裤 
会计 多 账 版 
尊针 短帽 外套 
快针 打底裤 
图书 
文化 旅游 项目 建设 机构 广告费 
梦 女 套衣 
红蘑 针圆领 套 
森羽 长帽 外套 
探针 长袖 套衣 
亚都 加湿器 灰色 
长 裤 
森红棉 背心 
保 梭长 裤01 
纯棉 毛毯 礼盒 
初梭学 步 鞋 
初梭 布鞋 
刺猬 背心 
足卡 裤子 
爱梭 长袖 衬衣 
男 睡 外套 
足卡 外套 
亚都 黑色 
北毛 散件 套 
初针 布鞋 
派 梭长 裤01 
足白 袍 
草黄 开 裤 
足 白裆裤 
森梭 长 裤 
拆 裤 
羊绒 套 拆 套 
森梭帽 外套 
信封 总部 用 
信封 总部 用 
财务 共享 中心 实训 教学 解决 方案 画册 
3WISE 手提袋 
3Cloud 集团 财务 方案 经营 
车架 座椅 手提式 睡 
顶蓬 围罩 红 
精蓝 蛤01 
红 毛巾袜 
蓝彩 袍 装 
森红 蛤01 
提 睡 袋 
快梭 马夹 
茶襟 蛤 
爱 毛 短 外套 
森蓝 毛毯 
拆 裤 
红保 背心 
森红 大 床 笠 
森蓝 大 床 笠 
保 套衣 
冬蓝 对 襟01 
蓝棉 字母 长袖 套衣 
冬蓝 拆 裤 
森红 中 睡 袋 
辰套衣 装 
拆 裤棉 胆01 
尊梭 长裤 
探梭 长 裤 
松下 变 频风 冷 无 霜 冰箱 高效 节能 抗菌 除 
咨询 服务 
探毛 圆帽 
皇中 睡 
服务 
代理 服务 
代理费 
专审费 
注销 代理费 
注销 代办 
套装 版 笔记本 电脑 银色 处理器 内存/ 128GBSSD 闪存 
蓝色 标签纸 
蓝蘑 针长 睡 袍 
在线 会计 代账 公司 版 用户 
醒来 
致 良知 是 伟大 力量 导读 版 
推 车 粉红 睡 
大王 天使 纸尿裤 片中 号 尿 湿 
凝红 礼盒 
熊 两用 抱 被 
商品费0 
丛梭 帽 蛤 
宣传 
域名 注册 技术 服务 
电子 设备 
软件 服务费 
授权 
验资费 
干 胶 贴 
蓝牙便 携式 手 持 打印机 
四季袜 
软件 服务费 
广博 绑 带 文件 夹/公文包 风琴 包晶彩 随机 
广博 联 单栏 收据 写 装 
广博 装 彩色 长尾 夹子 燕尾 夹票 夹 办公 用品 
广博 装 彩色 长尾 夹子 燕尾 夹票 夹 办公 文具 
广博 液体 胶水 办公 用品 
广博 装 彩色 长尾 夹子 燕尾 夹票 夹 办公 文具 
广博 装 彩色 长尾 夹子 燕尾 夹票 夹 办公 用品 
广博 装 干 胶 标签 贴纸 自 粘性 标贴纸 
广博 装 彩色 长尾 夹子 夹长 尾票 夹 
专利 费代理费 
办公 设备 租赁费 
恤衫 金蝶 有 礼 
票据 扫描 识别 系统 
工商 服务 
展位 费
专业 技术 服务 技术 服务 
软件 技术 咨询费 
丛针 短 外套 
应 交 税金 明细表 
视频 制作 
会议 服务 
设计 服务 
致 良知 是 伟大 力量 诵 读本 
金蝶 软件金 蝶 档案盒 财务 档案 盒金 蝶 配套 特价 财务 管理 
专项 审计 
王针长 蛤 
房屋 租赁费 
易 记账
软件 服务费 
软件 服务费 
软件 服务费 
软件 服务费 
软件 服务费 
软件 服务费 
软件 服务费 
软件 服务费 
软件 服务费 
软件 服务费 
软件 服务费 
软件 服务费 
软件 服务费 
软件 服务费 
软件 服务费 
软件 服务费 
软件 服务费 
牌匾 
专利 服务 
品恒 线 复合音 视频 连接线 音频线 适用 小米 盒子 乐视电视 
网站 设计 
保 对 襟01 
派梭 长帽 外套 
探羽 短帽 外套 
羽长帽 外套 
保梭口 肩 
爱羽 长帽 外套 
爱梭 长帽 外套 
探 羽 短 外套 
圆 对 襟 
草白 套衣 
星空 生 睡 
庄针 中 睡 袋 
典襟 拆 套 
夜 棉襟 蛤 
用 车 服务 
捉 蓝 枕头 
蓝牙便 携式 手 持 打印机 
捷安特 抓 绒夹克 
捷安特 常规 补 修 链条 
捷安特 自行车 前后 灯 组合 
手机 
足金 工艺品 摆件 加工 
金币 
二方 装修 工程 
壁柜 黄铜 拉丝钢 
收银 窗口 
灰色 胶板 色 墙纸座 单面 
狮头柜 
狮头柜 
地柜 加 奉客 
柜台机 
灯箱 黑底 玻璃 
灰色 木纹 胶板 色 墙纸 饰 面柜 
搬运 
网宿 网络 应用 优化 平台 软件 服务 
得力 保 管箱 深棕 
旗帜 
铂金 首饰 
授权 
足金 工艺品 摆件 
钛钢 饰品 
黄金 工艺品 摆件 
修理 配件 
纯 
经典 迪士尼 狮头 柜 层 
北大 法宝 法律 法规 检索 系统 
北大 法宝 司法 案例 检索 系统 
北大 法宝 专题 参考 检索 系统 
北大 法宝 英文 译本 检索 系统 
八路 嵌入式 硬盘 录像机 
高线 红外半球型 彩色 摄像机 
电源 
密码 锁读 
足 铂 金
铂金 成品 
银半成品 
铂金 镶嵌 首饰 
足金 饰品 加工 
加工 
档案 
网络 技术 服务 
双飞燕 有线 鼠标 办公 鼠标 圆孔 接口 鼠标台式机 专用 鼠标 黑色 
饭盒 
植物 
银链
金链
金饰品 加工 
黄金 工艺品 
02款 消防员 灭火 
消防 提示 
后期 修 
灭火 
金属 探测器 
防毒面具 
手电 
安全 
安全 
捷安特 春秋 冬 长 指 运动款 手套 
化妆 
小 手 挽 纸袋 竖 
大 手 挽 纸袋 横 
小 手 挽 纸袋 横 
电商 专用 
海康 威视半球 摄像机 
海康 威视 红外半球 彩色 摄像机 
海康 威视 硬盘 录像机 
希捷 存储 
视频 传输 
数据 集 
功放机 
前端 扬声 
管材
电子 
电 插 
间断 供电器 
联嘉祥 电源 
联嘉祥 出门 按 
气 
铂金 系列 展柜 层 
创思 感知 互动 营销 软件 
互动 大屏 一体 
体感 摄像头 
复印 
大润发 超市 马夹袋 大号 
广博 迪士尼 入 型 夹 
齐心 学生 试卷 夹 
洁柔 青春 校园 超迷你型 纸手 帕
爱 得 利 婴儿 柔湿巾 
洁柔 天然 无 香 抽取式 面巾 
双鹿 蓝 骑士 无汞碳性 电池 
新 时代 封箱 胶带 
北极熊 双面 棉纸 胶带 
成珍牌 橡皮筋 
双鹿 蓝 骑士 无汞碳性 电池 
尼康 镜头 
数码 后背 镜头 
适马 镜头 
索尼 摄录 一体 
镜头 
脚 
无线 麦克风
转接 
投影机 
手 持 
婚庆 喜盒 小
婚庆 喜盒 
陶瓷杯 
原子 
回 墨 
摄像机 电源 
海康枪机 摄像机 
安装 调试 
管材 配件 
物业 管理费 
新增 网络 数据点 
网线 线材 配件 
光纤 收发器 
尼康 数码 相机 
电视 
圣诞树 
衣柜 
办公 
专柜店 套餐 含 散 
专柜店 套餐 含 散 
时尚 店展 柜层 台 套餐 含 散件 
质感 拉丝 名牌 名贵 豪雅 专用 私印款 
客单 杂 金 条款 
客单 杂 项 银 条款 
员工 
奉茶 
周大福 精巧 钻石 工具箱 
链坠座 
链坠座 
链坠座 
链坠座 
链坠座 
耳钉座 
耳钉座 
耳钉座 
耳钉座 
耳钉座 
耳钉座 
耳钉座 
手链 
手链座 
手链 
4.1rings 戒指盘 
4.2rings 戒指盘 
戒指盘 
戒指盘 
戒指盘 
戒指盘 
戒指盘 
戒指盘 
戒指盘 
圆柱座 专用 
圆柱座 
圆柱座 
圆柱座 
圆柱座 
圆柱座 
圆柱座 
圆柱座 
圆柱座 
圆柱座 
椭圆 柱座 φ 
6.1bases 底盘 
底架 支座 
底盘 
底盘 
底架 支座 
支座 
系列 铭牌
系列 铭牌 
系列 铭牌
系列 铭牌
系列 铭牌
陈列 铭牌 
系列 铭牌 
狮头柜 陈列 铭牌 
灰色 大 底 
捷安特 台湾 进口 系列 工具 
短指 手套 
捷安特 舞 龙布 贴莱卡 背负 系统 休闲 背包 
电子 元件 
开发 
仿真 编程 
广博 装 彩色 长尾 夹子 燕尾 夹票 夹 办公 用品 
京东 超市 新 贝奶瓶 消毒器 带 烘干 合一 多 功能 婴儿 消毒 锅 
京东 超市 美德乐 丝韵 单边 电动 吸乳器 吸奶器 礼包 套装 
狂欢价 系列 男鞋 复古鞋 跑步 鞋 运动 休闲鞋 
心本光明 
监控 摄像机 
致 良知 是 伟大 力量 导读 版 
心本光明 
致 深圳 纪实 
阳明 心学 力量 
蓝彩 圆帽 
台式 电脑
服务 
微信 认证 服务 
按摩 
网络 服务 
推广 服务 
高拍仪
金蝶 软件 维护 
文件 
软件 服务 
金蝶易 记账 软件 
账 无 忧 互联网 宣传 
账 无 忧 
京东 超市 天地 精华 饮用 天然 矿泉水 新 老 包装 随机 
清华 同方 精锐 台式 办公 电脑 整机 六代 集显 前置 
坚果 家用 高清 投影机 芯片 流明 分辨率 安卓 系统 手机 同屏 
清华 同方 小极 精锐 台式 办公 电脑 整机 七代 内置 
理光 2014一体 
信息 服务 
坚果 家用 高清 投影机 芯片 流明 分辨率 安卓 系统 
按摩 
景田 矿泉水 
招聘 
技术 服务费 
商标 注册 代理费 
金 蝶 智慧 记 案例 视频 公司 
手 袋
金 蝶 智慧 记 案例 视频 电脑 维修 
金 蝶 智慧 记 案例 视频 玩具 批发 
代账端 单页
市场 活动 费
金蝶 服务 
戴尔 
台式机 迷你塔式 机箱 
软件 维护 服务 
印刷 大礼包 喜庆 系列 
台历 包装 
画册 
卡片
荣誉 证书 
活动 策划
退换 无 忧 服务 
方正 高拍仪 扫描仪 
折扣 
展览 展示 服务 
展会 宣传费 
企业 管理 咨询 服务 
金蝶 软件 服务 
12月份 服务 
财务 咨询费 
华为 移动 版 月光 
通配符 证书 
企业 管理 服务 咨询 服务 
苹果 电脑
小米 手机 
摄影 服务 
11月份 服务 
会务 费
代 收 商标驳 回复 
商标 代理费 
年会 赞助 服务 
电脑 
配件 
配件 
服务 
金 蝶账 无 忧 案例 视频 制作 苏州 中天
摄制组 交通 租车 上海 苏州 
摄制组 人员 影视 器材 租赁 差价 
探针 长 蛤 
王毛长 
王梭帽 蛤 
布鞋 
红彩 贴帽 
报刊 发行 服务 
抑菌 防护 襟蛤 
亲长 蛤01 
森红棉 裆裤 
探梭帽 马 夹 
薄大 被 芯 
森毛 贴 面帽 
森粉 裆衣 
探毛 手套 
森甲蓝平 脚 内裤 装 
草套 衣01 
梦 大 床笠 
恬 功能 枕01 
决长 枕芯 
熊大 被 套 
白 套衣 
凝蓝 对 襟01 
板长 蛤01 
保梭 长帽 外套 
星空 长袖 袍 
星空 开 裤 
探毛 散件 套 
海毛 短 外套 
标准 支持 服务 
森红 尿垫 
庄针 抱 被 
冬红 背心 
梦 对 襟01 
快 羽帽 外套 
线 针 短 外套 
快梭帽 马 夹 
意机 小 睡 
星空 睡 袋 
住宿费 普通 
快毛 长袖 套衣 
灯 莫裆裤 
灯莫 袍01 
灯 莫襟 蛤 
意机 中 睡 袋 
夜棉 拆 裤 
足卡 蛤衣 
蓝蘑莫 平角裤 装 
夜棉 对 襟01 
红保 袍 
红保 裆裤 
针大 被 套 
新 雪丽子 母 被 芯 
森蓝大 被 
背心 羽 胆01 
提 小 被 枕头 
时尚 混搭 项链 
森甲红平 脚 内裤 装 
经典 娃娃 亲亲抱抱 
链坠 
旋布 鞋 
提 百日 礼盒 
亲红 提 百日 礼盒 
经典 娃娃 亲亲抱抱 
手续 费
仓储费 自营 
咖啡 巴西 索 
管理费 
经典 柔棉 套衣 
派 毛长 蛤01 
足卡 脚 蛤 
婴 中 睡 袋 
婴脚 蛤 
森梭 长帽 外套 
梦大 被 套 
初针 圆帽 
红色 标签纸 
红色 标签纸 
红保 内衣 礼盒 
蓝 纱 餐巾 装 
提 对 襟01 
王梭长 裤01 
王羽 长帽 外套 
辰 对 襟 装 
足 蓝 对 襟01 
王 爱 大 枕头 
森针 帽 外 套 
保针 长袖 套衣 
足 红襟 蛤 
典 蛤01 
提蓝 短襟 蛤 
纯长袖 袍 
草白 开 裤 
针长 裤 
王梭 短帽 外套 
茶 对 襟01 
经典 梭 短帽 外套 
星 对襟 装 
冬蓝 背心 
针蛤 衣 
保手脚 套 
云套 衣01 
快针 背 裙 
蓝 蘑针 长 外套 
蓝 蘑针 长 裤 
爱 毛 圆帽 
中 睡 袋 
红星 空 长袖 袍 
红星 开 裤 
森粉 密裤 
红色 字母 长襟 蛤 
保 毛 短 外套 
破壁 料理机 
妙 洁 彩条 金柔百洁布 清洁 厨房 专用 
撕 名牌 衣服 
餐饮 务 
饮 服务 
发给 
波浪枕 
背心 绒胆 
蓝 字母 睡 袋 
星空长 蛤01 
继 电器 
富 可 视 高清 液晶 电视 
阳明 立志 像 
松口 袜 
致 良知 是 伟大 力量 原文版 
致 良知 是 伟大 力量 导读 
致 深圳 纪实 
阳明 心学 力量 
醒来 
致 良知 是 伟大 力量 导读 版 
阳明 立志 像 
致 良知 是 伟大 力量 原文 版 
致 良知 是 伟大 力量 诵 读本 
心本 光明 
塑造 日本 人心性 
商业 实践 
诵 读本 
塑造 日本 人 心性 
致 良知 导读 版 
阳明 先生 年谱 
致 良知 译文 版 
致 良知 诵 读本 
致 良知 原文 版 
致 良知 商业 实践 
纯开 裤01 
蓝 外套 
庄针 小 被 枕头 
尊针 长袖 套衣 
包
公文 包
梦针 多 用 被 
亚都 加湿器 
庄针 小 睡 
小米 小米 音箱 白色 小 爱 智能 音箱 听 音乐 语音 遥控 家电 人工智能 音箱 
深圳 纪实 
导读 版 
译文 版 
牛奶 
大个儿 奶酥 
老式 酸奶 雪糕
超熟吐司 入 
会计 多 账 版 
王毛 长袖 套衣 
女 睡 长 裤 
深圳 通 充值 
海针 短帽 外套 
亚都 加湿器 
木板 像 
梦 男 套衣 
云 拆 裤 
金蝶 式 三联 多 栏 收据 写纸 
娱乐 服务 
年谱 
原文 版 
迷你 收银纸 排 
塑造 阳明 心学 力量 
植梭帽 马 夹 
租赁 车位 
益生菌 复合果 蔬酵 素粉 5袋 
计算机 财务 管理 财务 建模 方法 技术 版 新编 世纪 财务 管理 系列 教材 北京 高等教育 精品 
成本 管理 会计 管理 教育部 经济 管理 类 主干 课程 教材 会计 财务 系列 
会计 人员 继续 教育 培训 
捉 蓝 衣01 
提蓝 蛤01 
捷安特 车鞋 
皇枕 套 
足 蓝襟 蛤 
星空 被 套 
年谱 
读 诵本 
深圳 纪实 
导读 版 
影响 日本 人心性 阳明学 
商业 实践 
天 能 电池 
沫煤
凝红 蛤01 
球形 
纯净 
提抱 被 
趣针 小 被 枕头 
精蓝 袍 
捉 红套 衣01 
捉红 拆 裤 
暮光灰 人 布艺 沙发 
金蝶 财务 软件 网络版 财务 在线 记账 代账 专用 软件 
远 山绿 人 布艺 沙发 
远 山 绿 双人 布艺 沙发 
电路 
单 片 机
云朵 暖手宝 白色 
云朵 暖手宝 蓝色 
云朵 暖手宝 粉色 
信息 服务 
厚 短 袜 
莫曼 偏光镜 
电针 睡 袋 
泰 一拖 口 
远程 打印 控制器 型 
会务 费
检测 费
长指 手套 
运动 内衣 
海梭 短帽 外套 
针 短 外套 
探针 贴 面 帽 
蓝 星空 长袖 套衣 
蓝 星空 长 拆 裤 
筒灯 
吸顶灯 
壁灯 
光源 
投射灯 
顶蓬 围罩 蓝 
金蝶 软件 
森羽帽 外套 
韦瑞德 富马酸替 诺福韦二呲呋 酯片 
餐费 
精 蓝 开 裤 
金蝶 3WISE 软件 
图文 制作费 
金蝶 支票 领用 单 手写 单据 账务 单据 金蝶 账册 财务 审批单 
住宿费 
2017年 11月 道路 运输 服务 
IBM 服务器 
金蝶 正版 财务 软件 
正版 财务 软件 使用 小 企业 财务 管理 软件 迷你版 会计 记账 批次 
王子 珊瑚 绒包 毯 
混灰色 多 功能 护颈枕 
手机 支架 
自拍 杆 
金蝶 激光 余额 汇总表 金蝶 账簿 
金蝶 激光 日记 账 金蝶 账簿 打 印纸 
泰昌 按摩 披肩揉 捏 肩颈 按摩器 肩部 肩膀 颈部 颈椎腰 背 肩 带 全身 颈 肩乐 
泰昌 足浴盆 按摩 洗脚盆 电动 加热 按摩 泡脚桶 足疗盆 足浴器 
汽车 维修费 
蓝色 字母 长襟 蛤 
典襟 蛤 
技术 服务费 
乳胶枕 
客凳 布套 
居民 日常 服务 
西玛黄 金额 记账 凭证 
餐费 
居民 日常 服务 
混米色 多 功能 护 颈枕 礼品 装 
通信 服务费 
绿联 双头 数据线 两头 公 对 公 笔记本 电脑 散热器 连接 数据线 
绿联 双头 数据线 两头 公 对 公 笔记本 电脑 散热器 连接 数据线 
海绵 床垫 
会议费 
金蝶 正版 财务 软件 
蝶正版 财务 软件 使用 小 企业 财务 管理 软件 迷你版 会计 记账 
餐非费 
微信 认证 服务费 
餐饮 服务 
森羽 长裤 
致 良知 导读 版 
致 良知 读 诵本 
阳明心 力量学 
长颈鹿 普通 款暖 桌垫 
七彩鱼 暖 身垫 
奶奶 灰 暖身垫 
食品 
森梭帽 马 夹 
蓝 纱 汗垫 装 
万途 玫瑰金 电脑 版 
餐饮 服务 
床品 
茶叶 
移动 硬盘 
水杯 
腰带 
茶叶 
文件 夹 
电暖器 
汽车 维修 
技术 咨询费 
砂石 
茶叶 
商贸 标准 版 业务 包 单 站点 
软件 服务费 
蛤衣绒胆 素色 
餐费 
收派 服务 
导光板 压框 
贴 膜 含 天窗 
餐饮 服务 
纯长 襟蛤 
草 白襟 蛤 
卡通狗 吊坠 
保毛 手套 
图书 
培训费 
致 良知 商业 实践 
乌木黑 升级 恒温款 暖 桌垫 
幸运 石 粉色 
致 良知 是 伟大 力量 原文版 
致 良知 是 伟大 力量 译文版 
耐泊尔 盘 专用 收纳包 数码 收纳包 便携式 保护套 棕色 
餐饮费 
女裤 袜 
爱 针 袜 裤 
数码 相机 
住宿费 
梦 大 床 包 
中华人民共和国 核 辐射 安全 法律 法规 规章 全书 根据 最新 核 安全 法编 
餐费 
餐饮 
餐费 
金蝶 系统 软件 
蓝彩口 肩 装 
红彩口肩 装 
友商 在线 进 销 存 标准版 站点 
Liv 丽以芙 短车裤 
Liv 丽以芙 复刻 版 车衣 
云 零售 账 套 用户 
亚都 加湿器 
熊掌 暖手宝 咖啡色 
呼吸床垫 
呼吸床垫 
皇尿垫 装 
保 拆 裤 
抑菌 防护 套 衣01 
蓝牙 打印机 
红棉 字母 字母 长 拆 裤 
森针 翻领 套衣 
金 蝶 智慧 记 软件 服务费 
金蝶 收据 式 三联 单栏 收据 写纸 
音乐鸭 普通 款暖 桌垫 
小盒 梦想 普通 款暖 桌垫 
技术 服务费 
蓝莓 利口 酒 
蓝莓 利口 酒 
蓝莓 利口 酒 
蓝莓 利口 酒 
软件 服务费 
京东 超市 日本 进口 白色 恋人 北海 道白 巧克力 夹心 饼干 休闲 零食 礼盒 
京东 超市 日本 进口 白色 恋人 北海 道白 巧克力 夹心 饼干 休闲 零食 礼盒 
软件 开发费 创新 投 
技术 服务费 
混米色 多 功能 护颈枕 
订制品 
2013 
茅台 
马爹利 
软 中华 
茅台 
亚都 工业 加湿器 
致 良知 是 伟大 力量 诵 读本 
塑造 心性 阳明学 
即 食 方便 食品 
纱尿裤 装 
提红 短襟 蛤 
王毛 手套 
纱尿裤 装 
捷安特快 拆式 挡泥板 
尊针 长 蛤 
狐狸机 圆领 套 
尊梭 圆帽 
探梭 短 外套 
在线 进 销存 标准版 
金蝶 店铺 标准版 服务 次卡 软件 服务 
通信 服务费 
折扣 折 让 
软件 开发 
四季 慢 回弹 记忆 棉枕 
习针 短 蛤 
航襟 短 
森蓝 短襟 蛤 
习针 翻领 套衣 
航 短襟 蛤 
取暖费 
餐饮 费用 
药品 
白酒 
白酒 
白酒 
在线 进 销存 基础 版 
在线 进 销 存 标准 版 
保口 肩 
住宿费 
镀 锌 水准点 
手电 
反射片 
柒 字 
餐费 
绿联 线 版 高清线 数据 电脑 电视 连接 线 
绿联 线 版 高清线 数据 电脑 电视 连接 线 
绿联 线 版 高清线 数据 电脑 电视 连接 线 
森蓝手脚 套 
提 拆 裤 
材料费 
图书 
苹果 手机壳 包 防 摔 软壳 双料 抗摔 抗黄 变 德国 进口 拜耳 
电 火锅 
精 蓝襟 蛤 
王针 长襟 蛤 
快针 短 蛤 
板长 襟蛤 
梦 内衣 礼盒 
森粉 大 被 
光芒 耳钉 
床垫 
电源 6p 插座 
电源 插座 
散热器 
25mhz 晶振 
发光 管 
通讯 芯片 
益生菌 复合果 蔬酵 素粉 
竹长 蛤01 
贝 开 
提 中 睡 袋 
山丘 本色 有 芯卷纸 
山丘 本色 抽纸 抽 
王踏提 长 拆 裤 
山丘 熊猫 组合 装 
捉针 长 蛤 
住宿费 
塑造 日本 人心性 阳明学 
飞利浦 电吹风机 用 大功率 负离子 冷热 
住宿费 
意机 大 口 肩 
探毛 披 肩 
客运 服务费 
促销品 
